<?xml version="1.0" encoding="UTF-8"?>
<robot generator="Robot 7.3.2 (Python 3.13.2 on win32)" generated="2025-09-11T18:36:27.794120" rpa="false" schemaversion="5">
<suite id="s1" name="Suites" source="C:\Users\ercli\IdeaProjects\COMPASS-UOL-PBAIJUN25\Documentos\Sprint 6\Semana 12\tests\suites">
<suite id="s1-s1" name="Carrinhos" source="C:\Users\ercli\IdeaProjects\COMPASS-UOL-PBAIJUN25\Documentos\Sprint 6\Semana 12\tests\suites\carrinhos.robot">
<kw name="Create Session" owner="RequestsLibrary" type="SETUP">
<msg time="2025-09-11T18:36:27.963027" level="INFO">Creating Session using : alias=booker, url=http://54.242.186.180:3000, headers={'Content-Type': 'application/json', 'Accept': 'application/json'},                     cookies={}, auth=None, timeout=None, proxies=None, verify=False,                     debug=0 </msg>
<arg>booker</arg>
<arg>${BASE_URL}</arg>
<arg>headers=${BASE_HEADERS}</arg>
<doc>Create Session: create a HTTP session to a server</doc>
<status status="PASS" start="2025-09-11T18:36:27.962806" elapsed="0.000402"/>
</kw>
<test id="s1-s1-t1" name="C001 - Criar carrinho com produto existente" line="15">
<kw name="Get Auth Token" owner="keywords">
<kw name="Get Valid Auth Token" owner="keywords">
<kw name="Create Dictionary" owner="BuiltIn">
<msg time="2025-09-11T18:36:27.964473" level="INFO">&amp;{admin_user} = { nome=QA Test | email=qatest@qa.com.br | password=qateste | administrador=true }</msg>
<var>&amp;{admin_user}</var>
<arg>nome=QA Test</arg>
<arg>email=qatest@qa.com.br</arg>
<arg>password=qateste</arg>
<arg>administrador=true</arg>
<doc>Creates and returns a dictionary based on the given ``items``.</doc>
<status status="PASS" start="2025-09-11T18:36:27.964305" elapsed="0.000192"/>
</kw>
<kw name="POST On Session" owner="RequestsLibrary">
<msg time="2025-09-11T18:36:28.273266" level="INFO">POST Request : url=http://54.242.186.180:3000/usuarios 
 path_url=/usuarios 
 headers={'User-Agent': 'python-requests/2.32.5', 'Accept-Encoding': 'gzip, deflate', 'Accept': 'application/json', 'Connection': 'keep-alive', 'Content-Type': 'application/json', 'Content-Length': '96'} 
 body=b'{"nome": "QA Test", "email": "qatest@qa.com.br", "password": "qateste", "administrador": "true"}' 
 </msg>
<msg time="2025-09-11T18:36:28.273507" level="INFO">POST Response : url=http://54.242.186.180:3000/usuarios 
 status=400, reason=Bad Request 
 headers={'Access-Control-Allow-Origin': '*', 'x-dns-prefetch-control': 'off', 'x-frame-options': 'SAMEORIGIN', 'strict-transport-security': 'max-age=15552000; includeSubDomains', 'x-download-options': 'noopen', 'x-content-type-options': 'nosniff', 'x-xss-protection': '1; mode=block', 'Content-Type': 'application/json; charset=utf-8', 'Content-Length': '53', 'Date': 'Thu, 11 Sep 2025 21:36:28 GMT', 'Connection': 'keep-alive', 'Keep-Alive': 'timeout=5'} 
 body={
    "message": "Este email já está sendo usado"
} 
 </msg>
<msg time="2025-09-11T18:36:28.273797" level="INFO">${resp_user} = &lt;Response [400]&gt;</msg>
<var>${resp_user}</var>
<arg>booker</arg>
<arg>/usuarios</arg>
<arg>json=${admin_user}</arg>
<arg>expected_status=any</arg>
<doc>Sends a POST request on a previously created HTTP Session.</doc>
<status status="PASS" start="2025-09-11T18:36:27.964583" elapsed="0.309274"/>
</kw>
<kw name="Should Be True" owner="BuiltIn">
<arg>${resp_user.status_code} in [201, 400]</arg>
<doc>Fails if the given condition is not true.</doc>
<status status="PASS" start="2025-09-11T18:36:28.274162" elapsed="0.001044"/>
</kw>
<kw name="Create Dictionary" owner="BuiltIn">
<msg time="2025-09-11T18:36:28.275914" level="INFO">&amp;{login_data} = { email=qatest@qa.com.br | password=qateste }</msg>
<var>&amp;{login_data}</var>
<arg>email=qatest@qa.com.br</arg>
<arg>password=qateste</arg>
<doc>Creates and returns a dictionary based on the given ``items``.</doc>
<status status="PASS" start="2025-09-11T18:36:28.275466" elapsed="0.000506"/>
</kw>
<kw name="POST On Session" owner="RequestsLibrary">
<msg time="2025-09-11T18:36:28.426609" level="INFO">POST Request : url=http://54.242.186.180:3000/login 
 path_url=/login 
 headers={'User-Agent': 'python-requests/2.32.5', 'Accept-Encoding': 'gzip, deflate', 'Accept': 'application/json', 'Connection': 'keep-alive', 'Content-Type': 'application/json', 'Content-Length': '52'} 
 body=b'{"email": "qatest@qa.com.br", "password": "qateste"}' 
 </msg>
<msg time="2025-09-11T18:36:28.426795" level="INFO">POST Response : url=http://54.242.186.180:3000/login 
 status=200, reason=OK 
 headers={'Access-Control-Allow-Origin': '*', 'x-dns-prefetch-control': 'off', 'x-frame-options': 'SAMEORIGIN', 'strict-transport-security': 'max-age=15552000; includeSubDomains', 'x-download-options': 'noopen', 'x-content-type-options': 'nosniff', 'x-xss-protection': '1; mode=block', 'Content-Type': 'application/json; charset=utf-8', 'Content-Length': '272', 'Date': 'Thu, 11 Sep 2025 21:36:29 GMT', 'Connection': 'keep-alive', 'Keep-Alive': 'timeout=5'} 
 body={
    "message": "Login realizado com sucesso",
    "authorization": "Bearer eyJhbGciOiJIUzI1NiIsInR5cCI6IkpXVCJ9.eyJlbWFpbCI6InFhdGVzdEBxYS5jb20uYnIiLCJwYXNzd29yZCI6InFhdGVzdGUiLCJpYXQiOjE3NTc2MjY1ODksImV4cCI6MTc1NzYyNzE4OX0.ef0cc1iAr4WS-n3vUbNJfQzVQD7ldU89Xm3tmtSe7AE"
} 
 </msg>
<msg time="2025-09-11T18:36:28.427061" level="INFO">${resp} = &lt;Response [200]&gt;</msg>
<var>${resp}</var>
<arg>booker</arg>
<arg>/login</arg>
<arg>json=${login_data}</arg>
<doc>Sends a POST request on a previously created HTTP Session.</doc>
<status status="PASS" start="2025-09-11T18:36:28.276195" elapsed="0.150925"/>
</kw>
<kw name="Should Be Equal As Integers" owner="BuiltIn">
<msg time="2025-09-11T18:36:28.428497" level="INFO">Argument types are:
&lt;class 'int'&gt;
&lt;class 'str'&gt;</msg>
<arg>${resp.status_code}</arg>
<arg>200</arg>
<doc>Fails if objects are unequal after converting them to integers.</doc>
<status status="PASS" start="2025-09-11T18:36:28.427458" elapsed="0.001197"/>
</kw>
<kw name="Get From Dictionary" owner="Collections">
<msg time="2025-09-11T18:36:28.430800" level="INFO">${token} = Bearer eyJhbGciOiJIUzI1NiIsInR5cCI6IkpXVCJ9.eyJlbWFpbCI6InFhdGVzdEBxYS5jb20uYnIiLCJwYXNzd29yZCI6InFhdGVzdGUiLCJpYXQiOjE3NTc2MjY1ODksImV4cCI6MTc1NzYyNzE4OX0.ef0cc1iAr4WS-n3vUbNJfQzVQD7ldU89Xm3tmtSe7AE</msg>
<var>${token}</var>
<arg>${resp.json()}</arg>
<arg>authorization</arg>
<doc>Returns a value from the given ``dictionary`` based on the given ``key``.</doc>
<status status="PASS" start="2025-09-11T18:36:28.428978" elapsed="0.001903"/>
</kw>
<return>
<value>${token}</value>
<status status="PASS" start="2025-09-11T18:36:28.431023" elapsed="0.000111"/>
</return>
<msg time="2025-09-11T18:36:28.431466" level="INFO">${token} = Bearer eyJhbGciOiJIUzI1NiIsInR5cCI6IkpXVCJ9.eyJlbWFpbCI6InFhdGVzdEBxYS5jb20uYnIiLCJwYXNzd29yZCI6InFhdGVzdGUiLCJpYXQiOjE3NTc2MjY1ODksImV4cCI6MTc1NzYyNzE4OX0.ef0cc1iAr4WS-n3vUbNJfQzVQD7ldU89Xm3tmtSe7AE</msg>
<var>${token}</var>
<doc>Obtém token de autenticação válido usando usuário padrão</doc>
<status status="PASS" start="2025-09-11T18:36:27.964116" elapsed="0.467409"/>
</kw>
<return>
<value>${token}</value>
<status status="PASS" start="2025-09-11T18:36:28.431632" elapsed="0.000076"/>
</return>
<msg time="2025-09-11T18:36:28.431963" level="INFO">${token} = Bearer eyJhbGciOiJIUzI1NiIsInR5cCI6IkpXVCJ9.eyJlbWFpbCI6InFhdGVzdEBxYS5jb20uYnIiLCJwYXNzd29yZCI6InFhdGVzdGUiLCJpYXQiOjE3NTc2MjY1ODksImV4cCI6MTc1NzYyNzE4OX0.ef0cc1iAr4WS-n3vUbNJfQzVQD7ldU89Xm3tmtSe7AE</msg>
<var>${token}</var>
<doc>Alias para Get Valid Auth Token (compatibilidade)</doc>
<status status="PASS" start="2025-09-11T18:36:27.963885" elapsed="0.468134"/>
</kw>
<kw name="Create Test Product" owner="keywords">
<kw name="Generate Unique Name" owner="keywords">
<kw name="Generate Random String" owner="String">
<msg time="2025-09-11T18:36:28.434971" level="INFO">${uuid} = nctQ1fPH</msg>
<var>${uuid}</var>
<arg>8</arg>
<arg>[LETTERS][NUMBERS]</arg>
<doc>Generates a string with a desired ``length`` from the given ``chars``.</doc>
<status status="PASS" start="2025-09-11T18:36:28.434418" elapsed="0.000621"/>
</kw>
<kw name="Set Variable" owner="BuiltIn">
<msg time="2025-09-11T18:36:28.436056" level="INFO">${name} = Produto nctQ1fPH</msg>
<var>${name}</var>
<arg>${prefix} ${uuid}</arg>
<doc>Returns the given values which can then be assigned to a variables.</doc>
<status status="PASS" start="2025-09-11T18:36:28.435600" elapsed="0.000518"/>
</kw>
<return>
<value>${name}</value>
<status status="PASS" start="2025-09-11T18:36:28.436246" elapsed="0.000071"/>
</return>
<msg time="2025-09-11T18:36:28.436565" level="INFO">${name} = Produto nctQ1fPH</msg>
<var>${name}</var>
<arg>Produto</arg>
<doc>Gera nome único usando UUID</doc>
<status status="PASS" start="2025-09-11T18:36:28.433817" elapsed="0.002799"/>
</kw>
<kw name="Create Dictionary" owner="BuiltIn">
<msg time="2025-09-11T18:36:28.437434" level="INFO">&amp;{product_data} = { nome=Produto nctQ1fPH | preco=100 | descricao=Produto para teste automatizado | quantidade=50 }</msg>
<var>&amp;{product_data}</var>
<arg>nome=${name}</arg>
<arg>preco=100</arg>
<arg>descricao=Produto para teste automatizado</arg>
<arg>quantidade=50</arg>
<doc>Creates and returns a dictionary based on the given ``items``.</doc>
<status status="PASS" start="2025-09-11T18:36:28.436851" elapsed="0.000629"/>
</kw>
<kw name="Create Auth Headers" owner="keywords">
<kw name="Create Dictionary" owner="BuiltIn">
<msg time="2025-09-11T18:36:28.438573" level="INFO">&amp;{headers} = { Content-Type=application/json | Accept=application/json | Authorization=Bearer eyJhbGciOiJIUzI1NiIsInR5cCI6IkpXVCJ9.eyJlbWFpbCI6InFhdGVzdEBxYS5jb20uYnIiLCJwYXNzd29yZCI6InFhdGVzdGUiLCJpYXQiOjE3NTc2Mj...</msg>
<var>&amp;{headers}</var>
<arg>Content-Type=application/json</arg>
<arg>Accept=application/json</arg>
<arg>Authorization=${token}</arg>
<doc>Creates and returns a dictionary based on the given ``items``.</doc>
<status status="PASS" start="2025-09-11T18:36:28.438174" elapsed="0.000466"/>
</kw>
<return>
<value>${headers}</value>
<status status="PASS" start="2025-09-11T18:36:28.438734" elapsed="0.000052"/>
</return>
<msg time="2025-09-11T18:36:28.438982" level="INFO">${headers} = {'Content-Type': 'application/json', 'Accept': 'application/json', 'Authorization': 'Bearer eyJhbGciOiJIUzI1NiIsInR5cCI6IkpXVCJ9.eyJlbWFpbCI6InFhdGVzdEBxYS5jb20uYnIiLCJwYXNzd29yZCI6InFhdGVzdGUiLCJpYXQ...</msg>
<var>${headers}</var>
<arg>${token}</arg>
<doc>Cria headers com autenticação</doc>
<status status="PASS" start="2025-09-11T18:36:28.437736" elapsed="0.001288"/>
</kw>
<kw name="POST On Session" owner="RequestsLibrary">
<msg time="2025-09-11T18:36:28.597198" level="INFO">POST Request : url=http://54.242.186.180:3000/produtos 
 path_url=/produtos 
 headers={'User-Agent': 'python-requests/2.32.5', 'Accept-Encoding': 'gzip, deflate', 'Accept': 'application/json', 'Connection': 'keep-alive', 'Content-Type': 'application/json', 'Authorization': 'Bearer eyJhbGciOiJIUzI1NiIsInR5cCI6IkpXVCJ9.eyJlbWFpbCI6InFhdGVzdEBxYS5jb20uYnIiLCJwYXNzd29yZCI6InFhdGVzdGUiLCJpYXQiOjE3NTc2MjY1ODksImV4cCI6MTc1NzYyNzE4OX0.ef0cc1iAr4WS-n3vUbNJfQzVQD7ldU89Xm3tmtSe7AE', 'Content-Length': '112'} 
 body=b'{"nome": "Produto nctQ1fPH", "preco": "100", "descricao": "Produto para teste automatizado", "quantidade": "50"}' 
 </msg>
<msg time="2025-09-11T18:36:28.597336" level="INFO">POST Response : url=http://54.242.186.180:3000/produtos 
 status=201, reason=Created 
 headers={'Access-Control-Allow-Origin': '*', 'x-dns-prefetch-control': 'off', 'x-frame-options': 'SAMEORIGIN', 'strict-transport-security': 'max-age=15552000; includeSubDomains', 'x-download-options': 'noopen', 'x-content-type-options': 'nosniff', 'x-xss-protection': '1; mode=block', 'Content-Type': 'application/json; charset=utf-8', 'Content-Length': '82', 'Date': 'Thu, 11 Sep 2025 21:36:29 GMT', 'Connection': 'keep-alive', 'Keep-Alive': 'timeout=5'} 
 body={
    "message": "Cadastro realizado com sucesso",
    "_id": "hnug4BDyxcFiHfth"
} 
 </msg>
<msg time="2025-09-11T18:36:28.597518" level="INFO">${resp} = &lt;Response [201]&gt;</msg>
<var>${resp}</var>
<arg>booker</arg>
<arg>/produtos</arg>
<arg>json=${product_data}</arg>
<arg>headers=${headers}</arg>
<doc>Sends a POST request on a previously created HTTP Session.</doc>
<status status="PASS" start="2025-09-11T18:36:28.439190" elapsed="0.158385"/>
</kw>
<kw name="Should Be Equal As Integers" owner="BuiltIn">
<msg time="2025-09-11T18:36:28.598968" level="INFO">Argument types are:
&lt;class 'int'&gt;
&lt;class 'str'&gt;</msg>
<arg>${resp.status_code}</arg>
<arg>201</arg>
<doc>Fails if objects are unequal after converting them to integers.</doc>
<status status="PASS" start="2025-09-11T18:36:28.597890" elapsed="0.001215"/>
</kw>
<kw name="Get From Dictionary" owner="Collections">
<msg time="2025-09-11T18:36:28.601460" level="INFO">${product_id} = hnug4BDyxcFiHfth</msg>
<var>${product_id}</var>
<arg>${resp.json()}</arg>
<arg>_id</arg>
<doc>Returns a value from the given ``dictionary`` based on the given ``key``.</doc>
<status status="PASS" start="2025-09-11T18:36:28.599359" elapsed="0.002173"/>
</kw>
<return>
<value>${product_id}</value>
<status status="PASS" start="2025-09-11T18:36:28.601668" elapsed="0.000076"/>
</return>
<msg time="2025-09-11T18:36:28.602025" level="INFO">${produto_id} = hnug4BDyxcFiHfth</msg>
<var>${produto_id}</var>
<arg>${token}</arg>
<doc>Cria produto para testes e retorna ID</doc>
<status status="PASS" start="2025-09-11T18:36:28.433024" elapsed="0.169056"/>
</kw>
<kw name="Create Dictionary" owner="BuiltIn">
<msg time="2025-09-11T18:36:28.603460" level="INFO">&amp;{produto_carrinho} = { idProduto=hnug4BDyxcFiHfth | quantidade=1 }</msg>
<var>&amp;{produto_carrinho}</var>
<arg>idProduto=${produto_id}</arg>
<arg>quantidade=1</arg>
<doc>Creates and returns a dictionary based on the given ``items``.</doc>
<status status="PASS" start="2025-09-11T18:36:28.602882" elapsed="0.000637"/>
</kw>
<kw name="Create List" owner="BuiltIn">
<msg time="2025-09-11T18:36:28.604344" level="INFO">@{produtos_lista} = [ {'idProduto': 'hnug4BDyxcFiHfth', 'quantidade': '1'} ]</msg>
<var>@{produtos_lista}</var>
<arg>${produto_carrinho}</arg>
<doc>Returns a list containing given items.</doc>
<status status="PASS" start="2025-09-11T18:36:28.603974" elapsed="0.000417"/>
</kw>
<kw name="Create Dictionary" owner="BuiltIn">
<msg time="2025-09-11T18:36:28.605380" level="INFO">&amp;{carrinho_data} = { produtos=[{'idProduto': 'hnug4BDyxcFiHfth', 'quantidade': '1'}] }</msg>
<var>&amp;{carrinho_data}</var>
<arg>produtos=${produtos_lista}</arg>
<doc>Creates and returns a dictionary based on the given ``items``.</doc>
<status status="PASS" start="2025-09-11T18:36:28.604927" elapsed="0.000501"/>
</kw>
<kw name="Create Auth Headers" owner="keywords">
<kw name="Create Dictionary" owner="BuiltIn">
<msg time="2025-09-11T18:36:28.606896" level="INFO">&amp;{headers} = { Content-Type=application/json | Accept=application/json | Authorization=Bearer eyJhbGciOiJIUzI1NiIsInR5cCI6IkpXVCJ9.eyJlbWFpbCI6InFhdGVzdEBxYS5jb20uYnIiLCJwYXNzd29yZCI6InFhdGVzdGUiLCJpYXQiOjE3NTc2Mj...</msg>
<var>&amp;{headers}</var>
<arg>Content-Type=application/json</arg>
<arg>Accept=application/json</arg>
<arg>Authorization=${token}</arg>
<doc>Creates and returns a dictionary based on the given ``items``.</doc>
<status status="PASS" start="2025-09-11T18:36:28.606530" elapsed="0.000414"/>
</kw>
<return>
<value>${headers}</value>
<status status="PASS" start="2025-09-11T18:36:28.607055" elapsed="0.000053"/>
</return>
<msg time="2025-09-11T18:36:28.607282" level="INFO">${headers} = {'Content-Type': 'application/json', 'Accept': 'application/json', 'Authorization': 'Bearer eyJhbGciOiJIUzI1NiIsInR5cCI6IkpXVCJ9.eyJlbWFpbCI6InFhdGVzdEBxYS5jb20uYnIiLCJwYXNzd29yZCI6InFhdGVzdGUiLCJpYXQ...</msg>
<var>${headers}</var>
<arg>${token}</arg>
<doc>Cria headers com autenticação</doc>
<status status="PASS" start="2025-09-11T18:36:28.606044" elapsed="0.001267"/>
</kw>
<kw name="POST On Session" owner="RequestsLibrary">
<msg time="2025-09-11T18:36:28.764732" level="INFO">POST Request : url=http://54.242.186.180:3000/carrinhos 
 path_url=/carrinhos 
 headers={'User-Agent': 'python-requests/2.32.5', 'Accept-Encoding': 'gzip, deflate', 'Accept': 'application/json', 'Connection': 'keep-alive', 'Content-Type': 'application/json', 'Authorization': 'Bearer eyJhbGciOiJIUzI1NiIsInR5cCI6IkpXVCJ9.eyJlbWFpbCI6InFhdGVzdEBxYS5jb20uYnIiLCJwYXNzd29yZCI6InFhdGVzdGUiLCJpYXQiOjE3NTc2MjY1ODksImV4cCI6MTc1NzYyNzE4OX0.ef0cc1iAr4WS-n3vUbNJfQzVQD7ldU89Xm3tmtSe7AE', 'Content-Length': '68'} 
 body=b'{"produtos": [{"idProduto": "hnug4BDyxcFiHfth", "quantidade": "1"}]}' 
 </msg>
<msg time="2025-09-11T18:36:28.765195" level="INFO">POST Response : url=http://54.242.186.180:3000/carrinhos 
 status=201, reason=Created 
 headers={'Access-Control-Allow-Origin': '*', 'x-dns-prefetch-control': 'off', 'x-frame-options': 'SAMEORIGIN', 'strict-transport-security': 'max-age=15552000; includeSubDomains', 'x-download-options': 'noopen', 'x-content-type-options': 'nosniff', 'x-xss-protection': '1; mode=block', 'Content-Type': 'application/json; charset=utf-8', 'Content-Length': '82', 'Date': 'Thu, 11 Sep 2025 21:36:29 GMT', 'Connection': 'keep-alive', 'Keep-Alive': 'timeout=5'} 
 body={
    "message": "Cadastro realizado com sucesso",
    "_id": "I2mIjz5veR4EjXF0"
} 
 </msg>
<msg time="2025-09-11T18:36:28.765448" level="INFO">${resp} = &lt;Response [201]&gt;</msg>
<var>${resp}</var>
<arg>booker</arg>
<arg>/carrinhos</arg>
<arg>json=${carrinho_data}</arg>
<arg>headers=${headers}</arg>
<doc>Sends a POST request on a previously created HTTP Session.</doc>
<status status="PASS" start="2025-09-11T18:36:28.607823" elapsed="0.157679"/>
</kw>
<kw name="Should Be Equal As Integers" owner="BuiltIn">
<msg time="2025-09-11T18:36:28.767328" level="INFO">Argument types are:
&lt;class 'int'&gt;
&lt;class 'str'&gt;</msg>
<arg>${resp.status_code}</arg>
<arg>201</arg>
<doc>Fails if objects are unequal after converting them to integers.</doc>
<status status="PASS" start="2025-09-11T18:36:28.766212" elapsed="0.001246"/>
</kw>
<kw name="Set Variable" owner="BuiltIn">
<msg time="2025-09-11T18:36:28.770780" level="INFO">${body} = {'message': 'Cadastro realizado com sucesso', '_id': 'I2mIjz5veR4EjXF0'}</msg>
<var>${body}</var>
<arg>${resp.json()}</arg>
<doc>Returns the given values which can then be assigned to a variables.</doc>
<status status="PASS" start="2025-09-11T18:36:28.767934" elapsed="0.002942"/>
</kw>
<kw name="Dictionary Should Contain Key" owner="Collections">
<arg>${body}</arg>
<arg>_id</arg>
<doc>Fails if ``key`` is not found from ``dictionary``.</doc>
<status status="PASS" start="2025-09-11T18:36:28.771890" elapsed="0.000331"/>
</kw>
<kw name="Dictionary Should Contain Key" owner="Collections">
<arg>${body}</arg>
<arg>message</arg>
<doc>Fails if ``key`` is not found from ``dictionary``.</doc>
<status status="PASS" start="2025-09-11T18:36:28.772827" elapsed="0.000311"/>
</kw>
<kw name="Set Suite Variable" owner="BuiltIn">
<msg time="2025-09-11T18:36:28.774585" level="INFO">${CARRINHO_ID} = I2mIjz5veR4EjXF0</msg>
<arg>${CARRINHO_ID}</arg>
<arg>${body['_id']}</arg>
<doc>Makes a variable available everywhere within the scope of the current suite.</doc>
<status status="PASS" start="2025-09-11T18:36:28.773617" elapsed="0.001048"/>
</kw>
<kw name="Set Suite Variable" owner="BuiltIn">
<msg time="2025-09-11T18:36:28.775538" level="INFO">${PRODUTO_ID} = hnug4BDyxcFiHfth</msg>
<arg>${PRODUTO_ID}</arg>
<arg>${produto_id}</arg>
<doc>Makes a variable available everywhere within the scope of the current suite.</doc>
<status status="PASS" start="2025-09-11T18:36:28.775224" elapsed="0.000384"/>
</kw>
<kw name="Set Suite Variable" owner="BuiltIn">
<msg time="2025-09-11T18:36:28.776457" level="INFO">${AUTH_TOKEN} = Bearer eyJhbGciOiJIUzI1NiIsInR5cCI6IkpXVCJ9.eyJlbWFpbCI6InFhdGVzdEBxYS5jb20uYnIiLCJwYXNzd29yZCI6InFhdGVzdGUiLCJpYXQiOjE3NTc2MjY1ODksImV4cCI6MTc1NzYyNzE4OX0.ef0cc1iAr4WS-n3vUbNJfQzVQD7ldU89Xm3tmtSe7AE</msg>
<arg>${AUTH_TOKEN}</arg>
<arg>${token}</arg>
<doc>Makes a variable available everywhere within the scope of the current suite.</doc>
<status status="PASS" start="2025-09-11T18:36:28.776140" elapsed="0.000397"/>
</kw>
<doc>Criar carrinho com produto existente deve retornar 201</doc>
<tag>C001</tag>
<tag>carrinhos</tag>
<tag>smoke</tag>
<status status="PASS" start="2025-09-11T18:36:27.963338" elapsed="0.813792"/>
</test>
<test id="s1-s1-t2" name="C002 - Impedir produto inexistente" line="39">
<kw name="Skip If" owner="BuiltIn">
<arg>'${AUTH_TOKEN}' == '${EMPTY}'</arg>
<arg>Token não disponível</arg>
<doc>Skips the rest of the current test if the ``condition`` is True.</doc>
<status status="PASS" start="2025-09-11T18:36:28.779963" elapsed="0.001054"/>
</kw>
<kw name="Set Variable" owner="BuiltIn">
<msg time="2025-09-11T18:36:28.781746" level="INFO">${id_inexistente} = 507f1f77bcf86cd799439011</msg>
<var>${id_inexistente}</var>
<arg>507f1f77bcf86cd799439011</arg>
<doc>Returns the given values which can then be assigned to a variables.</doc>
<status status="PASS" start="2025-09-11T18:36:28.781527" elapsed="0.000267"/>
</kw>
<kw name="Create Dictionary" owner="BuiltIn">
<msg time="2025-09-11T18:36:28.782641" level="INFO">&amp;{produto_inexistente} = { idProduto=507f1f77bcf86cd799439011 | quantidade=1 }</msg>
<var>&amp;{produto_inexistente}</var>
<arg>idProduto=${id_inexistente}</arg>
<arg>quantidade=1</arg>
<doc>Creates and returns a dictionary based on the given ``items``.</doc>
<status status="PASS" start="2025-09-11T18:36:28.782240" elapsed="0.000444"/>
</kw>
<kw name="Create List" owner="BuiltIn">
<msg time="2025-09-11T18:36:28.783269" level="INFO">@{produtos_lista} = [ {'idProduto': '507f1f77bcf86cd799439011', 'quantidade': '1'} ]</msg>
<var>@{produtos_lista}</var>
<arg>${produto_inexistente}</arg>
<doc>Returns a list containing given items.</doc>
<status status="PASS" start="2025-09-11T18:36:28.783078" elapsed="0.000216"/>
</kw>
<kw name="Create Dictionary" owner="BuiltIn">
<msg time="2025-09-11T18:36:28.783871" level="INFO">&amp;{carrinho_data} = { produtos=[{'idProduto': '507f1f77bcf86cd799439011', 'quantidade': '1'}] }</msg>
<var>&amp;{carrinho_data}</var>
<arg>produtos=${produtos_lista}</arg>
<doc>Creates and returns a dictionary based on the given ``items``.</doc>
<status status="PASS" start="2025-09-11T18:36:28.783637" elapsed="0.000261"/>
</kw>
<kw name="Create Auth Headers" owner="keywords">
<kw name="Create Dictionary" owner="BuiltIn">
<msg time="2025-09-11T18:36:28.784705" level="INFO">&amp;{headers} = { Content-Type=application/json | Accept=application/json | Authorization=Bearer eyJhbGciOiJIUzI1NiIsInR5cCI6IkpXVCJ9.eyJlbWFpbCI6InFhdGVzdEBxYS5jb20uYnIiLCJwYXNzd29yZCI6InFhdGVzdGUiLCJpYXQiOjE3NTc2Mj...</msg>
<var>&amp;{headers}</var>
<arg>Content-Type=application/json</arg>
<arg>Accept=application/json</arg>
<arg>Authorization=${token}</arg>
<doc>Creates and returns a dictionary based on the given ``items``.</doc>
<status status="PASS" start="2025-09-11T18:36:28.784503" elapsed="0.000228"/>
</kw>
<return>
<value>${headers}</value>
<status status="PASS" start="2025-09-11T18:36:28.784782" elapsed="0.000032"/>
</return>
<msg time="2025-09-11T18:36:28.784920" level="INFO">${headers} = {'Content-Type': 'application/json', 'Accept': 'application/json', 'Authorization': 'Bearer eyJhbGciOiJIUzI1NiIsInR5cCI6IkpXVCJ9.eyJlbWFpbCI6InFhdGVzdEBxYS5jb20uYnIiLCJwYXNzd29yZCI6InFhdGVzdGUiLCJpYXQ...</msg>
<var>${headers}</var>
<arg>${AUTH_TOKEN}</arg>
<doc>Cria headers com autenticação</doc>
<status status="PASS" start="2025-09-11T18:36:28.784246" elapsed="0.000695"/>
</kw>
<kw name="POST On Session" owner="RequestsLibrary">
<msg time="2025-09-11T18:36:28.939976" level="INFO">POST Request : url=http://54.242.186.180:3000/carrinhos 
 path_url=/carrinhos 
 headers={'User-Agent': 'python-requests/2.32.5', 'Accept-Encoding': 'gzip, deflate', 'Accept': 'application/json', 'Connection': 'keep-alive', 'Content-Type': 'application/json', 'Authorization': 'Bearer eyJhbGciOiJIUzI1NiIsInR5cCI6IkpXVCJ9.eyJlbWFpbCI6InFhdGVzdEBxYS5jb20uYnIiLCJwYXNzd29yZCI6InFhdGVzdGUiLCJpYXQiOjE3NTc2MjY1ODksImV4cCI6MTc1NzYyNzE4OX0.ef0cc1iAr4WS-n3vUbNJfQzVQD7ldU89Xm3tmtSe7AE', 'Content-Length': '76'} 
 body=b'{"produtos": [{"idProduto": "507f1f77bcf86cd799439011", "quantidade": "1"}]}' 
 </msg>
<msg time="2025-09-11T18:36:28.940159" level="INFO">POST Response : url=http://54.242.186.180:3000/carrinhos 
 status=400, reason=Bad Request 
 headers={'Access-Control-Allow-Origin': '*', 'x-dns-prefetch-control': 'off', 'x-frame-options': 'SAMEORIGIN', 'strict-transport-security': 'max-age=15552000; includeSubDomains', 'x-download-options': 'noopen', 'x-content-type-options': 'nosniff', 'x-xss-protection': '1; mode=block', 'Content-Type': 'application/json; charset=utf-8', 'Content-Length': '61', 'Date': 'Thu, 11 Sep 2025 21:36:29 GMT', 'Connection': 'keep-alive', 'Keep-Alive': 'timeout=5'} 
 body={
    "message": "Não é permitido ter mais de 1 carrinho"
} 
 </msg>
<msg time="2025-09-11T18:36:28.940599" level="INFO">${resp} = &lt;Response [400]&gt;</msg>
<var>${resp}</var>
<arg>booker</arg>
<arg>/carrinhos</arg>
<arg>json=${carrinho_data}</arg>
<arg>headers=${headers}</arg>
<arg>expected_status=any</arg>
<doc>Sends a POST request on a previously created HTTP Session.</doc>
<status status="PASS" start="2025-09-11T18:36:28.785241" elapsed="0.155421"/>
</kw>
<kw name="Should Be Equal As Integers" owner="BuiltIn">
<msg time="2025-09-11T18:36:28.942665" level="INFO">Argument types are:
&lt;class 'int'&gt;
&lt;class 'str'&gt;</msg>
<arg>${resp.status_code}</arg>
<arg>400</arg>
<doc>Fails if objects are unequal after converting them to integers.</doc>
<status status="PASS" start="2025-09-11T18:36:28.941460" elapsed="0.001363"/>
</kw>
<kw name="Set Variable" owner="BuiltIn">
<msg time="2025-09-11T18:36:28.945057" level="INFO">${body} = {'message': 'Não é permitido ter mais de 1 carrinho'}</msg>
<var>${body}</var>
<arg>${resp.json()}</arg>
<doc>Returns the given values which can then be assigned to a variables.</doc>
<status status="PASS" start="2025-09-11T18:36:28.943610" elapsed="0.001524"/>
</kw>
<kw name="Dictionary Should Contain Key" owner="Collections">
<arg>${body}</arg>
<arg>message</arg>
<doc>Fails if ``key`` is not found from ``dictionary``.</doc>
<status status="PASS" start="2025-09-11T18:36:28.946428" elapsed="0.000540"/>
</kw>
<doc>Carrinho com produto inexistente deve retornar 400</doc>
<tag>C002</tag>
<tag>carrinhos</tag>
<tag>negativo</tag>
<status status="PASS" start="2025-09-11T18:36:28.778817" elapsed="0.168829"/>
</test>
<test id="s1-s1-t3" name="C003 - Listar carrinhos" line="59">
<kw name="GET On Session" owner="RequestsLibrary">
<msg time="2025-09-11T18:36:29.102944" level="INFO">GET Request : url=http://54.242.186.180:3000/carrinhos 
 path_url=/carrinhos 
 headers={'User-Agent': 'python-requests/2.32.5', 'Accept-Encoding': 'gzip, deflate', 'Accept': 'application/json', 'Connection': 'keep-alive', 'Content-Type': 'application/json'} 
 body=None 
 </msg>
<msg time="2025-09-11T18:36:29.103171" level="INFO">GET Response : url=http://54.242.186.180:3000/carrinhos 
 status=200, reason=OK 
 headers={'Access-Control-Allow-Origin': '*', 'x-dns-prefetch-control': 'off', 'x-frame-options': 'SAMEORIGIN', 'strict-transport-security': 'max-age=15552000; includeSubDomains', 'x-download-options': 'noopen', 'x-content-type-options': 'nosniff', 'x-xss-protection': '1; mode=block', 'Content-Type': 'application/json; charset=utf-8', 'Content-Length': '977', 'Date': 'Thu, 11 Sep 2025 21:36:29 GMT', 'Connection': 'keep-alive', 'Keep-Alive': 'timeout=5'} 
 body={
    "quantidade": 2,
    "carrinhos": [
        {
            "produtos": [
                {
                    "idProduto": "hnug4BDyxcFiHfth",
                    "quantidade": "1",
                    "precoUnitario": 100
                }
            ],
            "precoTotal": 100,
            "quantidadeTotal": "01",
            "idUsuario": "iKVm2yXWmtvBFcPR",
            "_id": "I2mIjz5veR4EjXF0"
        },
        {
            "produtos": [
                {
                    "idProduto": "BeeJh5lz3k6kSIzA",
                    "quantidade": 2,
                    "precoUnitario": 470
                },
                {
                    "idProduto": "K6leHdftCeOJj8BJ",
                    "quantidade": 1,
                    "precoUnitario": 5240
                }
            ],
            "precoTotal": 6180,
            "quantidadeTotal": 3,
            "idUsuario": "0uxuPY0cbmQhpEz1",
            "_id": "qbMqntef4iTOwWfg"
        }
    ]
} 
 </msg>
<msg time="2025-09-11T18:36:29.103428" level="INFO">${resp} = &lt;Response [200]&gt;</msg>
<var>${resp}</var>
<arg>booker</arg>
<arg>/carrinhos</arg>
<doc>Sends a GET request on a previously created HTTP Session.</doc>
<status status="PASS" start="2025-09-11T18:36:28.950401" elapsed="0.153084"/>
</kw>
<kw name="Should Be Equal As Integers" owner="BuiltIn">
<msg time="2025-09-11T18:36:29.105010" level="INFO">Argument types are:
&lt;class 'int'&gt;
&lt;class 'str'&gt;</msg>
<arg>${resp.status_code}</arg>
<arg>200</arg>
<doc>Fails if objects are unequal after converting them to integers.</doc>
<status status="PASS" start="2025-09-11T18:36:29.104031" elapsed="0.001100"/>
</kw>
<kw name="Set Variable" owner="BuiltIn">
<msg time="2025-09-11T18:36:29.106983" level="INFO">${body} = {'quantidade': 2, 'carrinhos': [{'produtos': [{'idProduto': 'hnug4BDyxcFiHfth', 'quantidade': '1', 'precoUnitario': 100}], 'precoTotal': 100, 'quantidadeTotal': '01', 'idUsuario': 'iKVm2yXWmtvBFcPR', ...</msg>
<var>${body}</var>
<arg>${resp.json()}</arg>
<doc>Returns the given values which can then be assigned to a variables.</doc>
<status status="PASS" start="2025-09-11T18:36:29.105850" elapsed="0.001197"/>
</kw>
<kw name="Dictionary Should Contain Key" owner="Collections">
<arg>${body}</arg>
<arg>carrinhos</arg>
<doc>Fails if ``key`` is not found from ``dictionary``.</doc>
<status status="PASS" start="2025-09-11T18:36:29.107708" elapsed="0.000379"/>
</kw>
<kw name="Dictionary Should Contain Key" owner="Collections">
<arg>${body}</arg>
<arg>quantidade</arg>
<doc>Fails if ``key`` is not found from ``dictionary``.</doc>
<status status="PASS" start="2025-09-11T18:36:29.108854" elapsed="0.000413"/>
</kw>
<doc>Listar carrinhos deve retornar 200 e lista</doc>
<tag>C003</tag>
<tag>carrinhos</tag>
<tag>smoke</tag>
<status status="PASS" start="2025-09-11T18:36:28.949394" elapsed="0.160430"/>
</test>
<test id="s1-s1-t4" name="C004 - Buscar carrinho por ID" line="68">
<kw name="Skip If" owner="BuiltIn">
<arg>'${CARRINHO_ID}' == '${EMPTY}'</arg>
<arg>Carrinho não foi criado</arg>
<doc>Skips the rest of the current test if the ``condition`` is True.</doc>
<status status="PASS" start="2025-09-11T18:36:29.112881" elapsed="0.001248"/>
</kw>
<kw name="GET On Session" owner="RequestsLibrary">
<msg time="2025-09-11T18:36:29.265457" level="INFO">GET Request : url=http://54.242.186.180:3000/carrinhos/I2mIjz5veR4EjXF0 
 path_url=/carrinhos/I2mIjz5veR4EjXF0 
 headers={'User-Agent': 'python-requests/2.32.5', 'Accept-Encoding': 'gzip, deflate', 'Accept': 'application/json', 'Connection': 'keep-alive', 'Content-Type': 'application/json'} 
 body=None 
 </msg>
<msg time="2025-09-11T18:36:29.265622" level="INFO">GET Response : url=http://54.242.186.180:3000/carrinhos/I2mIjz5veR4EjXF0 
 status=200, reason=OK 
 headers={'Access-Control-Allow-Origin': '*', 'x-dns-prefetch-control': 'off', 'x-frame-options': 'SAMEORIGIN', 'strict-transport-security': 'max-age=15552000; includeSubDomains', 'x-download-options': 'noopen', 'x-content-type-options': 'nosniff', 'x-xss-protection': '1; mode=block', 'Content-Type': 'application/json; charset=utf-8', 'Content-Length': '276', 'Date': 'Thu, 11 Sep 2025 21:36:29 GMT', 'Connection': 'keep-alive', 'Keep-Alive': 'timeout=5'} 
 body={
    "produtos": [
        {
            "idProduto": "hnug4BDyxcFiHfth",
            "quantidade": "1",
            "precoUnitario": 100
        }
    ],
    "precoTotal": 100,
    "quantidadeTotal": "01",
    "idUsuario": "iKVm2yXWmtvBFcPR",
    "_id": "I2mIjz5veR4EjXF0"
} 
 </msg>
<msg time="2025-09-11T18:36:29.265851" level="INFO">${resp} = &lt;Response [200]&gt;</msg>
<var>${resp}</var>
<arg>booker</arg>
<arg>/carrinhos/${CARRINHO_ID}</arg>
<doc>Sends a GET request on a previously created HTTP Session.</doc>
<status status="PASS" start="2025-09-11T18:36:29.114707" elapsed="0.151198"/>
</kw>
<kw name="Should Be Equal As Integers" owner="BuiltIn">
<msg time="2025-09-11T18:36:29.267603" level="INFO">Argument types are:
&lt;class 'int'&gt;
&lt;class 'str'&gt;</msg>
<arg>${resp.status_code}</arg>
<arg>200</arg>
<doc>Fails if objects are unequal after converting them to integers.</doc>
<status status="PASS" start="2025-09-11T18:36:29.266637" elapsed="0.001089"/>
</kw>
<kw name="Set Variable" owner="BuiltIn">
<msg time="2025-09-11T18:36:29.269449" level="INFO">${body} = {'produtos': [{'idProduto': 'hnug4BDyxcFiHfth', 'quantidade': '1', 'precoUnitario': 100}], 'precoTotal': 100, 'quantidadeTotal': '01', 'idUsuario': 'iKVm2yXWmtvBFcPR', '_id': 'I2mIjz5veR4EjXF0'}</msg>
<var>${body}</var>
<arg>${resp.json()}</arg>
<doc>Returns the given values which can then be assigned to a variables.</doc>
<status status="PASS" start="2025-09-11T18:36:29.268388" elapsed="0.001344"/>
</kw>
<kw name="Dictionary Should Contain Key" owner="Collections">
<arg>${body}</arg>
<arg>produtos</arg>
<doc>Fails if ``key`` is not found from ``dictionary``.</doc>
<status status="PASS" start="2025-09-11T18:36:29.270379" elapsed="0.000403"/>
</kw>
<kw name="Dictionary Should Contain Key" owner="Collections">
<arg>${body}</arg>
<arg>precoTotal</arg>
<doc>Fails if ``key`` is not found from ``dictionary``.</doc>
<status status="PASS" start="2025-09-11T18:36:29.271446" elapsed="0.000401"/>
</kw>
<kw name="Dictionary Should Contain Key" owner="Collections">
<arg>${body}</arg>
<arg>quantidadeTotal</arg>
<doc>Fails if ``key`` is not found from ``dictionary``.</doc>
<status status="PASS" start="2025-09-11T18:36:29.272387" elapsed="0.000280"/>
</kw>
<kw name="Dictionary Should Contain Key" owner="Collections">
<arg>${body}</arg>
<arg>idUsuario</arg>
<doc>Fails if ``key`` is not found from ``dictionary``.</doc>
<status status="PASS" start="2025-09-11T18:36:29.273295" elapsed="0.000322"/>
</kw>
<doc>Buscar carrinho por ID deve retornar 200</doc>
<tag>C004</tag>
<tag>carrinhos</tag>
<tag>smoke</tag>
<status status="PASS" start="2025-09-11T18:36:29.111604" elapsed="0.162630"/>
</test>
<test id="s1-s1-t5" name="C005 - Remover carrinho e restaurar estoque" line="81">
<kw name="Skip If" owner="BuiltIn">
<arg>'${CARRINHO_ID}' == '${EMPTY}'</arg>
<arg>Carrinho não foi criado</arg>
<doc>Skips the rest of the current test if the ``condition`` is True.</doc>
<status status="PASS" start="2025-09-11T18:36:29.276789" elapsed="0.001085"/>
</kw>
<kw name="Skip If" owner="BuiltIn">
<arg>'${AUTH_TOKEN}' == '${EMPTY}'</arg>
<arg>Token não disponível</arg>
<doc>Skips the rest of the current test if the ``condition`` is True.</doc>
<status status="PASS" start="2025-09-11T18:36:29.278310" elapsed="0.000730"/>
</kw>
<kw name="GET On Session" owner="RequestsLibrary">
<msg time="2025-09-11T18:36:29.431254" level="INFO">GET Request : url=http://54.242.186.180:3000/produtos/hnug4BDyxcFiHfth 
 path_url=/produtos/hnug4BDyxcFiHfth 
 headers={'User-Agent': 'python-requests/2.32.5', 'Accept-Encoding': 'gzip, deflate', 'Accept': 'application/json', 'Connection': 'keep-alive', 'Content-Type': 'application/json'} 
 body=None 
 </msg>
<msg time="2025-09-11T18:36:29.431416" level="INFO">GET Response : url=http://54.242.186.180:3000/produtos/hnug4BDyxcFiHfth 
 status=200, reason=OK 
 headers={'Access-Control-Allow-Origin': '*', 'x-dns-prefetch-control': 'off', 'x-frame-options': 'SAMEORIGIN', 'strict-transport-security': 'max-age=15552000; includeSubDomains', 'x-download-options': 'noopen', 'x-content-type-options': 'nosniff', 'x-xss-protection': '1; mode=block', 'Content-Type': 'application/json; charset=utf-8', 'Content-Length': '157', 'Date': 'Thu, 11 Sep 2025 21:36:30 GMT', 'Connection': 'keep-alive', 'Keep-Alive': 'timeout=5'} 
 body={
    "nome": "Produto nctQ1fPH",
    "preco": 100,
    "descricao": "Produto para teste automatizado",
    "quantidade": 49,
    "_id": "hnug4BDyxcFiHfth"
} 
 </msg>
<msg time="2025-09-11T18:36:29.431648" level="INFO">${resp_produto_antes} = &lt;Response [200]&gt;</msg>
<var>${resp_produto_antes}</var>
<arg>booker</arg>
<arg>/produtos/${PRODUTO_ID}</arg>
<doc>Sends a GET request on a previously created HTTP Session.</doc>
<status status="PASS" start="2025-09-11T18:36:29.279422" elapsed="0.152279"/>
</kw>
<kw name="Get From Dictionary" owner="Collections">
<msg time="2025-09-11T18:36:29.433460" level="INFO">${estoque_antes} = 49</msg>
<var>${estoque_antes}</var>
<arg>${resp_produto_antes.json()}</arg>
<arg>quantidade</arg>
<doc>Returns a value from the given ``dictionary`` based on the given ``key``.</doc>
<status status="PASS" start="2025-09-11T18:36:29.432388" elapsed="0.001132"/>
</kw>
<kw name="Create Auth Headers" owner="keywords">
<kw name="Create Dictionary" owner="BuiltIn">
<msg time="2025-09-11T18:36:29.435340" level="INFO">&amp;{headers} = { Content-Type=application/json | Accept=application/json | Authorization=Bearer eyJhbGciOiJIUzI1NiIsInR5cCI6IkpXVCJ9.eyJlbWFpbCI6InFhdGVzdEBxYS5jb20uYnIiLCJwYXNzd29yZCI6InFhdGVzdGUiLCJpYXQiOjE3NTc2Mj...</msg>
<var>&amp;{headers}</var>
<arg>Content-Type=application/json</arg>
<arg>Accept=application/json</arg>
<arg>Authorization=${token}</arg>
<doc>Creates and returns a dictionary based on the given ``items``.</doc>
<status status="PASS" start="2025-09-11T18:36:29.434849" elapsed="0.000554"/>
</kw>
<return>
<value>${headers}</value>
<status status="PASS" start="2025-09-11T18:36:29.435519" elapsed="0.000093"/>
</return>
<msg time="2025-09-11T18:36:29.435859" level="INFO">${headers} = {'Content-Type': 'application/json', 'Accept': 'application/json', 'Authorization': 'Bearer eyJhbGciOiJIUzI1NiIsInR5cCI6IkpXVCJ9.eyJlbWFpbCI6InFhdGVzdEBxYS5jb20uYnIiLCJwYXNzd29yZCI6InFhdGVzdGUiLCJpYXQ...</msg>
<var>${headers}</var>
<arg>${AUTH_TOKEN}</arg>
<doc>Cria headers com autenticação</doc>
<status status="PASS" start="2025-09-11T18:36:29.434253" elapsed="0.001657"/>
</kw>
<kw name="DELETE On Session" owner="RequestsLibrary">
<msg time="2025-09-11T18:36:29.592066" level="INFO">DELETE Request : url=http://54.242.186.180:3000/carrinhos/concluir-compra 
 path_url=/carrinhos/concluir-compra 
 headers={'User-Agent': 'python-requests/2.32.5', 'Accept-Encoding': 'gzip, deflate', 'Accept': 'application/json', 'Connection': 'keep-alive', 'Content-Type': 'application/json', 'Authorization': 'Bearer eyJhbGciOiJIUzI1NiIsInR5cCI6IkpXVCJ9.eyJlbWFpbCI6InFhdGVzdEBxYS5jb20uYnIiLCJwYXNzd29yZCI6InFhdGVzdGUiLCJpYXQiOjE3NTc2MjY1ODksImV4cCI6MTc1NzYyNzE4OX0.ef0cc1iAr4WS-n3vUbNJfQzVQD7ldU89Xm3tmtSe7AE', 'Content-Length': '0'} 
 body=None 
 </msg>
<msg time="2025-09-11T18:36:29.592253" level="INFO">DELETE Response : url=http://54.242.186.180:3000/carrinhos/concluir-compra 
 status=200, reason=OK 
 headers={'Access-Control-Allow-Origin': '*', 'x-dns-prefetch-control': 'off', 'x-frame-options': 'SAMEORIGIN', 'strict-transport-security': 'max-age=15552000; includeSubDomains', 'x-download-options': 'noopen', 'x-content-type-options': 'nosniff', 'x-xss-protection': '1; mode=block', 'Content-Type': 'application/json; charset=utf-8', 'Content-Length': '51', 'Date': 'Thu, 11 Sep 2025 21:36:30 GMT', 'Connection': 'keep-alive', 'Keep-Alive': 'timeout=5'} 
 body={
    "message": "Registro excluído com sucesso"
} 
 </msg>
<msg time="2025-09-11T18:36:29.592501" level="INFO">${resp} = &lt;Response [200]&gt;</msg>
<var>${resp}</var>
<arg>booker</arg>
<arg>/carrinhos/concluir-compra</arg>
<arg>headers=${headers}</arg>
<doc>Sends a DELETE request on a previously created HTTP Session.</doc>
<status status="PASS" start="2025-09-11T18:36:29.436561" elapsed="0.155998"/>
</kw>
<kw name="Should Be True" owner="BuiltIn">
<arg>${resp.status_code} in [200, 204]</arg>
<doc>Fails if the given condition is not true.</doc>
<status status="PASS" start="2025-09-11T18:36:29.593349" elapsed="0.001477"/>
</kw>
<kw name="DELETE On Session" owner="RequestsLibrary">
<msg time="2025-09-11T18:36:29.751057" level="INFO">DELETE Request : url=http://54.242.186.180:3000/carrinhos/cancelar-compra 
 path_url=/carrinhos/cancelar-compra 
 headers={'User-Agent': 'python-requests/2.32.5', 'Accept-Encoding': 'gzip, deflate', 'Accept': 'application/json', 'Connection': 'keep-alive', 'Content-Type': 'application/json', 'Authorization': 'Bearer eyJhbGciOiJIUzI1NiIsInR5cCI6IkpXVCJ9.eyJlbWFpbCI6InFhdGVzdEBxYS5jb20uYnIiLCJwYXNzd29yZCI6InFhdGVzdGUiLCJpYXQiOjE3NTc2MjY1ODksImV4cCI6MTc1NzYyNzE4OX0.ef0cc1iAr4WS-n3vUbNJfQzVQD7ldU89Xm3tmtSe7AE', 'Content-Length': '0'} 
 body=None 
 </msg>
<msg time="2025-09-11T18:36:29.751227" level="INFO">DELETE Response : url=http://54.242.186.180:3000/carrinhos/cancelar-compra 
 status=200, reason=OK 
 headers={'Access-Control-Allow-Origin': '*', 'x-dns-prefetch-control': 'off', 'x-frame-options': 'SAMEORIGIN', 'strict-transport-security': 'max-age=15552000; includeSubDomains', 'x-download-options': 'noopen', 'x-content-type-options': 'nosniff', 'x-xss-protection': '1; mode=block', 'Content-Type': 'application/json; charset=utf-8', 'Content-Length': '68', 'Date': 'Thu, 11 Sep 2025 21:36:30 GMT', 'Connection': 'keep-alive', 'Keep-Alive': 'timeout=5'} 
 body={
    "message": "Não foi encontrado carrinho para esse usuário"
} 
 </msg>
<msg time="2025-09-11T18:36:29.751596" level="INFO">${resp_cancelar} = &lt;Response [200]&gt;</msg>
<var>${resp_cancelar}</var>
<arg>booker</arg>
<arg>/carrinhos/cancelar-compra</arg>
<arg>headers=${headers}</arg>
<arg>expected_status=any</arg>
<doc>Sends a DELETE request on a previously created HTTP Session.</doc>
<status status="PASS" start="2025-09-11T18:36:29.595584" elapsed="0.156069"/>
</kw>
<kw name="Should Be True" owner="BuiltIn">
<arg>${resp_cancelar.status_code} in [200, 400]</arg>
<doc>Fails if the given condition is not true.</doc>
<status status="PASS" start="2025-09-11T18:36:29.752399" elapsed="0.001084"/>
</kw>
<doc>Exclusão do carrinho deve restaurar estoque dos produtos</doc>
<tag>C005</tag>
<tag>carrinhos</tag>
<tag>smoke</tag>
<status status="PASS" start="2025-09-11T18:36:29.275847" elapsed="0.478774"/>
</test>
<test id="s1-s1-t6" name="C006 - Acesso sem autenticação" line="101">
<kw name="Generate Unique Name" owner="keywords">
<kw name="Generate Random String" owner="String">
<msg time="2025-09-11T18:36:29.758729" level="INFO">${uuid} = mX2NoI9p</msg>
<var>${uuid}</var>
<arg>8</arg>
<arg>[LETTERS][NUMBERS]</arg>
<doc>Generates a string with a desired ``length`` from the given ``chars``.</doc>
<status status="PASS" start="2025-09-11T18:36:29.758240" elapsed="0.000570"/>
</kw>
<kw name="Set Variable" owner="BuiltIn">
<msg time="2025-09-11T18:36:29.759439" level="INFO">${name} = Produto Carrinho mX2NoI9p</msg>
<var>${name}</var>
<arg>${prefix} ${uuid}</arg>
<doc>Returns the given values which can then be assigned to a variables.</doc>
<status status="PASS" start="2025-09-11T18:36:29.759064" elapsed="0.000427"/>
</kw>
<return>
<value>${name}</value>
<status status="PASS" start="2025-09-11T18:36:29.759593" elapsed="0.000066"/>
</return>
<msg time="2025-09-11T18:36:29.759884" level="INFO">${nome} = Produto Carrinho mX2NoI9p</msg>
<var>${nome}</var>
<arg>Produto Carrinho</arg>
<doc>Gera nome único usando UUID</doc>
<status status="PASS" start="2025-09-11T18:36:29.757625" elapsed="0.002305"/>
</kw>
<kw name="Create Dictionary" owner="BuiltIn">
<msg time="2025-09-11T18:36:29.761169" level="INFO">&amp;{produto_data} = { idProduto=507f1f77bcf86cd799439011 | quantidade=1 }</msg>
<var>&amp;{produto_data}</var>
<arg>idProduto=507f1f77bcf86cd799439011</arg>
<arg>quantidade=1</arg>
<doc>Creates and returns a dictionary based on the given ``items``.</doc>
<status status="PASS" start="2025-09-11T18:36:29.760688" elapsed="0.000541"/>
</kw>
<kw name="Create List" owner="BuiltIn">
<msg time="2025-09-11T18:36:29.762682" level="INFO">@{produtos_lista} = [ {'idProduto': '507f1f77bcf86cd799439011', 'quantidade': '1'} ]</msg>
<var>@{produtos_lista}</var>
<arg>${produto_data}</arg>
<doc>Returns a list containing given items.</doc>
<status status="PASS" start="2025-09-11T18:36:29.762030" elapsed="0.000751"/>
</kw>
<kw name="Create Dictionary" owner="BuiltIn">
<msg time="2025-09-11T18:36:29.764083" level="INFO">&amp;{carrinho_data} = { produtos=[{'idProduto': '507f1f77bcf86cd799439011', 'quantidade': '1'}] }</msg>
<var>&amp;{carrinho_data}</var>
<arg>produtos=${produtos_lista}</arg>
<doc>Creates and returns a dictionary based on the given ``items``.</doc>
<status status="PASS" start="2025-09-11T18:36:29.763494" elapsed="0.000657"/>
</kw>
<kw name="POST On Session" owner="RequestsLibrary">
<msg time="2025-09-11T18:36:29.916716" level="INFO">POST Request : url=http://54.242.186.180:3000/carrinhos 
 path_url=/carrinhos 
 headers={'User-Agent': 'python-requests/2.32.5', 'Accept-Encoding': 'gzip, deflate', 'Accept': 'application/json', 'Connection': 'keep-alive', 'Content-Type': 'application/json', 'Content-Length': '76'} 
 body=b'{"produtos": [{"idProduto": "507f1f77bcf86cd799439011", "quantidade": "1"}]}' 
 </msg>
<msg time="2025-09-11T18:36:29.916896" level="INFO">POST Response : url=http://54.242.186.180:3000/carrinhos 
 status=401, reason=Unauthorized 
 headers={'Access-Control-Allow-Origin': '*', 'x-dns-prefetch-control': 'off', 'x-frame-options': 'SAMEORIGIN', 'strict-transport-security': 'max-age=15552000; includeSubDomains', 'x-download-options': 'noopen', 'x-content-type-options': 'nosniff', 'x-xss-protection': '1; mode=block', 'Content-Type': 'application/json; charset=utf-8', 'Content-Length': '103', 'Date': 'Thu, 11 Sep 2025 21:36:30 GMT', 'Connection': 'keep-alive', 'Keep-Alive': 'timeout=5'} 
 body={
    "message": "Token de acesso ausente, inválido, expirado ou usuário do token não existe mais"
} 
 </msg>
<msg time="2025-09-11T18:36:29.917145" level="INFO">${resp} = &lt;Response [401]&gt;</msg>
<var>${resp}</var>
<arg>booker</arg>
<arg>/carrinhos</arg>
<arg>json=${carrinho_data}</arg>
<arg>expected_status=any</arg>
<doc>Sends a POST request on a previously created HTTP Session.</doc>
<status status="PASS" start="2025-09-11T18:36:29.764817" elapsed="0.152388"/>
</kw>
<kw name="Should Be Equal As Integers" owner="BuiltIn">
<msg time="2025-09-11T18:36:29.919096" level="INFO">Argument types are:
&lt;class 'int'&gt;
&lt;class 'str'&gt;</msg>
<arg>${resp.status_code}</arg>
<arg>401</arg>
<doc>Fails if objects are unequal after converting them to integers.</doc>
<status status="PASS" start="2025-09-11T18:36:29.918004" elapsed="0.001227"/>
</kw>
<kw name="Set Variable" owner="BuiltIn">
<msg time="2025-09-11T18:36:29.921388" level="INFO">${body} = {'message': 'Token de acesso ausente, inválido, expirado ou usuário do token não existe mais'}</msg>
<var>${body}</var>
<arg>${resp.json()}</arg>
<doc>Returns the given values which can then be assigned to a variables.</doc>
<status status="PASS" start="2025-09-11T18:36:29.919939" elapsed="0.001523"/>
</kw>
<kw name="Dictionary Should Contain Key" owner="Collections">
<arg>${body}</arg>
<arg>message</arg>
<doc>Fails if ``key`` is not found from ``dictionary``.</doc>
<status status="PASS" start="2025-09-11T18:36:29.922162" elapsed="0.000408"/>
</kw>
<kw name="Should Contain" owner="BuiltIn">
<arg>${body['message']}</arg>
<arg>Token de acesso ausente</arg>
<doc>Fails if ``container`` does not contain ``item`` one or more times.</doc>
<status status="PASS" start="2025-09-11T18:36:29.923264" elapsed="0.001115"/>
</kw>
<doc>Operações de carrinho sem token devem retornar 401</doc>
<tag>C006</tag>
<tag>carrinhos</tag>
<tag>negativo</tag>
<status status="PASS" start="2025-09-11T18:36:29.756341" elapsed="0.169366"/>
</test>
<kw name="Delete All Sessions" owner="RequestsLibrary" type="TEARDOWN">
<msg time="2025-09-11T18:36:29.928334" level="INFO">Deleting All Sessions</msg>
<doc>Removes all the session objects</doc>
<status status="PASS" start="2025-09-11T18:36:29.928064" elapsed="0.000456"/>
</kw>
<status status="PASS" start="2025-09-11T18:36:27.830249" elapsed="2.098388"/>
</suite>
<suite id="s1-s2" name="Health" source="C:\Users\ercli\IdeaProjects\COMPASS-UOL-PBAIJUN25\Documentos\Sprint 6\Semana 12\tests\suites\health.robot">
<kw name="Create Session" owner="RequestsLibrary" type="SETUP">
<msg time="2025-09-11T18:36:29.937271" level="INFO">Creating Session using : alias=booker, url=http://54.242.186.180:3000, headers={'Content-Type': 'application/json', 'Accept': 'application/json'},                     cookies={}, auth=None, timeout=None, proxies=None, verify=False,                     debug=0 </msg>
<arg>booker</arg>
<arg>${BASE_URL}</arg>
<arg>headers=${BASE_HEADERS}</arg>
<doc>Create Session: create a HTTP session to a server</doc>
<status status="PASS" start="2025-09-11T18:36:29.936853" elapsed="0.001343"/>
</kw>
<test id="s1-s2-t1" name="SRV-health-200-positivo" line="7">
<kw name="GET On Session" owner="RequestsLibrary">
<msg time="2025-09-11T18:36:30.438903" level="INFO">GET Request : url=http://54.242.186.180:3000/status 
 path_url=/status 
 headers={'User-Agent': 'python-requests/2.32.5', 'Accept-Encoding': 'gzip, deflate', 'Accept': 'application/json', 'Connection': 'keep-alive', 'Content-Type': 'application/json'} 
 body=None 
 </msg>
<msg time="2025-09-11T18:36:30.439107" level="INFO">GET Response : url=http://54.242.186.180:3000/status 
 status=200, reason=OK 
 headers={'Access-Control-Allow-Origin': '*', 'x-dns-prefetch-control': 'off', 'x-frame-options': 'SAMEORIGIN', 'strict-transport-security': 'max-age=15552000; includeSubDomains', 'x-download-options': 'noopen', 'x-content-type-options': 'nosniff', 'x-xss-protection': '1; mode=block', 'Content-Type': 'text/html; charset=utf-8', 'Content-Length': '15999', 'Date': 'Thu, 11 Sep 2025 21:36:30 GMT', 'Connection': 'keep-alive', 'Keep-Alive': 'timeout=5'} 
 body=&lt;!DOCTYPE html&gt;
&lt;html&gt;
  &lt;head&gt;
    &lt;title&gt;ServeRest Status&lt;/title&gt;
    &lt;script src="https://cdnjs.cloudflare.com/ajax/libs/Chart.js/2.2.2/Chart.bundle.min.js"&gt;&lt;/script&gt;
    &lt;script src="https://cdnjs.cloudflare.com/ajax/libs/socket.io/1.4.5/socket.io.min.js"&gt;&lt;/script&gt;
    &lt;style&gt;
      * {
  font-family: Helvetica Neue, Helvetica, Arial, sans-serif;
}

body.hide-cpu .container.cpu,
body.hide-mem .container.mem,
body.hide-load .container.load,
body.hide-responseTime .container.responseTime,
body.hide-rps .container.rps,
body.hide-statusCodes .container.statusCodes {
  display: none;
}

h1 {
  font-size: 3em;
  color: #222;
  margin: 0;
}

h5 {
  margin: 0;
  color: #888;
}

h6 {
  margin: 0;
}

p {
  font-size: 0.7em;
  color: #888;
}

span {
  cursor: pointer;
  font-size: 10px;
  margin-left: 5px;
  border: 1px solid #DDD;
  padding: 3px 10px 4px 10px;
}

canvas {
  width: 400px;
  height: 100px;
}

.content {
  width: 600px;
  margin: auto;
}

.active {
  background: #eeeeee;
}

.stats-column {
  flex: 0 0 200px;
}

.container {
  display: flex;
  flex-direction: row;
  margin-top: 20px;
  height: 100px;
}

.chart-container {
  width: 400px;
  height: 100px;
}

.container.healthChecks {
  display: block;
  height: auto;
}

.health-check-row {
  align-items: center;
  border: 1px solid #eee;
  border-radius: 4px;
  display: flex;
  margin: 0 0 10px 0;
  width: 100%;
}

.health-check-title-column {
  flex: 0 0 400px;
  display: flex;
  align-items: center;
  padding: 0 10px;
}

.health-check-title-column h5 a {
  color: #888;
  cursor: pointer;
  text-decoration: none;
}

.health-check-title-column h5 a:hover {
  text-decoration: underline;
}

.health-check-status-container {
  align-items: center;
  border-radius: 0 4px 4px 0;
  display: flex;
  justify-content: center;
  height: 2em;
  text-align: center;
  width: 200px;
}

.health-check-status-container.ok {
  background: #75D701;
}

.health-check-status-container.failed {
  background: #E53A40;
}

.health-check-status-container h1 {
  line-height: 2em;
  font-size: 1.5em;
  color: #fff;
  text-align: center;
  text-transform: uppercase;
}

.footer {
  text-align: center;
}

.span-controls {
  float: right;
}

.status-code {
  margin-top: 2px;
}

.status-code:before {
  content: '';
  display: inline-block;
  width: 8px;
  height: 8px;
  border-radius: 8px;
  margin-right: 10px;
}

.status-code-2xx:before {
  background-color: #75D701;
}

.status-code-3xx:before {
  background-color: #47b8e0;
}

.status-code-4xx:before {
  background-color: #ffc952;
}

.status-code-5xx:before {
  background-color: #E53A40;
}

    &lt;/style&gt;
  &lt;/head&gt;
  &lt;body class=""&gt;
    &lt;div class="content"&gt;
      &lt;div class="header"&gt;
        &lt;b&gt;ServeRest Status&lt;/b&gt;
        &lt;div id="span-controls" class="span-controls"&gt;&lt;/div&gt;
      &lt;/div&gt;
      &lt;div class="container cpu"&gt;
        &lt;div class="stats-column"&gt;
          &lt;h5&gt;CPU Usage&lt;/h5&gt;
          &lt;h1 id="cpuStat"&gt;- %&lt;/h1&gt;
        &lt;/div&gt;
        &lt;div class="chart-container"&gt;
          &lt;canvas id="cpuChart" width="400" height="100"&gt;&lt;/canvas&gt;
        &lt;/div&gt;
      &lt;/div&gt;
      &lt;div class="container mem"&gt;
        &lt;div class="stats-column"&gt;
          &lt;h5&gt;Memory Usage&lt;/h5&gt;
          &lt;h1 id="memStat"&gt;- %&lt;/h1&gt;
        &lt;/div&gt;
        &lt;div class="chart-container"&gt;
          &lt;canvas id="memChart" width="200" height="100"&gt;&lt;/canvas&gt;
        &lt;/div&gt;
      &lt;/div&gt;
      &lt;div class="container heap-size"&gt;
        &lt;div class="stats-column"&gt;
          &lt;h5&gt;Heap Usage&lt;/h5&gt;
          &lt;h1 id="heapStat"&gt;- %&lt;/h1&gt;
        &lt;/div&gt;
        &lt;div class="chart-container"&gt;
          &lt;canvas id="heapChart" width="200" height="100"&gt;&lt;/canvas&gt;
        &lt;/div&gt;
      &lt;/div&gt;
      &lt;div class="container load"&gt;
        &lt;div class="stats-column"&gt;
          &lt;h5&gt;One Minute Load Avg&lt;/h5&gt;
          &lt;h1 id="loadStat"&gt;-&lt;/h1&gt;
        &lt;/div&gt;
        &lt;div class="chart-container"&gt;
          &lt;canvas id="loadChart" width="200" height="100"&gt;&lt;/canvas&gt;
        &lt;/div&gt;
      &lt;/div&gt;
      &lt;div class="container eventLoop"&gt;
        &lt;div class="stats-column"&gt;
          &lt;h5&gt;Spent in Event Loop&lt;/h5&gt;
          &lt;h1 id="eventLoopStat"&gt;ms&lt;/h1&gt;
        &lt;/div&gt;
        &lt;div class="chart-container"&gt;
          &lt;canvas id="eventLoopChart" width="200" height="100"&gt;&lt;/canvas&gt;
        &lt;/div&gt;
      &lt;/div&gt;
      &lt;div class="container responseTime"&gt;
        &lt;div class="stats-column"&gt;
          &lt;h5&gt;Response Time&lt;/h5&gt;
          &lt;h1 id="responseTimeStat"&gt;-&lt;/h1&gt;
        &lt;/div&gt;
        &lt;div class="chart-container"&gt;
          &lt;canvas id="responseTimeChart" width="200" height="100"&gt;&lt;/canvas&gt;
        &lt;/div&gt;
      &lt;/div&gt;
      &lt;div class="container rps"&gt;
        &lt;div class="stats-column"&gt;
          &lt;h5&gt;Requests per Second&lt;/h5&gt;
          &lt;h1 id="rpsStat"&gt;-&lt;/h1&gt;
        &lt;/div&gt;
        &lt;div class="chart-container"&gt;
          &lt;canvas id="rpsChart" width="200" height="100"&gt;&lt;/canvas&gt;
        &lt;/div&gt;
      &lt;/div&gt;
      &lt;div class="container statusCodes"&gt;
        &lt;div class="stats-column"&gt;
          &lt;h5&gt;Status Codes&lt;/h5&gt;
          &lt;h6 class="status-code status-code-2xx"&gt;2xx&lt;/h6&gt;
          &lt;h6 class="status-code status-code-3xx"&gt;3xx&lt;/h6&gt;
          &lt;h6 class="status-code status-code-4xx"&gt;4xx&lt;/h6&gt;
          &lt;h6 class="status-code status-code-5xx"&gt;5xx&lt;/h6&gt;
        &lt;/div&gt;
        &lt;div class="chart-container"&gt;
          &lt;canvas id="statusCodesChart" width="200" height="100"&gt;&lt;/canvas&gt;
        &lt;/div&gt;
      &lt;/div&gt;
      &lt;div class="container healthChecks"&gt;
      &lt;/div&gt;
      &lt;div class="footer"&gt;
        &lt;p&gt;Status page made by &lt;a href="https://dynobase.dev"&gt;Dynobase&lt;/a&gt; with &amp;#9829; with Socket.io &amp; Chart.js&lt;/p&gt;
      &lt;/div&gt;
    &lt;/div&gt;
    &lt;script&gt;
      var port = '';
      var socketPath = '/socket.io';
      /*
  eslint-disable no-plusplus, no-var, strict, vars-on-top, prefer-template,
  func-names, prefer-arrow-callback, no-loop-func
*/
/* global Chart, location, document, port, socketPath, parseInt, io */

'use strict';

Chart.defaults.global.defaultFontSize = 8;
Chart.defaults.global.animation.duration = 500;
Chart.defaults.global.legend.display = false;
Chart.defaults.global.elements.line.backgroundColor = 'rgba(0,0,0,0)';
Chart.defaults.global.elements.line.borderColor = 'rgba(0,0,0,0.9)';
Chart.defaults.global.elements.line.borderWidth = 2;

var socket = io(location.protocol + '//' + location.hostname + ':' + (port || location.port), {
  path: socketPath,
});
var defaultSpan = 0;
var spans = [];
var statusCodesColors = ['#75D701', '#47b8e0', '#ffc952', '#E53A40'];

var defaultDataset = {
  label: '',
  data: [],
  lineTension: 0.2,
  pointRadius: 0,
};

var defaultOptions = {
  scales: {
    yAxes: [
      {
        ticks: {
          beginAtZero: true,
        },
      },
    ],
    xAxes: [
      {
        type: 'time',
        time: {
          unitStepSize: 30,
        },
        gridLines: {
          display: false,
        },
      },
    ],
  },
  tooltips: {
    enabled: false,
  },
  responsive: true,
  maintainAspectRatio: false,
  animation: false,
};

var createChart = function (ctx, dataset) {
  return new Chart(ctx, {
    type: 'line',
    data: {
      labels: [],
      datasets: dataset,
    },
    options: defaultOptions,
  });
};

var addTimestamp = function (point) {
  return point.timestamp;
};

var cpuDataset = [Object.create(defaultDataset)];
var memDataset = [Object.create(defaultDataset)];
var loadDataset = [Object.create(defaultDataset)];
var heapDataset = [Object.create(defaultDataset)];
var eventLoopDataset = [Object.create(defaultDataset)];
var responseTimeDataset = [Object.create(defaultDataset)];
var rpsDataset = [Object.create(defaultDataset)];

var cpuStat = document.getElementById('cpuStat');
var memStat = document.getElementById('memStat');
var loadStat = document.getElementById('loadStat');
var heapStat = document.getElementById('heapStat');
var eventLoopStat = document.getElementById('eventLoopStat');
var responseTimeStat = document.getElementById('responseTimeStat');
var rpsStat = document.getElementById('rpsStat');

var cpuChartCtx = document.getElementById('cpuChart');
var memChartCtx = document.getElementById('memChart');
var loadChartCtx = document.getElementById('loadChart');
var heapChartCtx = document.getElementById('heapChart');
var eventLoopChartCtx = document.getElementById('eventLoopChart');
var responseTimeChartCtx = document.getElementById('responseTimeChart');
var rpsChartCtx = document.getElementById('rpsChart');
var statusCodesChartCtx = document.getElementById('statusCodesChart');

var cpuChart = createChart(cpuChartCtx, cpuDataset);
var memChart = createChart(memChartCtx, memDataset);
var heapChart = createChart(heapChartCtx, heapDataset);
var eventLoopChart = createChart(eventLoopChartCtx, eventLoopDataset);
var loadChart = createChart(loadChartCtx, loadDataset);
var responseTimeChart = createChart(responseTimeChartCtx, responseTimeDataset);
var rpsChart = createChart(rpsChartCtx, rpsDataset);
var statusCodesChart = new Chart(statusCodesChartCtx, {
  type: 'line',
  data: {
    labels: [],
    datasets: [
      Object.create(defaultDataset),
      Object.create(defaultDataset),
      Object.create(defaultDataset),
      Object.create(defaultDataset),
    ],
  },
  options: defaultOptions,
});

statusCodesChart.data.datasets.forEach(function (dataset, index) {
  dataset.borderColor = statusCodesColors[index];
});

var charts = [
  cpuChart,
  memChart,
  loadChart,
  responseTimeChart,
  rpsChart,
  statusCodesChart,
  heapChart,
  eventLoopChart,
];

var onSpanChange = function (e) {
  e.target.classList.add('active');
  defaultSpan = parseInt(e.target.id, 10);

  var otherSpans = document.getElementsByTagName('span');

  for (var i = 0; i &lt; otherSpans.length; i++) {
    if (otherSpans[i] !== e.target) otherSpans[i].classList.remove('active');
  }

  socket.emit('esm_change');
};

socket.on('esm_start', function (data) {
  // Remove last element of Array because it contains malformed responses data.
  // To keep consistency we also remove os data.
  data[defaultSpan].responses.pop();
  da... (set the log level to DEBUG or TRACE to see the full content) 
 </msg>
<msg time="2025-09-11T18:36:30.439943" level="INFO">${resp} = &lt;Response [200]&gt;</msg>
<var>${resp}</var>
<arg>booker</arg>
<arg>${HEALTH_PATH}</arg>
<doc>Sends a GET request on a previously created HTTP Session.</doc>
<status status="PASS" start="2025-09-11T18:36:29.939000" elapsed="0.501005"/>
</kw>
<kw name="Should Be Equal As Integers" owner="BuiltIn">
<msg time="2025-09-11T18:36:30.441696" level="INFO">Argument types are:
&lt;class 'int'&gt;
&lt;class 'str'&gt;</msg>
<arg>${resp.status_code}</arg>
<arg>200</arg>
<doc>Fails if objects are unequal after converting them to integers.</doc>
<status status="PASS" start="2025-09-11T18:36:30.440747" elapsed="0.001070"/>
</kw>
<kw name="Run Keyword And Return Status" owner="BuiltIn">
<kw name="Dictionary Should Contain Key">
<msg time="2025-09-11T18:36:30.444316" level="FAIL">No keyword with name 'Dictionary Should Contain Key' found.</msg>
<arg>${resp.json()}</arg>
<arg>status</arg>
<status status="FAIL" start="2025-09-11T18:36:30.444230" elapsed="0.000175">No keyword with name 'Dictionary Should Contain Key' found.</status>
</kw>
<arg>Dictionary Should Contain Key</arg>
<arg>${resp.json()}</arg>
<arg>status</arg>
<doc>Runs the given keyword with given arguments and returns the status as a Boolean value.</doc>
<status status="PASS" start="2025-09-11T18:36:30.442444" elapsed="0.002103"/>
</kw>
<doc>Verifica se o endpoint de saúde retorna 200</doc>
<tag>health</tag>
<tag>smoke</tag>
<status status="PASS" start="2025-09-11T18:36:29.938336" elapsed="0.506809"/>
</test>
<kw name="Delete All Sessions" owner="RequestsLibrary" type="TEARDOWN">
<msg time="2025-09-11T18:36:30.447499" level="INFO">Deleting All Sessions</msg>
<doc>Removes all the session objects</doc>
<status status="PASS" start="2025-09-11T18:36:30.447276" elapsed="0.000383"/>
</kw>
<status status="PASS" start="2025-09-11T18:36:29.931300" elapsed="0.516443"/>
</suite>
<suite id="s1-s3" name="Login" source="C:\Users\ercli\IdeaProjects\COMPASS-UOL-PBAIJUN25\Documentos\Sprint 6\Semana 12\tests\suites\login.robot">
<kw name="Create Session" owner="RequestsLibrary" type="SETUP">
<msg time="2025-09-11T18:36:30.460679" level="INFO">Creating Session using : alias=booker, url=http://54.242.186.180:3000, headers={'Content-Type': 'application/json', 'Accept': 'application/json'},                     cookies={}, auth=None, timeout=None, proxies=None, verify=False,                     debug=0 </msg>
<arg>booker</arg>
<arg>${BASE_URL}</arg>
<arg>headers=${BASE_HEADERS}</arg>
<doc>Create Session: create a HTTP session to a server</doc>
<status status="PASS" start="2025-09-11T18:36:30.460178" elapsed="0.000699"/>
</kw>
<test id="s1-s3-t1" name="Setup Admin User" line="15">
<kw name="POST On Session" owner="RequestsLibrary">
<msg time="2025-09-11T18:36:30.768956" level="INFO">POST Request : url=http://54.242.186.180:3000/usuarios 
 path_url=/usuarios 
 headers={'User-Agent': 'python-requests/2.32.5', 'Accept-Encoding': 'gzip, deflate', 'Accept': 'application/json', 'Connection': 'keep-alive', 'Content-Type': 'application/json', 'Content-Length': '96'} 
 body=b'{"nome": "QA Test", "email": "qatest@qa.com.br", "password": "qateste", "administrador": "true"}' 
 </msg>
<msg time="2025-09-11T18:36:30.769162" level="INFO">POST Response : url=http://54.242.186.180:3000/usuarios 
 status=400, reason=Bad Request 
 headers={'Access-Control-Allow-Origin': '*', 'x-dns-prefetch-control': 'off', 'x-frame-options': 'SAMEORIGIN', 'strict-transport-security': 'max-age=15552000; includeSubDomains', 'x-download-options': 'noopen', 'x-content-type-options': 'nosniff', 'x-xss-protection': '1; mode=block', 'Content-Type': 'application/json; charset=utf-8', 'Content-Length': '53', 'Date': 'Thu, 11 Sep 2025 21:36:31 GMT', 'Connection': 'keep-alive', 'Keep-Alive': 'timeout=5'} 
 body={
    "message": "Este email já está sendo usado"
} 
 </msg>
<msg time="2025-09-11T18:36:30.769396" level="INFO">${resp} = &lt;Response [400]&gt;</msg>
<var>${resp}</var>
<arg>booker</arg>
<arg>/usuarios</arg>
<arg>json=${ADMIN_USER}</arg>
<arg>expected_status=any</arg>
<doc>Sends a POST request on a previously created HTTP Session.</doc>
<status status="PASS" start="2025-09-11T18:36:30.461673" elapsed="0.307776"/>
</kw>
<kw name="Should Be True" owner="BuiltIn">
<arg>${resp.status_code} in [201, 400]</arg>
<doc>Fails if the given condition is not true.</doc>
<status status="PASS" start="2025-09-11T18:36:30.770213" elapsed="0.001333"/>
</kw>
<kw name="Log" owner="BuiltIn">
<msg time="2025-09-11T18:36:30.773206" level="INFO">Admin user setup: 400</msg>
<arg>Admin user setup: ${resp.status_code}</arg>
<doc>Logs the given message with the given level.</doc>
<status status="PASS" start="2025-09-11T18:36:30.772245" elapsed="0.001068"/>
</kw>
<doc>Criar usuário admin para testes</doc>
<tag>setup</tag>
<status status="PASS" start="2025-09-11T18:36:30.460977" elapsed="0.313018"/>
</test>
<test id="s1-s3-t2" name="L001 - Autenticar com credenciais válidas" line="23">
<kw name="POST On Session" owner="RequestsLibrary">
<msg time="2025-09-11T18:36:30.937443" level="INFO">POST Request : url=http://54.242.186.180:3000/login 
 path_url=/login 
 headers={'User-Agent': 'python-requests/2.32.5', 'Accept-Encoding': 'gzip, deflate', 'Accept': 'application/json', 'Connection': 'keep-alive', 'Content-Type': 'application/json', 'Content-Length': '52'} 
 body=b'{"email": "qatest@qa.com.br", "password": "qateste"}' 
 </msg>
<msg time="2025-09-11T18:36:30.937615" level="INFO">POST Response : url=http://54.242.186.180:3000/login 
 status=200, reason=OK 
 headers={'Access-Control-Allow-Origin': '*', 'x-dns-prefetch-control': 'off', 'x-frame-options': 'SAMEORIGIN', 'strict-transport-security': 'max-age=15552000; includeSubDomains', 'x-download-options': 'noopen', 'x-content-type-options': 'nosniff', 'x-xss-protection': '1; mode=block', 'Content-Type': 'application/json; charset=utf-8', 'Content-Length': '272', 'Date': 'Thu, 11 Sep 2025 21:36:31 GMT', 'Connection': 'keep-alive', 'Keep-Alive': 'timeout=5'} 
 body={
    "message": "Login realizado com sucesso",
    "authorization": "Bearer eyJhbGciOiJIUzI1NiIsInR5cCI6IkpXVCJ9.eyJlbWFpbCI6InFhdGVzdEBxYS5jb20uYnIiLCJwYXNzd29yZCI6InFhdGVzdGUiLCJpYXQiOjE3NTc2MjY1OTEsImV4cCI6MTc1NzYyNzE5MX0.zeo6AwUNvCqiXnAbJRvuoLWHl0QZyYWn8nb4WGddQJI"
} 
 </msg>
<msg time="2025-09-11T18:36:30.937860" level="INFO">${resp} = &lt;Response [200]&gt;</msg>
<var>${resp}</var>
<arg>booker</arg>
<arg>/login</arg>
<arg>json=${LOGIN_VAL}</arg>
<doc>Sends a POST request on a previously created HTTP Session.</doc>
<status status="PASS" start="2025-09-11T18:36:30.777218" elapsed="0.160701"/>
</kw>
<kw name="Should Be Equal As Integers" owner="BuiltIn">
<msg time="2025-09-11T18:36:30.939696" level="INFO">Argument types are:
&lt;class 'int'&gt;
&lt;class 'str'&gt;</msg>
<arg>${resp.status_code}</arg>
<arg>200</arg>
<doc>Fails if objects are unequal after converting them to integers.</doc>
<status status="PASS" start="2025-09-11T18:36:30.938709" elapsed="0.001110"/>
</kw>
<kw name="Set Variable" owner="BuiltIn">
<msg time="2025-09-11T18:36:30.941659" level="INFO">${body} = {'message': 'Login realizado com sucesso', 'authorization': 'Bearer eyJhbGciOiJIUzI1NiIsInR5cCI6IkpXVCJ9.eyJlbWFpbCI6InFhdGVzdEBxYS5jb20uYnIiLCJwYXNzd29yZCI6InFhdGVzdGUiLCJpYXQiOjE3NTc2MjY1OTEsImV4cCI...</msg>
<var>${body}</var>
<arg>${resp.json()}</arg>
<doc>Returns the given values which can then be assigned to a variables.</doc>
<status status="PASS" start="2025-09-11T18:36:30.940533" elapsed="0.001190"/>
</kw>
<kw name="Dictionary Should Contain Key" owner="Collections">
<arg>${body}</arg>
<arg>authorization</arg>
<doc>Fails if ``key`` is not found from ``dictionary``.</doc>
<status status="PASS" start="2025-09-11T18:36:30.942385" elapsed="0.000363"/>
</kw>
<kw name="Dictionary Should Contain Key" owner="Collections">
<arg>${body}</arg>
<arg>message</arg>
<doc>Fails if ``key`` is not found from ``dictionary``.</doc>
<status status="PASS" start="2025-09-11T18:36:30.943301" elapsed="0.000457"/>
</kw>
<kw name="Should Contain" owner="BuiltIn">
<arg>${body['message']}</arg>
<arg>Login realizado com sucesso</arg>
<doc>Fails if ``container`` does not contain ``item`` one or more times.</doc>
<status status="PASS" start="2025-09-11T18:36:30.944609" elapsed="0.001074"/>
</kw>
<kw name="Should Start With" owner="BuiltIn">
<arg>${body['authorization']}</arg>
<arg>Bearer</arg>
<doc>Fails if the string ``str1`` does not start with the string ``str2``.</doc>
<status status="PASS" start="2025-09-11T18:36:30.946349" elapsed="0.000974"/>
</kw>
<kw name="Set Suite Variable" owner="BuiltIn">
<msg time="2025-09-11T18:36:30.949057" level="INFO">${AUTH_TOKEN} = Bearer eyJhbGciOiJIUzI1NiIsInR5cCI6IkpXVCJ9.eyJlbWFpbCI6InFhdGVzdEBxYS5jb20uYnIiLCJwYXNzd29yZCI6InFhdGVzdGUiLCJpYXQiOjE3NTc2MjY1OTEsImV4cCI6MTc1NzYyNzE5MX0.zeo6AwUNvCqiXnAbJRvuoLWHl0QZyYWn8nb4WGddQJI</msg>
<arg>${AUTH_TOKEN}</arg>
<arg>${body['authorization']}</arg>
<doc>Makes a variable available everywhere within the scope of the current suite.</doc>
<status status="PASS" start="2025-09-11T18:36:30.948041" elapsed="0.001119"/>
</kw>
<doc>Login válido deve retornar token Bearer com validade 10 min</doc>
<tag>L001</tag>
<tag>login</tag>
<tag>smoke</tag>
<status status="PASS" start="2025-09-11T18:36:30.775808" elapsed="0.174012"/>
</test>
<test id="s1-s3-t3" name="L002 - Recusar usuário não cadastrado" line="36">
<kw name="Create Dictionary" owner="BuiltIn">
<msg time="2025-09-11T18:36:30.953277" level="INFO">&amp;{login_inexistente} = { email=inexistente@qa.com | password=qualquersenha }</msg>
<var>&amp;{login_inexistente}</var>
<arg>email=inexistente@qa.com</arg>
<arg>password=qualquersenha</arg>
<doc>Creates and returns a dictionary based on the given ``items``.</doc>
<status status="PASS" start="2025-09-11T18:36:30.952730" elapsed="0.000641"/>
</kw>
<kw name="POST On Session" owner="RequestsLibrary">
<msg time="2025-09-11T18:36:31.108622" level="INFO">POST Request : url=http://54.242.186.180:3000/login 
 path_url=/login 
 headers={'User-Agent': 'python-requests/2.32.5', 'Accept-Encoding': 'gzip, deflate', 'Accept': 'application/json', 'Connection': 'keep-alive', 'Content-Type': 'application/json', 'Content-Length': '60'} 
 body=b'{"email": "inexistente@qa.com", "password": "qualquersenha"}' 
 </msg>
<msg time="2025-09-11T18:36:31.108692" level="INFO">POST Response : url=http://54.242.186.180:3000/login 
 status=401, reason=Unauthorized 
 headers={'Access-Control-Allow-Origin': '*', 'x-dns-prefetch-control': 'off', 'x-frame-options': 'SAMEORIGIN', 'strict-transport-security': 'max-age=15552000; includeSubDomains', 'x-download-options': 'noopen', 'x-content-type-options': 'nosniff', 'x-xss-protection': '1; mode=block', 'Content-Type': 'application/json; charset=utf-8', 'Content-Length': '48', 'Date': 'Thu, 11 Sep 2025 21:36:31 GMT', 'Connection': 'keep-alive', 'Keep-Alive': 'timeout=5'} 
 body={
    "message": "Email e/ou senha inválidos"
} 
 </msg>
<msg time="2025-09-11T18:36:31.108785" level="INFO">${resp} = &lt;Response [401]&gt;</msg>
<var>${resp}</var>
<arg>booker</arg>
<arg>/login</arg>
<arg>json=${login_inexistente}</arg>
<arg>expected_status=any</arg>
<doc>Sends a POST request on a previously created HTTP Session.</doc>
<status status="PASS" start="2025-09-11T18:36:30.954126" elapsed="0.154678"/>
</kw>
<kw name="Should Be Equal As Integers" owner="BuiltIn">
<msg time="2025-09-11T18:36:31.109508" level="INFO">Argument types are:
&lt;class 'int'&gt;
&lt;class 'str'&gt;</msg>
<arg>${resp.status_code}</arg>
<arg>401</arg>
<doc>Fails if objects are unequal after converting them to integers.</doc>
<status status="PASS" start="2025-09-11T18:36:31.109135" elapsed="0.000417"/>
</kw>
<kw name="Set Variable" owner="BuiltIn">
<msg time="2025-09-11T18:36:31.110238" level="INFO">${body} = {'message': 'Email e/ou senha inválidos'}</msg>
<var>${body}</var>
<arg>${resp.json()}</arg>
<doc>Returns the given values which can then be assigned to a variables.</doc>
<status status="PASS" start="2025-09-11T18:36:31.109829" elapsed="0.000431"/>
</kw>
<kw name="Dictionary Should Contain Key" owner="Collections">
<arg>${body}</arg>
<arg>message</arg>
<doc>Fails if ``key`` is not found from ``dictionary``.</doc>
<status status="PASS" start="2025-09-11T18:36:31.110505" elapsed="0.000134"/>
</kw>
<kw name="Should Contain" owner="BuiltIn">
<arg>${body['message']}</arg>
<arg>Email e/ou senha inválidos</arg>
<doc>Fails if ``container`` does not contain ``item`` one or more times.</doc>
<status status="PASS" start="2025-09-11T18:36:31.110867" elapsed="0.000360"/>
</kw>
<doc>Login com email inexistente deve retornar 401</doc>
<tag>L002</tag>
<tag>login</tag>
<tag>negativo</tag>
<status status="PASS" start="2025-09-11T18:36:30.951615" elapsed="0.159769"/>
</test>
<test id="s1-s3-t4" name="L003 - Recusar senha inválida" line="49">
<kw name="POST On Session" owner="RequestsLibrary">
<msg time="2025-09-11T18:36:31.268139" level="INFO">POST Request : url=http://54.242.186.180:3000/login 
 path_url=/login 
 headers={'User-Agent': 'python-requests/2.32.5', 'Accept-Encoding': 'gzip, deflate', 'Accept': 'application/json', 'Connection': 'keep-alive', 'Content-Type': 'application/json', 'Content-Length': '56'} 
 body=b'{"email": "qatest@qa.com.br", "password": "senhaerrada"}' 
 </msg>
<msg time="2025-09-11T18:36:31.268318" level="INFO">POST Response : url=http://54.242.186.180:3000/login 
 status=401, reason=Unauthorized 
 headers={'Access-Control-Allow-Origin': '*', 'x-dns-prefetch-control': 'off', 'x-frame-options': 'SAMEORIGIN', 'strict-transport-security': 'max-age=15552000; includeSubDomains', 'x-download-options': 'noopen', 'x-content-type-options': 'nosniff', 'x-xss-protection': '1; mode=block', 'Content-Type': 'application/json; charset=utf-8', 'Content-Length': '48', 'Date': 'Thu, 11 Sep 2025 21:36:31 GMT', 'Connection': 'keep-alive', 'Keep-Alive': 'timeout=5'} 
 body={
    "message": "Email e/ou senha inválidos"
} 
 </msg>
<msg time="2025-09-11T18:36:31.268566" level="INFO">${resp} = &lt;Response [401]&gt;</msg>
<var>${resp}</var>
<arg>booker</arg>
<arg>/login</arg>
<arg>json=${LOGIN_INV}</arg>
<arg>expected_status=any</arg>
<doc>Sends a POST request on a previously created HTTP Session.</doc>
<status status="PASS" start="2025-09-11T18:36:31.112545" elapsed="0.156080"/>
</kw>
<kw name="Should Be Equal As Integers" owner="BuiltIn">
<msg time="2025-09-11T18:36:31.270553" level="INFO">Argument types are:
&lt;class 'int'&gt;
&lt;class 'str'&gt;</msg>
<arg>${resp.status_code}</arg>
<arg>401</arg>
<doc>Fails if objects are unequal after converting them to integers.</doc>
<status status="PASS" start="2025-09-11T18:36:31.269451" elapsed="0.001236"/>
</kw>
<kw name="Set Variable" owner="BuiltIn">
<msg time="2025-09-11T18:36:31.272528" level="INFO">${body} = {'message': 'Email e/ou senha inválidos'}</msg>
<var>${body}</var>
<arg>${resp.json()}</arg>
<doc>Returns the given values which can then be assigned to a variables.</doc>
<status status="PASS" start="2025-09-11T18:36:31.271380" elapsed="0.001217"/>
</kw>
<kw name="Dictionary Should Contain Key" owner="Collections">
<arg>${body}</arg>
<arg>message</arg>
<doc>Fails if ``key`` is not found from ``dictionary``.</doc>
<status status="PASS" start="2025-09-11T18:36:31.273296" elapsed="0.000380"/>
</kw>
<kw name="Should Contain" owner="BuiltIn">
<arg>${body['message']}</arg>
<arg>Email e/ou senha inválidos</arg>
<doc>Fails if ``container`` does not contain ``item`` one or more times.</doc>
<status status="PASS" start="2025-09-11T18:36:31.274403" elapsed="0.001100"/>
</kw>
<doc>Login com senha errada deve retornar 401</doc>
<tag>L003</tag>
<tag>login</tag>
<tag>negativo</tag>
<status status="PASS" start="2025-09-11T18:36:31.112163" elapsed="0.164025"/>
</test>
<test id="s1-s3-t5" name="L004 - Usar token em rota protegida" line="58">
<kw name="Skip If" owner="BuiltIn">
<arg>'${AUTH_TOKEN}' == '${EMPTY}'</arg>
<arg>Token não foi gerado</arg>
<doc>Skips the rest of the current test if the ``condition`` is True.</doc>
<status status="PASS" start="2025-09-11T18:36:31.279320" elapsed="0.001391"/>
</kw>
<kw name="Generate Unique Name" owner="keywords">
<kw name="Generate Random String" owner="String">
<msg time="2025-09-11T18:36:31.282693" level="INFO">${uuid} = 8j1JDfrg</msg>
<var>${uuid}</var>
<arg>8</arg>
<arg>[LETTERS][NUMBERS]</arg>
<doc>Generates a string with a desired ``length`` from the given ``chars``.</doc>
<status status="PASS" start="2025-09-11T18:36:31.282284" elapsed="0.000470"/>
</kw>
<kw name="Set Variable" owner="BuiltIn">
<msg time="2025-09-11T18:36:31.283279" level="INFO">${name} = Produto Auth Test 8j1JDfrg</msg>
<var>${name}</var>
<arg>${prefix} ${uuid}</arg>
<doc>Returns the given values which can then be assigned to a variables.</doc>
<status status="PASS" start="2025-09-11T18:36:31.283003" elapsed="0.000315"/>
</kw>
<return>
<value>${name}</value>
<status status="PASS" start="2025-09-11T18:36:31.283395" elapsed="0.000054"/>
</return>
<msg time="2025-09-11T18:36:31.283626" level="INFO">${nome} = Produto Auth Test 8j1JDfrg</msg>
<var>${nome}</var>
<arg>Produto Auth Test</arg>
<doc>Gera nome único usando UUID</doc>
<status status="PASS" start="2025-09-11T18:36:31.281728" elapsed="0.001935"/>
</kw>
<kw name="Create Dictionary" owner="BuiltIn">
<msg time="2025-09-11T18:36:31.284690" level="INFO">&amp;{produto_data} = { nome=Produto Auth Test 8j1JDfrg | preco=100 | descricao=Teste de autenticação | quantidade=10 }</msg>
<var>&amp;{produto_data}</var>
<arg>nome=${nome}</arg>
<arg>preco=100</arg>
<arg>descricao=Teste de autenticação</arg>
<arg>quantidade=10</arg>
<doc>Creates and returns a dictionary based on the given ``items``.</doc>
<status status="PASS" start="2025-09-11T18:36:31.284223" elapsed="0.000516"/>
</kw>
<kw name="Create Auth Headers" owner="keywords">
<kw name="Create Dictionary" owner="BuiltIn">
<msg time="2025-09-11T18:36:31.286143" level="INFO">&amp;{headers} = { Content-Type=application/json | Accept=application/json | Authorization=Bearer eyJhbGciOiJIUzI1NiIsInR5cCI6IkpXVCJ9.eyJlbWFpbCI6InFhdGVzdEBxYS5jb20uYnIiLCJwYXNzd29yZCI6InFhdGVzdGUiLCJpYXQiOjE3NTc2Mj...</msg>
<var>&amp;{headers}</var>
<arg>Content-Type=application/json</arg>
<arg>Accept=application/json</arg>
<arg>Authorization=${token}</arg>
<doc>Creates and returns a dictionary based on the given ``items``.</doc>
<status status="PASS" start="2025-09-11T18:36:31.285761" elapsed="0.000430"/>
</kw>
<return>
<value>${headers}</value>
<status status="PASS" start="2025-09-11T18:36:31.286286" elapsed="0.000060"/>
</return>
<msg time="2025-09-11T18:36:31.286554" level="INFO">${headers} = {'Content-Type': 'application/json', 'Accept': 'application/json', 'Authorization': 'Bearer eyJhbGciOiJIUzI1NiIsInR5cCI6IkpXVCJ9.eyJlbWFpbCI6InFhdGVzdEBxYS5jb20uYnIiLCJwYXNzd29yZCI6InFhdGVzdGUiLCJpYXQ...</msg>
<var>${headers}</var>
[...]
<var>&amp;{usuario_senha_curta}</var>
<arg>nome=Usuario Senha Curta</arg>
<arg>email=${email}</arg>
<arg>password=abcd</arg>
<arg>administrador=false</arg>
<doc>Creates and returns a dictionary based on the given ``items``.</doc>
<status status="PASS" start="2025-09-11T18:36:35.894390" elapsed="0.000653"/>
</kw>
<kw name="POST On Session" owner="RequestsLibrary">
<msg time="2025-09-11T18:36:36.045144" level="INFO">POST Request : url=http://54.242.186.180:3000/usuarios 
 path_url=/usuarios 
 headers={'User-Agent': 'python-requests/2.32.5', 'Accept-Encoding': 'gzip, deflate', 'Accept': 'application/json', 'Connection': 'keep-alive', 'Content-Type': 'application/json', 'Content-Length': '110'} 
 body=b'{"nome": "Usuario Senha Curta", "email": "testeOoT84KAA@qa.com", "password": "abcd", "administrador": "false"}' 
 </msg>
<msg time="2025-09-11T18:36:36.045322" level="INFO">POST Response : url=http://54.242.186.180:3000/usuarios 
 status=201, reason=Created 
 headers={'Access-Control-Allow-Origin': '*', 'x-dns-prefetch-control': 'off', 'x-frame-options': 'SAMEORIGIN', 'strict-transport-security': 'max-age=15552000; includeSubDomains', 'x-download-options': 'noopen', 'x-content-type-options': 'nosniff', 'x-xss-protection': '1; mode=block', 'Content-Type': 'application/json; charset=utf-8', 'Content-Length': '82', 'Date': 'Thu, 11 Sep 2025 21:36:36 GMT', 'Connection': 'keep-alive', 'Keep-Alive': 'timeout=5'} 
 body={
    "message": "Cadastro realizado com sucesso",
    "_id": "LXrxOGPQ7tIS4QOM"
} 
 </msg>
<msg time="2025-09-11T18:36:36.045571" level="INFO">${resp_curta} = &lt;Response [201]&gt;</msg>
<var>${resp_curta}</var>
<arg>booker</arg>
<arg>/usuarios</arg>
<arg>json=${usuario_senha_curta}</arg>
<arg>expected_status=any</arg>
<doc>Sends a POST request on a previously created HTTP Session.</doc>
<status status="PASS" start="2025-09-11T18:36:35.895769" elapsed="0.149860"/>
</kw>
<kw name="Should Be Equal As Integers" owner="BuiltIn">
<msg time="2025-09-11T18:36:36.047559" level="INFO">Argument types are:
&lt;class 'int'&gt;
&lt;class 'str'&gt;</msg>
<msg time="2025-09-11T18:36:36.047791" level="FAIL">201 != 400</msg>
<arg>${resp_curta.status_code}</arg>
<arg>400</arg>
<doc>Fails if objects are unequal after converting them to integers.</doc>
<status status="FAIL" start="2025-09-11T18:36:36.046429" elapsed="0.001544">201 != 400</status>
</kw>
<kw name="Set Variable" owner="BuiltIn">
<var>${body_curta}</var>
<arg>${resp_curta.json()}</arg>
<doc>Returns the given values which can then be assigned to a variables.</doc>
<status status="NOT RUN" start="2025-09-11T18:36:36.048689" elapsed="0.000060"/>
</kw>
<kw name="Dictionary Should Contain Key" owner="Collections">
<arg>${body_curta}</arg>
<arg>password</arg>
<doc>Fails if ``key`` is not found from ``dictionary``.</doc>
<status status="NOT RUN" start="2025-09-11T18:36:36.049350" elapsed="0.000059"/>
</kw>
<kw name="Generate Unique Email" owner="keywords">
<var>${email2}</var>
<doc>Gera email único usando UUID</doc>
<status status="NOT RUN" start="2025-09-11T18:36:36.050195" elapsed="0.000067"/>
</kw>
<kw name="Create Dictionary" owner="BuiltIn">
<var>&amp;{usuario_senha_longa}</var>
<arg>nome=Usuario Senha Longa</arg>
<arg>email=${email2}</arg>
<arg>password=abcdefghijk</arg>
<arg>administrador=false</arg>
<doc>Creates and returns a dictionary based on the given ``items``.</doc>
<status status="NOT RUN" start="2025-09-11T18:36:36.050962" elapsed="0.000061"/>
</kw>
<kw name="POST On Session" owner="RequestsLibrary">
<var>${resp_longa}</var>
<arg>booker</arg>
<arg>/usuarios</arg>
<arg>json=${usuario_senha_longa}</arg>
<arg>expected_status=any</arg>
<doc>Sends a POST request on a previously created HTTP Session.</doc>
<status status="NOT RUN" start="2025-09-11T18:36:36.051687" elapsed="0.000055"/>
</kw>
<kw name="Should Be Equal As Integers" owner="BuiltIn">
<arg>${resp_longa.status_code}</arg>
<arg>400</arg>
<doc>Fails if objects are unequal after converting them to integers.</doc>
<status status="NOT RUN" start="2025-09-11T18:36:36.053011" elapsed="0.000061"/>
</kw>
<kw name="Set Variable" owner="BuiltIn">
<var>${body_longa}</var>
<arg>${resp_longa.json()}</arg>
<doc>Returns the given values which can then be assigned to a variables.</doc>
<status status="NOT RUN" start="2025-09-11T18:36:36.053766" elapsed="0.000063"/>
</kw>
<kw name="Dictionary Should Contain Key" owner="Collections">
<arg>${body_longa}</arg>
<arg>password</arg>
<doc>Fails if ``key`` is not found from ``dictionary``.</doc>
<status status="NOT RUN" start="2025-09-11T18:36:36.054450" elapsed="0.000063"/>
</kw>
<doc>Validar senha com menos de 5 e mais de 10 caracteres</doc>
<tag>negativo</tag>
<tag>U004</tag>
<tag>usuarios</tag>
<status status="FAIL" start="2025-09-11T18:36:35.889821" elapsed="0.165441">201 != 400</status>
</test>
<test id="s1-s5-t8" name="U005 - PUT cria quando ID não existe" line="154">
<kw name="Set Variable" owner="BuiltIn">
<msg time="2025-09-11T18:36:36.058722" level="INFO">${id_inexistente} = 507f1f77bcf86cd799439011</msg>
<var>${id_inexistente}</var>
<arg>507f1f77bcf86cd799439011</arg>
<doc>Returns the given values which can then be assigned to a variables.</doc>
<status status="PASS" start="2025-09-11T18:36:36.058400" elapsed="0.000385"/>
</kw>
<kw name="Generate Unique Email" owner="keywords">
<kw name="Generate Random String" owner="String">
<msg time="2025-09-11T18:36:36.060690" level="INFO">${uuid} = WLhXyuv4</msg>
<var>${uuid}</var>
<arg>8</arg>
<arg>[LETTERS][NUMBERS]</arg>
<doc>Generates a string with a desired ``length`` from the given ``chars``.</doc>
<status status="PASS" start="2025-09-11T18:36:36.060224" elapsed="0.000525"/>
</kw>
<kw name="Set Variable" owner="BuiltIn">
<msg time="2025-09-11T18:36:36.061396" level="INFO">${email} = testeWLhXyuv4@qa.com</msg>
<var>${email}</var>
<arg>teste${uuid}@qa.com</arg>
<doc>Returns the given values which can then be assigned to a variables.</doc>
<status status="PASS" start="2025-09-11T18:36:36.060996" elapsed="0.000509"/>
</kw>
<return>
<value>${email}</value>
<status status="PASS" start="2025-09-11T18:36:36.061662" elapsed="0.000103"/>
</return>
<msg time="2025-09-11T18:36:36.062194" level="INFO">${email} = testeWLhXyuv4@qa.com</msg>
<var>${email}</var>
<doc>Gera email único usando UUID</doc>
<status status="PASS" start="2025-09-11T18:36:36.059686" elapsed="0.002585"/>
</kw>
<kw name="Generate Unique Name" owner="keywords">
<kw name="Generate Random String" owner="String">
<msg time="2025-09-11T18:36:36.063865" level="INFO">${uuid} = FJvpg9vt</msg>
<var>${uuid}</var>
<arg>8</arg>
<arg>[LETTERS][NUMBERS]</arg>
<doc>Generates a string with a desired ``length`` from the given ``chars``.</doc>
<status status="PASS" start="2025-09-11T18:36:36.063542" elapsed="0.000366"/>
</kw>
<kw name="Set Variable" owner="BuiltIn">
<msg time="2025-09-11T18:36:36.064506" level="INFO">${name} = Usuario PUT FJvpg9vt</msg>
<var>${name}</var>
<arg>${prefix} ${uuid}</arg>
<doc>Returns the given values which can then be assigned to a variables.</doc>
<status status="PASS" start="2025-09-11T18:36:36.064203" elapsed="0.000344"/>
</kw>
<return>
<value>${name}</value>
<status status="PASS" start="2025-09-11T18:36:36.064625" elapsed="0.000052"/>
</return>
<msg time="2025-09-11T18:36:36.064850" level="INFO">${nome} = Usuario PUT FJvpg9vt</msg>
<var>${nome}</var>
<arg>Usuario PUT</arg>
<doc>Gera nome único usando UUID</doc>
<status status="PASS" start="2025-09-11T18:36:36.062976" elapsed="0.001910"/>
</kw>
<kw name="Create Dictionary" owner="BuiltIn">
<msg time="2025-09-11T18:36:36.065875" level="INFO">&amp;{usuario_put} = { nome=Usuario PUT FJvpg9vt | email=testeWLhXyuv4@qa.com | password=teste123 | administrador=false }</msg>
<var>&amp;{usuario_put}</var>
<arg>nome=${nome}</arg>
<arg>email=${email}</arg>
<arg>password=teste123</arg>
<arg>administrador=false</arg>
<doc>Creates and returns a dictionary based on the given ``items``.</doc>
<status status="PASS" start="2025-09-11T18:36:36.065388" elapsed="0.000533"/>
</kw>
<kw name="PUT On Session" owner="RequestsLibrary">
<msg time="2025-09-11T18:36:36.220855" level="INFO">PUT Request : url=http://54.242.186.180:3000/usuarios/507f1f77bcf86cd799439011 
 path_url=/usuarios/507f1f77bcf86cd799439011 
 headers={'User-Agent': 'python-requests/2.32.5', 'Accept-Encoding': 'gzip, deflate', 'Accept': 'application/json', 'Connection': 'keep-alive', 'Content-Type': 'application/json', 'Content-Length': '115'} 
 body=b'{"nome": "Usuario PUT FJvpg9vt", "email": "testeWLhXyuv4@qa.com", "password": "teste123", "administrador": "false"}' 
 </msg>
<msg time="2025-09-11T18:36:36.221040" level="INFO">PUT Response : url=http://54.242.186.180:3000/usuarios/507f1f77bcf86cd799439011 
 status=201, reason=Created 
 headers={'Access-Control-Allow-Origin': '*', 'x-dns-prefetch-control': 'off', 'x-frame-options': 'SAMEORIGIN', 'strict-transport-security': 'max-age=15552000; includeSubDomains', 'x-download-options': 'noopen', 'x-content-type-options': 'nosniff', 'x-xss-protection': '1; mode=block', 'Content-Type': 'application/json; charset=utf-8', 'Content-Length': '82', 'Date': 'Thu, 11 Sep 2025 21:36:36 GMT', 'Connection': 'keep-alive', 'Keep-Alive': 'timeout=5'} 
 body={
    "message": "Cadastro realizado com sucesso",
    "_id": "GdPdF5yoO4owYVjF"
} 
 </msg>
<msg time="2025-09-11T18:36:36.221268" level="INFO">${resp} = &lt;Response [201]&gt;</msg>
<var>${resp}</var>
<arg>booker</arg>
<arg>/usuarios/${id_inexistente}</arg>
<arg>json=${usuario_put}</arg>
<doc>Sends a PUT request on a previously created HTTP Session.</doc>
<status status="PASS" start="2025-09-11T18:36:36.066334" elapsed="0.155051"/>
</kw>
<kw name="Should Be True" owner="BuiltIn">
<arg>${resp.status_code} in [200, 201]</arg>
<doc>Fails if the given condition is not true.</doc>
<status status="PASS" start="2025-09-11T18:36:36.222149" elapsed="0.001179"/>
</kw>
<kw name="Set Variable" owner="BuiltIn">
<msg time="2025-09-11T18:36:36.225226" level="INFO">${body} = {'message': 'Cadastro realizado com sucesso', '_id': 'GdPdF5yoO4owYVjF'}</msg>
<var>${body}</var>
<arg>${resp.json()}</arg>
<doc>Returns the given values which can then be assigned to a variables.</doc>
<status status="PASS" start="2025-09-11T18:36:36.224068" elapsed="0.001226"/>
</kw>
<kw name="Dictionary Should Contain Key" owner="Collections">
<arg>${body}</arg>
<arg>message</arg>
<doc>Fails if ``key`` is not found from ``dictionary``.</doc>
<status status="PASS" start="2025-09-11T18:36:36.225983" elapsed="0.000352"/>
</kw>
<kw name="DELETE On Session" owner="RequestsLibrary">
<msg time="2025-09-11T18:36:36.379108" level="INFO">DELETE Request : url=http://54.242.186.180:3000/usuarios/507f1f77bcf86cd799439011 
 path_url=/usuarios/507f1f77bcf86cd799439011 
 headers={'User-Agent': 'python-requests/2.32.5', 'Accept-Encoding': 'gzip, deflate', 'Accept': 'application/json', 'Connection': 'keep-alive', 'Content-Type': 'application/json', 'Content-Length': '0'} 
 body=None 
 </msg>
<msg time="2025-09-11T18:36:36.379280" level="INFO">DELETE Response : url=http://54.242.186.180:3000/usuarios/507f1f77bcf86cd799439011 
 status=200, reason=OK 
 headers={'Access-Control-Allow-Origin': '*', 'x-dns-prefetch-control': 'off', 'x-frame-options': 'SAMEORIGIN', 'strict-transport-security': 'max-age=15552000; includeSubDomains', 'x-download-options': 'noopen', 'x-content-type-options': 'nosniff', 'x-xss-protection': '1; mode=block', 'Content-Type': 'application/json; charset=utf-8', 'Content-Length': '46', 'Date': 'Thu, 11 Sep 2025 21:36:37 GMT', 'Connection': 'keep-alive', 'Keep-Alive': 'timeout=5'} 
 body={
    "message": "Nenhum registro excluído"
} 
 </msg>
<arg>booker</arg>
<arg>/usuarios/${id_inexistente}</arg>
<arg>expected_status=any</arg>
<doc>Sends a DELETE request on a previously created HTTP Session.</doc>
<status status="PASS" start="2025-09-11T18:36:36.227007" elapsed="0.152411"/>
</kw>
<doc>PUT em ID inexistente deve criar novo usuário</doc>
<tag>smoke</tag>
<tag>U005</tag>
<tag>usuarios</tag>
<status status="PASS" start="2025-09-11T18:36:36.057288" elapsed="0.323278"/>
</test>
<test id="s1-s5-t9" name="U007 - Impedir operações com usuário inexistente" line="175">
<kw name="Set Variable" owner="BuiltIn">
<msg time="2025-09-11T18:36:36.383868" level="INFO">${id_inexistente} = 507f1f77bcf86cd799439012</msg>
<var>${id_inexistente}</var>
<arg>507f1f77bcf86cd799439012</arg>
<doc>Returns the given values which can then be assigned to a variables.</doc>
<status status="PASS" start="2025-09-11T18:36:36.383479" elapsed="0.000454"/>
</kw>
<kw name="GET On Session" owner="RequestsLibrary">
<msg time="2025-09-11T18:36:36.538833" level="INFO">GET Request : url=http://54.242.186.180:3000/usuarios/507f1f77bcf86cd799439012 
 path_url=/usuarios/507f1f77bcf86cd799439012 
 headers={'User-Agent': 'python-requests/2.32.5', 'Accept-Encoding': 'gzip, deflate', 'Accept': 'application/json', 'Connection': 'keep-alive', 'Content-Type': 'application/json'} 
 body=None 
 </msg>
<msg time="2025-09-11T18:36:36.539013" level="INFO">GET Response : url=http://54.242.186.180:3000/usuarios/507f1f77bcf86cd799439012 
 status=400, reason=Bad Request 
 headers={'Access-Control-Allow-Origin': '*', 'x-dns-prefetch-control': 'off', 'x-frame-options': 'SAMEORIGIN', 'strict-transport-security': 'max-age=15552000; includeSubDomains', 'x-download-options': 'noopen', 'x-content-type-options': 'nosniff', 'x-xss-protection': '1; mode=block', 'Content-Type': 'application/json; charset=utf-8', 'Content-Length': '67', 'Date': 'Thu, 11 Sep 2025 21:36:37 GMT', 'Connection': 'keep-alive', 'Keep-Alive': 'timeout=5'} 
 body={
    "id": "id deve ter exatamente 16 caracteres alfanuméricos"
} 
 </msg>
<msg time="2025-09-11T18:36:36.539303" level="INFO">${resp_get} = &lt;Response [400]&gt;</msg>
<var>${resp_get}</var>
<arg>booker</arg>
<arg>/usuarios/${id_inexistente}</arg>
<arg>expected_status=any</arg>
<doc>Sends a GET request on a previously created HTTP Session.</doc>
<status status="PASS" start="2025-09-11T18:36:36.384590" elapsed="0.154776"/>
</kw>
<kw name="Should Be Equal As Integers" owner="BuiltIn">
<msg time="2025-09-11T18:36:36.541145" level="INFO">Argument types are:
&lt;class 'int'&gt;
&lt;class 'str'&gt;</msg>
<arg>${resp_get.status_code}</arg>
<arg>400</arg>
<doc>Fails if objects are unequal after converting them to integers.</doc>
<status status="PASS" start="2025-09-11T18:36:36.540133" elapsed="0.001142"/>
</kw>
<kw name="Set Variable" owner="BuiltIn">
<msg time="2025-09-11T18:36:36.543107" level="INFO">${body_get} = {'id': 'id deve ter exatamente 16 caracteres alfanuméricos'}</msg>
<var>${body_get}</var>
<arg>${resp_get.json()}</arg>
<doc>Returns the given values which can then be assigned to a variables.</doc>
<status status="PASS" start="2025-09-11T18:36:36.541942" elapsed="0.001232"/>
</kw>
<kw name="Dictionary Should Contain Key" owner="Collections">
<msg time="2025-09-11T18:36:36.544261" level="FAIL">Dictionary does not contain key 'message'.</msg>
<arg>${body_get}</arg>
<arg>message</arg>
<doc>Fails if ``key`` is not found from ``dictionary``.</doc>
<status status="FAIL" start="2025-09-11T18:36:36.543843" elapsed="0.000563">Dictionary does not contain key 'message'.</status>
</kw>
<kw name="Should Contain" owner="BuiltIn">
<arg>${body_get['message']}</arg>
<arg>não encontrado</arg>
<doc>Fails if ``container`` does not contain ``item`` one or more times.</doc>
<status status="NOT RUN" start="2025-09-11T18:36:36.545138" elapsed="0.000059"/>
</kw>
<kw name="DELETE On Session" owner="RequestsLibrary">
<var>${resp_del}</var>
<arg>booker</arg>
<arg>/usuarios/${id_inexistente}</arg>
<arg>expected_status=any</arg>
<doc>Sends a DELETE request on a previously created HTTP Session.</doc>
<status status="NOT RUN" start="2025-09-11T18:36:36.545847" elapsed="0.000061"/>
</kw>
<kw name="Should Be Equal As Integers" owner="BuiltIn">
<arg>${resp_del.status_code}</arg>
<arg>200</arg>
<doc>Fails if objects are unequal after converting them to integers.</doc>
<status status="NOT RUN" start="2025-09-11T18:36:36.546535" elapsed="0.000058"/>
</kw>
<kw name="Set Variable" owner="BuiltIn">
<var>${body_del}</var>
<arg>${resp_del.json()}</arg>
<doc>Returns the given values which can then be assigned to a variables.</doc>
<status status="NOT RUN" start="2025-09-11T18:36:36.547112" elapsed="0.000049"/>
</kw>
<kw name="Dictionary Should Contain Key" owner="Collections">
<arg>${body_del}</arg>
<arg>message</arg>
<doc>Fails if ``key`` is not found from ``dictionary``.</doc>
<status status="NOT RUN" start="2025-09-11T18:36:36.548327" elapsed="0.001210"/>
</kw>
<kw name="Should Contain" owner="BuiltIn">
<arg>${body_del['message']}</arg>
<arg>não encontrado</arg>
<doc>Fails if ``container`` does not contain ``item`` one or more times.</doc>
<status status="NOT RUN" start="2025-09-11T18:36:36.550189" elapsed="0.000060"/>
</kw>
<doc>Operações com ID inexistente devem retornar 400</doc>
<tag>negativo</tag>
<tag>U007</tag>
<tag>usuarios</tag>
<status status="FAIL" start="2025-09-11T18:36:36.382281" elapsed="0.168727">Dictionary does not contain key 'message'.</status>
</test>
<kw name="Delete All Sessions" owner="RequestsLibrary" type="TEARDOWN">
<msg time="2025-09-11T18:36:36.553812" level="INFO">Deleting All Sessions</msg>
<doc>Removes all the session objects</doc>
<status status="PASS" start="2025-09-11T18:36:36.553545" elapsed="0.000420"/>
</kw>
<status status="FAIL" start="2025-09-11T18:36:34.249428" elapsed="2.304614"/>
</suite>
<status status="FAIL" start="2025-09-11T18:36:27.796251" elapsed="8.760414"/>
</suite>
<statistics>
<total>
<stat pass="26" fail="4" skip="0">All Tests</stat>
</total>
<tag>
<stat pass="1" fail="0" skip="0">C001</stat>
<stat pass="1" fail="0" skip="0">C002</stat>
<stat pass="1" fail="0" skip="0">C003</stat>
<stat pass="1" fail="0" skip="0">C004</stat>
<stat pass="1" fail="0" skip="0">C005</stat>
<stat pass="1" fail="0" skip="0">C006</stat>
<stat pass="6" fail="0" skip="0">carrinhos</stat>
<stat pass="1" fail="0" skip="0">health</stat>
<stat pass="1" fail="0" skip="0">L001</stat>
<stat pass="1" fail="0" skip="0">L002</stat>
<stat pass="1" fail="0" skip="0">L003</stat>
<stat pass="1" fail="0" skip="0">L004</stat>
<stat pass="1" fail="0" skip="0">L005</stat>
<stat pass="5" fail="0" skip="0">login</stat>
<stat pass="9" fail="3" skip="0">negativo</stat>
<stat pass="1" fail="0" skip="0">P001</stat>
<stat pass="1" fail="0" skip="0">P002</stat>
<stat pass="0" fail="1" skip="0">P003</stat>
<stat pass="1" fail="0" skip="0">P004</stat>
<stat pass="1" fail="0" skip="0">P005</stat>
<stat pass="0" fail="1" skip="0">P006</stat>
<stat pass="1" fail="0" skip="0">P007</stat>
<stat pass="1" fail="0" skip="0">P008</stat>
<stat pass="6" fail="2" skip="0">produtos</stat>
<stat pass="1" fail="0" skip="0">setup</stat>
<stat pass="16" fail="1" skip="0">smoke</stat>
<stat pass="1" fail="0" skip="0">U001</stat>
<stat pass="1" fail="0" skip="0">U002</stat>
<stat pass="1" fail="0" skip="0">U003</stat>
<stat pass="0" fail="1" skip="0">U004</stat>
<stat pass="1" fail="0" skip="0">U005</stat>
<stat pass="1" fail="0" skip="0">U006</stat>
<stat pass="0" fail="1" skip="0">U007</stat>
<stat pass="1" fail="0" skip="0">U008</stat>
<stat pass="1" fail="0" skip="0">U009</stat>
<stat pass="7" fail="2" skip="0">usuarios</stat>
</tag>
<suite>
<stat name="Suites" id="s1" pass="26" fail="4" skip="0">Suites</stat>
<stat name="Carrinhos" id="s1-s1" pass="6" fail="0" skip="0">Suites.Carrinhos</stat>
<stat name="Health" id="s1-s2" pass="1" fail="0" skip="0">Suites.Health</stat>
<stat name="Login" id="s1-s3" pass="6" fail="0" skip="0">Suites.Login</stat>
<stat name="Produtos" id="s1-s4" pass="6" fail="2" skip="0">Suites.Produtos</stat>
<stat name="Usuarios" id="s1-s5" pass="7" fail="2" skip="0">Suites.Usuarios</stat>
</suite>
</statistics>
<errors>
</errors>
</robot>
