<?xml version="1.0" encoding="UTF-8"?>
<robot generator="Robot 7.3.2 (Python 3.13.2 on win32)" generated="2025-09-12T16:11:24.471589" rpa="false" schemaversion="5">
<suite id="s1" name="Tests" source="C:\Users\ercli\IdeaProjects\COMPASS-UOL-PBAIJUN25\Documentos\Sprint 6\Semana 12\tests">
<suite id="s1-s1" name="Suites" source="C:\Users\ercli\IdeaProjects\COMPASS-UOL-PBAIJUN25\Documentos\Sprint 6\Semana 12\tests\suites">
<suite id="s1-s1-s1" name="Carrinhos" source="C:\Users\ercli\IdeaProjects\COMPASS-UOL-PBAIJUN25\Documentos\Sprint 6\Semana 12\tests\suites\carrinhos.robot">
<kw name="Create Session" owner="RequestsLibrary" type="SETUP">
<msg time="2025-09-12T16:11:24.636826" level="INFO">Creating Session using : alias=booker, url=http://98.88.16.61:3000, headers={'Content-Type': 'application/json', 'Accept': 'application/json'},                     cookies={}, auth=None, timeout=None, proxies=None, verify=False,                     debug=0 </msg>
<arg>booker</arg>
<arg>${BASE_URL}</arg>
<arg>headers=${BASE_HEADERS}</arg>
<doc>Create Session: create a HTTP session to a server</doc>
<status status="PASS" start="2025-09-12T16:11:24.636471" elapsed="0.000596"/>
</kw>
<test id="s1-s1-s1-t1" name="C001 - Criar carrinho com produto existente" line="15">
<kw name="Get Auth Token" owner="keywords">
<kw name="Get Valid Auth Token" owner="keywords">
<kw name="Create Dictionary" owner="BuiltIn">
<msg time="2025-09-12T16:11:24.638614" level="INFO">&amp;{admin_user} = { nome=QA Test | email=qatest@qa.com.br | password=qateste | administrador=true }</msg>
<var>&amp;{admin_user}</var>
<arg>nome=QA Test</arg>
<arg>email=qatest@qa.com.br</arg>
<arg>password=qateste</arg>
<arg>administrador=true</arg>
<doc>Creates and returns a dictionary based on the given ``items``.</doc>
<status status="PASS" start="2025-09-12T16:11:24.638395" elapsed="0.000249"/>
</kw>
<kw name="POST On Session" owner="RequestsLibrary">
<msg time="2025-09-12T16:11:25.186074" level="INFO">POST Request : url=http://98.88.16.61:3000/usuarios 
 path_url=/usuarios 
 headers={'User-Agent': 'python-requests/2.32.5', 'Accept-Encoding': 'gzip, deflate', 'Accept': 'application/json', 'Connection': 'keep-alive', 'Content-Type': 'application/json', 'Content-Length': '96'} 
 body=b'{"nome": "QA Test", "email": "qatest@qa.com.br", "password": "qateste", "administrador": "true"}' 
 </msg>
<msg time="2025-09-12T16:11:25.186176" level="INFO">POST Response : url=http://98.88.16.61:3000/usuarios 
 status=400, reason=Bad Request 
 headers={'Access-Control-Allow-Origin': '*', 'x-dns-prefetch-control': 'off', 'x-frame-options': 'SAMEORIGIN', 'strict-transport-security': 'max-age=15552000; includeSubDomains', 'x-download-options': 'noopen', 'x-content-type-options': 'nosniff', 'x-xss-protection': '1; mode=block', 'Content-Type': 'application/json; charset=utf-8', 'Content-Length': '53', 'Date': 'Fri, 12 Sep 2025 19:11:26 GMT', 'Connection': 'keep-alive', 'Keep-Alive': 'timeout=5'} 
 body={
    "message": "Este email já está sendo usado"
} 
 </msg>
<msg time="2025-09-12T16:11:25.186287" level="INFO">${resp_user} = &lt;Response [400]&gt;</msg>
<var>${resp_user}</var>
<arg>booker</arg>
<arg>/usuarios</arg>
<arg>json=${admin_user}</arg>
<arg>expected_status=any</arg>
<doc>Sends a POST request on a previously created HTTP Session.</doc>
<status status="PASS" start="2025-09-12T16:11:24.638739" elapsed="0.547569"/>
</kw>
<kw name="Should Be True" owner="BuiltIn">
<arg>${resp_user.status_code} in [201, 400]</arg>
<doc>Fails if the given condition is not true.</doc>
<status status="PASS" start="2025-09-12T16:11:25.186450" elapsed="0.000445"/>
</kw>
<kw name="Create Dictionary" owner="BuiltIn">
<msg time="2025-09-12T16:11:25.187178" level="INFO">&amp;{login_data} = { email=qatest@qa.com.br | password=qateste }</msg>
<var>&amp;{login_data}</var>
<arg>email=qatest@qa.com.br</arg>
<arg>password=qateste</arg>
<doc>Creates and returns a dictionary based on the given ``items``.</doc>
<status status="PASS" start="2025-09-12T16:11:25.187003" elapsed="0.000196"/>
</kw>
<kw name="POST On Session" owner="RequestsLibrary">
<msg time="2025-09-12T16:11:25.395824" level="INFO">POST Request : url=http://98.88.16.61:3000/login 
 path_url=/login 
 headers={'User-Agent': 'python-requests/2.32.5', 'Accept-Encoding': 'gzip, deflate', 'Accept': 'application/json', 'Connection': 'keep-alive', 'Content-Type': 'application/json', 'Content-Length': '52'} 
 body=b'{"email": "qatest@qa.com.br", "password": "qateste"}' 
 </msg>
<msg time="2025-09-12T16:11:25.396007" level="INFO">POST Response : url=http://98.88.16.61:3000/login 
 status=200, reason=OK 
 headers={'Access-Control-Allow-Origin': '*', 'x-dns-prefetch-control': 'off', 'x-frame-options': 'SAMEORIGIN', 'strict-transport-security': 'max-age=15552000; includeSubDomains', 'x-download-options': 'noopen', 'x-content-type-options': 'nosniff', 'x-xss-protection': '1; mode=block', 'Content-Type': 'application/json; charset=utf-8', 'Content-Length': '272', 'Date': 'Fri, 12 Sep 2025 19:11:26 GMT', 'Connection': 'keep-alive', 'Keep-Alive': 'timeout=5'} 
 body={
    "message": "Login realizado com sucesso",
    "authorization": "Bearer eyJhbGciOiJIUzI1NiIsInR5cCI6IkpXVCJ9.eyJlbWFpbCI6InFhdGVzdEBxYS5jb20uYnIiLCJwYXNzd29yZCI6InFhdGVzdGUiLCJpYXQiOjE3NTc3MDQyODYsImV4cCI6MTc1NzcwNDg4Nn0.iqAv3MS9gGrfEDwycXs8snHHtT9oEkct93yoqc-Cwc0"
} 
 </msg>
<msg time="2025-09-12T16:11:25.396213" level="INFO">${resp} = &lt;Response [200]&gt;</msg>
<var>${resp}</var>
<arg>booker</arg>
<arg>/login</arg>
<arg>json=${login_data}</arg>
<doc>Sends a POST request on a previously created HTTP Session.</doc>
<status status="PASS" start="2025-09-12T16:11:25.187288" elapsed="0.208964"/>
</kw>
<kw name="Should Be Equal As Integers" owner="BuiltIn">
<msg time="2025-09-12T16:11:25.397276" level="INFO">Argument types are:
&lt;class 'int'&gt;
&lt;class 'str'&gt;</msg>
<arg>${resp.status_code}</arg>
<arg>200</arg>
<doc>Fails if objects are unequal after converting them to integers.</doc>
<status status="PASS" start="2025-09-12T16:11:25.396528" elapsed="0.000825"/>
</kw>
<kw name="Get From Dictionary" owner="Collections">
<msg time="2025-09-12T16:11:25.398226" level="INFO">${token} = Bearer eyJhbGciOiJIUzI1NiIsInR5cCI6IkpXVCJ9.eyJlbWFpbCI6InFhdGVzdEBxYS5jb20uYnIiLCJwYXNzd29yZCI6InFhdGVzdGUiLCJpYXQiOjE3NTc3MDQyODYsImV4cCI6MTc1NzcwNDg4Nn0.iqAv3MS9gGrfEDwycXs8snHHtT9oEkct93yoqc-Cwc0</msg>
<var>${token}</var>
<arg>${resp.json()}</arg>
<arg>authorization</arg>
<doc>Returns a value from the given ``dictionary`` based on the given ``key``.</doc>
<status status="PASS" start="2025-09-12T16:11:25.397503" elapsed="0.000756"/>
</kw>
<return>
<value>${token}</value>
<status status="PASS" start="2025-09-12T16:11:25.398342" elapsed="0.000052"/>
</return>
<msg time="2025-09-12T16:11:25.398515" level="INFO">${token} = Bearer eyJhbGciOiJIUzI1NiIsInR5cCI6IkpXVCJ9.eyJlbWFpbCI6InFhdGVzdEBxYS5jb20uYnIiLCJwYXNzd29yZCI6InFhdGVzdGUiLCJpYXQiOjE3NTc3MDQyODYsImV4cCI6MTc1NzcwNDg4Nn0.iqAv3MS9gGrfEDwycXs8snHHtT9oEkct93yoqc-Cwc0</msg>
<var>${token}</var>
<doc>Obtém token de autenticação válido usando usuário padrão</doc>
<status status="PASS" start="2025-09-12T16:11:24.638174" elapsed="0.760363"/>
</kw>
<return>
<value>${token}</value>
<status status="PASS" start="2025-09-12T16:11:25.398579" elapsed="0.000025"/>
</return>
<msg time="2025-09-12T16:11:25.398708" level="INFO">${token} = Bearer eyJhbGciOiJIUzI1NiIsInR5cCI6IkpXVCJ9.eyJlbWFpbCI6InFhdGVzdEBxYS5jb20uYnIiLCJwYXNzd29yZCI6InFhdGVzdGUiLCJpYXQiOjE3NTc3MDQyODYsImV4cCI6MTc1NzcwNDg4Nn0.iqAv3MS9gGrfEDwycXs8snHHtT9oEkct93yoqc-Cwc0</msg>
<var>${token}</var>
<doc>Alias para Get Valid Auth Token (compatibilidade)</doc>
<status status="PASS" start="2025-09-12T16:11:24.637891" elapsed="0.760844"/>
</kw>
<kw name="Create Test Product" owner="keywords">
<kw name="Generate Unique Name" owner="keywords">
<kw name="Generate Random String" owner="String">
<msg time="2025-09-12T16:11:25.400379" level="INFO">${uuid} = bsJuRFrE</msg>
<var>${uuid}</var>
<arg>8</arg>
<arg>[LETTERS][NUMBERS]</arg>
<doc>Generates a string with a desired ``length`` from the given ``chars``.</doc>
<status status="PASS" start="2025-09-12T16:11:25.399863" elapsed="0.000596"/>
</kw>
<kw name="Set Variable" owner="BuiltIn">
<msg time="2025-09-12T16:11:25.401094" level="INFO">${name} = Produto bsJuRFrE</msg>
<var>${name}</var>
<arg>${prefix} ${uuid}</arg>
<doc>Returns the given values which can then be assigned to a variables.</doc>
<status status="PASS" start="2025-09-12T16:11:25.400938" elapsed="0.000176"/>
</kw>
<return>
<value>${name}</value>
<status status="PASS" start="2025-09-12T16:11:25.401163" elapsed="0.000028"/>
</return>
<msg time="2025-09-12T16:11:25.401274" level="INFO">${name} = Produto bsJuRFrE</msg>
<var>${name}</var>
<arg>Produto</arg>
<doc>Gera nome único usando UUID</doc>
<status status="PASS" start="2025-09-12T16:11:25.399509" elapsed="0.001782"/>
</kw>
<kw name="Create Dictionary" owner="BuiltIn">
<msg time="2025-09-12T16:11:25.401582" level="INFO">&amp;{product_data} = { nome=Produto bsJuRFrE | preco=100 | descricao=Produto para teste automatizado | quantidade=50 }</msg>
<var>&amp;{product_data}</var>
<arg>nome=${name}</arg>
<arg>preco=100</arg>
<arg>descricao=Produto para teste automatizado</arg>
<arg>quantidade=50</arg>
<doc>Creates and returns a dictionary based on the given ``items``.</doc>
<status status="PASS" start="2025-09-12T16:11:25.401369" elapsed="0.000234"/>
</kw>
<kw name="Create Auth Headers" owner="keywords">
<kw name="Create Dictionary" owner="BuiltIn">
<msg time="2025-09-12T16:11:25.402084" level="INFO">&amp;{headers} = { Content-Type=application/json | Accept=application/json | Authorization=Bearer eyJhbGciOiJIUzI1NiIsInR5cCI6IkpXVCJ9.eyJlbWFpbCI6InFhdGVzdEBxYS5jb20uYnIiLCJwYXNzd29yZCI6InFhdGVzdGUiLCJpYXQiOjE3NTc3MD...</msg>
<var>&amp;{headers}</var>
<arg>Content-Type=application/json</arg>
<arg>Accept=application/json</arg>
<arg>Authorization=${token}</arg>
<doc>Creates and returns a dictionary based on the given ``items``.</doc>
<status status="PASS" start="2025-09-12T16:11:25.401930" elapsed="0.000182"/>
</kw>
<return>
<value>${headers}</value>
<status status="PASS" start="2025-09-12T16:11:25.402151" elapsed="0.000024"/>
</return>
<msg time="2025-09-12T16:11:25.402261" level="INFO">${headers} = {'Content-Type': 'application/json', 'Accept': 'application/json', 'Authorization': 'Bearer eyJhbGciOiJIUzI1NiIsInR5cCI6IkpXVCJ9.eyJlbWFpbCI6InFhdGVzdEBxYS5jb20uYnIiLCJwYXNzd29yZCI6InFhdGVzdGUiLCJpYXQ...</msg>
<var>${headers}</var>
<arg>${token}</arg>
<doc>Cria headers com autenticação</doc>
<status status="PASS" start="2025-09-12T16:11:25.401728" elapsed="0.000550"/>
</kw>
<kw name="POST On Session" owner="RequestsLibrary">
<msg time="2025-09-12T16:11:25.622275" level="INFO">POST Request : url=http://98.88.16.61:3000/produtos 
 path_url=/produtos 
 headers={'User-Agent': 'python-requests/2.32.5', 'Accept-Encoding': 'gzip, deflate', 'Accept': 'application/json', 'Connection': 'keep-alive', 'Content-Type': 'application/json', 'Authorization': 'Bearer eyJhbGciOiJIUzI1NiIsInR5cCI6IkpXVCJ9.eyJlbWFpbCI6InFhdGVzdEBxYS5jb20uYnIiLCJwYXNzd29yZCI6InFhdGVzdGUiLCJpYXQiOjE3NTc3MDQyODYsImV4cCI6MTc1NzcwNDg4Nn0.iqAv3MS9gGrfEDwycXs8snHHtT9oEkct93yoqc-Cwc0', 'Content-Length': '112'} 
 body=b'{"nome": "Produto bsJuRFrE", "preco": "100", "descricao": "Produto para teste automatizado", "quantidade": "50"}' 
 </msg>
<msg time="2025-09-12T16:11:25.622384" level="INFO">POST Response : url=http://98.88.16.61:3000/produtos 
 status=201, reason=Created 
 headers={'Access-Control-Allow-Origin': '*', 'x-dns-prefetch-control': 'off', 'x-frame-options': 'SAMEORIGIN', 'strict-transport-security': 'max-age=15552000; includeSubDomains', 'x-download-options': 'noopen', 'x-content-type-options': 'nosniff', 'x-xss-protection': '1; mode=block', 'Content-Type': 'application/json; charset=utf-8', 'Content-Length': '82', 'Date': 'Fri, 12 Sep 2025 19:11:26 GMT', 'Connection': 'keep-alive', 'Keep-Alive': 'timeout=5'} 
 body={
    "message": "Cadastro realizado com sucesso",
    "_id": "dd7qQfsgUE6J8RVP"
} 
 </msg>
<msg time="2025-09-12T16:11:25.622517" level="INFO">${resp} = &lt;Response [201]&gt;</msg>
<var>${resp}</var>
<arg>booker</arg>
<arg>/produtos</arg>
<arg>json=${product_data}</arg>
<arg>headers=${headers}</arg>
<doc>Sends a POST request on a previously created HTTP Session.</doc>
<status status="PASS" start="2025-09-12T16:11:25.402347" elapsed="0.220201"/>
</kw>
<kw name="Should Be Equal As Integers" owner="BuiltIn">
<msg time="2025-09-12T16:11:25.623152" level="INFO">Argument types are:
&lt;class 'int'&gt;
&lt;class 'str'&gt;</msg>
<arg>${resp.status_code}</arg>
<arg>201</arg>
<doc>Fails if objects are unequal after converting them to integers.</doc>
<status status="PASS" start="2025-09-12T16:11:25.622697" elapsed="0.000516"/>
</kw>
<kw name="Get From Dictionary" owner="Collections">
<msg time="2025-09-12T16:11:25.623901" level="INFO">${product_id} = dd7qQfsgUE6J8RVP</msg>
<var>${product_id}</var>
<arg>${resp.json()}</arg>
<arg>_id</arg>
<doc>Returns a value from the given ``dictionary`` based on the given ``key``.</doc>
<status status="PASS" start="2025-09-12T16:11:25.623361" elapsed="0.000562"/>
</kw>
<return>
<value>${product_id}</value>
<status status="PASS" start="2025-09-12T16:11:25.623970" elapsed="0.000029"/>
</return>
<msg time="2025-09-12T16:11:25.624105" level="INFO">${produto_id} = dd7qQfsgUE6J8RVP</msg>
<var>${produto_id}</var>
<arg>${token}</arg>
<doc>Cria produto para testes e retorna ID</doc>
<status status="PASS" start="2025-09-12T16:11:25.399175" elapsed="0.224947"/>
</kw>
<kw name="Create Dictionary" owner="BuiltIn">
<msg time="2025-09-12T16:11:25.624570" level="INFO">&amp;{produto_carrinho} = { idProduto=dd7qQfsgUE6J8RVP | quantidade=1 }</msg>
<var>&amp;{produto_carrinho}</var>
<arg>idProduto=${produto_id}</arg>
<arg>quantidade=1</arg>
<doc>Creates and returns a dictionary based on the given ``items``.</doc>
<status status="PASS" start="2025-09-12T16:11:25.624357" elapsed="0.000234"/>
</kw>
<kw name="Create List" owner="BuiltIn">
<msg time="2025-09-12T16:11:25.624874" level="INFO">@{produtos_lista} = [ {'idProduto': 'dd7qQfsgUE6J8RVP', 'quantidade': '1'} ]</msg>
<var>@{produtos_lista}</var>
<arg>${produto_carrinho}</arg>
<doc>Returns a list containing given items.</doc>
<status status="PASS" start="2025-09-12T16:11:25.624729" elapsed="0.000164"/>
</kw>
<kw name="Create Dictionary" owner="BuiltIn">
<msg time="2025-09-12T16:11:25.625232" level="INFO">&amp;{carrinho_data} = { produtos=[{'idProduto': 'dd7qQfsgUE6J8RVP', 'quantidade': '1'}] }</msg>
<var>&amp;{carrinho_data}</var>
<arg>produtos=${produtos_lista}</arg>
<doc>Creates and returns a dictionary based on the given ``items``.</doc>
<status status="PASS" start="2025-09-12T16:11:25.625049" elapsed="0.000202"/>
</kw>
<kw name="Create Auth Headers" owner="keywords">
<kw name="Create Dictionary" owner="BuiltIn">
<msg time="2025-09-12T16:11:25.625793" level="INFO">&amp;{headers} = { Content-Type=application/json | Accept=application/json | Authorization=Bearer eyJhbGciOiJIUzI1NiIsInR5cCI6IkpXVCJ9.eyJlbWFpbCI6InFhdGVzdEBxYS5jb20uYnIiLCJwYXNzd29yZCI6InFhdGVzdGUiLCJpYXQiOjE3NTc3MD...</msg>
<var>&amp;{headers}</var>
<arg>Content-Type=application/json</arg>
<arg>Accept=application/json</arg>
<arg>Authorization=${token}</arg>
<doc>Creates and returns a dictionary based on the given ``items``.</doc>
<status status="PASS" start="2025-09-12T16:11:25.625640" elapsed="0.000173"/>
</kw>
<return>
<value>${headers}</value>
<status status="PASS" start="2025-09-12T16:11:25.625851" elapsed="0.000027"/>
</return>
<msg time="2025-09-12T16:11:25.625971" level="INFO">${headers} = {'Content-Type': 'application/json', 'Accept': 'application/json', 'Authorization': 'Bearer eyJhbGciOiJIUzI1NiIsInR5cCI6IkpXVCJ9.eyJlbWFpbCI6InFhdGVzdEBxYS5jb20uYnIiLCJwYXNzd29yZCI6InFhdGVzdGUiLCJpYXQ...</msg>
<var>${headers}</var>
<arg>${token}</arg>
<doc>Cria headers com autenticação</doc>
<status status="PASS" start="2025-09-12T16:11:25.625445" elapsed="0.000543"/>
</kw>
<kw name="POST On Session" owner="RequestsLibrary">
<msg time="2025-09-12T16:11:25.854843" level="INFO">POST Request : url=http://98.88.16.61:3000/carrinhos 
 path_url=/carrinhos 
 headers={'User-Agent': 'python-requests/2.32.5', 'Accept-Encoding': 'gzip, deflate', 'Accept': 'application/json', 'Connection': 'keep-alive', 'Content-Type': 'application/json', 'Authorization': 'Bearer eyJhbGciOiJIUzI1NiIsInR5cCI6IkpXVCJ9.eyJlbWFpbCI6InFhdGVzdEBxYS5jb20uYnIiLCJwYXNzd29yZCI6InFhdGVzdGUiLCJpYXQiOjE3NTc3MDQyODYsImV4cCI6MTc1NzcwNDg4Nn0.iqAv3MS9gGrfEDwycXs8snHHtT9oEkct93yoqc-Cwc0', 'Content-Length': '68'} 
 body=b'{"produtos": [{"idProduto": "dd7qQfsgUE6J8RVP", "quantidade": "1"}]}' 
 </msg>
<msg time="2025-09-12T16:11:25.855174" level="INFO">POST Response : url=http://98.88.16.61:3000/carrinhos 
 status=201, reason=Created 
 headers={'Access-Control-Allow-Origin': '*', 'x-dns-prefetch-control': 'off', 'x-frame-options': 'SAMEORIGIN', 'strict-transport-security': 'max-age=15552000; includeSubDomains', 'x-download-options': 'noopen', 'x-content-type-options': 'nosniff', 'x-xss-protection': '1; mode=block', 'Content-Type': 'application/json; charset=utf-8', 'Content-Length': '82', 'Date': 'Fri, 12 Sep 2025 19:11:26 GMT', 'Connection': 'keep-alive', 'Keep-Alive': 'timeout=5'} 
 body={
    "message": "Cadastro realizado com sucesso",
    "_id": "gneeuyIpXAFwYVio"
} 
 </msg>
<msg time="2025-09-12T16:11:25.855381" level="INFO">${resp} = &lt;Response [201]&gt;</msg>
<var>${resp}</var>
<arg>booker</arg>
<arg>/carrinhos</arg>
<arg>json=${carrinho_data}</arg>
<arg>headers=${headers}</arg>
<doc>Sends a POST request on a previously created HTTP Session.</doc>
<status status="PASS" start="2025-09-12T16:11:25.626137" elapsed="0.229286"/>
</kw>
<kw name="Should Be Equal As Integers" owner="BuiltIn">
<msg time="2025-09-12T16:11:25.856962" level="INFO">Argument types are:
&lt;class 'int'&gt;
&lt;class 'str'&gt;</msg>
<arg>${resp.status_code}</arg>
<arg>201</arg>
<doc>Fails if objects are unequal after converting them to integers.</doc>
<status status="PASS" start="2025-09-12T16:11:25.855915" elapsed="0.001180"/>
</kw>
<kw name="Set Variable" owner="BuiltIn">
<msg time="2025-09-12T16:11:25.858571" level="INFO">${body} = {'message': 'Cadastro realizado com sucesso', '_id': 'gneeuyIpXAFwYVio'}</msg>
<var>${body}</var>
<arg>${resp.json()}</arg>
<doc>Returns the given values which can then be assigned to a variables.</doc>
<status status="PASS" start="2025-09-12T16:11:25.857700" elapsed="0.000910"/>
</kw>
<kw name="Dictionary Should Contain Key" owner="Collections">
<arg>${body}</arg>
<arg>_id</arg>
<doc>Fails if ``key`` is not found from ``dictionary``.</doc>
<status status="PASS" start="2025-09-12T16:11:25.859363" elapsed="0.000244"/>
</kw>
<kw name="Dictionary Should Contain Key" owner="Collections">
<arg>${body}</arg>
<arg>message</arg>
<doc>Fails if ``key`` is not found from ``dictionary``.</doc>
<status status="PASS" start="2025-09-12T16:11:25.859895" elapsed="0.000273"/>
</kw>
<kw name="Set Suite Variable" owner="BuiltIn">
<msg time="2025-09-12T16:11:25.861334" level="INFO">${CARRINHO_ID} = gneeuyIpXAFwYVio</msg>
<arg>${CARRINHO_ID}</arg>
<arg>${body['_id']}</arg>
<doc>Makes a variable available everywhere within the scope of the current suite.</doc>
<status status="PASS" start="2025-09-12T16:11:25.860598" elapsed="0.000810"/>
</kw>
<kw name="Set Suite Variable" owner="BuiltIn">
<msg time="2025-09-12T16:11:25.861911" level="INFO">${PRODUTO_ID} = dd7qQfsgUE6J8RVP</msg>
<arg>${PRODUTO_ID}</arg>
<arg>${produto_id}</arg>
<doc>Makes a variable available everywhere within the scope of the current suite.</doc>
<status status="PASS" start="2025-09-12T16:11:25.861700" elapsed="0.000257"/>
</kw>
<kw name="Set Suite Variable" owner="BuiltIn">
<msg time="2025-09-12T16:11:25.862542" level="INFO">${AUTH_TOKEN} = Bearer eyJhbGciOiJIUzI1NiIsInR5cCI6IkpXVCJ9.eyJlbWFpbCI6InFhdGVzdEBxYS5jb20uYnIiLCJwYXNzd29yZCI6InFhdGVzdGUiLCJpYXQiOjE3NTc3MDQyODYsImV4cCI6MTc1NzcwNDg4Nn0.iqAv3MS9gGrfEDwycXs8snHHtT9oEkct93yoqc-Cwc0</msg>
<arg>${AUTH_TOKEN}</arg>
<arg>${token}</arg>
<doc>Makes a variable available everywhere within the scope of the current suite.</doc>
<status status="PASS" start="2025-09-12T16:11:25.862311" elapsed="0.000282"/>
</kw>
<doc>Criar carrinho com produto existente deve retornar 201</doc>
<tag>C001</tag>
<tag>carrinhos</tag>
<tag>smoke</tag>
<status status="PASS" start="2025-09-12T16:11:24.637220" elapsed="1.225733"/>
</test>
<test id="s1-s1-s1-t2" name="C002 - Impedir produto inexistente" line="39">
<kw name="Skip If" owner="BuiltIn">
<arg>'${AUTH_TOKEN}' == '${EMPTY}'</arg>
<arg>Token não disponível</arg>
<doc>Skips the rest of the current test if the ``condition`` is True.</doc>
<status status="PASS" start="2025-09-12T16:11:25.864605" elapsed="0.000649"/>
</kw>
<kw name="Set Variable" owner="BuiltIn">
<msg time="2025-09-12T16:11:25.865796" level="INFO">${id_inexistente} = 507f1f77bcf86cd799439011</msg>
<var>${id_inexistente}</var>
<arg>507f1f77bcf86cd799439011</arg>
<doc>Returns the given values which can then be assigned to a variables.</doc>
<status status="PASS" start="2025-09-12T16:11:25.865661" elapsed="0.000158"/>
</kw>
<kw name="Create Dictionary" owner="BuiltIn">
<msg time="2025-09-12T16:11:25.866399" level="INFO">&amp;{produto_inexistente} = { idProduto=507f1f77bcf86cd799439011 | quantidade=1 }</msg>
<var>&amp;{produto_inexistente}</var>
<arg>idProduto=${id_inexistente}</arg>
<arg>quantidade=1</arg>
<doc>Creates and returns a dictionary based on the given ``items``.</doc>
<status status="PASS" start="2025-09-12T16:11:25.866139" elapsed="0.000284"/>
</kw>
<kw name="Create List" owner="BuiltIn">
<msg time="2025-09-12T16:11:25.866882" level="INFO">@{produtos_lista} = [ {'idProduto': '507f1f77bcf86cd799439011', 'quantidade': '1'} ]</msg>
<var>@{produtos_lista}</var>
<arg>${produto_inexistente}</arg>
<doc>Returns a list containing given items.</doc>
<status status="PASS" start="2025-09-12T16:11:25.866708" elapsed="0.000197"/>
</kw>
<kw name="Create Dictionary" owner="BuiltIn">
<msg time="2025-09-12T16:11:25.867291" level="INFO">&amp;{carrinho_data} = { produtos=[{'idProduto': '507f1f77bcf86cd799439011', 'quantidade': '1'}] }</msg>
<var>&amp;{carrinho_data}</var>
<arg>produtos=${produtos_lista}</arg>
<doc>Creates and returns a dictionary based on the given ``items``.</doc>
<status status="PASS" start="2025-09-12T16:11:25.867109" elapsed="0.000201"/>
</kw>
<kw name="Create Auth Headers" owner="keywords">
<kw name="Create Dictionary" owner="BuiltIn">
<msg time="2025-09-12T16:11:25.868539" level="INFO">&amp;{headers} = { Content-Type=application/json | Accept=application/json | Authorization=Bearer eyJhbGciOiJIUzI1NiIsInR5cCI6IkpXVCJ9.eyJlbWFpbCI6InFhdGVzdEBxYS5jb20uYnIiLCJwYXNzd29yZCI6InFhdGVzdGUiLCJpYXQiOjE3NTc3MD...</msg>
<var>&amp;{headers}</var>
<arg>Content-Type=application/json</arg>
<arg>Accept=application/json</arg>
<arg>Authorization=${token}</arg>
<doc>Creates and returns a dictionary based on the given ``items``.</doc>
<status status="PASS" start="2025-09-12T16:11:25.867940" elapsed="0.000628"/>
</kw>
<return>
<value>${headers}</value>
<status status="PASS" start="2025-09-12T16:11:25.868621" elapsed="0.000030"/>
</return>
<msg time="2025-09-12T16:11:25.868738" level="INFO">${headers} = {'Content-Type': 'application/json', 'Accept': 'application/json', 'Authorization': 'Bearer eyJhbGciOiJIUzI1NiIsInR5cCI6IkpXVCJ9.eyJlbWFpbCI6InFhdGVzdEBxYS5jb20uYnIiLCJwYXNzd29yZCI6InFhdGVzdGUiLCJpYXQ...</msg>
<var>${headers}</var>
<arg>${AUTH_TOKEN}</arg>
<doc>Cria headers com autenticação</doc>
<status status="PASS" start="2025-09-12T16:11:25.867679" elapsed="0.001076"/>
</kw>
<kw name="POST On Session" owner="RequestsLibrary">
<msg time="2025-09-12T16:11:26.080783" level="INFO">POST Request : url=http://98.88.16.61:3000/carrinhos 
 path_url=/carrinhos 
 headers={'User-Agent': 'python-requests/2.32.5', 'Accept-Encoding': 'gzip, deflate', 'Accept': 'application/json', 'Connection': 'keep-alive', 'Content-Type': 'application/json', 'Authorization': 'Bearer eyJhbGciOiJIUzI1NiIsInR5cCI6IkpXVCJ9.eyJlbWFpbCI6InFhdGVzdEBxYS5jb20uYnIiLCJwYXNzd29yZCI6InFhdGVzdGUiLCJpYXQiOjE3NTc3MDQyODYsImV4cCI6MTc1NzcwNDg4Nn0.iqAv3MS9gGrfEDwycXs8snHHtT9oEkct93yoqc-Cwc0', 'Content-Length': '76'} 
 body=b'{"produtos": [{"idProduto": "507f1f77bcf86cd799439011", "quantidade": "1"}]}' 
 </msg>
<msg time="2025-09-12T16:11:26.081167" level="INFO">POST Response : url=http://98.88.16.61:3000/carrinhos 
 status=400, reason=Bad Request 
 headers={'Access-Control-Allow-Origin': '*', 'x-dns-prefetch-control': 'off', 'x-frame-options': 'SAMEORIGIN', 'strict-transport-security': 'max-age=15552000; includeSubDomains', 'x-download-options': 'noopen', 'x-content-type-options': 'nosniff', 'x-xss-protection': '1; mode=block', 'Content-Type': 'application/json; charset=utf-8', 'Content-Length': '61', 'Date': 'Fri, 12 Sep 2025 19:11:27 GMT', 'Connection': 'keep-alive', 'Keep-Alive': 'timeout=5'} 
 body={
    "message": "Não é permitido ter mais de 1 carrinho"
} 
 </msg>
<msg time="2025-09-12T16:11:26.081463" level="INFO">${resp} = &lt;Response [400]&gt;</msg>
<var>${resp}</var>
<arg>booker</arg>
<arg>/carrinhos</arg>
<arg>json=${carrinho_data}</arg>
<arg>headers=${headers}</arg>
<arg>expected_status=any</arg>
<doc>Sends a POST request on a previously created HTTP Session.</doc>
<status status="PASS" start="2025-09-12T16:11:25.869106" elapsed="0.212418"/>
</kw>
<kw name="Should Be Equal As Integers" owner="BuiltIn">
<msg time="2025-09-12T16:11:26.082946" level="INFO">Argument types are:
&lt;class 'int'&gt;
&lt;class 'str'&gt;</msg>
<arg>${resp.status_code}</arg>
<arg>400</arg>
<doc>Fails if objects are unequal after converting them to integers.</doc>
<status status="PASS" start="2025-09-12T16:11:26.082088" elapsed="0.000943"/>
</kw>
<kw name="Set Variable" owner="BuiltIn">
<msg time="2025-09-12T16:11:26.084335" level="INFO">${body} = {'message': 'Não é permitido ter mais de 1 carrinho'}</msg>
<var>${body}</var>
<arg>${resp.json()}</arg>
<doc>Returns the given values which can then be assigned to a variables.</doc>
<status status="PASS" start="2025-09-12T16:11:26.083531" elapsed="0.000847"/>
</kw>
<kw name="Dictionary Should Contain Key" owner="Collections">
<arg>${body}</arg>
<arg>message</arg>
<doc>Fails if ``key`` is not found from ``dictionary``.</doc>
<status status="PASS" start="2025-09-12T16:11:26.085348" elapsed="0.000262"/>
</kw>
<doc>Carrinho com produto inexistente deve retornar 400</doc>
<tag>C002</tag>
<tag>carrinhos</tag>
<tag>negativo</tag>
<status status="PASS" start="2025-09-12T16:11:25.863881" elapsed="0.222128"/>
</test>
<test id="s1-s1-s1-t3" name="C003 - Listar carrinhos" line="59">
<kw name="GET On Session" owner="RequestsLibrary">
<msg time="2025-09-12T16:11:26.297954" level="INFO">GET Request : url=http://98.88.16.61:3000/carrinhos 
 path_url=/carrinhos 
 headers={'User-Agent': 'python-requests/2.32.5', 'Accept-Encoding': 'gzip, deflate', 'Accept': 'application/json', 'Connection': 'keep-alive', 'Content-Type': 'application/json'} 
 body=None 
 </msg>
<msg time="2025-09-12T16:11:26.298154" level="INFO">GET Response : url=http://98.88.16.61:3000/carrinhos 
 status=200, reason=OK 
 headers={'Access-Control-Allow-Origin': '*', 'x-dns-prefetch-control': 'off', 'x-frame-options': 'SAMEORIGIN', 'strict-transport-security': 'max-age=15552000; includeSubDomains', 'x-download-options': 'noopen', 'x-content-type-options': 'nosniff', 'x-xss-protection': '1; mode=block', 'Content-Type': 'application/json; charset=utf-8', 'Content-Length': '977', 'Date': 'Fri, 12 Sep 2025 19:11:27 GMT', 'Connection': 'keep-alive', 'Keep-Alive': 'timeout=5'} 
 body={
    "quantidade": 2,
    "carrinhos": [
        {
            "produtos": [
                {
                    "idProduto": "dd7qQfsgUE6J8RVP",
                    "quantidade": "1",
                    "precoUnitario": 100
                }
            ],
            "precoTotal": 100,
            "quantidadeTotal": "01",
            "idUsuario": "iKVm2yXWmtvBFcPR",
            "_id": "gneeuyIpXAFwYVio"
        },
        {
            "produtos": [
                {
                    "idProduto": "BeeJh5lz3k6kSIzA",
                    "quantidade": 2,
                    "precoUnitario": 470
                },
                {
                    "idProduto": "K6leHdftCeOJj8BJ",
                    "quantidade": 1,
                    "precoUnitario": 5240
                }
            ],
            "precoTotal": 6180,
            "quantidadeTotal": 3,
            "idUsuario": "0uxuPY0cbmQhpEz1",
            "_id": "qbMqntef4iTOwWfg"
        }
    ]
} 
 </msg>
<msg time="2025-09-12T16:11:26.298486" level="INFO">${resp} = &lt;Response [200]&gt;</msg>
<var>${resp}</var>
<arg>booker</arg>
<arg>/carrinhos</arg>
<doc>Sends a GET request on a previously created HTTP Session.</doc>
<status status="PASS" start="2025-09-12T16:11:26.087814" elapsed="0.210767"/>
</kw>
<kw name="Should Be Equal As Integers" owner="BuiltIn">
<msg time="2025-09-12T16:11:26.299939" level="INFO">Argument types are:
&lt;class 'int'&gt;
&lt;class 'str'&gt;</msg>
<arg>${resp.status_code}</arg>
<arg>200</arg>
<doc>Fails if objects are unequal after converting them to integers.</doc>
<status status="PASS" start="2025-09-12T16:11:26.299177" elapsed="0.000876"/>
</kw>
<kw name="Set Variable" owner="BuiltIn">
<msg time="2025-09-12T16:11:26.301394" level="INFO">${body} = {'quantidade': 2, 'carrinhos': [{'produtos': [{'idProduto': 'dd7qQfsgUE6J8RVP', 'quantidade': '1', 'precoUnitario': 100}], 'precoTotal': 100, 'quantidadeTotal': '01', 'idUsuario': 'iKVm2yXWmtvBFcPR', ...</msg>
<var>${body}</var>
<arg>${resp.json()}</arg>
<doc>Returns the given values which can then be assigned to a variables.</doc>
<status status="PASS" start="2025-09-12T16:11:26.300624" elapsed="0.000809"/>
</kw>
<kw name="Dictionary Should Contain Key" owner="Collections">
<arg>${body}</arg>
<arg>carrinhos</arg>
<doc>Fails if ``key`` is not found from ``dictionary``.</doc>
<status status="PASS" start="2025-09-12T16:11:26.301845" elapsed="0.000181"/>
</kw>
<kw name="Dictionary Should Contain Key" owner="Collections">
<arg>${body}</arg>
<arg>quantidade</arg>
<doc>Fails if ``key`` is not found from ``dictionary``.</doc>
<status status="PASS" start="2025-09-12T16:11:26.302349" elapsed="0.000171"/>
</kw>
<doc>Listar carrinhos deve retornar 200 e lista</doc>
<tag>C003</tag>
<tag>carrinhos</tag>
<tag>smoke</tag>
<status status="PASS" start="2025-09-12T16:11:26.087179" elapsed="0.215700"/>
</test>
<test id="s1-s1-s1-t4" name="C004 - Buscar carrinho por ID" line="68">
<kw name="Skip If" owner="BuiltIn">
<arg>'${CARRINHO_ID}' == '${EMPTY}'</arg>
<arg>Carrinho não foi criado</arg>
<doc>Skips the rest of the current test if the ``condition`` is True.</doc>
<status status="PASS" start="2025-09-12T16:11:26.304423" elapsed="0.000682"/>
</kw>
<kw name="GET On Session" owner="RequestsLibrary">
<msg time="2025-09-12T16:11:26.522933" level="INFO">GET Request : url=http://98.88.16.61:3000/carrinhos/gneeuyIpXAFwYVio 
 path_url=/carrinhos/gneeuyIpXAFwYVio 
 headers={'User-Agent': 'python-requests/2.32.5', 'Accept-Encoding': 'gzip, deflate', 'Accept': 'application/json', 'Connection': 'keep-alive', 'Content-Type': 'application/json'} 
 body=None 
 </msg>
<msg time="2025-09-12T16:11:26.523078" level="INFO">GET Response : url=http://98.88.16.61:3000/carrinhos/gneeuyIpXAFwYVio 
 status=200, reason=OK 
 headers={'Access-Control-Allow-Origin': '*', 'x-dns-prefetch-control': 'off', 'x-frame-options': 'SAMEORIGIN', 'strict-transport-security': 'max-age=15552000; includeSubDomains', 'x-download-options': 'noopen', 'x-content-type-options': 'nosniff', 'x-xss-protection': '1; mode=block', 'Content-Type': 'application/json; charset=utf-8', 'Content-Length': '276', 'Date': 'Fri, 12 Sep 2025 19:11:27 GMT', 'Connection': 'keep-alive', 'Keep-Alive': 'timeout=5'} 
 body={
    "produtos": [
        {
            "idProduto": "dd7qQfsgUE6J8RVP",
            "quantidade": "1",
            "precoUnitario": 100
        }
    ],
    "precoTotal": 100,
    "quantidadeTotal": "01",
    "idUsuario": "iKVm2yXWmtvBFcPR",
    "_id": "gneeuyIpXAFwYVio"
} 
 </msg>
<msg time="2025-09-12T16:11:26.523268" level="INFO">${resp} = &lt;Response [200]&gt;</msg>
<var>${resp}</var>
<arg>booker</arg>
<arg>/carrinhos/${CARRINHO_ID}</arg>
<doc>Sends a GET request on a previously created HTTP Session.</doc>
<status status="PASS" start="2025-09-12T16:11:26.305439" elapsed="0.217934"/>
</kw>
<kw name="Should Be Equal As Integers" owner="BuiltIn">
<msg time="2025-09-12T16:11:26.525015" level="INFO">Argument types are:
&lt;class 'int'&gt;
&lt;class 'str'&gt;</msg>
<arg>${resp.status_code}</arg>
<arg>200</arg>
<doc>Fails if objects are unequal after converting them to integers.</doc>
<status status="PASS" start="2025-09-12T16:11:26.524221" elapsed="0.000875"/>
</kw>
<kw name="Set Variable" owner="BuiltIn">
<msg time="2025-09-12T16:11:26.526312" level="INFO">${body} = {'produtos': [{'idProduto': 'dd7qQfsgUE6J8RVP', 'quantidade': '1', 'precoUnitario': 100}], 'precoTotal': 100, 'quantidadeTotal': '01', 'idUsuario': 'iKVm2yXWmtvBFcPR', '_id': 'gneeuyIpXAFwYVio'}</msg>
<var>${body}</var>
<arg>${resp.json()}</arg>
<doc>Returns the given values which can then be assigned to a variables.</doc>
<status status="PASS" start="2025-09-12T16:11:26.525638" elapsed="0.000711"/>
</kw>
<kw name="Dictionary Should Contain Key" owner="Collections">
<arg>${body}</arg>
<arg>produtos</arg>
<doc>Fails if ``key`` is not found from ``dictionary``.</doc>
<status status="PASS" start="2025-09-12T16:11:26.526940" elapsed="0.000467"/>
</kw>
<kw name="Dictionary Should Contain Key" owner="Collections">
<arg>${body}</arg>
<arg>precoTotal</arg>
<doc>Fails if ``key`` is not found from ``dictionary``.</doc>
<status status="PASS" start="2025-09-12T16:11:26.528049" elapsed="0.000299"/>
</kw>
<kw name="Dictionary Should Contain Key" owner="Collections">
<arg>${body}</arg>
<arg>quantidadeTotal</arg>
<doc>Fails if ``key`` is not found from ``dictionary``.</doc>
<status status="PASS" start="2025-09-12T16:11:26.528737" elapsed="0.000253"/>
</kw>
<kw name="Dictionary Should Contain Key" owner="Collections">
<arg>${body}</arg>
<arg>idUsuario</arg>
<doc>Fails if ``key`` is not found from ``dictionary``.</doc>
<status status="PASS" start="2025-09-12T16:11:26.529300" elapsed="0.000179"/>
</kw>
<doc>Buscar carrinho por ID deve retornar 200</doc>
<tag>C004</tag>
<tag>carrinhos</tag>
<tag>smoke</tag>
<status status="PASS" start="2025-09-12T16:11:26.303838" elapsed="0.225996"/>
</test>
<test id="s1-s1-s1-t5" name="C005 - Remover carrinho e restaurar estoque" line="81">
<kw name="Skip If" owner="BuiltIn">
<arg>'${CARRINHO_ID}' == '${EMPTY}'</arg>
<arg>Carrinho não foi criado</arg>
<doc>Skips the rest of the current test if the ``condition`` is True.</doc>
<status status="PASS" start="2025-09-12T16:11:26.531675" elapsed="0.001180"/>
</kw>
<kw name="Skip If" owner="BuiltIn">
<arg>'${AUTH_TOKEN}' == '${EMPTY}'</arg>
<arg>Token não disponível</arg>
<doc>Skips the rest of the current test if the ``condition`` is True.</doc>
<status status="PASS" start="2025-09-12T16:11:26.533369" elapsed="0.000574"/>
</kw>
<kw name="GET On Session" owner="RequestsLibrary">
<msg time="2025-09-12T16:11:26.756366" level="INFO">GET Request : url=http://98.88.16.61:3000/produtos/dd7qQfsgUE6J8RVP 
 path_url=/produtos/dd7qQfsgUE6J8RVP 
 headers={'User-Agent': 'python-requests/2.32.5', 'Accept-Encoding': 'gzip, deflate', 'Accept': 'application/json', 'Connection': 'keep-alive', 'Content-Type': 'application/json'} 
 body=None 
 </msg>
<msg time="2025-09-12T16:11:26.756589" level="INFO">GET Response : url=http://98.88.16.61:3000/produtos/dd7qQfsgUE6J8RVP 
 status=200, reason=OK 
 headers={'Access-Control-Allow-Origin': '*', 'x-dns-prefetch-control': 'off', 'x-frame-options': 'SAMEORIGIN', 'strict-transport-security': 'max-age=15552000; includeSubDomains', 'x-download-options': 'noopen', 'x-content-type-options': 'nosniff', 'x-xss-protection': '1; mode=block', 'Content-Type': 'application/json; charset=utf-8', 'Content-Length': '157', 'Date': 'Fri, 12 Sep 2025 19:11:27 GMT', 'Connection': 'keep-alive', 'Keep-Alive': 'timeout=5'} 
 body={
    "nome": "Produto bsJuRFrE",
    "preco": 100,
    "descricao": "Produto para teste automatizado",
    "quantidade": 49,
    "_id": "dd7qQfsgUE6J8RVP"
} 
 </msg>
<msg time="2025-09-12T16:11:26.756881" level="INFO">${resp_produto_antes} = &lt;Response [200]&gt;</msg>
<var>${resp_produto_antes}</var>
<arg>booker</arg>
<arg>/produtos/${PRODUTO_ID}</arg>
<doc>Sends a GET request on a previously created HTTP Session.</doc>
<status status="PASS" start="2025-09-12T16:11:26.534402" elapsed="0.222539"/>
</kw>
<kw name="Get From Dictionary" owner="Collections">
<msg time="2025-09-12T16:11:26.758664" level="INFO">${estoque_antes} = 49</msg>
<var>${estoque_antes}</var>
<arg>${resp_produto_antes.json()}</arg>
<arg>quantidade</arg>
<doc>Returns a value from the given ``dictionary`` based on the given ``key``.</doc>
<status status="PASS" start="2025-09-12T16:11:26.757507" elapsed="0.001206"/>
</kw>
<kw name="Create Auth Headers" owner="keywords">
<kw name="Create Dictionary" owner="BuiltIn">
<msg time="2025-09-12T16:11:26.760095" level="INFO">&amp;{headers} = { Content-Type=application/json | Accept=application/json | Authorization=Bearer eyJhbGciOiJIUzI1NiIsInR5cCI6IkpXVCJ9.eyJlbWFpbCI6InFhdGVzdEBxYS5jb20uYnIiLCJwYXNzd29yZCI6InFhdGVzdGUiLCJpYXQiOjE3NTc3MD...</msg>
<var>&amp;{headers}</var>
<arg>Content-Type=application/json</arg>
<arg>Accept=application/json</arg>
<arg>Authorization=${token}</arg>
<doc>Creates and returns a dictionary based on the given ``items``.</doc>
<status status="PASS" start="2025-09-12T16:11:26.759677" elapsed="0.000466"/>
</kw>
<return>
<value>${headers}</value>
<status status="PASS" start="2025-09-12T16:11:26.760235" elapsed="0.000057"/>
</return>
<msg time="2025-09-12T16:11:26.760493" level="INFO">${headers} = {'Content-Type': 'application/json', 'Accept': 'application/json', 'Authorization': 'Bearer eyJhbGciOiJIUzI1NiIsInR5cCI6IkpXVCJ9.eyJlbWFpbCI6InFhdGVzdEBxYS5jb20uYnIiLCJwYXNzd29yZCI6InFhdGVzdGUiLCJpYXQ...</msg>
<var>${headers}</var>
<arg>${AUTH_TOKEN}</arg>
<doc>Cria headers com autenticação</doc>
<status status="PASS" start="2025-09-12T16:11:26.759196" elapsed="0.001338"/>
</kw>
<kw name="DELETE On Session" owner="RequestsLibrary">
<msg time="2025-09-12T16:11:26.963297" level="INFO">DELETE Request : url=http://98.88.16.61:3000/carrinhos/concluir-compra 
 path_url=/carrinhos/concluir-compra 
 headers={'User-Agent': 'python-requests/2.32.5', 'Accept-Encoding': 'gzip, deflate', 'Accept': 'application/json', 'Connection': 'keep-alive', 'Content-Type': 'application/json', 'Authorization': 'Bearer eyJhbGciOiJIUzI1NiIsInR5cCI6IkpXVCJ9.eyJlbWFpbCI6InFhdGVzdEBxYS5jb20uYnIiLCJwYXNzd29yZCI6InFhdGVzdGUiLCJpYXQiOjE3NTc3MDQyODYsImV4cCI6MTc1NzcwNDg4Nn0.iqAv3MS9gGrfEDwycXs8snHHtT9oEkct93yoqc-Cwc0', 'Content-Length': '0'} 
 body=None 
 </msg>
<msg time="2025-09-12T16:11:26.963442" level="INFO">DELETE Response : url=http://98.88.16.61:3000/carrinhos/concluir-compra 
 status=200, reason=OK 
 headers={'Access-Control-Allow-Origin': '*', 'x-dns-prefetch-control': 'off', 'x-frame-options': 'SAMEORIGIN', 'strict-transport-security': 'max-age=15552000; includeSubDomains', 'x-download-options': 'noopen', 'x-content-type-options': 'nosniff', 'x-xss-protection': '1; mode=block', 'Content-Type': 'application/json; charset=utf-8', 'Content-Length': '51', 'Date': 'Fri, 12 Sep 2025 19:11:28 GMT', 'Connection': 'keep-alive', 'Keep-Alive': 'timeout=5'} 
 body={
    "message": "Registro excluído com sucesso"
} 
 </msg>
<msg time="2025-09-12T16:11:26.963606" level="INFO">${resp} = &lt;Response [200]&gt;</msg>
<var>${resp}</var>
<arg>booker</arg>
<arg>/carrinhos/concluir-compra</arg>
<arg>headers=${headers}</arg>
<doc>Sends a DELETE request on a previously created HTTP Session.</doc>
<status status="PASS" start="2025-09-12T16:11:26.760926" elapsed="0.202710"/>
</kw>
<kw name="Should Be True" owner="BuiltIn">
<arg>${resp.status_code} in [200, 204]</arg>
<doc>Fails if the given condition is not true.</doc>
<status status="PASS" start="2025-09-12T16:11:26.963887" elapsed="0.000449"/>
</kw>
<kw name="DELETE On Session" owner="RequestsLibrary">
<msg time="2025-09-12T16:11:27.168887" level="INFO">DELETE Request : url=http://98.88.16.61:3000/carrinhos/cancelar-compra 
 path_url=/carrinhos/cancelar-compra 
 headers={'User-Agent': 'python-requests/2.32.5', 'Accept-Encoding': 'gzip, deflate', 'Accept': 'application/json', 'Connection': 'keep-alive', 'Content-Type': 'application/json', 'Authorization': 'Bearer eyJhbGciOiJIUzI1NiIsInR5cCI6IkpXVCJ9.eyJlbWFpbCI6InFhdGVzdEBxYS5jb20uYnIiLCJwYXNzd29yZCI6InFhdGVzdGUiLCJpYXQiOjE3NTc3MDQyODYsImV4cCI6MTc1NzcwNDg4Nn0.iqAv3MS9gGrfEDwycXs8snHHtT9oEkct93yoqc-Cwc0', 'Content-Length': '0'} 
 body=None 
 </msg>
<msg time="2025-09-12T16:11:27.169083" level="INFO">DELETE Response : url=http://98.88.16.61:3000/carrinhos/cancelar-compra 
 status=200, reason=OK 
 headers={'Access-Control-Allow-Origin': '*', 'x-dns-prefetch-control': 'off', 'x-frame-options': 'SAMEORIGIN', 'strict-transport-security': 'max-age=15552000; includeSubDomains', 'x-download-options': 'noopen', 'x-content-type-options': 'nosniff', 'x-xss-protection': '1; mode=block', 'Content-Type': 'application/json; charset=utf-8', 'Content-Length': '68', 'Date': 'Fri, 12 Sep 2025 19:11:28 GMT', 'Connection': 'keep-alive', 'Keep-Alive': 'timeout=5'} 
 body={
    "message": "Não foi encontrado carrinho para esse usuário"
} 
 </msg>
<msg time="2025-09-12T16:11:27.169251" level="INFO">${resp_cancelar} = &lt;Response [200]&gt;</msg>
<var>${resp_cancelar}</var>
<arg>booker</arg>
<arg>/carrinhos/cancelar-compra</arg>
<arg>headers=${headers}</arg>
<arg>expected_status=any</arg>
<doc>Sends a DELETE request on a previously created HTTP Session.</doc>
<status status="PASS" start="2025-09-12T16:11:26.964533" elapsed="0.204747"/>
</kw>
<kw name="Should Be True" owner="BuiltIn">
<arg>${resp_cancelar.status_code} in [200, 400]</arg>
<doc>Fails if the given condition is not true.</doc>
<status status="PASS" start="2025-09-12T16:11:27.169705" elapsed="0.000833"/>
</kw>
<doc>Exclusão do carrinho deve restaurar estoque dos produtos</doc>
<tag>C005</tag>
<tag>carrinhos</tag>
<tag>smoke</tag>
<status status="PASS" start="2025-09-12T16:11:26.530738" elapsed="0.640240"/>
</test>
<test id="s1-s1-s1-t6" name="C006 - Acesso sem autenticação" line="101">
<kw name="Generate Unique Name" owner="keywords">
<kw name="Generate Random String" owner="String">
<msg time="2025-09-12T16:11:27.173181" level="INFO">${uuid} = GQo8TdFi</msg>
<var>${uuid}</var>
<arg>8</arg>
<arg>[LETTERS][NUMBERS]</arg>
<doc>Generates a string with a desired ``length`` from the given ``chars``.</doc>
<status status="PASS" start="2025-09-12T16:11:27.172962" elapsed="0.000247"/>
</kw>
<kw name="Set Variable" owner="BuiltIn">
<msg time="2025-09-12T16:11:27.173439" level="INFO">${name} = Produto Carrinho GQo8TdFi</msg>
<var>${name}</var>
<arg>${prefix} ${uuid}</arg>
<doc>Returns the given values which can then be assigned to a variables.</doc>
<status status="PASS" start="2025-09-12T16:11:27.173301" elapsed="0.000164"/>
</kw>
<return>
<value>${name}</value>
<status status="PASS" start="2025-09-12T16:11:27.173521" elapsed="0.000047"/>
</return>
<msg time="2025-09-12T16:11:27.173672" level="INFO">${nome} = Produto Carrinho GQo8TdFi</msg>
<var>${nome}</var>
<arg>Produto Carrinho</arg>
<doc>Gera nome único usando UUID</doc>
<status status="PASS" start="2025-09-12T16:11:27.172622" elapsed="0.001069"/>
</kw>
<kw name="Create Dictionary" owner="BuiltIn">
<msg time="2025-09-12T16:11:27.174396" level="INFO">&amp;{produto_data} = { idProduto=507f1f77bcf86cd799439011 | quantidade=1 }</msg>
<var>&amp;{produto_data}</var>
<arg>idProduto=507f1f77bcf86cd799439011</arg>
<arg>quantidade=1</arg>
<doc>Creates and returns a dictionary based on the given ``items``.</doc>
<status status="PASS" start="2025-09-12T16:11:27.174001" elapsed="0.000436"/>
</kw>
<kw name="Create List" owner="BuiltIn">
<msg time="2025-09-12T16:11:27.175172" level="INFO">@{produtos_lista} = [ {'idProduto': '507f1f77bcf86cd799439011', 'quantidade': '1'} ]</msg>
<var>@{produtos_lista}</var>
<arg>${produto_data}</arg>
<doc>Returns a list containing given items.</doc>
<status status="PASS" start="2025-09-12T16:11:27.174932" elapsed="0.000268"/>
</kw>
<kw name="Create Dictionary" owner="BuiltIn">
<msg time="2025-09-12T16:11:27.175825" level="INFO">&amp;{carrinho_data} = { produtos=[{'idProduto': '507f1f77bcf86cd799439011', 'quantidade': '1'}] }</msg>
<var>&amp;{carrinho_data}</var>
<arg>produtos=${produtos_lista}</arg>
<doc>Creates and returns a dictionary based on the given ``items``.</doc>
<status status="PASS" start="2025-09-12T16:11:27.175593" elapsed="0.000260"/>
</kw>
<kw name="POST On Session" owner="RequestsLibrary">
<msg time="2025-09-12T16:11:27.387234" level="INFO">POST Request : url=http://98.88.16.61:3000/carrinhos 
 path_url=/carrinhos 
 headers={'User-Agent': 'python-requests/2.32.5', 'Accept-Encoding': 'gzip, deflate', 'Accept': 'application/json', 'Connection': 'keep-alive', 'Content-Type': 'application/json', 'Content-Length': '76'} 
 body=b'{"produtos": [{"idProduto": "507f1f77bcf86cd799439011", "quantidade": "1"}]}' 
 </msg>
<msg time="2025-09-12T16:11:27.387315" level="INFO">POST Response : url=http://98.88.16.61:3000/carrinhos 
 status=401, reason=Unauthorized 
 headers={'Access-Control-Allow-Origin': '*', 'x-dns-prefetch-control': 'off', 'x-frame-options': 'SAMEORIGIN', 'strict-transport-security': 'max-age=15552000; includeSubDomains', 'x-download-options': 'noopen', 'x-content-type-options': 'nosniff', 'x-xss-protection': '1; mode=block', 'Content-Type': 'application/json; charset=utf-8', 'Content-Length': '103', 'Date': 'Fri, 12 Sep 2025 19:11:28 GMT', 'Connection': 'keep-alive', 'Keep-Alive': 'timeout=5'} 
 body={
    "message": "Token de acesso ausente, inválido, expirado ou usuário do token não existe mais"
} 
 </msg>
<msg time="2025-09-12T16:11:27.387433" level="INFO">${resp} = &lt;Response [401]&gt;</msg>
<var>${resp}</var>
<arg>booker</arg>
<arg>/carrinhos</arg>
<arg>json=${carrinho_data}</arg>
<arg>expected_status=any</arg>
<doc>Sends a POST request on a previously created HTTP Session.</doc>
<status status="PASS" start="2025-09-12T16:11:27.176143" elapsed="0.211316"/>
</kw>
<kw name="Should Be Equal As Integers" owner="BuiltIn">
<msg time="2025-09-12T16:11:27.388418" level="INFO">Argument types are:
&lt;class 'int'&gt;
&lt;class 'str'&gt;</msg>
<arg>${resp.status_code}</arg>
<arg>401</arg>
<doc>Fails if objects are unequal after converting them to integers.</doc>
<status status="PASS" start="2025-09-12T16:11:27.387916" elapsed="0.000546"/>
</kw>
<kw name="Set Variable" owner="BuiltIn">
<msg time="2025-09-12T16:11:27.389148" level="INFO">${body} = {'message': 'Token de acesso ausente, inválido, expirado ou usuário do token não existe mais'}</msg>
<var>${body}</var>
<arg>${resp.json()}</arg>
<doc>Returns the given values which can then be assigned to a variables.</doc>
<status status="PASS" start="2025-09-12T16:11:27.388736" elapsed="0.000433"/>
</kw>
<kw name="Dictionary Should Contain Key" owner="Collections">
<arg>${body}</arg>
<arg>message</arg>
<doc>Fails if ``key`` is not found from ``dictionary``.</doc>
<status status="PASS" start="2025-09-12T16:11:27.389584" elapsed="0.000285"/>
</kw>
<kw name="Should Contain" owner="BuiltIn">
<arg>${body['message']}</arg>
<arg>Token de acesso ausente</arg>
<doc>Fails if ``container`` does not contain ``item`` one or more times.</doc>
<status status="PASS" start="2025-09-12T16:11:27.390046" elapsed="0.000430"/>
</kw>
<doc>Operações de carrinho sem token devem retornar 401</doc>
<tag>C006</tag>
<tag>carrinhos</tag>
<tag>negativo</tag>
<status status="PASS" start="2025-09-12T16:11:27.171864" elapsed="0.219060"/>
</test>
<kw name="Delete All Sessions" owner="RequestsLibrary" type="TEARDOWN">
<msg time="2025-09-12T16:11:27.392286" level="INFO">Deleting All Sessions</msg>
<doc>Removes all the session objects</doc>
<status status="PASS" start="2025-09-12T16:11:27.392189" elapsed="0.000162"/>
</kw>
<status status="PASS" start="2025-09-12T16:11:24.505283" elapsed="2.887095"/>
</suite>
<suite id="s1-s1-s2" name="Data Driven" source="C:\Users\ercli\IdeaProjects\COMPASS-UOL-PBAIJUN25\Documentos\Sprint 6\Semana 12\tests\suites\data_driven.robot">
<kw name="Create Session" owner="RequestsLibrary" type="SETUP">
<msg time="2025-09-12T16:11:27.399629" level="INFO">Creating Session using : alias=booker, url=http://98.88.16.61:3000, headers={'Content-Type': 'application/json', 'Accept': 'application/json'},                     cookies={}, auth=None, timeout=None, proxies=None, verify=False,                     debug=0 </msg>
<arg>booker</arg>
<arg>${BASE_URL}</arg>
<arg>headers=${BASE_HEADERS}</arg>
<doc>Create Session: create a HTTP session to a server</doc>
<status status="PASS" start="2025-09-12T16:11:27.399382" elapsed="0.000406"/>
</kw>
<test id="s1-s1-s2-t1" name="DD001 - Criar usuários com dados parametrizados" line="11">
<for flavor="IN">
<iter>
<kw name="Create User With Template">
<kw name="Split String" owner="String">
<msg time="2025-09-12T16:11:27.401264" level="INFO">@{user_parts} = [ João Silva | joao@teste.com | senha123 | false ]</msg>
<var>@{user_parts}</var>
<arg>${user_data_string}</arg>
<arg>|</arg>
<doc>Splits the ``string`` using ``separator`` as a delimiter string.</doc>
<status status="PASS" start="2025-09-12T16:11:27.401107" elapsed="0.000184"/>
</kw>
<kw name="Generate Unique Email" owner="keywords">
<kw name="Generate Random String" owner="String">
<msg time="2025-09-12T16:11:27.401752" level="INFO">${uuid} = rNmuhjnE</msg>
<var>${uuid}</var>
<arg>8</arg>
<arg>[LETTERS][NUMBERS]</arg>
<doc>Generates a string with a desired ``length`` from the given ``chars``.</doc>
<status status="PASS" start="2025-09-12T16:11:27.401586" elapsed="0.000185"/>
</kw>
<kw name="Set Variable" owner="BuiltIn">
<msg time="2025-09-12T16:11:27.401998" level="INFO">${email} = testerNmuhjnE@qa.com</msg>
<var>${email}</var>
<arg>teste${uuid}@qa.com</arg>
<doc>Returns the given values which can then be assigned to a variables.</doc>
<status status="PASS" start="2025-09-12T16:11:27.401869" elapsed="0.000152"/>
</kw>
<return>
<value>${email}</value>
<status status="PASS" start="2025-09-12T16:11:27.402059" elapsed="0.000031"/>
</return>
<msg time="2025-09-12T16:11:27.402186" level="INFO">${email} = testerNmuhjnE@qa.com</msg>
<var>${email}</var>
<doc>Gera email único usando UUID</doc>
<status status="PASS" start="2025-09-12T16:11:27.401429" elapsed="0.000774"/>
</kw>
<kw name="Create Dictionary" owner="BuiltIn">
<msg time="2025-09-12T16:11:27.402573" level="INFO">&amp;{user_data} = { nome=João Silva | email=testerNmuhjnE@qa.com | password=senha123 | administrador=false }</msg>
<var>&amp;{user_data}</var>
<arg>nome=${user_parts}[0]</arg>
<arg>email=${email}</arg>
<arg>password=${user_parts}[2]</arg>
<arg>administrador=${user_parts}[3]</arg>
<doc>Creates and returns a dictionary based on the given ``items``.</doc>
<status status="PASS" start="2025-09-12T16:11:27.402283" elapsed="0.000313"/>
</kw>
<kw name="POST On Session" owner="RequestsLibrary">
<msg time="2025-09-12T16:11:27.808488" level="INFO">POST Request : url=http://98.88.16.61:3000/usuarios 
 path_url=/usuarios 
 headers={'User-Agent': 'python-requests/2.32.5', 'Accept-Encoding': 'gzip, deflate', 'Accept': 'application/json', 'Connection': 'keep-alive', 'Content-Type': 'application/json', 'Content-Length': '110'} 
 body=b'{"nome": "Jo\\u00e3o Silva", "email": "testerNmuhjnE@qa.com", "password": "senha123", "administrador": "false"}' 
 </msg>
<msg time="2025-09-12T16:11:27.808605" level="INFO">POST Response : url=http://98.88.16.61:3000/usuarios 
 status=201, reason=Created 
 headers={'Access-Control-Allow-Origin': '*', 'x-dns-prefetch-control': 'off', 'x-frame-options': 'SAMEORIGIN', 'strict-transport-security': 'max-age=15552000; includeSubDomains', 'x-download-options': 'noopen', 'x-content-type-options': 'nosniff', 'x-xss-protection': '1; mode=block', 'Content-Type': 'application/json; charset=utf-8', 'Content-Length': '82', 'Date': 'Fri, 12 Sep 2025 19:11:28 GMT', 'Connection': 'keep-alive', 'Keep-Alive': 'timeout=5'} 
 body={
    "message": "Cadastro realizado com sucesso",
    "_id": "Nrm9njDm6npIKOKS"
} 
 </msg>
<msg time="2025-09-12T16:11:27.808763" level="INFO">${resp} = &lt;Response [201]&gt;</msg>
<var>${resp}</var>
<arg>booker</arg>
<arg>/usuarios</arg>
<arg>json=${user_data}</arg>
<doc>Sends a POST request on a previously created HTTP Session.</doc>
<status status="PASS" start="2025-09-12T16:11:27.402679" elapsed="0.406112"/>
</kw>
<kw name="Should Be Equal As Integers" owner="BuiltIn">
<msg time="2025-09-12T16:11:27.810417" level="INFO">Argument types are:
&lt;class 'int'&gt;
&lt;class 'str'&gt;</msg>
<arg>${resp.status_code}</arg>
<arg>201</arg>
<doc>Fails if objects are unequal after converting them to integers.</doc>
<status status="PASS" start="2025-09-12T16:11:27.808987" elapsed="0.001516"/>
</kw>
<kw name="Set Variable" owner="BuiltIn">
<msg time="2025-09-12T16:11:27.811376" level="INFO">${body} = {'message': 'Cadastro realizado com sucesso', '_id': 'Nrm9njDm6npIKOKS'}</msg>
<var>${body}</var>
<arg>${resp.json()}</arg>
<doc>Returns the given values which can then be assigned to a variables.</doc>
<status status="PASS" start="2025-09-12T16:11:27.810694" elapsed="0.000715"/>
</kw>
<kw name="Dictionary Should Contain Key" owner="Collections">
<arg>${body}</arg>
<arg>_id</arg>
<doc>Fails if ``key`` is not found from ``dictionary``.</doc>
<status status="PASS" start="2025-09-12T16:11:27.811536" elapsed="0.000182"/>
</kw>
<kw name="Dictionary Should Contain Key" owner="Collections">
<arg>${body}</arg>
<arg>message</arg>
<doc>Fails if ``key`` is not found from ``dictionary``.</doc>
<status status="PASS" start="2025-09-12T16:11:27.811854" elapsed="0.000139"/>
</kw>
<kw name="Get From Dictionary" owner="Collections">
<msg time="2025-09-12T16:11:27.812787" level="INFO">${user_id} = Nrm9njDm6npIKOKS</msg>
<var>${user_id}</var>
<arg>${resp.json()}</arg>
<arg>_id</arg>
<doc>Returns a value from the given ``dictionary`` based on the given ``key``.</doc>
<status status="PASS" start="2025-09-12T16:11:27.812155" elapsed="0.000669"/>
</kw>
<kw name="DELETE On Session" owner="RequestsLibrary">
<msg time="2025-09-12T16:11:28.095318" level="INFO">DELETE Request : url=http://98.88.16.61:3000/usuarios/Nrm9njDm6npIKOKS 
 path_url=/usuarios/Nrm9njDm6npIKOKS 
 headers={'User-Agent': 'python-requests/2.32.5', 'Accept-Encoding': 'gzip, deflate', 'Accept': 'application/json', 'Connection': 'keep-alive', 'Content-Type': 'application/json', 'Content-Length': '0'} 
 body=None 
 </msg>
<msg time="2025-09-12T16:11:28.095452" level="INFO">DELETE Response : url=http://98.88.16.61:3000/usuarios/Nrm9njDm6npIKOKS 
 status=200, reason=OK 
 headers={'Access-Control-Allow-Origin': '*', 'x-dns-prefetch-control': 'off', 'x-frame-options': 'SAMEORIGIN', 'strict-transport-security': 'max-age=15552000; includeSubDomains', 'x-download-options': 'noopen', 'x-content-type-options': 'nosniff', 'x-xss-protection': '1; mode=block', 'Content-Type': 'application/json; charset=utf-8', 'Content-Length': '51', 'Date': 'Fri, 12 Sep 2025 19:11:29 GMT', 'Connection': 'keep-alive', 'Keep-Alive': 'timeout=5'} 
 body={
    "message": "Registro excluído com sucesso"
} 
 </msg>
<arg>booker</arg>
<arg>/usuarios/${user_id}</arg>
<arg>expected_status=any</arg>
<doc>Sends a DELETE request on a previously created HTTP Session.</doc>
<status status="PASS" start="2025-09-12T16:11:27.812979" elapsed="0.282570"/>
</kw>
<arg>${user_data}</arg>
<status status="PASS" start="2025-09-12T16:11:27.400824" elapsed="0.694841"/>
</kw>
<var name="${user_data}">João Silva|joao@teste.com|senha123|false</var>
<status status="PASS" start="2025-09-12T16:11:27.400657" elapsed="0.695048"/>
</iter>
<iter>
<kw name="Create User With Template">
<kw name="Split String" owner="String">
<msg time="2025-09-12T16:11:28.096833" level="INFO">@{user_parts} = [ Maria Santos | maria@teste.com | senha456 | true ]</msg>
<var>@{user_parts}</var>
<arg>${user_data_string}</arg>
<arg>|</arg>
<doc>Splits the ``string`` using ``separator`` as a delimiter string.</doc>
<status status="PASS" start="2025-09-12T16:11:28.096586" elapsed="0.000287"/>
</kw>
<kw name="Generate Unique Email" owner="keywords">
<kw name="Generate Random String" owner="String">
<msg time="2025-09-12T16:11:28.097630" level="INFO">${uuid} = aUxotPgx</msg>
<var>${uuid}</var>
<arg>8</arg>
<arg>[LETTERS][NUMBERS]</arg>
<doc>Generates a string with a desired ``length`` from the given ``chars``.</doc>
<status status="PASS" start="2025-09-12T16:11:28.097366" elapsed="0.000295"/>
</kw>
<kw name="Set Variable" owner="BuiltIn">
<msg time="2025-09-12T16:11:28.097996" level="INFO">${email} = testeaUxotPgx@qa.com</msg>
<var>${email}</var>
<arg>teste${uuid}@qa.com</arg>
<doc>Returns the given values which can then be assigned to a variables.</doc>
<status status="PASS" start="2025-09-12T16:11:28.097800" elapsed="0.000322"/>
</kw>
<return>
<value>${email}</value>
<status status="PASS" start="2025-09-12T16:11:28.098189" elapsed="0.000078"/>
</return>
<msg time="2025-09-12T16:11:28.098424" level="INFO">${email} = testeaUxotPgx@qa.com</msg>
<var>${email}</var>
<doc>Gera email único usando UUID</doc>
<status status="PASS" start="2025-09-12T16:11:28.097081" elapsed="0.001371"/>
</kw>
<kw name="Create Dictionary" owner="BuiltIn">
<msg time="2025-09-12T16:11:28.099046" level="INFO">&amp;{user_data} = { nome=Maria Santos | email=testeaUxotPgx@qa.com | password=senha456 | administrador=true }</msg>
<var>&amp;{user_data}</var>
<arg>nome=${user_parts}[0]</arg>
<arg>email=${email}</arg>
<arg>password=${user_parts}[2]</arg>
<arg>administrador=${user_parts}[3]</arg>
<doc>Creates and returns a dictionary based on the given ``items``.</doc>
<status status="PASS" start="2025-09-12T16:11:28.098620" elapsed="0.000460"/>
</kw>
<kw name="POST On Session" owner="RequestsLibrary">
<msg time="2025-09-12T16:11:28.305499" level="INFO">POST Request : url=http://98.88.16.61:3000/usuarios 
 path_url=/usuarios 
 headers={'User-Agent': 'python-requests/2.32.5', 'Accept-Encoding': 'gzip, deflate', 'Accept': 'application/json', 'Connection': 'keep-alive', 'Content-Type': 'application/json', 'Content-Length': '106'} 
 body=b'{"nome": "Maria Santos", "email": "testeaUxotPgx@qa.com", "password": "senha456", "administrador": "true"}' 
 </msg>
<msg time="2025-09-12T16:11:28.305626" level="INFO">POST Response : url=http://98.88.16.61:3000/usuarios 
 status=201, reason=Created 
 headers={'Access-Control-Allow-Origin': '*', 'x-dns-prefetch-control': 'off', 'x-frame-options': 'SAMEORIGIN', 'strict-transport-security': 'max-age=15552000; includeSubDomains', 'x-download-options': 'noopen', 'x-content-type-options': 'nosniff', 'x-xss-protection': '1; mode=block', 'Content-Type': 'application/json; charset=utf-8', 'Content-Length': '82', 'Date': 'Fri, 12 Sep 2025 19:11:29 GMT', 'Connection': 'keep-alive', 'Keep-Alive': 'timeout=5'} 
 body={
    "message": "Cadastro realizado com sucesso",
    "_id": "xdTQC3fd9ZXkRute"
} 
 </msg>
<msg time="2025-09-12T16:11:28.305820" level="INFO">${resp} = &lt;Response [201]&gt;</msg>
<var>${resp}</var>
<arg>booker</arg>
<arg>/usuarios</arg>
<arg>json=${user_data}</arg>
<doc>Sends a POST request on a previously created HTTP Session.</doc>
<status status="PASS" start="2025-09-12T16:11:28.099261" elapsed="0.206599"/>
</kw>
<kw name="Should Be Equal As Integers" owner="BuiltIn">
<msg time="2025-09-12T16:11:28.306799" level="INFO">Argument types are:
&lt;class 'int'&gt;
&lt;class 'str'&gt;</msg>
<arg>${resp.status_code}</arg>
<arg>201</arg>
<doc>Fails if objects are unequal after converting them to integers.</doc>
<status status="PASS" start="2025-09-12T16:11:28.306071" elapsed="0.000817"/>
</kw>
<kw name="Set Variable" owner="BuiltIn">
<msg time="2025-09-12T16:11:28.307839" level="INFO">${body} = {'message': 'Cadastro realizado com sucesso', '_id': 'xdTQC3fd9ZXkRute'}</msg>
<var>${body}</var>
<arg>${resp.json()}</arg>
<doc>Returns the given values which can then be assigned to a variables.</doc>
<status status="PASS" start="2025-09-12T16:11:28.307081" elapsed="0.000804"/>
</kw>
<kw name="Dictionary Should Contain Key" owner="Collections">
<arg>${body}</arg>
<arg>_id</arg>
<doc>Fails if ``key`` is not found from ``dictionary``.</doc>
<status status="PASS" start="2025-09-12T16:11:28.308120" elapsed="0.000229"/>
</kw>
<kw name="Dictionary Should Contain Key" owner="Collections">
<arg>${body}</arg>
<arg>message</arg>
<doc>Fails if ``key`` is not found from ``dictionary``.</doc>
<status status="PASS" start="2025-09-12T16:11:28.308491" elapsed="0.000137"/>
</kw>
<kw name="Get From Dictionary" owner="Collections">
<msg time="2025-09-12T16:11:28.309308" level="INFO">${user_id} = xdTQC3fd9ZXkRute</msg>
<var>${user_id}</var>
<arg>${resp.json()}</arg>
<arg>_id</arg>
<doc>Returns a value from the given ``dictionary`` based on the given ``key``.</doc>
<status status="PASS" start="2025-09-12T16:11:28.308741" elapsed="0.000608"/>
</kw>
<kw name="DELETE On Session" owner="RequestsLibrary">
<msg time="2025-09-12T16:11:28.507503" level="INFO">DELETE Request : url=http://98.88.16.61:3000/usuarios/xdTQC3fd9ZXkRute 
 path_url=/usuarios/xdTQC3fd9ZXkRute 
 headers={'User-Agent': 'python-requests/2.32.5', 'Accept-Encoding': 'gzip, deflate', 'Accept': 'application/json', 'Connection': 'keep-alive', 'Content-Type': 'application/json', 'Content-Length': '0'} 
 body=None 
 </msg>
<msg time="2025-09-12T16:11:28.507652" level="INFO">DELETE Response : url=http://98.88.16.61:3000/usuarios/xdTQC3fd9ZXkRute 
 status=200, reason=OK 
 headers={'Access-Control-Allow-Origin': '*', 'x-dns-prefetch-control': 'off', 'x-frame-options': 'SAMEORIGIN', 'strict-transport-security': 'max-age=15552000; includeSubDomains', 'x-download-options': 'noopen', 'x-content-type-options': 'nosniff', 'x-xss-protection': '1; mode=block', 'Content-Type': 'application/json; charset=utf-8', 'Content-Length': '51', 'Date': 'Fri, 12 Sep 2025 19:11:29 GMT', 'Connection': 'keep-alive', 'Keep-Alive': 'timeout=5'} 
 body={
    "message": "Registro excluído com sucesso"
} 
 </msg>
<arg>booker</arg>
<arg>/usuarios/${user_id}</arg>
<arg>expected_status=any</arg>
<doc>Sends a DELETE request on a previously created HTTP Session.</doc>
<status status="PASS" start="2025-09-12T16:11:28.309515" elapsed="0.198235"/>
</kw>
<arg>${user_data}</arg>
<status status="PASS" start="2025-09-12T16:11:28.096156" elapsed="0.411698"/>
</kw>
<var name="${user_data}">Maria Santos|maria@teste.com|senha456|true</var>
<status status="PASS" start="2025-09-12T16:11:28.095902" elapsed="0.411988"/>
</iter>
<iter>
<kw name="Create User With Template">
<kw name="Split String" owner="String">
<msg time="2025-09-12T16:11:28.508966" level="INFO">@{user_parts} = [ Pedro Costa | pedro@teste.com | senha789 | false ]</msg>
<var>@{user_parts}</var>
<arg>${user_data_string}</arg>
<arg>|</arg>
<doc>Splits the ``string`` using ``separator`` as a delimiter string.</doc>
<status status="PASS" start="2025-09-12T16:11:28.508692" elapsed="0.000335"/>
</kw>
<kw name="Generate Unique Email" owner="keywords">
<kw name="Generate Random String" owner="String">
<msg time="2025-09-12T16:11:28.510671" level="INFO">${uuid} = fgVODxJn</msg>
<var>${uuid}</var>
<arg>8</arg>
<arg>[LETTERS][NUMBERS]</arg>
<doc>Generates a string with a desired ``length`` from the given ``chars``.</doc>
<status status="PASS" start="2025-09-12T16:11:28.509855" elapsed="0.000914"/>
</kw>
<kw name="Set Variable" owner="BuiltIn">
<msg time="2025-09-12T16:11:28.511443" level="INFO">${email} = testefgVODxJn@qa.com</msg>
<var>${email}</var>
<arg>teste${uuid}@qa.com</arg>
<doc>Returns the given values which can then be assigned to a variables.</doc>
<status status="PASS" start="2025-09-12T16:11:28.511072" elapsed="0.000431"/>
</kw>
<return>
<value>${email}</value>
<status status="PASS" start="2025-09-12T16:11:28.511701" elapsed="0.000137"/>
</return>
<msg time="2025-09-12T16:11:28.512272" level="INFO">${email} = testefgVODxJn@qa.com</msg>
<var>${email}</var>
<doc>Gera email único usando UUID</doc>
<status status="PASS" start="2025-09-12T16:11:28.509314" elapsed="0.003027"/>
</kw>
<kw name="Create Dictionary" owner="BuiltIn">
<msg time="2025-09-12T16:11:28.514901" level="INFO">&amp;{user_data} = { nome=Pedro Costa | email=testefgVODxJn@qa.com | password=senha789 | administrador=false }</msg>
<var>&amp;{user_data}</var>
<arg>nome=${user_parts}[0]</arg>
<arg>email=${email}</arg>
<arg>password=${user_parts}[2]</arg>
<arg>administrador=${user_parts}[3]</arg>
<doc>Creates and returns a dictionary based on the given ``items``.</doc>
<status status="PASS" start="2025-09-12T16:11:28.512847" elapsed="0.002248"/>
</kw>
<kw name="POST On Session" owner="RequestsLibrary">
<msg time="2025-09-12T16:11:28.725817" level="INFO">POST Request : url=http://98.88.16.61:3000/usuarios 
 path_url=/usuarios 
 headers={'User-Agent': 'python-requests/2.32.5', 'Accept-Encoding': 'gzip, deflate', 'Accept': 'application/json', 'Connection': 'keep-alive', 'Content-Type': 'application/json', 'Content-Length': '106'} 
 body=b'{"nome": "Pedro Costa", "email": "testefgVODxJn@qa.com", "password": "senha789", "administrador": "false"}' 
 </msg>
<msg time="2025-09-12T16:11:28.725980" level="INFO">POST Response : url=http://98.88.16.61:3000/usuarios 
 status=201, reason=Created 
 headers={'Access-Control-Allow-Origin': '*', 'x-dns-prefetch-control': 'off', 'x-frame-options': 'SAMEORIGIN', 'strict-transport-security': 'max-age=15552000; includeSubDomains', 'x-download-options': 'noopen', 'x-content-type-options': 'nosniff', 'x-xss-protection': '1; mode=block', 'Content-Type': 'application/json; charset=utf-8', 'Content-Length': '82', 'Date': 'Fri, 12 Sep 2025 19:11:29 GMT', 'Connection': 'keep-alive', 'Keep-Alive': 'timeout=5'} 
 body={
    "message": "Cadastro realizado com sucesso",
    "_id": "dXPx6wTD4AK7yma8"
} 
 </msg>
<msg time="2025-09-12T16:11:28.726227" level="INFO">${resp} = &lt;Response [201]&gt;</msg>
<var>${resp}</var>
<arg>booker</arg>
<arg>/usuarios</arg>
<arg>json=${user_data}</arg>
<doc>Sends a POST request on a previously created HTTP Session.</doc>
<status status="PASS" start="2025-09-12T16:11:28.515845" elapsed="0.210433"/>
</kw>
<kw name="Should Be Equal As Integers" owner="BuiltIn">
<msg time="2025-09-12T16:11:28.727546" level="INFO">Argument types are:
&lt;class 'int'&gt;
&lt;class 'str'&gt;</msg>
<arg>${resp.status_code}</arg>
<arg>201</arg>
<doc>Fails if objects are unequal after converting them to integers.</doc>
<status status="PASS" start="2025-09-12T16:11:28.726547" elapsed="0.001104"/>
</kw>
<kw name="Set Variable" owner="BuiltIn">
<msg time="2025-09-12T16:11:28.728649" level="INFO">${body} = {'message': 'Cadastro realizado com sucesso', '_id': 'dXPx6wTD4AK7yma8'}</msg>
<var>${body}</var>
<arg>${resp.json()}</arg>
<doc>Returns the given values which can then be assigned to a variables.</doc>
<status status="PASS" start="2025-09-12T16:11:28.727824" elapsed="0.000869"/>
</kw>
<kw name="Dictionary Should Contain Key" owner="Collections">
<arg>${body}</arg>
<arg>_id</arg>
<doc>Fails if ``key`` is not found from ``dictionary``.</doc>
<status status="PASS" start="2025-09-12T16:11:28.728860" elapsed="0.000227"/>
</kw>
<kw name="Dictionary Should Contain Key" owner="Collections">
<arg>${body}</arg>
<arg>message</arg>
<doc>Fails if ``key`` is not found from ``dictionary``.</doc>
<status status="PASS" start="2025-09-12T16:11:28.729285" elapsed="0.000187"/>
</kw>
<kw name="Get From Dictionary" owner="Collections">
<msg time="2025-09-12T16:11:28.730368" level="INFO">${user_id} = dXPx6wTD4AK7yma8</msg>
<var>${user_id}</var>
<arg>${resp.json()}</arg>
<arg>_id</arg>
<doc>Returns a value from the given ``dictionary`` based on the given ``key``.</doc>
<status status="PASS" start="2025-09-12T16:11:28.729612" elapsed="0.000797"/>
</kw>
<kw name="DELETE On Session" owner="RequestsLibrary">
<msg time="2025-09-12T16:11:28.932326" level="INFO">DELETE Request : url=http://98.88.16.61:3000/usuarios/dXPx6wTD4AK7yma8 
 path_url=/usuarios/dXPx6wTD4AK7yma8 
 headers={'User-Agent': 'python-requests/2.32.5', 'Accept-Encoding': 'gzip, deflate', 'Accept': 'application/json', 'Connection': 'keep-alive', 'Content-Type': 'application/json', 'Content-Length': '0'} 
 body=None 
 </msg>
<msg time="2025-09-12T16:11:28.932737" level="INFO">DELETE Response : url=http://98.88.16.61:3000/usuarios/dXPx6wTD4AK7yma8 
 status=200, reason=OK 
 headers={'Access-Control-Allow-Origin': '*', 'x-dns-prefetch-control': 'off', 'x-frame-options': 'SAMEORIGIN', 'strict-transport-security': 'max-age=15552000; includeSubDomains', 'x-download-options': 'noopen', 'x-content-type-options': 'nosniff', 'x-xss-protection': '1; mode=block', 'Content-Type': 'application/json; charset=utf-8', 'Content-Length': '51', 'Date': 'Fri, 12 Sep 2025 19:11:30 GMT', 'Connection': 'keep-alive', 'Keep-Alive': 'timeout=5'} 
 body={
    "message": "Registro excluído com sucesso"
} 
 </msg>
<arg>booker</arg>
<arg>/usuarios/${user_id}</arg>
<arg>expected_status=any</arg>
<doc>Sends a DELETE request on a previously created HTTP Session.</doc>
<status status="PASS" start="2025-09-12T16:11:28.730571" elapsed="0.202655"/>
</kw>
<arg>${user_data}</arg>
<status status="PASS" start="2025-09-12T16:11:28.508281" elapsed="0.425382"/>
</kw>
<var name="${user_data}">Pedro Costa|pedro@teste.com|senha789|false</var>
<status status="PASS" start="2025-09-12T16:11:28.508057" elapsed="0.425712"/>
</iter>
<var>${user_data}</var>
<value>@{USUARIOS_VALIDOS}</value>
<status status="PASS" start="2025-09-12T16:11:27.400520" elapsed="1.533328"/>
</for>
<doc>Testa criação de usuários usando dados parametrizados</doc>
<tag>data-driven</tag>
<tag>DD001</tag>
<tag>usuarios</tag>
<status status="PASS" start="2025-09-12T16:11:27.399967" elapsed="1.534506"/>
</test>
<test id="s1-s1-s2-t2" name="DD002 - Criar produtos com dados parametrizados" line="19">
<for flavor="IN">
<iter>
<kw name="Create Product With Template">
<kw name="Get Valid Auth Token" owner="keywords">
<kw name="Create Dictionary" owner="BuiltIn">
<msg time="2025-09-12T16:11:28.937321" level="INFO">&amp;{admin_user} = { nome=QA Test | email=qatest@qa.com.br | password=qateste | administrador=true }</msg>
<var>&amp;{admin_user}</var>
<arg>nome=QA Test</arg>
<arg>email=qatest@qa.com.br</arg>
<arg>password=qateste</arg>
<arg>administrador=true</arg>
<doc>Creates and returns a dictionary based on the given ``items``.</doc>
<status status="PASS" start="2025-09-12T16:11:28.937118" elapsed="0.000235"/>
</kw>
<kw name="POST On Session" owner="RequestsLibrary">
<msg time="2025-09-12T16:11:29.137312" level="INFO">POST Request : url=http://98.88.16.61:3000/usuarios 
 path_url=/usuarios 
 headers={'User-Agent': 'python-requests/2.32.5', 'Accept-Encoding': 'gzip, deflate', 'Accept': 'application/json', 'Connection': 'keep-alive', 'Content-Type': 'application/json', 'Content-Length': '96'} 
 body=b'{"nome": "QA Test", "email": "qatest@qa.com.br", "password": "qateste", "administrador": "true"}' 
 </msg>
<msg time="2025-09-12T16:11:29.137385" level="INFO">POST Response : url=http://98.88.16.61:3000/usuarios 
 status=400, reason=Bad Request 
 headers={'Access-Control-Allow-Origin': '*', 'x-dns-prefetch-control': 'off', 'x-frame-options': 'SAMEORIGIN', 'strict-transport-security': 'max-age=15552000; includeSubDomains', 'x-download-options': 'noopen', 'x-content-type-options': 'nosniff', 'x-xss-protection': '1; mode=block', 'Content-Type': 'application/json; charset=utf-8', 'Content-Length': '53', 'Date': 'Fri, 12 Sep 2025 19:11:30 GMT', 'Connection': 'keep-alive', 'Keep-Alive': 'timeout=5'} 
 body={
    "message": "Este email já está sendo usado"
} 
 </msg>
<msg time="2025-09-12T16:11:29.137506" level="INFO">${resp_user} = &lt;Response [400]&gt;</msg>
<var>${resp_user}</var>
<arg>booker</arg>
<arg>/usuarios</arg>
<arg>json=${admin_user}</arg>
<arg>expected_status=any</arg>
<doc>Sends a POST request on a previously created HTTP Session.</doc>
<status status="PASS" start="2025-09-12T16:11:28.937446" elapsed="0.200083"/>
</kw>
<kw name="Should Be True" owner="BuiltIn">
<arg>${resp_user.status_code} in [201, 400]</arg>
<doc>Fails if the given condition is not true.</doc>
<status status="PASS" start="2025-09-12T16:11:29.137652" elapsed="0.000425"/>
</kw>
<kw name="Create Dictionary" owner="BuiltIn">
<msg time="2025-09-12T16:11:29.138356" level="INFO">&amp;{login_data} = { email=qatest@qa.com.br | password=qateste }</msg>
<var>&amp;{login_data}</var>
<arg>email=qatest@qa.com.br</arg>
<arg>password=qateste</arg>
<doc>Creates and returns a dictionary based on the given ``items``.</doc>
<status status="PASS" start="2025-09-12T16:11:29.138194" elapsed="0.000183"/>
</kw>
<kw name="POST On Session" owner="RequestsLibrary">
<msg time="2025-09-12T16:11:29.347763" level="INFO">POST Request : url=http://98.88.16.61:3000/login 
 path_url=/login 
 headers={'User-Agent': 'python-requests/2.32.5', 'Accept-Encoding': 'gzip, deflate', 'Accept': 'application/json', 'Connection': 'keep-alive', 'Content-Type': 'application/json', 'Content-Length': '52'} 
 body=b'{"email": "qatest@qa.com.br", "password": "qateste"}' 
 </msg>
<msg time="2025-09-12T16:11:29.348038" level="INFO">POST Response : url=http://98.88.16.61:3000/login 
 status=200, reason=OK 
 headers={'Access-Control-Allow-Origin': '*', 'x-dns-prefetch-control': 'off', 'x-frame-options': 'SAMEORIGIN', 'strict-transport-security': 'max-age=15552000; includeSubDomains', 'x-download-options': 'noopen', 'x-content-type-options': 'nosniff', 'x-xss-protection': '1; mode=block', 'Content-Type': 'application/json; charset=utf-8', 'Content-Length': '272', 'Date': 'Fri, 12 Sep 2025 19:11:30 GMT', 'Connection': 'keep-alive', 'Keep-Alive': 'timeout=5'} 
 body={
    "message": "Login realizado com sucesso",
    "authorization": "Bearer eyJhbGciOiJIUzI1NiIsInR5cCI6IkpXVCJ9.eyJlbWFpbCI6InFhdGVzdEBxYS5jb20uYnIiLCJwYXNzd29yZCI6InFhdGVzdGUiLCJpYXQiOjE3NTc3MDQyOTAsImV4cCI6MTc1NzcwNDg5MH0.USHeCogkwLXSjd0sZ3FL5tv-Afb_wRxABspR9ThUPuk"
} 
 </msg>
<msg time="2025-09-12T16:11:29.348212" level="INFO">${resp} = &lt;Response [200]&gt;</msg>
<var>${resp}</var>
<arg>booker</arg>
<arg>/login</arg>
<arg>json=${login_data}</arg>
<doc>Sends a POST request on a previously created HTTP Session.</doc>
<status status="PASS" start="2025-09-12T16:11:29.138462" elapsed="0.209782"/>
</kw>
<kw name="Should Be Equal As Integers" owner="BuiltIn">
<msg time="2025-09-12T16:11:29.349289" level="INFO">Argument types are:
&lt;class 'int'&gt;
&lt;class 'str'&gt;</msg>
<arg>${resp.status_code}</arg>
<arg>200</arg>
<doc>Fails if objects are unequal after converting them to integers.</doc>
<status status="PASS" start="2025-09-12T16:11:29.348465" elapsed="0.000905"/>
</kw>
<kw name="Get From Dictionary" owner="Collections">
<msg time="2025-09-12T16:11:29.350318" level="INFO">${token} = Bearer eyJhbGciOiJIUzI1NiIsInR5cCI6IkpXVCJ9.eyJlbWFpbCI6InFhdGVzdEBxYS5jb20uYnIiLCJwYXNzd29yZCI6InFhdGVzdGUiLCJpYXQiOjE3NTc3MDQyOTAsImV4cCI6MTc1NzcwNDg5MH0.USHeCogkwLXSjd0sZ3FL5tv-Afb_wRxABspR9ThUPuk</msg>
<var>${token}</var>
<arg>${resp.json()}</arg>
<arg>authorization</arg>
<doc>Returns a value from the given ``dictionary`` based on the given ``key``.</doc>
<status status="PASS" start="2025-09-12T16:11:29.349546" elapsed="0.000820"/>
</kw>
<return>
<value>${token}</value>
<status status="PASS" start="2025-09-12T16:11:29.350459" elapsed="0.000061"/>
</return>
<msg time="2025-09-12T16:11:29.350693" level="INFO">${token} = Bearer eyJhbGciOiJIUzI1NiIsInR5cCI6IkpXVCJ9.eyJlbWFpbCI6InFhdGVzdEBxYS5jb20uYnIiLCJwYXNzd29yZCI6InFhdGVzdGUiLCJpYXQiOjE3NTc3MDQyOTAsImV4cCI6MTc1NzcwNDg5MH0.USHeCogkwLXSjd0sZ3FL5tv-Afb_wRxABspR9ThUPuk</msg>
<var>${token}</var>
<doc>Obtém token de autenticação válido usando usuário padrão</doc>
<status status="PASS" start="2025-09-12T16:11:28.936951" elapsed="0.413776"/>
</kw>
<kw name="Split String" owner="String">
<msg time="2025-09-12T16:11:29.351126" level="INFO">@{product_parts} = [ Notebook Dell | 2500 | Notebook para trabalho | 5 ]</msg>
<var>@{product_parts}</var>
<arg>${product_data_string}</arg>
<arg>|</arg>
<doc>Splits the ``string`` using ``separator`` as a delimiter string.</doc>
<status status="PASS" start="2025-09-12T16:11:29.350890" elapsed="0.000275"/>
</kw>
<kw name="Generate Unique Name" owner="keywords">
<kw name="Generate Random String" owner="String">
<msg time="2025-09-12T16:11:29.352100" level="INFO">${uuid} = 2TF0q15N</msg>
<var>${uuid}</var>
<arg>8</arg>
<arg>[LETTERS][NUMBERS]</arg>
<doc>Generates a string with a desired ``length`` from the given ``chars``.</doc>
<status status="PASS" start="2025-09-12T16:11:29.351820" elapsed="0.000314"/>
</kw>
<kw name="Set Variable" owner="BuiltIn">
<msg time="2025-09-12T16:11:29.352456" level="INFO">${name} = Notebook Dell 2TF0q15N</msg>
<var>${name}</var>
<arg>${prefix} ${uuid}</arg>
<doc>Returns the given values which can then be assigned to a variables.</doc>
<status status="PASS" start="2025-09-12T16:11:29.352263" elapsed="0.000220"/>
</kw>
<return>
<value>${name}</value>
<status status="PASS" start="2025-09-12T16:11:29.352537" elapsed="0.000045"/>
</return>
<msg time="2025-09-12T16:11:29.352712" level="INFO">${nome} = Notebook Dell 2TF0q15N</msg>
<var>${nome}</var>
<arg>${product_parts}[0]</arg>
<doc>Gera nome único usando UUID</doc>
<status status="PASS" start="2025-09-12T16:11:29.351409" elapsed="0.001341"/>
</kw>
<kw name="Create Dictionary" owner="BuiltIn">
<msg time="2025-09-12T16:11:29.353313" level="INFO">&amp;{product_data} = { nome=Notebook Dell 2TF0q15N | preco=2500 | descricao=Notebook para trabalho | quantidade=5 }</msg>
<var>&amp;{product_data}</var>
<arg>nome=${nome}</arg>
<arg>preco=${product_parts}[1]</arg>
<arg>descricao=${product_parts}[2]</arg>
<arg>quantidade=${product_parts}[3]</arg>
<doc>Creates and returns a dictionary based on the given ``items``.</doc>
<status status="PASS" start="2025-09-12T16:11:29.352888" elapsed="0.000455"/>
</kw>
<kw name="Create Auth Headers" owner="keywords">
<kw name="Create Dictionary" owner="BuiltIn">
<msg time="2025-09-12T16:11:29.354176" level="INFO">&amp;{headers} = { Content-Type=application/json | Accept=application/json | Authorization=Bearer eyJhbGciOiJIUzI1NiIsInR5cCI6IkpXVCJ9.eyJlbWFpbCI6InFhdGVzdEBxYS5jb20uYnIiLCJwYXNzd29yZCI6InFhdGVzdGUiLCJpYXQiOjE3NTc3MD...</msg>
<var>&amp;{headers}</var>
<arg>Content-Type=application/json</arg>
<arg>Accept=application/json</arg>
<arg>Authorization=${token}</arg>
<doc>Creates and returns a dictionary based on the given ``items``.</doc>
<status status="PASS" start="2025-09-12T16:11:29.353884" elapsed="0.000328"/>
</kw>
<return>
<value>${headers}</value>
<status status="PASS" start="2025-09-12T16:11:29.354283" elapsed="0.000047"/>
</return>
<msg time="2025-09-12T16:11:29.354479" level="INFO">${headers} = {'Content-Type': 'application/json', 'Accept': 'application/json', 'Authorization': 'Bearer eyJhbGciOiJIUzI1NiIsInR5cCI6IkpXVCJ9.eyJlbWFpbCI6InFhdGVzdEBxYS5jb20uYnIiLCJwYXNzd29yZCI6InFhdGVzdGUiLCJpYXQ...</msg>
<var>${headers}</var>
<arg>${token}</arg>
<doc>Cria headers com autenticação</doc>
<status status="PASS" start="2025-09-12T16:11:29.353552" elapsed="0.000956"/>
</kw>
<kw name="POST On Session" owner="RequestsLibrary">
<msg time="2025-09-12T16:11:29.557888" level="INFO">POST Request : url=http://98.88.16.61:3000/produtos 
 path_url=/produtos 
[...]
 body={
    "message": "Cadastro realizado com sucesso",
    "_id": "8nJt1olJMO1g5M35"
} 
 </msg>
<msg time="2025-09-12T16:11:43.726864" level="INFO">${resp_curta} = &lt;Response [201]&gt;</msg>
<var>${resp_curta}</var>
<arg>booker</arg>
<arg>/usuarios</arg>
<arg>json=${usuario_senha_curta}</arg>
<arg>expected_status=any</arg>
<doc>Sends a POST request on a previously created HTTP Session.</doc>
<status status="PASS" start="2025-09-12T16:11:43.518788" elapsed="0.208202"/>
</kw>
<kw name="Should Be Equal As Integers" owner="BuiltIn">
<msg time="2025-09-12T16:11:43.729198" level="INFO">Argument types are:
&lt;class 'int'&gt;
&lt;class 'str'&gt;</msg>
<msg time="2025-09-12T16:11:43.729563" level="FAIL">201 != 400</msg>
<arg>${resp_curta.status_code}</arg>
<arg>400</arg>
<doc>Fails if objects are unequal after converting them to integers.</doc>
<status status="FAIL" start="2025-09-12T16:11:43.727770" elapsed="0.002148">201 != 400</status>
</kw>
<kw name="Set Variable" owner="BuiltIn">
<var>${body_curta}</var>
<arg>${resp_curta.json()}</arg>
<doc>Returns the given values which can then be assigned to a variables.</doc>
<status status="NOT RUN" start="2025-09-12T16:11:43.730502" elapsed="0.000131"/>
</kw>
<kw name="Dictionary Should Contain Key" owner="Collections">
<arg>${body_curta}</arg>
<arg>password</arg>
<doc>Fails if ``key`` is not found from ``dictionary``.</doc>
<status status="NOT RUN" start="2025-09-12T16:11:43.731267" elapsed="0.000117"/>
</kw>
<kw name="Generate Unique Email" owner="keywords">
<var>${email2}</var>
<doc>Gera email único usando UUID</doc>
<status status="NOT RUN" start="2025-09-12T16:11:43.732473" elapsed="0.000085"/>
</kw>
<kw name="Create Dictionary" owner="BuiltIn">
<var>&amp;{usuario_senha_longa}</var>
<arg>nome=Usuario Senha Longa</arg>
<arg>email=${email2}</arg>
<arg>password=abcdefghijk</arg>
<arg>administrador=false</arg>
<doc>Creates and returns a dictionary based on the given ``items``.</doc>
<status status="NOT RUN" start="2025-09-12T16:11:43.733363" elapsed="0.000069"/>
</kw>
<kw name="POST On Session" owner="RequestsLibrary">
<var>${resp_longa}</var>
<arg>booker</arg>
<arg>/usuarios</arg>
<arg>json=${usuario_senha_longa}</arg>
<arg>expected_status=any</arg>
<doc>Sends a POST request on a previously created HTTP Session.</doc>
<status status="NOT RUN" start="2025-09-12T16:11:43.734011" elapsed="0.000071"/>
</kw>
<kw name="Should Be Equal As Integers" owner="BuiltIn">
<arg>${resp_longa.status_code}</arg>
<arg>400</arg>
<doc>Fails if objects are unequal after converting them to integers.</doc>
<status status="NOT RUN" start="2025-09-12T16:11:43.735075" elapsed="0.000081"/>
</kw>
<kw name="Set Variable" owner="BuiltIn">
<var>${body_longa}</var>
<arg>${resp_longa.json()}</arg>
<doc>Returns the given values which can then be assigned to a variables.</doc>
<status status="NOT RUN" start="2025-09-12T16:11:43.735723" elapsed="0.000077"/>
</kw>
<kw name="Dictionary Should Contain Key" owner="Collections">
<arg>${body_longa}</arg>
<arg>password</arg>
<doc>Fails if ``key`` is not found from ``dictionary``.</doc>
<status status="NOT RUN" start="2025-09-12T16:11:43.736563" elapsed="0.000078"/>
</kw>
<doc>Validar senha com menos de 5 e mais de 10 caracteres</doc>
<tag>negativo</tag>
<tag>U004</tag>
<tag>usuarios</tag>
<status status="FAIL" start="2025-09-12T16:11:43.512664" elapsed="0.224748">201 != 400</status>
</test>
<test id="s1-s1-s7-t8" name="U005 - PUT cria quando ID não existe" line="154">
<kw name="Set Variable" owner="BuiltIn">
<msg time="2025-09-12T16:11:43.742256" level="INFO">${id_inexistente} = 507f1f77bcf86cd799439011</msg>
<var>${id_inexistente}</var>
<arg>507f1f77bcf86cd799439011</arg>
<doc>Returns the given values which can then be assigned to a variables.</doc>
<status status="PASS" start="2025-09-12T16:11:43.741770" elapsed="0.000580"/>
</kw>
<kw name="Generate Unique Email" owner="keywords">
<kw name="Generate Random String" owner="String">
<msg time="2025-09-12T16:11:43.744477" level="INFO">${uuid} = wSXi0I2F</msg>
<var>${uuid}</var>
<arg>8</arg>
<arg>[LETTERS][NUMBERS]</arg>
<doc>Generates a string with a desired ``length`` from the given ``chars``.</doc>
<status status="PASS" start="2025-09-12T16:11:43.743754" elapsed="0.000807"/>
</kw>
<kw name="Set Variable" owner="BuiltIn">
<msg time="2025-09-12T16:11:43.746316" level="INFO">${email} = testewSXi0I2F@qa.com</msg>
<var>${email}</var>
<arg>teste${uuid}@qa.com</arg>
<doc>Returns the given values which can then be assigned to a variables.</doc>
<status status="PASS" start="2025-09-12T16:11:43.744876" elapsed="0.001556"/>
</kw>
<return>
<value>${email}</value>
<status status="PASS" start="2025-09-12T16:11:43.746847" elapsed="0.000198"/>
</return>
<msg time="2025-09-12T16:11:43.747983" level="INFO">${email} = testewSXi0I2F@qa.com</msg>
<var>${email}</var>
<doc>Gera email único usando UUID</doc>
<status status="PASS" start="2025-09-12T16:11:43.743117" elapsed="0.004949"/>
</kw>
<kw name="Generate Unique Name" owner="keywords">
<kw name="Generate Random String" owner="String">
<msg time="2025-09-12T16:11:43.750699" level="INFO">${uuid} = h3fy6Xiv</msg>
<var>${uuid}</var>
<arg>8</arg>
<arg>[LETTERS][NUMBERS]</arg>
<doc>Generates a string with a desired ``length`` from the given ``chars``.</doc>
<status status="PASS" start="2025-09-12T16:11:43.749930" elapsed="0.000870"/>
</kw>
<kw name="Set Variable" owner="BuiltIn">
<msg time="2025-09-12T16:11:43.751745" level="INFO">${name} = Usuario PUT h3fy6Xiv</msg>
<var>${name}</var>
<arg>${prefix} ${uuid}</arg>
<doc>Returns the given values which can then be assigned to a variables.</doc>
<status status="PASS" start="2025-09-12T16:11:43.751192" elapsed="0.000635"/>
</kw>
<return>
<value>${name}</value>
<status status="PASS" start="2025-09-12T16:11:43.751980" elapsed="0.000102"/>
</return>
<msg time="2025-09-12T16:11:43.752516" level="INFO">${nome} = Usuario PUT h3fy6Xiv</msg>
<var>${nome}</var>
<arg>Usuario PUT</arg>
<doc>Gera nome único usando UUID</doc>
<status status="PASS" start="2025-09-12T16:11:43.749026" elapsed="0.003571"/>
</kw>
<kw name="Create Dictionary" owner="BuiltIn">
<msg time="2025-09-12T16:11:43.754383" level="INFO">&amp;{usuario_put} = { nome=Usuario PUT h3fy6Xiv | email=testewSXi0I2F@qa.com | password=teste123 | administrador=false }</msg>
<var>&amp;{usuario_put}</var>
<arg>nome=${nome}</arg>
<arg>email=${email}</arg>
<arg>password=teste123</arg>
<arg>administrador=false</arg>
<doc>Creates and returns a dictionary based on the given ``items``.</doc>
<status status="PASS" start="2025-09-12T16:11:43.753365" elapsed="0.001120"/>
</kw>
<kw name="PUT On Session" owner="RequestsLibrary">
<msg time="2025-09-12T16:11:43.958280" level="INFO">PUT Request : url=http://98.88.16.61:3000/usuarios/507f1f77bcf86cd799439011 
 path_url=/usuarios/507f1f77bcf86cd799439011 
 headers={'User-Agent': 'python-requests/2.32.5', 'Accept-Encoding': 'gzip, deflate', 'Accept': 'application/json', 'Connection': 'keep-alive', 'Content-Type': 'application/json', 'Content-Length': '115'} 
 body=b'{"nome": "Usuario PUT h3fy6Xiv", "email": "testewSXi0I2F@qa.com", "password": "teste123", "administrador": "false"}' 
 </msg>
<msg time="2025-09-12T16:11:43.958453" level="INFO">PUT Response : url=http://98.88.16.61:3000/usuarios/507f1f77bcf86cd799439011 
 status=201, reason=Created 
 headers={'Access-Control-Allow-Origin': '*', 'x-dns-prefetch-control': 'off', 'x-frame-options': 'SAMEORIGIN', 'strict-transport-security': 'max-age=15552000; includeSubDomains', 'x-download-options': 'noopen', 'x-content-type-options': 'nosniff', 'x-xss-protection': '1; mode=block', 'Content-Type': 'application/json; charset=utf-8', 'Content-Length': '82', 'Date': 'Fri, 12 Sep 2025 19:11:45 GMT', 'Connection': 'keep-alive', 'Keep-Alive': 'timeout=5'} 
 body={
    "message": "Cadastro realizado com sucesso",
    "_id": "DLzugiRxmeaoWthj"
} 
 </msg>
<msg time="2025-09-12T16:11:43.958683" level="INFO">${resp} = &lt;Response [201]&gt;</msg>
<var>${resp}</var>
<arg>booker</arg>
<arg>/usuarios/${id_inexistente}</arg>
<arg>json=${usuario_put}</arg>
<doc>Sends a PUT request on a previously created HTTP Session.</doc>
<status status="PASS" start="2025-09-12T16:11:43.755305" elapsed="0.203434"/>
</kw>
<kw name="Should Be True" owner="BuiltIn">
<arg>${resp.status_code} in [200, 201]</arg>
<doc>Fails if the given condition is not true.</doc>
<status status="PASS" start="2025-09-12T16:11:43.959498" elapsed="0.001226"/>
</kw>
<kw name="Set Variable" owner="BuiltIn">
<msg time="2025-09-12T16:11:43.963054" level="INFO">${body} = {'message': 'Cadastro realizado com sucesso', '_id': 'DLzugiRxmeaoWthj'}</msg>
<var>${body}</var>
<arg>${resp.json()}</arg>
<doc>Returns the given values which can then be assigned to a variables.</doc>
<status status="PASS" start="2025-09-12T16:11:43.961415" elapsed="0.001708"/>
</kw>
<kw name="Dictionary Should Contain Key" owner="Collections">
<arg>${body}</arg>
<arg>message</arg>
<doc>Fails if ``key`` is not found from ``dictionary``.</doc>
<status status="PASS" start="2025-09-12T16:11:43.963581" elapsed="0.000326"/>
</kw>
<kw name="DELETE On Session" owner="RequestsLibrary">
<msg time="2025-09-12T16:11:44.166931" level="INFO">DELETE Request : url=http://98.88.16.61:3000/usuarios/507f1f77bcf86cd799439011 
 path_url=/usuarios/507f1f77bcf86cd799439011 
 headers={'User-Agent': 'python-requests/2.32.5', 'Accept-Encoding': 'gzip, deflate', 'Accept': 'application/json', 'Connection': 'keep-alive', 'Content-Type': 'application/json', 'Content-Length': '0'} 
 body=None 
 </msg>
<msg time="2025-09-12T16:11:44.167104" level="INFO">DELETE Response : url=http://98.88.16.61:3000/usuarios/507f1f77bcf86cd799439011 
 status=200, reason=OK 
 headers={'Access-Control-Allow-Origin': '*', 'x-dns-prefetch-control': 'off', 'x-frame-options': 'SAMEORIGIN', 'strict-transport-security': 'max-age=15552000; includeSubDomains', 'x-download-options': 'noopen', 'x-content-type-options': 'nosniff', 'x-xss-protection': '1; mode=block', 'Content-Type': 'application/json; charset=utf-8', 'Content-Length': '46', 'Date': 'Fri, 12 Sep 2025 19:11:45 GMT', 'Connection': 'keep-alive', 'Keep-Alive': 'timeout=5'} 
 body={
    "message": "Nenhum registro excluído"
} 
 </msg>
<arg>booker</arg>
<arg>/usuarios/${id_inexistente}</arg>
<arg>expected_status=any</arg>
<doc>Sends a DELETE request on a previously created HTTP Session.</doc>
<status status="PASS" start="2025-09-12T16:11:43.964330" elapsed="0.203056"/>
</kw>
<doc>PUT em ID inexistente deve criar novo usuário</doc>
<tag>smoke</tag>
<tag>U005</tag>
<tag>usuarios</tag>
<status status="PASS" start="2025-09-12T16:11:43.739109" elapsed="0.429345"/>
</test>
<test id="s1-s1-s7-t9" name="U007 - Impedir operações com usuário inexistente" line="175">
<kw name="Set Variable" owner="BuiltIn">
<msg time="2025-09-12T16:11:44.172330" level="INFO">${id_inexistente} = 507f1f77bcf86cd799439012</msg>
<var>${id_inexistente}</var>
<arg>507f1f77bcf86cd799439012</arg>
<doc>Returns the given values which can then be assigned to a variables.</doc>
<status status="PASS" start="2025-09-12T16:11:44.171850" elapsed="0.000555"/>
</kw>
<kw name="GET On Session" owner="RequestsLibrary">
<msg time="2025-09-12T16:11:44.380702" level="INFO">GET Request : url=http://98.88.16.61:3000/usuarios/507f1f77bcf86cd799439012 
 path_url=/usuarios/507f1f77bcf86cd799439012 
 headers={'User-Agent': 'python-requests/2.32.5', 'Accept-Encoding': 'gzip, deflate', 'Accept': 'application/json', 'Connection': 'keep-alive', 'Content-Type': 'application/json'} 
 body=None 
 </msg>
<msg time="2025-09-12T16:11:44.380848" level="INFO">GET Response : url=http://98.88.16.61:3000/usuarios/507f1f77bcf86cd799439012 
 status=400, reason=Bad Request 
 headers={'Access-Control-Allow-Origin': '*', 'x-dns-prefetch-control': 'off', 'x-frame-options': 'SAMEORIGIN', 'strict-transport-security': 'max-age=15552000; includeSubDomains', 'x-download-options': 'noopen', 'x-content-type-options': 'nosniff', 'x-xss-protection': '1; mode=block', 'Content-Type': 'application/json; charset=utf-8', 'Content-Length': '67', 'Date': 'Fri, 12 Sep 2025 19:11:45 GMT', 'Connection': 'keep-alive', 'Keep-Alive': 'timeout=5'} 
 body={
    "id": "id deve ter exatamente 16 caracteres alfanuméricos"
} 
 </msg>
<msg time="2025-09-12T16:11:44.381128" level="INFO">${resp_get} = &lt;Response [400]&gt;</msg>
<var>${resp_get}</var>
<arg>booker</arg>
<arg>/usuarios/${id_inexistente}</arg>
<arg>expected_status=any</arg>
<doc>Sends a GET request on a previously created HTTP Session.</doc>
<status status="PASS" start="2025-09-12T16:11:44.173280" elapsed="0.207916"/>
</kw>
<kw name="Should Be Equal As Integers" owner="BuiltIn">
<msg time="2025-09-12T16:11:44.382853" level="INFO">Argument types are:
&lt;class 'int'&gt;
&lt;class 'str'&gt;</msg>
<arg>${resp_get.status_code}</arg>
<arg>400</arg>
<doc>Fails if objects are unequal after converting them to integers.</doc>
<status status="PASS" start="2025-09-12T16:11:44.381771" elapsed="0.001217"/>
</kw>
<kw name="Set Variable" owner="BuiltIn">
<msg time="2025-09-12T16:11:44.384626" level="INFO">${body_get} = {'id': 'id deve ter exatamente 16 caracteres alfanuméricos'}</msg>
<var>${body_get}</var>
<arg>${resp_get.json()}</arg>
<doc>Returns the given values which can then be assigned to a variables.</doc>
<status status="PASS" start="2025-09-12T16:11:44.383446" elapsed="0.001245"/>
</kw>
<kw name="Dictionary Should Contain Key" owner="Collections">
<msg time="2025-09-12T16:11:44.385670" level="FAIL">Dictionary does not contain key 'message'.</msg>
<arg>${body_get}</arg>
<arg>message</arg>
<doc>Fails if ``key`` is not found from ``dictionary``.</doc>
<status status="FAIL" start="2025-09-12T16:11:44.385215" elapsed="0.000591">Dictionary does not contain key 'message'.</status>
</kw>
<kw name="Should Contain" owner="BuiltIn">
<arg>${body_get['message']}</arg>
<arg>não encontrado</arg>
<doc>Fails if ``container`` does not contain ``item`` one or more times.</doc>
<status status="NOT RUN" start="2025-09-12T16:11:44.386106" elapsed="0.000033"/>
</kw>
<kw name="DELETE On Session" owner="RequestsLibrary">
<var>${resp_del}</var>
<arg>booker</arg>
<arg>/usuarios/${id_inexistente}</arg>
<arg>expected_status=any</arg>
<doc>Sends a DELETE request on a previously created HTTP Session.</doc>
<status status="NOT RUN" start="2025-09-12T16:11:44.386465" elapsed="0.000053"/>
</kw>
<kw name="Should Be Equal As Integers" owner="BuiltIn">
<arg>${resp_del.status_code}</arg>
<arg>200</arg>
<doc>Fails if objects are unequal after converting them to integers.</doc>
<status status="NOT RUN" start="2025-09-12T16:11:44.386960" elapsed="0.000039"/>
</kw>
<kw name="Set Variable" owner="BuiltIn">
<var>${body_del}</var>
<arg>${resp_del.json()}</arg>
<doc>Returns the given values which can then be assigned to a variables.</doc>
<status status="NOT RUN" start="2025-09-12T16:11:44.387258" elapsed="0.000046"/>
</kw>
<kw name="Run Keyword And Return Status" owner="BuiltIn">
<var>${has_message}</var>
<arg>Dictionary Should Contain Key</arg>
<arg>${body_del}</arg>
<arg>message</arg>
<doc>Runs the given keyword with given arguments and returns the status as a Boolean value.</doc>
<status status="NOT RUN" start="2025-09-12T16:11:44.387872" elapsed="0.000029"/>
</kw>
<kw name="Run Keyword If" owner="BuiltIn">
<arg>${has_message}</arg>
<arg>Should Contain</arg>
<arg>${body_del['message']}</arg>
<arg>não encontrado</arg>
<arg>ELSE</arg>
<arg>Log</arg>
<arg>Resposta sem campo message: ${body_del}</arg>
<doc>Runs the given keyword with the given arguments, if ``condition`` is true.</doc>
<status status="NOT RUN" start="2025-09-12T16:11:44.388115" elapsed="0.000025"/>
</kw>
<doc>Operações com ID inexistente devem retornar 400</doc>
<tag>negativo</tag>
<tag>U007</tag>
<tag>usuarios</tag>
<status status="FAIL" start="2025-09-12T16:11:44.169960" elapsed="0.218445">Dictionary does not contain key 'message'.</status>
</test>
<kw name="Delete All Sessions" owner="RequestsLibrary" type="TEARDOWN">
<msg time="2025-09-12T16:11:44.390682" level="INFO">Deleting All Sessions</msg>
<doc>Removes all the session objects</doc>
<status status="PASS" start="2025-09-12T16:11:44.390465" elapsed="0.000354"/>
</kw>
<status status="FAIL" start="2025-09-12T16:11:41.376161" elapsed="3.014738"/>
</suite>
<status status="FAIL" start="2025-09-12T16:11:24.503999" elapsed="19.888382"/>
</suite>
<status status="FAIL" start="2025-09-12T16:11:24.473333" elapsed="19.921317"/>
</suite>
<statistics>
<total>
<stat pass="33" fail="4" skip="0">All Tests</stat>
</total>
<tag>
<stat pass="1" fail="0" skip="0">C001</stat>
<stat pass="1" fail="0" skip="0">C002</stat>
<stat pass="1" fail="0" skip="0">C003</stat>
<stat pass="1" fail="0" skip="0">C004</stat>
<stat pass="1" fail="0" skip="0">C005</stat>
<stat pass="1" fail="0" skip="0">C006</stat>
<stat pass="6" fail="0" skip="0">carrinhos</stat>
<stat pass="1" fail="0" skip="0">cleanup</stat>
<stat pass="2" fail="0" skip="0">data-driven</stat>
<stat pass="1" fail="0" skip="0">DD001</stat>
<stat pass="1" fail="0" skip="0">DD002</stat>
<stat pass="1" fail="0" skip="0">DD003</stat>
<stat pass="1" fail="0" skip="0">H001</stat>
<stat pass="1" fail="0" skip="0">H002</stat>
<stat pass="2" fail="0" skip="0">health</stat>
<stat pass="1" fail="0" skip="0">I001</stat>
<stat pass="1" fail="0" skip="0">I002</stat>
<stat pass="1" fail="0" skip="0">I003</stat>
<stat pass="2" fail="0" skip="0">integration</stat>
<stat pass="1" fail="0" skip="0">L001</stat>
<stat pass="1" fail="0" skip="0">L002</stat>
<stat pass="1" fail="0" skip="0">L003</stat>
<stat pass="1" fail="0" skip="0">L004</stat>
<stat pass="1" fail="0" skip="0">L005</stat>
<stat pass="5" fail="0" skip="0">login</stat>
<stat pass="10" fail="3" skip="0">negativo</stat>
<stat pass="1" fail="0" skip="0">P001</stat>
<stat pass="1" fail="0" skip="0">P002</stat>
<stat pass="0" fail="1" skip="0">P003</stat>
<stat pass="1" fail="0" skip="0">P004</stat>
<stat pass="1" fail="0" skip="0">P005</stat>
<stat pass="0" fail="1" skip="0">P006</stat>
<stat pass="1" fail="0" skip="0">P007</stat>
<stat pass="1" fail="0" skip="0">P008</stat>
<stat pass="2" fail="0" skip="0">performance</stat>
<stat pass="7" fail="2" skip="0">produtos</stat>
<stat pass="1" fail="0" skip="0">setup</stat>
<stat pass="17" fail="1" skip="0">smoke</stat>
<stat pass="1" fail="0" skip="0">U001</stat>
<stat pass="1" fail="0" skip="0">U002</stat>
<stat pass="1" fail="0" skip="0">U003</stat>
<stat pass="0" fail="1" skip="0">U004</stat>
<stat pass="1" fail="0" skip="0">U005</stat>
<stat pass="1" fail="0" skip="0">U006</stat>
<stat pass="0" fail="1" skip="0">U007</stat>
<stat pass="1" fail="0" skip="0">U008</stat>
<stat pass="1" fail="0" skip="0">U009</stat>
<stat pass="8" fail="2" skip="0">usuarios</stat>
</tag>
<suite>
<stat name="Tests" id="s1" pass="33" fail="4" skip="0">Tests</stat>
<stat name="Suites" id="s1-s1" pass="33" fail="4" skip="0">Tests.Suites</stat>
<stat name="Carrinhos" id="s1-s1-s1" pass="6" fail="0" skip="0">Tests.Suites.Carrinhos</stat>
<stat name="Data Driven" id="s1-s1-s2" pass="3" fail="0" skip="0">Tests.Suites.Data Driven</stat>
<stat name="Health" id="s1-s1-s3" pass="2" fail="0" skip="0">Tests.Suites.Health</stat>
<stat name="Integracao" id="s1-s1-s4" pass="3" fail="0" skip="0">Tests.Suites.Integracao</stat>
<stat name="Login" id="s1-s1-s5" pass="6" fail="0" skip="0">Tests.Suites.Login</stat>
<stat name="Produtos" id="s1-s1-s6" pass="6" fail="2" skip="0">Tests.Suites.Produtos</stat>
<stat name="Usuarios" id="s1-s1-s7" pass="7" fail="2" skip="0">Tests.Suites.Usuarios</stat>
</suite>
</statistics>
<errors>
</errors>
</robot>
