<?xml version="1.0" encoding="UTF-8"?>
<robot generator="Robot 7.3.2 (Python 3.13.2 on win32)" generated="2025-09-12T11:06:24.710090" rpa="false" schemaversion="5">
<suite id="s1" name="Suites" source="c:\Users\ercli\IdeaProjects\COMPASS-UOL-PBAIJUN25\Documentos\Sprint 6\Semana 12\tests\suites">
<suite id="s1-s1" name="Carrinhos" source="c:\Users\ercli\IdeaProjects\COMPASS-UOL-PBAIJUN25\Documentos\Sprint 6\Semana 12\tests\suites\carrinhos.robot">
<kw name="Create Session" owner="RequestsLibrary" type="SETUP">
<msg time="2025-09-12T11:06:24.862060" level="INFO">Creating Session using : alias=booker, url=http://100.24.7.218:3000, headers={'Content-Type': 'application/json', 'Accept': 'application/json'},                     cookies={}, auth=None, timeout=None, proxies=None, verify=False,                     debug=0 </msg>
<arg>booker</arg>
<arg>${BASE_URL}</arg>
<arg>headers=${BASE_HEADERS}</arg>
<doc>Create Session: create a HTTP session to a server</doc>
<status status="PASS" start="2025-09-12T11:06:24.861782" elapsed="0.000494"/>
</kw>
<test id="s1-s1-t1" name="C001 - Criar carrinho com produto existente" line="15">
<kw name="Get Auth Token" owner="keywords">
<kw name="Get Valid Auth Token" owner="keywords">
<kw name="Create Dictionary" owner="BuiltIn">
<msg time="2025-09-12T11:06:24.863486" level="INFO">&amp;{admin_user} = { nome=QA Test | email=qatest@qa.com.br | password=qateste | administrador=true }</msg>
<var>&amp;{admin_user}</var>
<arg>nome=QA Test</arg>
<arg>email=qatest@qa.com.br</arg>
<arg>password=qateste</arg>
<arg>administrador=true</arg>
<doc>Creates and returns a dictionary based on the given ``items``.</doc>
<status status="PASS" start="2025-09-12T11:06:24.863284" elapsed="0.000232"/>
</kw>
<kw name="POST On Session" owner="RequestsLibrary">
<msg time="2025-09-12T11:06:25.230717" level="INFO">POST Request : url=http://100.24.7.218:3000/usuarios 
 path_url=/usuarios 
 headers={'User-Agent': 'python-requests/2.32.5', 'Accept-Encoding': 'gzip, deflate', 'Accept': 'application/json', 'Connection': 'keep-alive', 'Content-Type': 'application/json', 'Content-Length': '96'} 
 body=b'{"nome": "QA Test", "email": "qatest@qa.com.br", "password": "qateste", "administrador": "true"}' 
 </msg>
<msg time="2025-09-12T11:06:25.230948" level="INFO">POST Response : url=http://100.24.7.218:3000/usuarios 
 status=400, reason=Bad Request 
 headers={'Access-Control-Allow-Origin': '*', 'x-dns-prefetch-control': 'off', 'x-frame-options': 'SAMEORIGIN', 'strict-transport-security': 'max-age=15552000; includeSubDomains', 'x-download-options': 'noopen', 'x-content-type-options': 'nosniff', 'x-xss-protection': '1; mode=block', 'Content-Type': 'application/json; charset=utf-8', 'Content-Length': '53', 'Date': 'Fri, 12 Sep 2025 14:06:26 GMT', 'Connection': 'keep-alive', 'Keep-Alive': 'timeout=5'} 
 body={
    "message": "Este email já está sendo usado"
} 
 </msg>
<msg time="2025-09-12T11:06:25.231241" level="INFO">${resp_user} = &lt;Response [400]&gt;</msg>
<var>${resp_user}</var>
<arg>booker</arg>
<arg>/usuarios</arg>
<arg>json=${admin_user}</arg>
<arg>expected_status=any</arg>
<doc>Sends a POST request on a previously created HTTP Session.</doc>
<status status="PASS" start="2025-09-12T11:06:24.863617" elapsed="0.367683"/>
</kw>
<kw name="Should Be True" owner="BuiltIn">
<arg>${resp_user.status_code} in [201, 400]</arg>
<doc>Fails if the given condition is not true.</doc>
<status status="PASS" start="2025-09-12T11:06:25.231597" elapsed="0.001077"/>
</kw>
<kw name="Create Dictionary" owner="BuiltIn">
<msg time="2025-09-12T11:06:25.233379" level="INFO">&amp;{login_data} = { email=qatest@qa.com.br | password=qateste }</msg>
<var>&amp;{login_data}</var>
<arg>email=qatest@qa.com.br</arg>
<arg>password=qateste</arg>
<doc>Creates and returns a dictionary based on the given ``items``.</doc>
<status status="PASS" start="2025-09-12T11:06:25.232934" elapsed="0.000500"/>
</kw>
<kw name="POST On Session" owner="RequestsLibrary">
<msg time="2025-09-12T11:06:25.418452" level="INFO">POST Request : url=http://100.24.7.218:3000/login 
 path_url=/login 
 headers={'User-Agent': 'python-requests/2.32.5', 'Accept-Encoding': 'gzip, deflate', 'Accept': 'application/json', 'Connection': 'keep-alive', 'Content-Type': 'application/json', 'Content-Length': '52'} 
 body=b'{"email": "qatest@qa.com.br", "password": "qateste"}' 
 </msg>
<msg time="2025-09-12T11:06:25.418621" level="INFO">POST Response : url=http://100.24.7.218:3000/login 
 status=200, reason=OK 
 headers={'Access-Control-Allow-Origin': '*', 'x-dns-prefetch-control': 'off', 'x-frame-options': 'SAMEORIGIN', 'strict-transport-security': 'max-age=15552000; includeSubDomains', 'x-download-options': 'noopen', 'x-content-type-options': 'nosniff', 'x-xss-protection': '1; mode=block', 'Content-Type': 'application/json; charset=utf-8', 'Content-Length': '272', 'Date': 'Fri, 12 Sep 2025 14:06:26 GMT', 'Connection': 'keep-alive', 'Keep-Alive': 'timeout=5'} 
 body={
    "message": "Login realizado com sucesso",
    "authorization": "Bearer eyJhbGciOiJIUzI1NiIsInR5cCI6IkpXVCJ9.eyJlbWFpbCI6InFhdGVzdEBxYS5jb20uYnIiLCJwYXNzd29yZCI6InFhdGVzdGUiLCJpYXQiOjE3NTc2ODU5ODYsImV4cCI6MTc1NzY4NjU4Nn0.P8bjzbgNlD6mW8MJMZqtsiGxg6g-ylSoXztd9qiYKh4"
} 
 </msg>
<msg time="2025-09-12T11:06:25.418862" level="INFO">${resp} = &lt;Response [200]&gt;</msg>
<var>${resp}</var>
<arg>booker</arg>
<arg>/login</arg>
<arg>json=${login_data}</arg>
<doc>Sends a POST request on a previously created HTTP Session.</doc>
<status status="PASS" start="2025-09-12T11:06:25.233657" elapsed="0.185260"/>
</kw>
<kw name="Should Be Equal As Integers" owner="BuiltIn">
<msg time="2025-09-12T11:06:25.420276" level="INFO">Argument types are:
&lt;class 'int'&gt;
&lt;class 'str'&gt;</msg>
<arg>${resp.status_code}</arg>
<arg>200</arg>
<doc>Fails if objects are unequal after converting them to integers.</doc>
<status status="PASS" start="2025-09-12T11:06:25.419218" elapsed="0.001197"/>
</kw>
<kw name="Get From Dictionary" owner="Collections">
<msg time="2025-09-12T11:06:25.421732" level="INFO">${token} = Bearer eyJhbGciOiJIUzI1NiIsInR5cCI6IkpXVCJ9.eyJlbWFpbCI6InFhdGVzdEBxYS5jb20uYnIiLCJwYXNzd29yZCI6InFhdGVzdGUiLCJpYXQiOjE3NTc2ODU5ODYsImV4cCI6MTc1NzY4NjU4Nn0.P8bjzbgNlD6mW8MJMZqtsiGxg6g-ylSoXztd9qiYKh4</msg>
<var>${token}</var>
<arg>${resp.json()}</arg>
<arg>authorization</arg>
<doc>Returns a value from the given ``dictionary`` based on the given ``key``.</doc>
<status status="PASS" start="2025-09-12T11:06:25.420670" elapsed="0.001120"/>
</kw>
<return>
<value>${token}</value>
<status status="PASS" start="2025-09-12T11:06:25.421909" elapsed="0.000120"/>
</return>
<msg time="2025-09-12T11:06:25.422316" level="INFO">${token} = Bearer eyJhbGciOiJIUzI1NiIsInR5cCI6IkpXVCJ9.eyJlbWFpbCI6InFhdGVzdEBxYS5jb20uYnIiLCJwYXNzd29yZCI6InFhdGVzdGUiLCJpYXQiOjE3NTc2ODU5ODYsImV4cCI6MTc1NzY4NjU4Nn0.P8bjzbgNlD6mW8MJMZqtsiGxg6g-ylSoXztd9qiYKh4</msg>
<var>${token}</var>
<doc>Obtém token de autenticação válido usando usuário padrão</doc>
<status status="PASS" start="2025-09-12T11:06:24.863120" elapsed="0.559254"/>
</kw>
<return>
<value>${token}</value>
<status status="PASS" start="2025-09-12T11:06:25.422485" elapsed="0.000095"/>
</return>
<msg time="2025-09-12T11:06:25.422950" level="INFO">${token} = Bearer eyJhbGciOiJIUzI1NiIsInR5cCI6IkpXVCJ9.eyJlbWFpbCI6InFhdGVzdEBxYS5jb20uYnIiLCJwYXNzd29yZCI6InFhdGVzdGUiLCJpYXQiOjE3NTc2ODU5ODYsImV4cCI6MTc1NzY4NjU4Nn0.P8bjzbgNlD6mW8MJMZqtsiGxg6g-ylSoXztd9qiYKh4</msg>
<var>${token}</var>
<doc>Alias para Get Valid Auth Token (compatibilidade)</doc>
<status status="PASS" start="2025-09-12T11:06:24.862871" elapsed="0.560173"/>
</kw>
<kw name="Create Test Product" owner="keywords">
<kw name="Generate Unique Name" owner="keywords">
<kw name="Generate Random String" owner="String">
<msg time="2025-09-12T11:06:25.425342" level="INFO">${uuid} = i9XWZwCG</msg>
<var>${uuid}</var>
<arg>8</arg>
<arg>[LETTERS][NUMBERS]</arg>
<doc>Generates a string with a desired ``length`` from the given ``chars``.</doc>
<status status="PASS" start="2025-09-12T11:06:25.424759" elapsed="0.000668"/>
</kw>
<kw name="Set Variable" owner="BuiltIn">
<msg time="2025-09-12T11:06:25.426350" level="INFO">${name} = Produto i9XWZwCG</msg>
<var>${name}</var>
<arg>${prefix} ${uuid}</arg>
<doc>Returns the given values which can then be assigned to a variables.</doc>
<status status="PASS" start="2025-09-12T11:06:25.425933" elapsed="0.000497"/>
</kw>
<return>
<value>${name}</value>
<status status="PASS" start="2025-09-12T11:06:25.426534" elapsed="0.000066"/>
</return>
<msg time="2025-09-12T11:06:25.426821" level="INFO">${name} = Produto i9XWZwCG</msg>
<var>${name}</var>
<arg>Produto</arg>
<doc>Gera nome único usando UUID</doc>
<status status="PASS" start="2025-09-12T11:06:25.424208" elapsed="0.002661"/>
</kw>
<kw name="Create Dictionary" owner="BuiltIn">
<msg time="2025-09-12T11:06:25.427607" level="INFO">&amp;{product_data} = { nome=Produto i9XWZwCG | preco=100 | descricao=Produto para teste automatizado | quantidade=50 }</msg>
<var>&amp;{product_data}</var>
<arg>nome=${name}</arg>
<arg>preco=100</arg>
<arg>descricao=Produto para teste automatizado</arg>
<arg>quantidade=50</arg>
<doc>Creates and returns a dictionary based on the given ``items``.</doc>
<status status="PASS" start="2025-09-12T11:06:25.427094" elapsed="0.000567"/>
</kw>
<kw name="Create Auth Headers" owner="keywords">
<kw name="Create Dictionary" owner="BuiltIn">
<msg time="2025-09-12T11:06:25.428840" level="INFO">&amp;{headers} = { Content-Type=application/json | Accept=application/json | Authorization=Bearer eyJhbGciOiJIUzI1NiIsInR5cCI6IkpXVCJ9.eyJlbWFpbCI6InFhdGVzdEBxYS5jb20uYnIiLCJwYXNzd29yZCI6InFhdGVzdGUiLCJpYXQiOjE3NTc2OD...</msg>
<var>&amp;{headers}</var>
<arg>Content-Type=application/json</arg>
<arg>Accept=application/json</arg>
<arg>Authorization=${token}</arg>
<doc>Creates and returns a dictionary based on the given ``items``.</doc>
<status status="PASS" start="2025-09-12T11:06:25.428445" elapsed="0.000447"/>
</kw>
<return>
<value>${headers}</value>
<status status="PASS" start="2025-09-12T11:06:25.428989" elapsed="0.000058"/>
</return>
<msg time="2025-09-12T11:06:25.429255" level="INFO">${headers} = {'Content-Type': 'application/json', 'Accept': 'application/json', 'Authorization': 'Bearer eyJhbGciOiJIUzI1NiIsInR5cCI6IkpXVCJ9.eyJlbWFpbCI6InFhdGVzdEBxYS5jb20uYnIiLCJwYXNzd29yZCI6InFhdGVzdGUiLCJpYXQ...</msg>
<var>${headers}</var>
<arg>${token}</arg>
<doc>Cria headers com autenticação</doc>
<status status="PASS" start="2025-09-12T11:06:25.427966" elapsed="0.001333"/>
</kw>
<kw name="POST On Session" owner="RequestsLibrary">
<msg time="2025-09-12T11:06:25.610486" level="INFO">POST Request : url=http://100.24.7.218:3000/produtos 
 path_url=/produtos 
 headers={'User-Agent': 'python-requests/2.32.5', 'Accept-Encoding': 'gzip, deflate', 'Accept': 'application/json', 'Connection': 'keep-alive', 'Content-Type': 'application/json', 'Authorization': 'Bearer eyJhbGciOiJIUzI1NiIsInR5cCI6IkpXVCJ9.eyJlbWFpbCI6InFhdGVzdEBxYS5jb20uYnIiLCJwYXNzd29yZCI6InFhdGVzdGUiLCJpYXQiOjE3NTc2ODU5ODYsImV4cCI6MTc1NzY4NjU4Nn0.P8bjzbgNlD6mW8MJMZqtsiGxg6g-ylSoXztd9qiYKh4', 'Content-Length': '112'} 
 body=b'{"nome": "Produto i9XWZwCG", "preco": "100", "descricao": "Produto para teste automatizado", "quantidade": "50"}' 
 </msg>
<msg time="2025-09-12T11:06:25.610661" level="INFO">POST Response : url=http://100.24.7.218:3000/produtos 
 status=201, reason=Created 
 headers={'Access-Control-Allow-Origin': '*', 'x-dns-prefetch-control': 'off', 'x-frame-options': 'SAMEORIGIN', 'strict-transport-security': 'max-age=15552000; includeSubDomains', 'x-download-options': 'noopen', 'x-content-type-options': 'nosniff', 'x-xss-protection': '1; mode=block', 'Content-Type': 'application/json; charset=utf-8', 'Content-Length': '82', 'Date': 'Fri, 12 Sep 2025 14:06:26 GMT', 'Connection': 'keep-alive', 'Keep-Alive': 'timeout=5'} 
 body={
    "message": "Cadastro realizado com sucesso",
    "_id": "kprZjmdjEFnq9Ywe"
} 
 </msg>
<msg time="2025-09-12T11:06:25.610918" level="INFO">${resp} = &lt;Response [201]&gt;</msg>
<var>${resp}</var>
<arg>booker</arg>
<arg>/produtos</arg>
<arg>json=${product_data}</arg>
<arg>headers=${headers}</arg>
<doc>Sends a POST request on a previously created HTTP Session.</doc>
<status status="PASS" start="2025-09-12T11:06:25.429466" elapsed="0.181509"/>
</kw>
<kw name="Should Be Equal As Integers" owner="BuiltIn">
<msg time="2025-09-12T11:06:25.612317" level="INFO">Argument types are:
&lt;class 'int'&gt;
&lt;class 'str'&gt;</msg>
<arg>${resp.status_code}</arg>
<arg>201</arg>
<doc>Fails if objects are unequal after converting them to integers.</doc>
<status status="PASS" start="2025-09-12T11:06:25.611304" elapsed="0.001142"/>
</kw>
<kw name="Get From Dictionary" owner="Collections">
<msg time="2025-09-12T11:06:25.613803" level="INFO">${product_id} = kprZjmdjEFnq9Ywe</msg>
<var>${product_id}</var>
<arg>${resp.json()}</arg>
<arg>_id</arg>
<doc>Returns a value from the given ``dictionary`` based on the given ``key``.</doc>
<status status="PASS" start="2025-09-12T11:06:25.612694" elapsed="0.001168"/>
</kw>
<return>
<value>${product_id}</value>
<status status="PASS" start="2025-09-12T11:06:25.613983" elapsed="0.000072"/>
</return>
<msg time="2025-09-12T11:06:25.614317" level="INFO">${produto_id} = kprZjmdjEFnq9Ywe</msg>
<var>${produto_id}</var>
<arg>${token}</arg>
<doc>Cria produto para testes e retorna ID</doc>
<status status="PASS" start="2025-09-12T11:06:25.423485" elapsed="0.190883"/>
</kw>
<kw name="Create Dictionary" owner="BuiltIn">
<msg time="2025-09-12T11:06:25.616112" level="INFO">&amp;{produto_carrinho} = { idProduto=kprZjmdjEFnq9Ywe | quantidade=1 }</msg>
<var>&amp;{produto_carrinho}</var>
<arg>idProduto=${produto_id}</arg>
<arg>quantidade=1</arg>
<doc>Creates and returns a dictionary based on the given ``items``.</doc>
<status status="PASS" start="2025-09-12T11:06:25.614630" elapsed="0.001559"/>
</kw>
<kw name="Create List" owner="BuiltIn">
<msg time="2025-09-12T11:06:25.616855" level="INFO">@{produtos_lista} = [ {'idProduto': 'kprZjmdjEFnq9Ywe', 'quantidade': '1'} ]</msg>
<var>@{produtos_lista}</var>
<arg>${produto_carrinho}</arg>
<doc>Returns a list containing given items.</doc>
<status status="PASS" start="2025-09-12T11:06:25.616454" elapsed="0.000460"/>
</kw>
<kw name="Create Dictionary" owner="BuiltIn">
<msg time="2025-09-12T11:06:25.617665" level="INFO">&amp;{carrinho_data} = { produtos=[{'idProduto': 'kprZjmdjEFnq9Ywe', 'quantidade': '1'}] }</msg>
<var>&amp;{carrinho_data}</var>
<arg>produtos=${produtos_lista}</arg>
<doc>Creates and returns a dictionary based on the given ``items``.</doc>
<status status="PASS" start="2025-09-12T11:06:25.617154" elapsed="0.000569"/>
</kw>
<kw name="Create Auth Headers" owner="keywords">
<kw name="Create Dictionary" owner="BuiltIn">
<msg time="2025-09-12T11:06:25.619098" level="INFO">&amp;{headers} = { Content-Type=application/json | Accept=application/json | Authorization=Bearer eyJhbGciOiJIUzI1NiIsInR5cCI6IkpXVCJ9.eyJlbWFpbCI6InFhdGVzdEBxYS5jb20uYnIiLCJwYXNzd29yZCI6InFhdGVzdGUiLCJpYXQiOjE3NTc2OD...</msg>
<var>&amp;{headers}</var>
<arg>Content-Type=application/json</arg>
<arg>Accept=application/json</arg>
<arg>Authorization=${token}</arg>
<doc>Creates and returns a dictionary based on the given ``items``.</doc>
<status status="PASS" start="2025-09-12T11:06:25.618612" elapsed="0.000551"/>
</kw>
<return>
<value>${headers}</value>
<status status="PASS" start="2025-09-12T11:06:25.619312" elapsed="0.000074"/>
</return>
<msg time="2025-09-12T11:06:25.619648" level="INFO">${headers} = {'Content-Type': 'application/json', 'Accept': 'application/json', 'Authorization': 'Bearer eyJhbGciOiJIUzI1NiIsInR5cCI6IkpXVCJ9.eyJlbWFpbCI6InFhdGVzdEBxYS5jb20uYnIiLCJwYXNzd29yZCI6InFhdGVzdGUiLCJpYXQ...</msg>
<var>${headers}</var>
<arg>${token}</arg>
<doc>Cria headers com autenticação</doc>
<status status="PASS" start="2025-09-12T11:06:25.618061" elapsed="0.001642"/>
</kw>
<kw name="POST On Session" owner="RequestsLibrary">
<msg time="2025-09-12T11:06:25.809375" level="INFO">POST Request : url=http://100.24.7.218:3000/carrinhos 
 path_url=/carrinhos 
 headers={'User-Agent': 'python-requests/2.32.5', 'Accept-Encoding': 'gzip, deflate', 'Accept': 'application/json', 'Connection': 'keep-alive', 'Content-Type': 'application/json', 'Authorization': 'Bearer eyJhbGciOiJIUzI1NiIsInR5cCI6IkpXVCJ9.eyJlbWFpbCI6InFhdGVzdEBxYS5jb20uYnIiLCJwYXNzd29yZCI6InFhdGVzdGUiLCJpYXQiOjE3NTc2ODU5ODYsImV4cCI6MTc1NzY4NjU4Nn0.P8bjzbgNlD6mW8MJMZqtsiGxg6g-ylSoXztd9qiYKh4', 'Content-Length': '68'} 
 body=b'{"produtos": [{"idProduto": "kprZjmdjEFnq9Ywe", "quantidade": "1"}]}' 
 </msg>
<msg time="2025-09-12T11:06:25.809830" level="INFO">POST Response : url=http://100.24.7.218:3000/carrinhos 
 status=201, reason=Created 
 headers={'Access-Control-Allow-Origin': '*', 'x-dns-prefetch-control': 'off', 'x-frame-options': 'SAMEORIGIN', 'strict-transport-security': 'max-age=15552000; includeSubDomains', 'x-download-options': 'noopen', 'x-content-type-options': 'nosniff', 'x-xss-protection': '1; mode=block', 'Content-Type': 'application/json; charset=utf-8', 'Content-Length': '82', 'Date': 'Fri, 12 Sep 2025 14:06:27 GMT', 'Connection': 'keep-alive', 'Keep-Alive': 'timeout=5'} 
 body={
    "message": "Cadastro realizado com sucesso",
    "_id": "Pv4rgdw7QqT1ukIS"
} 
 </msg>
<msg time="2025-09-12T11:06:25.810132" level="INFO">${resp} = &lt;Response [201]&gt;</msg>
<var>${resp}</var>
<arg>booker</arg>
<arg>/carrinhos</arg>
<arg>json=${carrinho_data}</arg>
<arg>headers=${headers}</arg>
<doc>Sends a POST request on a previously created HTTP Session.</doc>
<status status="PASS" start="2025-09-12T11:06:25.619922" elapsed="0.190271"/>
</kw>
<kw name="Should Be Equal As Integers" owner="BuiltIn">
<msg time="2025-09-12T11:06:25.811564" level="INFO">Argument types are:
&lt;class 'int'&gt;
&lt;class 'str'&gt;</msg>
<arg>${resp.status_code}</arg>
<arg>201</arg>
<doc>Fails if objects are unequal after converting them to integers.</doc>
<status status="PASS" start="2025-09-12T11:06:25.810502" elapsed="0.001186"/>
</kw>
<kw name="Set Variable" owner="BuiltIn">
<msg time="2025-09-12T11:06:25.813070" level="INFO">${body} = {'message': 'Cadastro realizado com sucesso', '_id': 'Pv4rgdw7QqT1ukIS'}</msg>
<var>${body}</var>
<arg>${resp.json()}</arg>
<doc>Returns the given values which can then be assigned to a variables.</doc>
<status status="PASS" start="2025-09-12T11:06:25.811962" elapsed="0.001173"/>
</kw>
<kw name="Dictionary Should Contain Key" owner="Collections">
<arg>${body}</arg>
<arg>_id</arg>
<doc>Fails if ``key`` is not found from ``dictionary``.</doc>
<status status="PASS" start="2025-09-12T11:06:25.813372" elapsed="0.000312"/>
</kw>
<kw name="Dictionary Should Contain Key" owner="Collections">
<arg>${body}</arg>
<arg>message</arg>
<doc>Fails if ``key`` is not found from ``dictionary``.</doc>
<status status="PASS" start="2025-09-12T11:06:25.813912" elapsed="0.000273"/>
</kw>
<kw name="Set Suite Variable" owner="BuiltIn">
<msg time="2025-09-12T11:06:25.815509" level="INFO">${CARRINHO_ID} = Pv4rgdw7QqT1ukIS</msg>
<arg>${CARRINHO_ID}</arg>
<arg>${body['_id']}</arg>
<doc>Makes a variable available everywhere within the scope of the current suite.</doc>
<status status="PASS" start="2025-09-12T11:06:25.814403" elapsed="0.001185"/>
</kw>
<kw name="Set Suite Variable" owner="BuiltIn">
<msg time="2025-09-12T11:06:25.816161" level="INFO">${PRODUTO_ID} = kprZjmdjEFnq9Ywe</msg>
<arg>${PRODUTO_ID}</arg>
<arg>${produto_id}</arg>
<doc>Makes a variable available everywhere within the scope of the current suite.</doc>
<status status="PASS" start="2025-09-12T11:06:25.815850" elapsed="0.000381"/>
</kw>
<kw name="Set Suite Variable" owner="BuiltIn">
<msg time="2025-09-12T11:06:25.816681" level="INFO">${AUTH_TOKEN} = Bearer eyJhbGciOiJIUzI1NiIsInR5cCI6IkpXVCJ9.eyJlbWFpbCI6InFhdGVzdEBxYS5jb20uYnIiLCJwYXNzd29yZCI6InFhdGVzdGUiLCJpYXQiOjE3NTc2ODU5ODYsImV4cCI6MTc1NzY4NjU4Nn0.P8bjzbgNlD6mW8MJMZqtsiGxg6g-ylSoXztd9qiYKh4</msg>
<arg>${AUTH_TOKEN}</arg>
<arg>${token}</arg>
<doc>Makes a variable available everywhere within the scope of the current suite.</doc>
<status status="PASS" start="2025-09-12T11:06:25.816410" elapsed="0.000351"/>
</kw>
<doc>Criar carrinho com produto existente deve retornar 201</doc>
<tag>C001</tag>
<tag>carrinhos</tag>
<tag>smoke</tag>
<status status="PASS" start="2025-09-12T11:06:24.862392" elapsed="0.954566"/>
</test>
<test id="s1-s1-t2" name="C002 - Impedir produto inexistente" line="39">
<kw name="Skip If" owner="BuiltIn">
<arg>'${AUTH_TOKEN}' == '${EMPTY}'</arg>
<arg>Token não disponível</arg>
<doc>Skips the rest of the current test if the ``condition`` is True.</doc>
<status status="PASS" start="2025-09-12T11:06:25.818125" elapsed="0.000992"/>
</kw>
<kw name="Set Variable" owner="BuiltIn">
<msg time="2025-09-12T11:06:25.819487" level="INFO">${id_inexistente} = 507f1f77bcf86cd799439011</msg>
<var>${id_inexistente}</var>
<arg>507f1f77bcf86cd799439011</arg>
<doc>Returns the given values which can then be assigned to a variables.</doc>
<status status="PASS" start="2025-09-12T11:06:25.819315" elapsed="0.000214"/>
</kw>
<kw name="Create Dictionary" owner="BuiltIn">
<msg time="2025-09-12T11:06:25.820200" level="INFO">&amp;{produto_inexistente} = { idProduto=507f1f77bcf86cd799439011 | quantidade=1 }</msg>
<var>&amp;{produto_inexistente}</var>
<arg>idProduto=${id_inexistente}</arg>
<arg>quantidade=1</arg>
<doc>Creates and returns a dictionary based on the given ``items``.</doc>
<status status="PASS" start="2025-09-12T11:06:25.819735" elapsed="0.000521"/>
</kw>
<kw name="Create List" owner="BuiltIn">
<msg time="2025-09-12T11:06:25.820815" level="INFO">@{produtos_lista} = [ {'idProduto': '507f1f77bcf86cd799439011', 'quantidade': '1'} ]</msg>
<var>@{produtos_lista}</var>
<arg>${produto_inexistente}</arg>
<doc>Returns a list containing given items.</doc>
<status status="PASS" start="2025-09-12T11:06:25.820461" elapsed="0.000405"/>
</kw>
<kw name="Create Dictionary" owner="BuiltIn">
<msg time="2025-09-12T11:06:25.821477" level="INFO">&amp;{carrinho_data} = { produtos=[{'idProduto': '507f1f77bcf86cd799439011', 'quantidade': '1'}] }</msg>
<var>&amp;{carrinho_data}</var>
<arg>produtos=${produtos_lista}</arg>
<doc>Creates and returns a dictionary based on the given ``items``.</doc>
<status status="PASS" start="2025-09-12T11:06:25.821090" elapsed="0.000421"/>
</kw>
<kw name="Create Auth Headers" owner="keywords">
<kw name="Create Dictionary" owner="BuiltIn">
<msg time="2025-09-12T11:06:25.822354" level="INFO">&amp;{headers} = { Content-Type=application/json | Accept=application/json | Authorization=Bearer eyJhbGciOiJIUzI1NiIsInR5cCI6IkpXVCJ9.eyJlbWFpbCI6InFhdGVzdEBxYS5jb20uYnIiLCJwYXNzd29yZCI6InFhdGVzdGUiLCJpYXQiOjE3NTc2OD...</msg>
<var>&amp;{headers}</var>
<arg>Content-Type=application/json</arg>
<arg>Accept=application/json</arg>
<arg>Authorization=${token}</arg>
<doc>Creates and returns a dictionary based on the given ``items``.</doc>
<status status="PASS" start="2025-09-12T11:06:25.822065" elapsed="0.000326"/>
</kw>
<return>
<value>${headers}</value>
<status status="PASS" start="2025-09-12T11:06:25.822471" elapsed="0.000050"/>
</return>
<msg time="2025-09-12T11:06:25.822683" level="INFO">${headers} = {'Content-Type': 'application/json', 'Accept': 'application/json', 'Authorization': 'Bearer eyJhbGciOiJIUzI1NiIsInR5cCI6IkpXVCJ9.eyJlbWFpbCI6InFhdGVzdEBxYS5jb20uYnIiLCJwYXNzd29yZCI6InFhdGVzdGUiLCJpYXQ...</msg>
<var>${headers}</var>
<arg>${AUTH_TOKEN}</arg>
<doc>Cria headers com autenticação</doc>
<status status="PASS" start="2025-09-12T11:06:25.821731" elapsed="0.000986"/>
</kw>
<kw name="POST On Session" owner="RequestsLibrary">
<msg time="2025-09-12T11:06:26.007569" level="INFO">POST Request : url=http://100.24.7.218:3000/carrinhos 
 path_url=/carrinhos 
 headers={'User-Agent': 'python-requests/2.32.5', 'Accept-Encoding': 'gzip, deflate', 'Accept': 'application/json', 'Connection': 'keep-alive', 'Content-Type': 'application/json', 'Authorization': 'Bearer eyJhbGciOiJIUzI1NiIsInR5cCI6IkpXVCJ9.eyJlbWFpbCI6InFhdGVzdEBxYS5jb20uYnIiLCJwYXNzd29yZCI6InFhdGVzdGUiLCJpYXQiOjE3NTc2ODU5ODYsImV4cCI6MTc1NzY4NjU4Nn0.P8bjzbgNlD6mW8MJMZqtsiGxg6g-ylSoXztd9qiYKh4', 'Content-Length': '76'} 
 body=b'{"produtos": [{"idProduto": "507f1f77bcf86cd799439011", "quantidade": "1"}]}' 
 </msg>
<msg time="2025-09-12T11:06:26.007734" level="INFO">POST Response : url=http://100.24.7.218:3000/carrinhos 
 status=400, reason=Bad Request 
 headers={'Access-Control-Allow-Origin': '*', 'x-dns-prefetch-control': 'off', 'x-frame-options': 'SAMEORIGIN', 'strict-transport-security': 'max-age=15552000; includeSubDomains', 'x-download-options': 'noopen', 'x-content-type-options': 'nosniff', 'x-xss-protection': '1; mode=block', 'Content-Type': 'application/json; charset=utf-8', 'Content-Length': '61', 'Date': 'Fri, 12 Sep 2025 14:06:27 GMT', 'Connection': 'keep-alive', 'Keep-Alive': 'timeout=5'} 
 body={
    "message": "Não é permitido ter mais de 1 carrinho"
} 
 </msg>
<msg time="2025-09-12T11:06:26.008100" level="INFO">${resp} = &lt;Response [400]&gt;</msg>
<var>${resp}</var>
<arg>booker</arg>
<arg>/carrinhos</arg>
<arg>json=${carrinho_data}</arg>
<arg>headers=${headers}</arg>
<arg>expected_status=any</arg>
<doc>Sends a POST request on a previously created HTTP Session.</doc>
<status status="PASS" start="2025-09-12T11:06:25.822913" elapsed="0.185245"/>
</kw>
<kw name="Should Be Equal As Integers" owner="BuiltIn">
<msg time="2025-09-12T11:06:26.009456" level="INFO">Argument types are:
&lt;class 'int'&gt;
&lt;class 'str'&gt;</msg>
<arg>${resp.status_code}</arg>
<arg>400</arg>
<doc>Fails if objects are unequal after converting them to integers.</doc>
<status status="PASS" start="2025-09-12T11:06:26.008477" elapsed="0.001094"/>
</kw>
<kw name="Set Variable" owner="BuiltIn">
<msg time="2025-09-12T11:06:26.010823" level="INFO">${body} = {'message': 'Não é permitido ter mais de 1 carrinho'}</msg>
<var>${body}</var>
<arg>${resp.json()}</arg>
<doc>Returns the given values which can then be assigned to a variables.</doc>
<status status="PASS" start="2025-09-12T11:06:26.009798" elapsed="0.001085"/>
</kw>
<kw name="Dictionary Should Contain Key" owner="Collections">
<arg>${body}</arg>
<arg>message</arg>
<doc>Fails if ``key`` is not found from ``dictionary``.</doc>
<status status="PASS" start="2025-09-12T11:06:26.011094" elapsed="0.000270"/>
</kw>
<doc>Carrinho com produto inexistente deve retornar 400</doc>
<tag>C002</tag>
<tag>carrinhos</tag>
<tag>negativo</tag>
<status status="PASS" start="2025-09-12T11:06:25.817411" elapsed="0.194182"/>
</test>
<test id="s1-s1-t3" name="C003 - Listar carrinhos" line="59">
<kw name="GET On Session" owner="RequestsLibrary">
<msg time="2025-09-12T11:06:26.198055" level="INFO">GET Request : url=http://100.24.7.218:3000/carrinhos 
 path_url=/carrinhos 
 headers={'User-Agent': 'python-requests/2.32.5', 'Accept-Encoding': 'gzip, deflate', 'Accept': 'application/json', 'Connection': 'keep-alive', 'Content-Type': 'application/json'} 
 body=None 
 </msg>
<msg time="2025-09-12T11:06:26.198222" level="INFO">GET Response : url=http://100.24.7.218:3000/carrinhos 
 status=200, reason=OK 
 headers={'Access-Control-Allow-Origin': '*', 'x-dns-prefetch-control': 'off', 'x-frame-options': 'SAMEORIGIN', 'strict-transport-security': 'max-age=15552000; includeSubDomains', 'x-download-options': 'noopen', 'x-content-type-options': 'nosniff', 'x-xss-protection': '1; mode=block', 'Content-Type': 'application/json; charset=utf-8', 'Content-Length': '977', 'Date': 'Fri, 12 Sep 2025 14:06:27 GMT', 'Connection': 'keep-alive', 'Keep-Alive': 'timeout=5'} 
 body={
    "quantidade": 2,
    "carrinhos": [
        {
            "produtos": [
                {
                    "idProduto": "kprZjmdjEFnq9Ywe",
                    "quantidade": "1",
                    "precoUnitario": 100
                }
            ],
            "precoTotal": 100,
            "quantidadeTotal": "01",
            "idUsuario": "iKVm2yXWmtvBFcPR",
            "_id": "Pv4rgdw7QqT1ukIS"
        },
        {
            "produtos": [
                {
                    "idProduto": "BeeJh5lz3k6kSIzA",
                    "quantidade": 2,
                    "precoUnitario": 470
                },
                {
                    "idProduto": "K6leHdftCeOJj8BJ",
                    "quantidade": 1,
                    "precoUnitario": 5240
                }
            ],
            "precoTotal": 6180,
            "quantidadeTotal": 3,
            "idUsuario": "0uxuPY0cbmQhpEz1",
            "_id": "qbMqntef4iTOwWfg"
        }
    ]
} 
 </msg>
<msg time="2025-09-12T11:06:26.198466" level="INFO">${resp} = &lt;Response [200]&gt;</msg>
<var>${resp}</var>
<arg>booker</arg>
<arg>/carrinhos</arg>
<doc>Sends a GET request on a previously created HTTP Session.</doc>
<status status="PASS" start="2025-09-12T11:06:26.012747" elapsed="0.185773"/>
</kw>
<kw name="Should Be Equal As Integers" owner="BuiltIn">
<msg time="2025-09-12T11:06:26.199725" level="INFO">Argument types are:
&lt;class 'int'&gt;
&lt;class 'str'&gt;</msg>
<arg>${resp.status_code}</arg>
<arg>200</arg>
<doc>Fails if objects are unequal after converting them to integers.</doc>
<status status="PASS" start="2025-09-12T11:06:26.198791" elapsed="0.001046"/>
</kw>
<kw name="Set Variable" owner="BuiltIn">
<msg time="2025-09-12T11:06:26.201045" level="INFO">${body} = {'quantidade': 2, 'carrinhos': [{'produtos': [{'idProduto': 'kprZjmdjEFnq9Ywe', 'quantidade': '1', 'precoUnitario': 100}], 'precoTotal': 100, 'quantidadeTotal': '01', 'idUsuario': 'iKVm2yXWmtvBFcPR', ...</msg>
<var>${body}</var>
<arg>${resp.json()}</arg>
<doc>Returns the given values which can then be assigned to a variables.</doc>
<status status="PASS" start="2025-09-12T11:06:26.200067" elapsed="0.001036"/>
</kw>
<kw name="Dictionary Should Contain Key" owner="Collections">
<arg>${body}</arg>
<arg>carrinhos</arg>
<doc>Fails if ``key`` is not found from ``dictionary``.</doc>
<status status="PASS" start="2025-09-12T11:06:26.201308" elapsed="0.000270"/>
</kw>
<kw name="Dictionary Should Contain Key" owner="Collections">
<arg>${body}</arg>
<arg>quantidade</arg>
<doc>Fails if ``key`` is not found from ``dictionary``.</doc>
<status status="PASS" start="2025-09-12T11:06:26.201764" elapsed="0.000242"/>
</kw>
<doc>Listar carrinhos deve retornar 200 e lista</doc>
<tag>C003</tag>
<tag>carrinhos</tag>
<tag>smoke</tag>
<status status="PASS" start="2025-09-12T11:06:26.012056" elapsed="0.190146"/>
</test>
<test id="s1-s1-t4" name="C004 - Buscar carrinho por ID" line="68">
<kw name="Skip If" owner="BuiltIn">
<arg>'${CARRINHO_ID}' == '${EMPTY}'</arg>
<arg>Carrinho não foi criado</arg>
<doc>Skips the rest of the current test if the ``condition`` is True.</doc>
<status status="PASS" start="2025-09-12T11:06:26.203322" elapsed="0.001336"/>
</kw>
<kw name="GET On Session" owner="RequestsLibrary">
<msg time="2025-09-12T11:06:26.387574" level="INFO">GET Request : url=http://100.24.7.218:3000/carrinhos/Pv4rgdw7QqT1ukIS 
 path_url=/carrinhos/Pv4rgdw7QqT1ukIS 
 headers={'User-Agent': 'python-requests/2.32.5', 'Accept-Encoding': 'gzip, deflate', 'Accept': 'application/json', 'Connection': 'keep-alive', 'Content-Type': 'application/json'} 
 body=None 
 </msg>
<msg time="2025-09-12T11:06:26.387752" level="INFO">GET Response : url=http://100.24.7.218:3000/carrinhos/Pv4rgdw7QqT1ukIS 
 status=200, reason=OK 
 headers={'Access-Control-Allow-Origin': '*', 'x-dns-prefetch-control': 'off', 'x-frame-options': 'SAMEORIGIN', 'strict-transport-security': 'max-age=15552000; includeSubDomains', 'x-download-options': 'noopen', 'x-content-type-options': 'nosniff', 'x-xss-protection': '1; mode=block', 'Content-Type': 'application/json; charset=utf-8', 'Content-Length': '276', 'Date': 'Fri, 12 Sep 2025 14:06:27 GMT', 'Connection': 'keep-alive', 'Keep-Alive': 'timeout=5'} 
 body={
    "produtos": [
        {
            "idProduto": "kprZjmdjEFnq9Ywe",
            "quantidade": "1",
            "precoUnitario": 100
        }
    ],
    "precoTotal": 100,
    "quantidadeTotal": "01",
    "idUsuario": "iKVm2yXWmtvBFcPR",
    "_id": "Pv4rgdw7QqT1ukIS"
} 
 </msg>
<msg time="2025-09-12T11:06:26.388006" level="INFO">${resp} = &lt;Response [200]&gt;</msg>
<var>${resp}</var>
<arg>booker</arg>
<arg>/carrinhos/${CARRINHO_ID}</arg>
<doc>Sends a GET request on a previously created HTTP Session.</doc>
<status status="PASS" start="2025-09-12T11:06:26.204940" elapsed="0.183125"/>
</kw>
<kw name="Should Be Equal As Integers" owner="BuiltIn">
<msg time="2025-09-12T11:06:26.389361" level="INFO">Argument types are:
&lt;class 'int'&gt;
&lt;class 'str'&gt;</msg>
<arg>${resp.status_code}</arg>
<arg>200</arg>
<doc>Fails if objects are unequal after converting them to integers.</doc>
<status status="PASS" start="2025-09-12T11:06:26.388386" elapsed="0.001136"/>
</kw>
<kw name="Set Variable" owner="BuiltIn">
<msg time="2025-09-12T11:06:26.391377" level="INFO">${body} = {'produtos': [{'idProduto': 'kprZjmdjEFnq9Ywe', 'quantidade': '1', 'precoUnitario': 100}], 'precoTotal': 100, 'quantidadeTotal': '01', 'idUsuario': 'iKVm2yXWmtvBFcPR', '_id': 'Pv4rgdw7QqT1ukIS'}</msg>
<var>${body}</var>
<arg>${resp.json()}</arg>
<doc>Returns the given values which can then be assigned to a variables.</doc>
<status status="PASS" start="2025-09-12T11:06:26.389883" elapsed="0.001809"/>
</kw>
<kw name="Dictionary Should Contain Key" owner="Collections">
<arg>${body}</arg>
<arg>produtos</arg>
<doc>Fails if ``key`` is not found from ``dictionary``.</doc>
<status status="PASS" start="2025-09-12T11:06:26.391997" elapsed="0.000377"/>
</kw>
<kw name="Dictionary Should Contain Key" owner="Collections">
<arg>${body}</arg>
<arg>precoTotal</arg>
<doc>Fails if ``key`` is not found from ``dictionary``.</doc>
<status status="PASS" start="2025-09-12T11:06:26.392600" elapsed="0.000286"/>
</kw>
<kw name="Dictionary Should Contain Key" owner="Collections">
<arg>${body}</arg>
<arg>quantidadeTotal</arg>
<doc>Fails if ``key`` is not found from ``dictionary``.</doc>
<status status="PASS" start="2025-09-12T11:06:26.393092" elapsed="0.000258"/>
</kw>
<kw name="Dictionary Should Contain Key" owner="Collections">
<arg>${body}</arg>
<arg>idUsuario</arg>
<doc>Fails if ``key`` is not found from ``dictionary``.</doc>
<status status="PASS" start="2025-09-12T11:06:26.393538" elapsed="0.000240"/>
</kw>
<doc>Buscar carrinho por ID deve retornar 200</doc>
<tag>C004</tag>
<tag>carrinhos</tag>
<tag>smoke</tag>
<status status="PASS" start="2025-09-12T11:06:26.202631" elapsed="0.191359"/>
</test>
<test id="s1-s1-t5" name="C005 - Remover carrinho e restaurar estoque" line="81">
<kw name="Skip If" owner="BuiltIn">
<arg>'${CARRINHO_ID}' == '${EMPTY}'</arg>
<arg>Carrinho não foi criado</arg>
<doc>Skips the rest of the current test if the ``condition`` is True.</doc>
<status status="PASS" start="2025-09-12T11:06:26.395303" elapsed="0.001281"/>
</kw>
<kw name="Skip If" owner="BuiltIn">
<arg>'${AUTH_TOKEN}' == '${EMPTY}'</arg>
<arg>Token não disponível</arg>
<doc>Skips the rest of the current test if the ``condition`` is True.</doc>
<status status="PASS" start="2025-09-12T11:06:26.396844" elapsed="0.001180"/>
</kw>
<kw name="GET On Session" owner="RequestsLibrary">
<msg time="2025-09-12T11:06:26.582148" level="INFO">GET Request : url=http://100.24.7.218:3000/produtos/kprZjmdjEFnq9Ywe 
 path_url=/produtos/kprZjmdjEFnq9Ywe 
 headers={'User-Agent': 'python-requests/2.32.5', 'Accept-Encoding': 'gzip, deflate', 'Accept': 'application/json', 'Connection': 'keep-alive', 'Content-Type': 'application/json'} 
 body=None 
 </msg>
<msg time="2025-09-12T11:06:26.582325" level="INFO">GET Response : url=http://100.24.7.218:3000/produtos/kprZjmdjEFnq9Ywe 
 status=200, reason=OK 
 headers={'Access-Control-Allow-Origin': '*', 'x-dns-prefetch-control': 'off', 'x-frame-options': 'SAMEORIGIN', 'strict-transport-security': 'max-age=15552000; includeSubDomains', 'x-download-options': 'noopen', 'x-content-type-options': 'nosniff', 'x-xss-protection': '1; mode=block', 'Content-Type': 'application/json; charset=utf-8', 'Content-Length': '157', 'Date': 'Fri, 12 Sep 2025 14:06:27 GMT', 'Connection': 'keep-alive', 'Keep-Alive': 'timeout=5'} 
 body={
    "nome": "Produto i9XWZwCG",
    "preco": 100,
    "descricao": "Produto para teste automatizado",
    "quantidade": 49,
    "_id": "kprZjmdjEFnq9Ywe"
} 
 </msg>
<msg time="2025-09-12T11:06:26.582575" level="INFO">${resp_produto_antes} = &lt;Response [200]&gt;</msg>
<var>${resp_produto_antes}</var>
<arg>booker</arg>
<arg>/produtos/${PRODUTO_ID}</arg>
<doc>Sends a GET request on a previously created HTTP Session.</doc>
<status status="PASS" start="2025-09-12T11:06:26.398264" elapsed="0.184379"/>
</kw>
<kw name="Get From Dictionary" owner="Collections">
<msg time="2025-09-12T11:06:26.584057" level="INFO">${estoque_antes} = 49</msg>
<var>${estoque_antes}</var>
<arg>${resp_produto_antes.json()}</arg>
<arg>quantidade</arg>
<doc>Returns a value from the given ``dictionary`` based on the given ``key``.</doc>
<status status="PASS" start="2025-09-12T11:06:26.582942" elapsed="0.001175"/>
</kw>
<kw name="Create Auth Headers" owner="keywords">
<kw name="Create Dictionary" owner="BuiltIn">
<msg time="2025-09-12T11:06:26.585569" level="INFO">&amp;{headers} = { Content-Type=application/json | Accept=application/json | Authorization=Bearer eyJhbGciOiJIUzI1NiIsInR5cCI6IkpXVCJ9.eyJlbWFpbCI6InFhdGVzdEBxYS5jb20uYnIiLCJwYXNzd29yZCI6InFhdGVzdGUiLCJpYXQiOjE3NTc2OD...</msg>
<var>&amp;{headers}</var>
<arg>Content-Type=application/json</arg>
<arg>Accept=application/json</arg>
<arg>Authorization=${token}</arg>
<doc>Creates and returns a dictionary based on the given ``items``.</doc>
<status status="PASS" start="2025-09-12T11:06:26.585056" elapsed="0.000577"/>
</kw>
<return>
<value>${headers}</value>
<status status="PASS" start="2025-09-12T11:06:26.585780" elapsed="0.000073"/>
</return>
<msg time="2025-09-12T11:06:26.586111" level="INFO">${headers} = {'Content-Type': 'application/json', 'Accept': 'application/json', 'Authorization': 'Bearer eyJhbGciOiJIUzI1NiIsInR5cCI6IkpXVCJ9.eyJlbWFpbCI6InFhdGVzdEBxYS5jb20uYnIiLCJwYXNzd29yZCI6InFhdGVzdGUiLCJpYXQ...</msg>
<var>${headers}</var>
<arg>${AUTH_TOKEN}</arg>
<doc>Cria headers com autenticação</doc>
<status status="PASS" start="2025-09-12T11:06:26.584485" elapsed="0.001679"/>
</kw>
<kw name="DELETE On Session" owner="RequestsLibrary">
<msg time="2025-09-12T11:06:26.778760" level="INFO">DELETE Request : url=http://100.24.7.218:3000/carrinhos/concluir-compra 
 path_url=/carrinhos/concluir-compra 
 headers={'User-Agent': 'python-requests/2.32.5', 'Accept-Encoding': 'gzip, deflate', 'Accept': 'application/json', 'Connection': 'keep-alive', 'Content-Type': 'application/json', 'Authorization': 'Bearer eyJhbGciOiJIUzI1NiIsInR5cCI6IkpXVCJ9.eyJlbWFpbCI6InFhdGVzdEBxYS5jb20uYnIiLCJwYXNzd29yZCI6InFhdGVzdGUiLCJpYXQiOjE3NTc2ODU5ODYsImV4cCI6MTc1NzY4NjU4Nn0.P8bjzbgNlD6mW8MJMZqtsiGxg6g-ylSoXztd9qiYKh4', 'Content-Length': '0'} 
 body=None 
 </msg>
<msg time="2025-09-12T11:06:26.778933" level="INFO">DELETE Response : url=http://100.24.7.218:3000/carrinhos/concluir-compra 
 status=200, reason=OK 
 headers={'Access-Control-Allow-Origin': '*', 'x-dns-prefetch-control': 'off', 'x-frame-options': 'SAMEORIGIN', 'strict-transport-security': 'max-age=15552000; includeSubDomains', 'x-download-options': 'noopen', 'x-content-type-options': 'nosniff', 'x-xss-protection': '1; mode=block', 'Content-Type': 'application/json; charset=utf-8', 'Content-Length': '51', 'Date': 'Fri, 12 Sep 2025 14:06:28 GMT', 'Connection': 'keep-alive', 'Keep-Alive': 'timeout=5'} 
 body={
    "message": "Registro excluído com sucesso"
} 
 </msg>
<msg time="2025-09-12T11:06:26.779165" level="INFO">${resp} = &lt;Response [200]&gt;</msg>
<var>${resp}</var>
<arg>booker</arg>
<arg>/carrinhos/concluir-compra</arg>
<arg>headers=${headers}</arg>
<doc>Sends a DELETE request on a previously created HTTP Session.</doc>
<status status="PASS" start="2025-09-12T11:06:26.586372" elapsed="0.192848"/>
</kw>
<kw name="Should Be True" owner="BuiltIn">
<arg>${resp.status_code} in [200, 204]</arg>
<doc>Fails if the given condition is not true.</doc>
<status status="PASS" start="2025-09-12T11:06:26.779492" elapsed="0.001109"/>
</kw>
<kw name="DELETE On Session" owner="RequestsLibrary">
<msg time="2025-09-12T11:06:26.966687" level="INFO">DELETE Request : url=http://100.24.7.218:3000/carrinhos/cancelar-compra 
 path_url=/carrinhos/cancelar-compra 
 headers={'User-Agent': 'python-requests/2.32.5', 'Accept-Encoding': 'gzip, deflate', 'Accept': 'application/json', 'Connection': 'keep-alive', 'Content-Type': 'application/json', 'Authorization': 'Bearer eyJhbGciOiJIUzI1NiIsInR5cCI6IkpXVCJ9.eyJlbWFpbCI6InFhdGVzdEBxYS5jb20uYnIiLCJwYXNzd29yZCI6InFhdGVzdGUiLCJpYXQiOjE3NTc2ODU5ODYsImV4cCI6MTc1NzY4NjU4Nn0.P8bjzbgNlD6mW8MJMZqtsiGxg6g-ylSoXztd9qiYKh4', 'Content-Length': '0'} 
 body=None 
 </msg>
<msg time="2025-09-12T11:06:26.966859" level="INFO">DELETE Response : url=http://100.24.7.218:3000/carrinhos/cancelar-compra 
 status=200, reason=OK 
 headers={'Access-Control-Allow-Origin': '*', 'x-dns-prefetch-control': 'off', 'x-frame-options': 'SAMEORIGIN', 'strict-transport-security': 'max-age=15552000; includeSubDomains', 'x-download-options': 'noopen', 'x-content-type-options': 'nosniff', 'x-xss-protection': '1; mode=block', 'Content-Type': 'application/json; charset=utf-8', 'Content-Length': '68', 'Date': 'Fri, 12 Sep 2025 14:06:28 GMT', 'Connection': 'keep-alive', 'Keep-Alive': 'timeout=5'} 
 body={
    "message": "Não foi encontrado carrinho para esse usuário"
} 
 </msg>
<msg time="2025-09-12T11:06:26.967229" level="INFO">${resp_cancelar} = &lt;Response [200]&gt;</msg>
<var>${resp_cancelar}</var>
<arg>booker</arg>
<arg>/carrinhos/cancelar-compra</arg>
<arg>headers=${headers}</arg>
<arg>expected_status=any</arg>
<doc>Sends a DELETE request on a previously created HTTP Session.</doc>
<status status="PASS" start="2025-09-12T11:06:26.780838" elapsed="0.186448"/>
</kw>
<kw name="Should Be True" owner="BuiltIn">
<arg>${resp_cancelar.status_code} in [200, 400]</arg>
<doc>Fails if the given condition is not true.</doc>
<status status="PASS" start="2025-09-12T11:06:26.967597" elapsed="0.001024"/>
</kw>
<doc>Exclusão do carrinho deve restaurar estoque dos produtos</doc>
<tag>C005</tag>
<tag>carrinhos</tag>
<tag>smoke</tag>
<status status="PASS" start="2025-09-12T11:06:26.394483" elapsed="0.574356"/>
</test>
<test id="s1-s1-t6" name="C006 - Acesso sem autenticação" line="101">
<kw name="Generate Unique Name" owner="keywords">
<kw name="Generate Random String" owner="String">
<msg time="2025-09-12T11:06:26.971632" level="INFO">${uuid} = hEdFhZX8</msg>
<var>${uuid}</var>
<arg>8</arg>
<arg>[LETTERS][NUMBERS]</arg>
<doc>Generates a string with a desired ``length`` from the given ``chars``.</doc>
<status status="PASS" start="2025-09-12T11:06:26.970878" elapsed="0.000845"/>
</kw>
<kw name="Set Variable" owner="BuiltIn">
<msg time="2025-09-12T11:06:26.972681" level="INFO">${name} = Produto Carrinho hEdFhZX8</msg>
<var>${name}</var>
<arg>${prefix} ${uuid}</arg>
<doc>Returns the given values which can then be assigned to a variables.</doc>
<status status="PASS" start="2025-09-12T11:06:26.972103" elapsed="0.000652"/>
</kw>
<return>
<value>${name}</value>
<status status="PASS" start="2025-09-12T11:06:26.972871" elapsed="0.000075"/>
</return>
<msg time="2025-09-12T11:06:26.973210" level="INFO">${nome} = Produto Carrinho hEdFhZX8</msg>
<var>${nome}</var>
<arg>Produto Carrinho</arg>
<doc>Gera nome único usando UUID</doc>
<status status="PASS" start="2025-09-12T11:06:26.970164" elapsed="0.003093"/>
</kw>
<kw name="Create Dictionary" owner="BuiltIn">
<msg time="2025-09-12T11:06:26.974172" level="INFO">&amp;{produto_data} = { idProduto=507f1f77bcf86cd799439011 | quantidade=1 }</msg>
<var>&amp;{produto_data}</var>
<arg>idProduto=507f1f77bcf86cd799439011</arg>
<arg>quantidade=1</arg>
<doc>Creates and returns a dictionary based on the given ``items``.</doc>
<status status="PASS" start="2025-09-12T11:06:26.973549" elapsed="0.000698"/>
</kw>
<kw name="Create List" owner="BuiltIn">
<msg time="2025-09-12T11:06:26.974838" level="INFO">@{produtos_lista} = [ {'idProduto': '507f1f77bcf86cd799439011', 'quantidade': '1'} ]</msg>
<var>@{produtos_lista}</var>
<arg>${produto_data}</arg>
<doc>Returns a list containing given items.</doc>
<status status="PASS" start="2025-09-12T11:06:26.974480" elapsed="0.000407"/>
</kw>
<kw name="Create Dictionary" owner="BuiltIn">
<msg time="2025-09-12T11:06:26.975459" level="INFO">&amp;{carrinho_data} = { produtos=[{'idProduto': '507f1f77bcf86cd799439011', 'quantidade': '1'}] }</msg>
<var>&amp;{carrinho_data}</var>
<arg>produtos=${produtos_lista}</arg>
<doc>Creates and returns a dictionary based on the given ``items``.</doc>
<status status="PASS" start="2025-09-12T11:06:26.975085" elapsed="0.000414"/>
</kw>
<kw name="POST On Session" owner="RequestsLibrary">
<msg time="2025-09-12T11:06:27.157238" level="INFO">POST Request : url=http://100.24.7.218:3000/carrinhos 
 path_url=/carrinhos 
 headers={'User-Agent': 'python-requests/2.32.5', 'Accept-Encoding': 'gzip, deflate', 'Accept': 'application/json', 'Connection': 'keep-alive', 'Content-Type': 'application/json', 'Content-Length': '76'} 
 body=b'{"produtos": [{"idProduto": "507f1f77bcf86cd799439011", "quantidade": "1"}]}' 
 </msg>
<msg time="2025-09-12T11:06:27.157430" level="INFO">POST Response : url=http://100.24.7.218:3000/carrinhos 
 status=401, reason=Unauthorized 
 headers={'Access-Control-Allow-Origin': '*', 'x-dns-prefetch-control': 'off', 'x-frame-options': 'SAMEORIGIN', 'strict-transport-security': 'max-age=15552000; includeSubDomains', 'x-download-options': 'noopen', 'x-content-type-options': 'nosniff', 'x-xss-protection': '1; mode=block', 'Content-Type': 'application/json; charset=utf-8', 'Content-Length': '103', 'Date': 'Fri, 12 Sep 2025 14:06:28 GMT', 'Connection': 'keep-alive', 'Keep-Alive': 'timeout=5'} 
 body={
    "message": "Token de acesso ausente, inválido, expirado ou usuário do token não existe mais"
} 
 </msg>
<msg time="2025-09-12T11:06:27.157739" level="INFO">${resp} = &lt;Response [401]&gt;</msg>
<var>${resp}</var>
<arg>booker</arg>
<arg>/carrinhos</arg>
<arg>json=${carrinho_data}</arg>
<arg>expected_status=any</arg>
<doc>Sends a POST request on a previously created HTTP Session.</doc>
<status status="PASS" start="2025-09-12T11:06:26.975657" elapsed="0.182165"/>
</kw>
<kw name="Should Be Equal As Integers" owner="BuiltIn">
<msg time="2025-09-12T11:06:27.159458" level="INFO">Argument types are:
&lt;class 'int'&gt;
&lt;class 'str'&gt;</msg>
<arg>${resp.status_code}</arg>
<arg>401</arg>
<doc>Fails if objects are unequal after converting them to integers.</doc>
<status status="PASS" start="2025-09-12T11:06:27.158284" elapsed="0.001298"/>
</kw>
<kw name="Set Variable" owner="BuiltIn">
<msg time="2025-09-12T11:06:27.160880" level="INFO">${body} = {'message': 'Token de acesso ausente, inválido, expirado ou usuário do token não existe mais'}</msg>
<var>${body}</var>
<arg>${resp.json()}</arg>
<doc>Returns the given values which can then be assigned to a variables.</doc>
<status status="PASS" start="2025-09-12T11:06:27.159846" elapsed="0.001092"/>
</kw>
<kw name="Dictionary Should Contain Key" owner="Collections">
<arg>${body}</arg>
<arg>message</arg>
<doc>Fails if ``key`` is not found from ``dictionary``.</doc>
<status status="PASS" start="2025-09-12T11:06:27.161145" elapsed="0.000268"/>
</kw>
<kw name="Should Contain" owner="BuiltIn">
<arg>${body['message']}</arg>
<arg>Token de acesso ausente</arg>
<doc>Fails if ``container`` does not contain ``item`` one or more times.</doc>
<status status="PASS" start="2025-09-12T11:06:27.161615" elapsed="0.000888"/>
</kw>
<doc>Operações de carrinho sem token devem retornar 401</doc>
<tag>C006</tag>
<tag>carrinhos</tag>
<tag>negativo</tag>
<status status="PASS" start="2025-09-12T11:06:26.969263" elapsed="0.193456"/>
</test>
<kw name="Delete All Sessions" owner="RequestsLibrary" type="TEARDOWN">
<msg time="2025-09-12T11:06:27.163866" level="INFO">Deleting All Sessions</msg>
<doc>Removes all the session objects</doc>
<status status="PASS" start="2025-09-12T11:06:27.163693" elapsed="0.000330"/>
</kw>
<status status="PASS" start="2025-09-12T11:06:24.742626" elapsed="2.421469"/>
</suite>
<suite id="s1-s2" name="Data Driven" source="c:\Users\ercliSeveral failures occurred:

1) ConnectTimeout: HTTPConnectionPool(host='54.242.186.180', port=3000): Max retries exceeded with url: /usuarios (Caused by ConnectTimeoutError(&lt;urllib3.connection.HTTPConnection object at 0x0000014A216C1370&gt;, 'Connection to 54.242.186.180 timed out. (connect timeout=None)'))

2) ConnectTimeout: HTTPConnectionPool(host='54.242.186.180', port=3000): Max retries exceeded with url: /usuarios (Caused by ConnectTimeoutError(&lt;urllib3.connection.HTTPConnection object at 0x0000014A2169A9C0&gt;, 'Connection to 54.242.186.180 timed out. (connect timeout=None)'))

3) ConnectTimeout: HTTPConnectionPool(host='54.242.186.180', port=3000): Max retries exceeded with url: /usuarios (Caused by ConnectTimeoutError(&lt;urllib3.connection.HTTPConnection object at 0x0000014A21698380&gt;, 'Connection to 54.242.186.180 timed out. (connect timeout=None)'))</status>
</test>
<test id="s1-s2-t2" name="DD002 - Criar produtos com dados parametrizados" line="19">
<for flavor="IN">
<iter>
<kw name="Create Product With Template">
<kw name="Get Valid Auth Token" owner="keywords">
<kw name="Create Dictionary" owner="BuiltIn">
<msg time="2025-09-12T11:05:11.654433" level="INFO">&amp;{admin_user} = { nome=QA Test | email=qatest@qa.com.br | password=qateste | administrador=true }</msg>
<var>&amp;{admin_user}</var>
<arg>nome=QA Test</arg>
<arg>email=qatest@qa.com.br</arg>
<arg>password=qateste</arg>
<arg>administrador=true</arg>
<doc>Creates and returns a dictionary based on the given ``items``.</doc>
<status status="PASS" start="2025-09-12T11:05:11.654184" elapsed="0.000287"/>
</kw>
<kw name="POST On Session" owner="RequestsLibrary">
<msg time="2025-09-12T11:05:32.686672" level="WARN">Retrying (RetryAdapter(total=2, connect=None, read=None, redirect=None, status=None)) after connection broken by 'ConnectTimeoutError(&lt;urllib3.connection.HTTPConnection object at 0x0000014A2152BDF0&gt;, 'Connection to 54.242.186.180 timed out. (connect timeout=None)')': /usuarios</msg>
<msg time="2025-09-12T11:05:53.924908" level="WARN">Retrying (RetryAdapter(total=1, connect=None, read=None, redirect=None, status=None)) after connection broken by 'ConnectTimeoutError(&lt;urllib3.connection.HTTPConnection object at 0x0000014A2152BAC0&gt;, 'Connection to 54.242.186.180 timed out. (connect timeout=None)')': /usuarios</msg>
<msg time="2025-09-12T11:06:15.359474" level="WARN">Retrying (RetryAdapter(total=0, connect=None, read=None, redirect=None, status=None)) after connection broken by 'ConnectTimeoutError(&lt;urllib3.connection.HTTPConnection object at 0x0000014A2152B570&gt;, 'Connection to 54.242.186.180 timed out. (connect timeout=None)')': /usuarios</msg>
<msg time="2025-09-12T11:06:36.392735" level="FAIL">ConnectTimeout: HTTPConnectionPool(host='54.242.186.180', port=3000): Max retries exceeded with url: /usuarios (Caused by ConnectTimeoutError(&lt;urllib3.connection.HTTPConnection object at 0x0000014A216C06B0&gt;, 'Connection to 54.242.186.180 timed out. (connect timeout=None)'))</msg>
<var>${resp_user}</var>
<arg>booker</arg>
<arg>/usuarios</arg>
<arg>json=${admin_user}</arg>
<arg>expected_status=any</arg>
<doc>Sends a POST request on a previously created HTTP Session.</doc>
<status status="FAIL" start="2025-09-12T11:05:11.654602" elapsed="84.748005">ConnectTimeout: HTTPConnectionPool(host='54.242.186.180', port=3000): Max retries exceeded with url: /usuarios (Caused by ConnectTimeoutError(&lt;urllib3.connection.HTTPConnection object at 0x0000014A216C06B0&gt;, 'Connection to 54.242.186.180 timed out. (connect timeout=None)'))</status>
</kw>
<kw name="Should Be True" owner="BuiltIn">
<arg>${resp_user.status_code} in [201, 400]</arg>
<doc>Fails if the given condition is not true.</doc>
<status status="NOT RUN" start="2025-09-12T11:06:36.402912" elapsed="0.000046"/>
</kw>
<kw name="Create Dictionary" owner="BuiltIn">
<var>&amp;{login_data}</var>
<arg>email=qatest@qa.com.br</arg>
<arg>password=qateste</arg>
<doc>Creates and returns a dictionary based on the given ``items``.</doc>
<status status="NOT RUN" start="2025-09-12T11:06:36.403134" elapsed="0.000032"/>
</kw>
<kw name="POST On Session" owner="RequestsLibrary">
<var>${resp}</var>
<arg>booker</arg>
<arg>/login</arg>
<arg>json=${login_data}</arg>
<doc>Sends a POST request on a previously created HTTP Session.</doc>
<status status="NOT RUN" start="2025-09-12T11:06:36.403320" elapsed="0.000028"/>
</kw>
<kw name="Should Be Equal As Integers" owner="BuiltIn">
<arg>${resp.status_code}</arg>
<arg>200</arg>
<doc>Fails if objects are unequal after converting them to integers.</doc>
<status status="NOT RUN" start="2025-09-12T11:06:36.403492" elapsed="0.000028"/>
</kw>
<kw name="Get From Dictionary" owner="Collections">
<var>${token}</var>
<arg>${resp.json()}</arg>
<arg>authorization</arg>
<doc>Returns a value from the given ``dictionary`` based on the given ``key``.</doc>
<status status="NOT RUN" start="2025-09-12T11:06:36.403656" elapsed="0.000027"/>
</kw>
<return>
<value>${token}</value>
<status status="NOT RUN" start="2025-09-12T11:06:36.403756" elapsed="0.000029"/>
</return>
<var>${token}</var>
<doc>Obtém token de autenticação válido usando usuário padrão</doc>
<status status="FAIL" start="2025-09-12T11:05:11.653937" elapsed="84.750035">ConnectTimeout: HTTPConnectionPool(host='54.242.186.180', port=3000): Max retries exceeded with url: /usuarios (Caused by ConnectTimeoutError(&lt;urllib3.connection.HTTPConnection object at 0x0000014A216C06B0&gt;, 'Connection to 54.242.186.180 timed out. (connect timeout=None)'))</status>
</kw>
<kw name="Split String" owner="String">
<var>@{product_parts}</var>
<arg>${product_data_string}</arg>
<arg>|</arg>
<doc>Splits the ``string`` using ``separator`` as a delimiter string.</doc>
<status status="NOT RUN" start="2025-09-12T11:06:36.404148" elapsed="0.000031"/>
</kw>
<kw name="Generate Unique Name" owner="keywords">
<var>${nome}</var>
<arg>${product_parts}[0]</arg>
<doc>Gera nome único usando UUID</doc>
<status status="NOT RUN" start="2025-09-12T11:06:36.404476" elapsed="0.000038"/>
</kw>
<kw name="Create Dictionary" owner="BuiltIn">
<var>&amp;{product_data}</var>
<arg>nome=${nome}</arg>
<arg>preco=${product_parts}[1]</arg>
<arg>descricao=${product_parts}[2]</arg>
<arg>quantidade=${product_parts}[3]</arg>
<doc>Creates and returns a dictionary based on the given ``items``.</doc>
<status status="NOT RUN" start="2025-09-12T11:06:36.404678" elapsed="0.000030"/>
</kw>
<kw name="Create Auth Headers" owner="keywords">
<var>${headers}</var>
<arg>${token}</arg>
<doc>Cria headers com autenticação</doc>
<status status="NOT RUN" start="2025-09-12T11:06:36.405007" elapsed="0.000038"/>
</kw>
<kw name="POST On Session" owner="RequestsLibrary">
<var>${resp}</var>
<arg>booker</arg>
<arg>/produtos</arg>
<arg>json=${product_data}</arg>
<arg>headers=${headers}</arg>
<doc>Sends a POST request on a previously created HTTP Session.</doc>
<status status="NOT RUN" start="2025-09-12T11:06:36.405193" elapsed="0.000027"/>
</kw>
<kw name="Should Be Equal As Integers" owner="BuiltIn">
<arg>${resp.status_code}</arg>
<arg>201</arg>
<doc>Fails if objects are unequal after converting them to integers.</doc>
<status status="NOT RUN" start="2025-09-12T11:06:36.405341" elapsed="0.000019"/>
</kw>
<kw name="Validate JSON Schema" owner="keywords">
<arg>${resp}</arg>
<arg>product</arg>
<doc>Valida schema JSON da resposta</doc>
<status status="NOT RUN" start="2025-09-12T11:06:36.405496" elapsed="0.000023"/>
</kw>
<kw name="Get From Dictionary" owner="Collections">
<var>${product_id}</var>
<arg>${resp.json()}</arg>
<arg>_id</arg>
<doc>Returns a value from the given ``dictionary`` based on the given ``key``.</doc>
<status status="NOT RUN" start="2025-09-12T11:06:36.405613" elapsed="0.000019"/>
</kw>
<kw name="DELETE On Session" owner="RequestsLibrary">
<arg>booker</arg>
<arg>/produtos/${product_id}</arg>
<arg>headers=${headers}</arg>
<arg>expected_status=any</arg>
<doc>Sends a DELETE request on a previously created HTTP Session.</doc>
<status status="NOT RUN" start="2025-09-12T11:06:36.405725" elapsed="0.000021"/>
</kw>
<arg>${product_data}</arg>
<status status="FAIL" start="2025-09-12T11:05:11.653544" elapsed="84.752384">ConnectTimeout: HTTPConnectionPool(host='54.242.186.180', port=3000): Max retries exceeded with url: /usuarios (Caused by ConnectTimeoutError(&lt;urllib3.connection.HTTPConnection object at 0x0000014A216C06B0&gt;, 'Connection to 54.242.186.180 timed out. (connect timeout=None)'))</status>
</kw>
<var name="${product_data}">Notebook Dell|2500|Notebook para trabalho|5</var>
<status status="FAIL" start="2025-09-12T11:05:11.653361" elapsed="84.752659">ConnectTimeout: HTTPConnectionPool(host='54.242.186.180', port=3000): Max retries exceeded with url: /usuarios (Caused by ConnectTimeoutError(&lt;urllib3.connection.HTTPConnection object at 0x0000014A216C06B0&gt;, 'Connection to 54.242.186.180 timed out. (connect timeout=None)'))</status>
</iter>
<iter>
<kw name="Create Product With Template">
<kw name="Get Valid Auth Token" owner="keywords">
<kw name="Create Dictionary" owner="BuiltIn">
<msg time="2025-09-12T11:06:36.407243" level="INFO">&amp;{admin_user} = { nome=QA Test | email=qatest@qa.com.br | password=qateste | administrador=true }</msg>
<var>&amp;{admin_user}</var>
<arg>nome=QA Test</arg>
<arg>email=qatest@qa.com.br</arg>
<arg>password=qateste</arg>
<arg>administrador=true</arg>
<doc>Creates and returns a dictionary based on the given ``items``.</doc>
<status status="PASS" start="2025-09-12T11:06:36.406989" elapsed="0.000294"/>
</kw>
<kw name="POST On Session" owner="RequestsLibrary">
<msg time="2025-09-12T11:06:57.440757" level="WARN">Retrying (RetryAdapter(total=2, connect=None, read=None, redirect=None, status=None)) after connection broken by 'ConnectTimeoutError(&lt;urllib3.connection.HTTPConnection object at 0x0000014A216C2250&gt;, 'Connection to 54.242.186.180 timed out. (connect timeout=None)')': /usuarios</msg>
<msg time="2025-09-12T11:07:18.690313" level="WARN">Retrying (RetryAdapter(total=1, connect=None, read=None, redirect=None, status=None)) after connection broken by 'ConnectTimeoutError(&lt;urllib3.connection.HTTPConnection object at 0x0000014A216C2580&gt;, 'Connection to 54.242.186.180 timed out. (connect timeout=None)')': /usuarios</msg>
<msg time="2025-09-12T11:07:40.126378" level="WARN">Retrying (RetryAdapter(total=0, connect=None, read=None, redirect=None, status=None)) after connection broken by 'ConnectTimeoutError(&lt;urllib3.connection.HTTPConnection object at 0x0000014A216C28B0&gt;, 'Connection to 54.242.186.180 timed out. (connect timeout=None)')': /usuarios</msg>
<msg time="2025-09-12T11:08:01.156185" level="FAIL">ConnectTimeout: HTTPConnectionPool(host='54.242.186.180', port=3000): Max retries exceeded with url: /usuarios (Caused by ConnectTimeoutError(&lt;urllib3.connection.HTTPConnection object at 0x0000014A2169A250&gt;, 'Connection to 54.242.186.180 timed out. (connect timeout=None)'))</msg>
<var>${resp_user}</var>
<arg>booker</arg>
<arg>/usuarios</arg>
<arg>json=${admin_user}</arg>
<arg>expected_status=any</arg>
<doc>Sends a POST request on a previously created HTTP Session.</doc>
<status status="FAIL" start="2025-09-12T11:06:36.407410" elapsed="84.754281">ConnectTimeout: HTTPConnectionPool(host='54.242.186.180', port=3000): Max retries exceeded with url: /usuarios (Caused by ConnectTimeoutError(&lt;urllib3.connection.HTTPConnection object at 0x0000014A2169A250&gt;, 'Connection to 54.242.186.180 timed out. (connect timeout=None)'))</status>
</kw>
<kw name="Should Be True" owner="BuiltIn">
<arg>${resp_user.status_code} in [201, 400]</arg>
<doc>Fails if the given condition is not true.</doc>
<status status="NOT RUN" start="2025-09-12T11:08:01.161965" elapsed="0.000038"/>
</kw>
<kw name="Create Dictionary" owner="BuiltIn">
<var>&amp;{login_data}</var>
<arg>email=qatest@qa.com.br</arg>
<arg>password=qateste</arg>
<doc>Creates and returns a dictionary based on the given ``items``.</doc>
<status status="NOT RUN" start="2025-09-12T11:08:01.162145" elapsed="0.000020"/>
</kw>
<kw name="POST On Session" owner="RequestsLibrary">
<var>${resp}</var>
<arg>booker</arg>
<arg>/login</arg>
<arg>json=${login_data}</arg>
<doc>Sends a POST request on a previously created HTTP Session.</doc>
<status status="NOT RUN" start="2025-09-12T11:08:01.162286" elapsed="0.000020"/>
</kw>
<kw name="Should Be Equal As Integers" owner="BuiltIn">
<arg>${resp.status_code}</arg>
<arg>200</arg>
<doc>Fails if objects are unequal after converting them to integers.</doc>
<status status="NOT RUN" start="2025-09-12T11:08:01.162397" elapsed="0.000018"/>
</kw>
<kw name="Get From Dictionary" owner="Collections">
<var>${token}</var>
<arg>${resp.json()}</arg>
<arg>authorization</arg>
<doc>Returns a value from the given ``dictionary`` based on the given ``key``.</doc>
<status status="NOT RUN" start="2025-09-12T11:08:01.162497" elapsed="0.000020"/>
</kw>
<return>
<value>${token}</value>
<status status="NOT RUN" start="2025-09-12T11:08:01.162574" elapsed="0.000025"/>
</return>
<var>${token}</var>
<doc>Obtém token de autenticação válido usando usuário padrão</doc>
<status status="FAIL" start="2025-09-12T11:06:36.406755" elapsed="84.756021">ConnectTimeout: HTTPConnectionPool(host='54.242.186.180', port=3000): Max retries exceeded with url: /usuarios (Caused by ConnectTimeoutError(&lt;urllib3.connection.HTTPConnection object at 0x0000014A2169A250&gt;, 'Connection to 54.242.186.180 timed out. (connect timeout=None)'))</status>
</kw>
<kw name="Split String" owner="String">
<var>@{product_parts}</var>
<arg>${product_data_string}</arg>
<arg>|</arg>
<doc>Splits the ``string`` using ``separator`` as a delimiter string.</doc>
<status status="NOT RUN" start="2025-09-12T11:08:01.162976" elapsed="0.000025"/>
</kw>
<kw name="Generate Unique Name" owner="keywords">
<var>${nome}</var>
<arg>${product_parts}[0]</arg>
<doc>Gera nome único usando UUID</doc>
<status status="NOT RUN" start="2025-09-12T11:08:01.163293" elapsed="0.000024"/>
</kw>
<kw name="Create Dictionary" owner="BuiltIn">
<var>&amp;{product_data}</var>
<arg>nome=${nome}</arg>
<arg>preco=${product_parts}[1]</arg>
<arg>descricao=${product_parts}[2]</arg>
<arg>quantidade=${product_parts}[3]</arg>
<doc>Creates and returns a dictionary based on the given ``items``.</doc>
<status status="NOT RUN" start="2025-09-12T11:08:01.163407" elapsed="0.000012"/>
</kw>
<kw name="Create Auth Headers" owner="keywords">
<var>${headers}</var>
<arg>${token}</arg>
<doc>Cria headers com autenticação</doc>
<status status="NOT RUN" start="2025-09-12T11:08:01.163525" elapsed="0.000023"/>
</kw>
<kw name="POST On Session" owner="RequestsLibrary">
<var>${resp}</var>
<arg>booker</arg>
<arg>/produtos</arg>
<arg>json=${product_data}</arg>
<arg>headers=${headers}</arg>
<doc>Sends a POST request on a previously created HTTP Session.</doc>
<status status="NOT RUN" start="2025-09-12T11:08:01.163609" elapsed="0.000029"/>
</kw>
<kw name="Should Be Equal As Integers" owner="BuiltIn">
<arg>${resp.status_code}</arg>
<arg>201</arg>
<doc>Fails if objects are unequal after converting them to integers.</doc>
<status status="NOT RUN" start="2025-09-12T11:08:01.163704" elapsed="0.000012"/>
</kw>
<kw name="Validate JSON Schema" owner="keywords">
<arg>${resp}</arg>
<arg>product</arg>
<doc>Valida schema JSON da resposta</doc>
<status status="NOT RUN" start="2025-09-12T11:08:01.163800" elapsed="0.000013"/>
</kw>
<kw name="Get From Dictionary" owner="Collections">
<var>${product_id}</var>
<arg>${resp.json()}</arg>
<arg>_id</arg>
<doc>Returns a value from the given ``dictionary`` based on the given ``key``.</doc>
<status status="NOT RUN" start="2025-09-12T11:08:01.163865" elapsed="0.000011"/>
</kw>
<kw name="DELETE On Session" owner="RequestsLibrary">
<arg>booker</arg>
<arg>/produtos/${product_id}</arg>
<arg>headers=${headers}</arg>
<arg>expected_status=any</arg>
<doc>Sends a DELETE request on a previously created HTTP Session.</doc>
<status status="NOT RUN" start="2025-09-12T11:08:01.163939" elapsed="0.000011"/>
</kw>
<arg>${product_data}</arg>
<status status="FAIL" start="2025-09-12T11:06:36.406318" elapsed="84.757710">ConnectTimeout: HTTPConnectionPool(host='54.242.186.180', port=3000): Max retries exceeded with url: /usuarios (Caused by ConnectTimeoutError(&lt;urllib3.connection.HTTPConnection object at 0x0000014A2169A250&gt;, 'Connection to 54.242.186.180 timed out. (connect timeout=None)'))</status>
</kw>
<var name="${product_data}">Mouse Logitech|50|Mouse sem fio|20</var>
<status status="FAIL" start="2025-09-12T11:06:36.406159" elapsed="84.757969">ConnectTimeout: HTTPConnectionPool(host='54.242.186.180', port=3000): Max retries exceeded with url: /usuarios (Caused by ConnectTimeoutError(&lt;urllib3.connection.HTTPConnection object at 0x0000014A2169A250&gt;, 'Connection to 54.242.186.180 timed out. (connect timeout=None)'))</status>
</iter>
<iter>
<kw name="Create Product With Template">
<kw name="Get Valid Auth Token" owner="keywords">
<kw name="Create Dictionary" owner="BuiltIn">
<msg time="2025-09-12T11:08:01.164856" level="INFO">&amp;{admin_user} = { nome=QA Test | email=qatest@qa.com.br | password=qateste | administrador=true }</msg>
<var>&amp;{admin_user}</var>
<arg>nome=QA Test</arg>
<arg>email=qatest@qa.com.br</arg>
<arg>password=qateste</arg>
<arg>administrador=true</arg>
<doc>Creates and returns a dictionary based on the given ``items``.</doc>
<status status="PASS" start="2025-09-12T11:08:01.164705" elapsed="0.000171"/>
</kw>
<kw name="POST On Session" owner="RequestsLibrary">
<msg time="2025-09-12T11:08:22.189492" level="WARN">Retrying (RetryAdapter(total=2, connect=None, read=None, redirect=None, status=None)) after connection broken by 'ConnectTimeoutError(&lt;urllib3.connection.HTTPConnection object at 0x0000014A216C3020&gt;, 'Connection to 54.242.186.180 timed out. (connect timeout=None)')': /usuarios</msg>
<msg time="2025-09-12T11:08:43.424089" level="WARN">Retrying (RetryAdapter(total=1, connect=None, read=None, redirect=None, status=None)) after connection broken by 'ConnectTimeoutError(&lt;urllib3.connection.HTTPConnection object at 0x0000014A216C3680&gt;, 'Connection to 54.242.186.180 timed out. (connect timeout=None)')': /usuarios</msg>
<msg time="2025-09-12T11:09:04.873500" level="WARN">Retrying (RetryAdapter(total=0, connect=None, read=None, redirect=None, status=None)) after connection broken by 'ConnectTimeoutError(&lt;urllib3.connection.HTTPConnection object at 0x0000014A216C39B0&gt;, 'Connection to 54.242.186.180 timed out. (connect timeout=None)')': /usuarios</msg>
<msg time="2025-09-12T11:09:25.924350" level="FAIL">ConnectTimeout: HTTPConnectionPool(host='54.242.186.180', port=3000): Max retries exceeded with url: /usuarios (Caused by ConnectTimeoutError(&lt;urllib3.connection.HTTPConnection object at 0x0000014A216C3CE0&gt;, 'Connection to 54.242.186.180 timed out. (connect timeout=None)'))</msg>
<var>${resp_user}</var>
<arg>booker</arg>
<arg>/usuarios</arg>
<arg>json=${admin_user}</arg>
<arg>expected_status=any</arg>
<doc>Sends a POST request on a previously created HTTP Session.</doc>
<status status="FAIL" start="2025-09-12T11:08:01.164942" elapsed="84.765970">ConnectTimeout: HTTPConnectionPool(host='54.242.186.180', port=3000): Max retries exceeded with url: /usuarios (Caused by ConnectTimeoutError(&lt;urllib3.connection.HTTPConnection object at 0x0000014A216C3CE0&gt;, 'Connection to 54.242.186.180 timed out. (connect timeout=None)'))</status>
</kw>
<kw name="Should Be True" owner="BuiltIn">
<arg>${resp_user.status_code} in [201, 400]</arg>
<doc>Fails if the given condition is not true.</doc>
<status status="NOT RUN" start="2025-09-12T11:09:25.931143" elapsed="0.000032"/>
</kw>
<kw name="Create Dictionary" owner="BuiltIn">
<var>&amp;{login_data}</var>
<arg>email=qatest@qa.com.br</arg>
<arg>password=qateste</arg>
<doc>Creates and returns a dictionary based on the given ``items``.</doc>
<status status="NOT RUN" start="2025-09-12T11:09:25.931294" elapsed="0.000021"/>
</kw>
<kw name="POST On Session" owner="RequestsLibrary">
<var>${resp}</var>
<arg>booker</arg>
<arg>/login</arg>
<arg>json=${login_data}</arg>
<doc>Sends a POST request on a previously created HTTP Session.</doc>
<status status="NOT RUN" start="2025-09-12T11:09:25.931415" elapsed="0.000019"/>
</kw>
<kw name="Should Be Equal As Integers" owner="BuiltIn">
<arg>${resp.status_code}</arg>
<arg>200</arg>
<doc>Fails if objects are unequal after converting them to integers.</doc>
<status status="NOT RUN" start="2025-09-12T11:09:25.931530" elapsed="0.000018"/>
</kw>
<kw name="Get From Dictionary" owner="Collections">
<var>${token}</var>
<arg>${resp.json()}</arg>
<arg>authorization</arg>
<doc>Returns a value from the given ``dictionary`` based on the given ``key``.</doc>
<status status="NOT RUN" start="2025-09-12T11:09:25.931636" elapsed="0.000018"/>
</kw>
<return>
<value>${token}</value>
<status status="NOT RUN" start="2025-09-12T11:09:25.931705" elapsed="0.000021"/>
</return>
<var>${token}</var>
<doc>Obtém token de autenticação válido usando usuário padrão</doc>
<status status="FAIL" start="2025-09-12T11:08:01.164571" elapsed="84.767275">ConnectTimeout: HTTPConnectionPool(host='54.242.186.180', port=3000): Max retries exceeded with url: /usuarios (Caused by ConnectTimeoutError(&lt;urllib3.connection.HTTPConnection object at 0x0000014A216C3CE0&gt;, 'Connection to 54.242.186.180 timed out. (connect timeout=None)'))</status>
</kw>
<kw name="Split String" owner="String">
<var>@{product_parts}</var>
<arg>${product_data_string}</arg>
<arg>|</arg>
<doc>Splits the ``string`` using ``separator`` as a delimiter string.</doc>
<status status="NOT RUN" start="2025-09-12T11:09:25.931958" elapsed="0.000020"/>
</kw>
<kw name="Generate Unique Name" owner="keywords">
<var>${nome}</var>
<arg>${product_parts}[0]</arg>
<doc>Gera nome único usando UUID</doc>
<status status="NOT RUN" start="2025-09-12T11:09:25.932217" elapsed="0.000047"/>
</kw>
<kw name="Create Dictionary" owner="BuiltIn">
<var>&amp;{product_data}</var>
<arg>nome=${nome}</arg>
<arg>preco=${product_parts}[1]</arg>
<arg>descricao=${product_parts}[2]</arg>
<arg>quantidade=${product_parts}[3]</arg>
<doc>Creates and returns a dictionary based on the given ``items``.</doc>
<status status="NOT RUN" start="2025-09-12T11:09:25.932447" elapsed="0.000032"/>
</kw>
<kw name="Create Auth Headers" owner="keywords">
<var>${headers}</var>
<arg>${token}</arg>
<doc>Cria headers com autenticação</doc>
<status status="NOT RUN" start="2025-09-12T11:09:25.932725" elapsed="0.000029"/>
</kw>
<kw name="POST On Session" owner="RequestsLibrary">
<var>${resp}</var>
<arg>booker</arg>
<arg>/produtos</arg>
<arg>json=${product_data}</arg>
<arg>headers=${headers}</arg>
<doc>Sends a POST request on a previously created HTTP Session.</doc>
<status status="NOT RUN" start="2025-09-12T11:09:25.932863" elapsed="0.000020"/>
</kw>
<kw name="Should Be Equal As Integers" owner="BuiltIn">
<arg>${resp.status_code}</arg>
<arg>201</arg>
<doc>Fails if objects are unequal after converting them to integers.</doc>
<status status="NOT RUN" start="2025-09-12T11:09:25.932987" elapsed="0.000021"/>
</kw>
<kw name="Validate JSON Schema" owner="keywords">
<arg>${resp}</arg>
<arg>product</arg>
<doc>Valida schema JSON da resposta</doc>
<status status="NOT RUN" start="2025-09-12T11:09:25.933137" elapsed="0.000024"/>
</kw>
<kw name="Get From Dictionary" owner="Collections">
<var>${product_id}</var>
<arg>${resp.json()}</arg>
<arg>_id</arg>
<doc>Returns a value from the given ``dictionary`` based on the given ``key``.</doc>
<status status="NOT RUN" start="2025-09-12T11:09:25.933255" elapsed="0.000019"/>
</kw>
<kw name="DELETE On Session" owner="RequestsLibrary">
<arg>booker</arg>
<arg>/produtos/${product_id}</arg>
<arg>headers=${headers}</arg>
<arg>expected_status=any</arg>
<doc>Sends a DELETE request on a previously created HTTP Session.</doc>
<status status="NOT RUN" start="2025-09-12T11:09:25.933379" elapsed="0.000019"/>
</kw>
<arg>${product_data}</arg>
<status status="FAIL" start="2025-09-12T11:08:01.164335" elapsed="84.769186">ConnectTimeout: HTTPConnectionPool(host='54.242.186.180', port=3000): Max retries exceeded with url: /usuarios (Caused by ConnectTimeoutError(&lt;urllib3.connection.HTTPConnection object at 0x0000014A216C3CE0&gt;, 'Connection to 54.242.186.180 timed out. (connect timeout=None)'))</status>
</kw>
<var name="${product_data}">Teclado Mecânico|200|Teclado para gaming|10</var>
<status status="FAIL" start="2025-09-12T11:08:01.164226" elapsed="84.769450">ConnectTimeout: HTTPConnectionPool(host='54.242.186.180', port=3000): Max retries exceeded with url: /usuarios (Caused by ConnectTimeoutError(&lt;urllib3.connection.HTTPConnection object at 0x0000014A216C3CE0&gt;, 'Connection to 54.242.186.180 timed out. (connect timeout=None)'))</status>
</iter>
<var>${product_data}</var>
<value>@{PRODUTOS_VALIDOS}</value>
<status status="FAIL" start="2025-09-12T11:05:11.653163" elapsed="254.280605">Several failures occurred:

1) ConnectTimeout: HTTPConnectionPool(host='54.242.186.180', port=3000): Max retries exceeded with url: /usuarios (Caused by ConnectTimeoutError(&lt;urllib3.connection.HTTPConnection object at 0x0000014A216C06B0&gt;, 'Connection to 54.242.186.180 timed out. (connect timeout=None)'))

2) ConnectTimeout: HTTPConnectionPool(host='54.242.186.180', port=3000): Max retries exceeded with url: /usuarios (Caused by ConnectTimeoutError(&lt;urllib3.connection.HTTPConnection object at 0x0000014A2169A250&gt;, 'Connection to 54.242.186.180 timed out. (connect timeout=None)'))

3) ConnectTimeout: HTTPConnectionPool(host='54.242.186.180', port=3000): Max retries exceeded with url: /usuarios (Caused by ConnectTimeoutError(&lt;urllib3.connection.HTTPConnection object at 0x0000014A216C3CE0&gt;, 'Connection to 54.242.186.180 timed out. (connect timeout=None)'))</status>
</for>
<doc>Testa criação de produtos usando dados parametrizados</doc>
<tag>data-driven</tag>
<tag>DD002</tag>
<tag>produtos</tag>
<status status="FAIL" start="2025-09-12T11:05:11.652694" elapsed="254.281284">Several failures occurred:

1) ConnectTimeout: HTTPConnectionPool(host='54.242.186.180', port=3000): Max retries exceeded with url: /usuarios (Caused by ConnectTimeoutError(&lt;urllib3.connection.HTTPConnection object at 0x0000014A216C06B0&gt;, 'Connection to 54.242.186.180 timed out. (connect timeout=None)'))

2) ConnectTimeout: HTTPConnectionPool(host='54.242.186.180', port=3000): Max retries exceeded with url: /usuarios (Caused by ConnectTimeoutError(&lt;urllib3.connection.HTTPConnection object at 0x0000014A2169A250&gt;, 'Connection to 54.242.186.180 timed out. (connect timeout=None)'))

3) ConnectTimeout: HTTPConnectionPool(host='54.242.186.180', port=3000): Max retries exceeded with url: /usuarios (Caused by ConnectTimeoutError(&lt;urllib3.connection.HTTPConnection object at 0x0000014A216C3CE0&gt;, 'Connection to 54.242.186.180 timed out. (connect timeout=None)'))</status>
</test>
<test id="s1-s2-t3" name="DD003 - Teste de performance múltiplas requisições" line="27">
<kw name="Get Valid Auth Token" owner="keywords">
<kw name="Create Dictionary" owner="BuiltIn">
<msg time="2025-09-12T11:09:25.935386" level="INFO">&amp;{admin_user} = { nome=QA Test | email=qatest@qa.com.br | password=qateste | administrador=true }</msg>
<var>&amp;{admin_user}</var>
<arg>nome=QA Test</arg>
<arg>email=qatest@qa.com.br</arg>
<arg>password=qateste</arg>
<arg>administrador=true</arg>
<doc>Creates and returns a dictionary based on the given ``items``.</doc>
<status status="PASS" start="2025-09-12T11:09:25.935129" elapsed="0.000294"/>
</kw>
<kw name="POST On Session" owner="RequestsLibrary">
<msg time="2025-09-12T11:09:46.959770" level="WARN">Retrying (RetryAdapter(total=2, connect=None, read=None, redirect=None, status=None)) after connection broken by 'ConnectTimeoutError(&lt;urllib3.connection.HTTPConnection object at 0x0000014A217049E0&gt;, 'Connection to 54.242.186.180 timed out. (connect timeout=None)')': /usuarios</msg>
<msg time="2025-09-12T11:10:08.190283" level="WARN">Retrying (RetryAdapter(total=1, connect=None, read=None, redirect=None, status=None)) after connection broken by 'ConnectTimeoutError(&lt;urllib3.connection.HTTPConnection object at 0x0000014A21704D10&gt;, 'Connection to 54.242.186.180 timed out. (connect timeout=None)')': /usuarios</msg>
<msg time="2025-09-12T11:10:29.627724" level="WARN">Retrying (RetryAdapter(total=0, connect=None, read=None, redirect=None, status=None)) after connection broken by 'ConnectTimeoutError(&lt;urllib3.connection.HTTPConnection object at 0x0000014A21705040&gt;, 'Connection to 54.242.186.180 timed out. (connect timeout=None)')': /usuarios</msg>
<msg time="2025-09-12T11:10:50.661254" level="FAIL">ConnectTimeout: HTTPConnectionPool(host='54.242.186.180', port=3000): Max retries exceeded with url: /usuarios (Caused by ConnectTimeoutError(&lt;urllib3.connection.HTTPConnection object at 0x0000014A21705370&gt;, 'Connection to 54.242.186.180 timed out. (connect timeout=None)'))</msg>
<var>${resp_user}</var>
<arg>booker</arg>
<arg>/usuarios</arg>
<arg>json=${admin_user}</arg>
<arg>expected_status=any</arg>
<doc>Sends a POST request on a previously created HTTP Session.</doc>
<status status="FAIL" start="2025-09-12T11:09:25.935549" elapsed="84.733700">ConnectTimeout: HTTPConnectionPool(host='54.242.186.180', port=3000): Max retries exceeded with url: /usuarios (Caused by ConnectTimeoutError(&lt;urllib3.connection.HTTPConnection object at 0x0000014A21705370&gt;, 'Connection to 54.242.186.180 timed out. (connect timeout=None)'))</status>
</kw>
<kw name="Should Be True" owner="BuiltIn">
<arg>${resp_user.status_code} in [201, 400]</arg>
<doc>Fails if the given condition is not true.</doc>
<status status="NOT RUN" start="2025-09-12T11:10:50.669509" elapsed="0.000035"/>
</kw>
<kw name="Create Dictionary" owner="BuiltIn">
<var>&amp;{login_data}</var>
<arg>email=qatest@qa.com.br</arg>
<arg>password=qateste</arg>
<doc>Creates and returns a dictionary based on the given ``items``.</doc>
<status status="NOT RUN" start="2025-09-12T11:10:50.669674" elapsed="0.000023"/>
</kw>
<kw name="POST On Session" owner="RequestsLibrary">
<var>${resp}</var>
<arg>booker</arg>
<arg>/login</arg>
<arg>json=${login_data}</arg>
<doc>Sends a POST request on a previously created HTTP Session.</doc>
<status status="NOT RUN" start="2025-09-12T11:10:50.669809" elapsed="0.000023"/>
</kw>
<kw name="Should Be Equal As Integers" owner="BuiltIn">
<arg>${resp.status_code}</arg>
<arg>200</arg>
<doc>Fails if objects are unequal after converting them to integers.</doc>
<status status="NOT RUN" start="2025-09-12T11:10:50.669937" elapsed="0.000022"/>
</kw>
<kw name="Get From Dictionary" owner="Collections">
<var>${token}</var>
<arg>${resp.json()}</arg>
<arg>authorization</arg>
<doc>Returns a value from the given ``dictionary`` based on the given ``key``.</doc>
<status status="NOT RUN" start="2025-09-12T11:10:50.670062" elapsed="0.000021"/>
</kw>
<return>
<value>${token}</value>
<status status="NOT RUN" start="2025-09-12T11:10:50.670147" elapsed="0.000022"/>
</return>
<var>${token}</var>
<doc>Obtém token de autenticação válido usando usuário padrão</doc>
[...]
<msg time="2025-09-12T11:06:44.814686" level="INFO">POST Response : url=http://100.24.7.218:3000/usuarios 
 status=201, reason=Created 
 headers={'Access-Control-Allow-Origin': '*', 'x-dns-prefetch-control': 'off', 'x-frame-options': 'SAMEORIGIN', 'strict-transport-security': 'max-age=15552000; includeSubDomains', 'x-download-options': 'noopen', 'x-content-type-options': 'nosniff', 'x-xss-protection': '1; mode=block', 'Content-Type': 'application/json; charset=utf-8', 'Content-Length': '82', 'Date': 'Fri, 12 Sep 2025 14:06:46 GMT', 'Connection': 'keep-alive', 'Keep-Alive': 'timeout=5'} 
 body={
    "message": "Cadastro realizado com sucesso",
    "_id": "xZeENRCx7IwSA05d"
} 
 </msg>
<msg time="2025-09-12T11:06:44.814794" level="INFO">${resp_curta} = &lt;Response [201]&gt;</msg>
<var>${resp_curta}</var>
<arg>booker</arg>
<arg>/usuarios</arg>
<arg>json=${usuario_senha_curta}</arg>
<arg>expected_status=any</arg>
<doc>Sends a POST request on a previously created HTTP Session.</doc>
<status status="PASS" start="2025-09-12T11:06:44.629091" elapsed="0.185727"/>
</kw>
<kw name="Should Be Equal As Integers" owner="BuiltIn">
<msg time="2025-09-12T11:06:44.815565" level="INFO">Argument types are:
&lt;class 'int'&gt;
&lt;class 'str'&gt;</msg>
<msg time="2025-09-12T11:06:44.815690" level="FAIL">201 != 400</msg>
<arg>${resp_curta.status_code}</arg>
<arg>400</arg>
<doc>Fails if objects are unequal after converting them to integers.</doc>
<status status="FAIL" start="2025-09-12T11:06:44.814967" elapsed="0.000823">201 != 400</status>
</kw>
<kw name="Set Variable" owner="BuiltIn">
<var>${body_curta}</var>
<arg>${resp_curta.json()}</arg>
<doc>Returns the given values which can then be assigned to a variables.</doc>
<status status="NOT RUN" start="2025-09-12T11:06:44.815956" elapsed="0.000026"/>
</kw>
<kw name="Dictionary Should Contain Key" owner="Collections">
<arg>${body_curta}</arg>
<arg>password</arg>
<doc>Fails if ``key`` is not found from ``dictionary``.</doc>
<status status="NOT RUN" start="2025-09-12T11:06:44.816073" elapsed="0.000016"/>
</kw>
<kw name="Generate Unique Email" owner="keywords">
<var>${email2}</var>
<doc>Gera email único usando UUID</doc>
<status status="NOT RUN" start="2025-09-12T11:06:44.816251" elapsed="0.000025"/>
</kw>
<kw name="Create Dictionary" owner="BuiltIn">
<var>&amp;{usuario_senha_longa}</var>
<arg>nome=Usuario Senha Longa</arg>
<arg>email=${email2}</arg>
<arg>password=abcdefghijk</arg>
<arg>administrador=false</arg>
<doc>Creates and returns a dictionary based on the given ``items``.</doc>
<status status="NOT RUN" start="2025-09-12T11:06:44.816451" elapsed="0.000021"/>
</kw>
<kw name="POST On Session" owner="RequestsLibrary">
<var>${resp_longa}</var>
<arg>booker</arg>
<arg>/usuarios</arg>
<arg>json=${usuario_senha_longa}</arg>
<arg>expected_status=any</arg>
<doc>Sends a POST request on a previously created HTTP Session.</doc>
<status status="NOT RUN" start="2025-09-12T11:06:44.816566" elapsed="0.000017"/>
</kw>
<kw name="Should Be Equal As Integers" owner="BuiltIn">
<arg>${resp_longa.status_code}</arg>
<arg>400</arg>
<doc>Fails if objects are unequal after converting them to integers.</doc>
<status status="NOT RUN" start="2025-09-12T11:06:44.816669" elapsed="0.000016"/>
</kw>
<kw name="Set Variable" owner="BuiltIn">
<var>${body_longa}</var>
<arg>${resp_longa.json()}</arg>
<doc>Returns the given values which can then be assigned to a variables.</doc>
<status status="NOT RUN" start="2025-09-12T11:06:44.816762" elapsed="0.000015"/>
</kw>
<kw name="Dictionary Should Contain Key" owner="Collections">
<arg>${body_longa}</arg>
<arg>password</arg>
<doc>Fails if ``key`` is not found from ``dictionary``.</doc>
<status status="NOT RUN" start="2025-09-12T11:06:44.816846" elapsed="0.000015"/>
</kw>
<doc>Validar senha com menos de 5 e mais de 10 caracteres</doc>
<tag>negativo</tag>
<tag>U004</tag>
<tag>usuarios</tag>
<status status="FAIL" start="2025-09-12T11:06:44.627393" elapsed="0.189605">201 != 400</status>
</test>
<test id="s1-s7-t8" name="U005 - PUT cria quando ID não existe" line="154">
<kw name="Set Variable" owner="BuiltIn">
<msg time="2025-09-12T11:06:44.817790" level="INFO">${id_inexistente} = 507f1f77bcf86cd799439011</msg>
<var>${id_inexistente}</var>
<arg>507f1f77bcf86cd799439011</arg>
<doc>Returns the given values which can then be assigned to a variables.</doc>
<status status="PASS" start="2025-09-12T11:06:44.817631" elapsed="0.000184"/>
</kw>
<kw name="Generate Unique Email" owner="keywords">
<kw name="Generate Random String" owner="String">
<msg time="2025-09-12T11:06:44.818422" level="INFO">${uuid} = zg5eCxdz</msg>
<var>${uuid}</var>
<arg>8</arg>
<arg>[LETTERS][NUMBERS]</arg>
<doc>Generates a string with a desired ``length`` from the given ``chars``.</doc>
<status status="PASS" start="2025-09-12T11:06:44.818208" elapsed="0.000241"/>
</kw>
<kw name="Set Variable" owner="BuiltIn">
<msg time="2025-09-12T11:06:44.818678" level="INFO">${email} = testezg5eCxdz@qa.com</msg>
<var>${email}</var>
<arg>teste${uuid}@qa.com</arg>
<doc>Returns the given values which can then be assigned to a variables.</doc>
<status status="PASS" start="2025-09-12T11:06:44.818549" elapsed="0.000149"/>
</kw>
<return>
<value>${email}</value>
<status status="PASS" start="2025-09-12T11:06:44.818757" elapsed="0.000035"/>
</return>
<msg time="2025-09-12T11:06:44.818909" level="INFO">${email} = testezg5eCxdz@qa.com</msg>
<var>${email}</var>
<doc>Gera email único usando UUID</doc>
<status status="PASS" start="2025-09-12T11:06:44.817980" elapsed="0.000953"/>
</kw>
<kw name="Generate Unique Name" owner="keywords">
<kw name="Generate Random String" owner="String">
<msg time="2025-09-12T11:06:44.819568" level="INFO">${uuid} = exJT0fnY</msg>
<var>${uuid}</var>
<arg>8</arg>
<arg>[LETTERS][NUMBERS]</arg>
<doc>Generates a string with a desired ``length`` from the given ``chars``.</doc>
<status status="PASS" start="2025-09-12T11:06:44.819383" elapsed="0.000209"/>
</kw>
<kw name="Set Variable" owner="BuiltIn">
<msg time="2025-09-12T11:06:44.819845" level="INFO">${name} = Usuario PUT exJT0fnY</msg>
<var>${name}</var>
<arg>${prefix} ${uuid}</arg>
<doc>Returns the given values which can then be assigned to a variables.</doc>
<status status="PASS" start="2025-09-12T11:06:44.819687" elapsed="0.000180"/>
</kw>
<return>
<value>${name}</value>
<status status="PASS" start="2025-09-12T11:06:44.819912" elapsed="0.000029"/>
</return>
<msg time="2025-09-12T11:06:44.820041" level="INFO">${nome} = Usuario PUT exJT0fnY</msg>
<var>${nome}</var>
<arg>Usuario PUT</arg>
<doc>Gera nome único usando UUID</doc>
<status status="PASS" start="2025-09-12T11:06:44.819111" elapsed="0.000950"/>
</kw>
<kw name="Create Dictionary" owner="BuiltIn">
<msg time="2025-09-12T11:06:44.820428" level="INFO">&amp;{usuario_put} = { nome=Usuario PUT exJT0fnY | email=testezg5eCxdz@qa.com | password=teste123 | administrador=false }</msg>
<var>&amp;{usuario_put}</var>
<arg>nome=${nome}</arg>
<arg>email=${email}</arg>
<arg>password=teste123</arg>
<arg>administrador=false</arg>
<doc>Creates and returns a dictionary based on the given ``items``.</doc>
<status status="PASS" start="2025-09-12T11:06:44.820164" elapsed="0.000287"/>
</kw>
<kw name="PUT On Session" owner="RequestsLibrary">
<msg time="2025-09-12T11:06:45.022719" level="INFO">PUT Request : url=http://100.24.7.218:3000/usuarios/507f1f77bcf86cd799439011 
 path_url=/usuarios/507f1f77bcf86cd799439011 
 headers={'User-Agent': 'python-requests/2.32.5', 'Accept-Encoding': 'gzip, deflate', 'Accept': 'application/json', 'Connection': 'keep-alive', 'Content-Type': 'application/json', 'Content-Length': '115'} 
 body=b'{"nome": "Usuario PUT exJT0fnY", "email": "testezg5eCxdz@qa.com", "password": "teste123", "administrador": "false"}' 
 </msg>
<msg time="2025-09-12T11:06:45.022793" level="INFO">PUT Response : url=http://100.24.7.218:3000/usuarios/507f1f77bcf86cd799439011 
 status=201, reason=Created 
 headers={'Access-Control-Allow-Origin': '*', 'x-dns-prefetch-control': 'off', 'x-frame-options': 'SAMEORIGIN', 'strict-transport-security': 'max-age=15552000; includeSubDomains', 'x-download-options': 'noopen', 'x-content-type-options': 'nosniff', 'x-xss-protection': '1; mode=block', 'Content-Type': 'application/json; charset=utf-8', 'Content-Length': '82', 'Date': 'Fri, 12 Sep 2025 14:06:46 GMT', 'Connection': 'keep-alive', 'Keep-Alive': 'timeout=5'} 
 body={
    "message": "Cadastro realizado com sucesso",
    "_id": "KR7xhJiJv95BoHDE"
} 
 </msg>
<msg time="2025-09-12T11:06:45.022892" level="INFO">${resp} = &lt;Response [201]&gt;</msg>
<var>${resp}</var>
<arg>booker</arg>
<arg>/usuarios/${id_inexistente}</arg>
<arg>json=${usuario_put}</arg>
<doc>Sends a PUT request on a previously created HTTP Session.</doc>
<status status="PASS" start="2025-09-12T11:06:44.820546" elapsed="0.202366"/>
</kw>
<kw name="Should Be True" owner="BuiltIn">
<arg>${resp.status_code} in [200, 201]</arg>
<doc>Fails if the given condition is not true.</doc>
<status status="PASS" start="2025-09-12T11:06:45.023035" elapsed="0.000450"/>
</kw>
<kw name="Set Variable" owner="BuiltIn">
<msg time="2025-09-12T11:06:45.023928" level="INFO">${body} = {'message': 'Cadastro realizado com sucesso', '_id': 'KR7xhJiJv95BoHDE'}</msg>
<var>${body}</var>
<arg>${resp.json()}</arg>
<doc>Returns the given values which can then be assigned to a variables.</doc>
<status status="PASS" start="2025-09-12T11:06:45.023591" elapsed="0.000356"/>
</kw>
<kw name="Dictionary Should Contain Key" owner="Collections">
<arg>${body}</arg>
<arg>message</arg>
<doc>Fails if ``key`` is not found from ``dictionary``.</doc>
<status status="PASS" start="2025-09-12T11:06:45.024022" elapsed="0.000116"/>
</kw>
<kw name="DELETE On Session" owner="RequestsLibrary">
<msg time="2025-09-12T11:06:45.210654" level="INFO">DELETE Request : url=http://100.24.7.218:3000/usuarios/507f1f77bcf86cd799439011 
 path_url=/usuarios/507f1f77bcf86cd799439011 
 headers={'User-Agent': 'python-requests/2.32.5', 'Accept-Encoding': 'gzip, deflate', 'Accept': 'application/json', 'Connection': 'keep-alive', 'Content-Type': 'application/json', 'Content-Length': '0'} 
 body=None 
 </msg>
<msg time="2025-09-12T11:06:45.210823" level="INFO">DELETE Response : url=http://100.24.7.218:3000/usuarios/507f1f77bcf86cd799439011 
 status=200, reason=OK 
 headers={'Access-Control-Allow-Origin': '*', 'x-dns-prefetch-control': 'off', 'x-frame-options': 'SAMEORIGIN', 'strict-transport-security': 'max-age=15552000; includeSubDomains', 'x-download-options': 'noopen', 'x-content-type-options': 'nosniff', 'x-xss-protection': '1; mode=block', 'Content-Type': 'application/json; charset=utf-8', 'Content-Length': '46', 'Date': 'Fri, 12 Sep 2025 14:06:46 GMT', 'Connection': 'keep-alive', 'Keep-Alive': 'timeout=5'} 
 body={
    "message": "Nenhum registro excluído"
} 
 </msg>
<arg>booker</arg>
<arg>/usuarios/${id_inexistente}</arg>
<arg>expected_status=any</arg>
<doc>Sends a DELETE request on a previously created HTTP Session.</doc>
<status status="PASS" start="2025-09-12T11:06:45.024206" elapsed="0.187077"/>
</kw>
<doc>PUT em ID inexistente deve criar novo usuário</doc>
<tag>smoke</tag>
<tag>U005</tag>
<tag>usuarios</tag>
<status status="PASS" start="2025-09-12T11:06:44.817218" elapsed="0.394368"/>
</test>
<test id="s1-s7-t9" name="U007 - Impedir operações com usuário inexistente" line="175">
<kw name="Set Variable" owner="BuiltIn">
<msg time="2025-09-12T11:06:45.213222" level="INFO">${id_inexistente} = 507f1f77bcf86cd799439012</msg>
<var>${id_inexistente}</var>
<arg>507f1f77bcf86cd799439012</arg>
<doc>Returns the given values which can then be assigned to a variables.</doc>
<status status="PASS" start="2025-09-12T11:06:45.212921" elapsed="0.000358"/>
</kw>
<kw name="GET On Session" owner="RequestsLibrary">
<msg time="2025-09-12T11:06:45.410221" level="INFO">GET Request : url=http://100.24.7.218:3000/usuarios/507f1f77bcf86cd799439012 
 path_url=/usuarios/507f1f77bcf86cd799439012 
 headers={'User-Agent': 'python-requests/2.32.5', 'Accept-Encoding': 'gzip, deflate', 'Accept': 'application/json', 'Connection': 'keep-alive', 'Content-Type': 'application/json'} 
 body=None 
 </msg>
<msg time="2025-09-12T11:06:45.410302" level="INFO">GET Response : url=http://100.24.7.218:3000/usuarios/507f1f77bcf86cd799439012 
 status=400, reason=Bad Request 
 headers={'Access-Control-Allow-Origin': '*', 'x-dns-prefetch-control': 'off', 'x-frame-options': 'SAMEORIGIN', 'strict-transport-security': 'max-age=15552000; includeSubDomains', 'x-download-options': 'noopen', 'x-content-type-options': 'nosniff', 'x-xss-protection': '1; mode=block', 'Content-Type': 'application/json; charset=utf-8', 'Content-Length': '67', 'Date': 'Fri, 12 Sep 2025 14:06:46 GMT', 'Connection': 'keep-alive', 'Keep-Alive': 'timeout=5'} 
 body={
    "id": "id deve ter exatamente 16 caracteres alfanuméricos"
} 
 </msg>
<msg time="2025-09-12T11:06:45.410426" level="INFO">${resp_get} = &lt;Response [400]&gt;</msg>
<var>${resp_get}</var>
<arg>booker</arg>
<arg>/usuarios/${id_inexistente}</arg>
<arg>expected_status=any</arg>
<doc>Sends a GET request on a previously created HTTP Session.</doc>
<status status="PASS" start="2025-09-12T11:06:45.213486" elapsed="0.196962"/>
</kw>
<kw name="Should Be Equal As Integers" owner="BuiltIn">
<msg time="2025-09-12T11:06:45.410957" level="INFO">Argument types are:
&lt;class 'int'&gt;
&lt;class 'str'&gt;</msg>
<arg>${resp_get.status_code}</arg>
<arg>400</arg>
<doc>Fails if objects are unequal after converting them to integers.</doc>
<status status="PASS" start="2025-09-12T11:06:45.410577" elapsed="0.000430"/>
</kw>
<kw name="Set Variable" owner="BuiltIn">
<msg time="2025-09-12T11:06:45.411476" level="INFO">${body_get} = {'id': 'id deve ter exatamente 16 caracteres alfanuméricos'}</msg>
<var>${body_get}</var>
<arg>${resp_get.json()}</arg>
<doc>Returns the given values which can then be assigned to a variables.</doc>
<status status="PASS" start="2025-09-12T11:06:45.411103" elapsed="0.000397"/>
</kw>
<kw name="Dictionary Should Contain Key" owner="Collections">
<msg time="2025-09-12T11:06:45.411724" level="FAIL">Dictionary does not contain key 'message'.</msg>
<arg>${body_get}</arg>
<arg>message</arg>
<doc>Fails if ``key`` is not found from ``dictionary``.</doc>
<status status="FAIL" start="2025-09-12T11:06:45.411584" elapsed="0.000196">Dictionary does not contain key 'message'.</status>
</kw>
<kw name="Should Contain" owner="BuiltIn">
<arg>${body_get['message']}</arg>
<arg>não encontrado</arg>
<doc>Fails if ``container`` does not contain ``item`` one or more times.</doc>
<status status="NOT RUN" start="2025-09-12T11:06:45.411867" elapsed="0.000018"/>
</kw>
<kw name="DELETE On Session" owner="RequestsLibrary">
<var>${resp_del}</var>
<arg>booker</arg>
<arg>/usuarios/${id_inexistente}</arg>
<arg>expected_status=any</arg>
<doc>Sends a DELETE request on a previously created HTTP Session.</doc>
<status status="NOT RUN" start="2025-09-12T11:06:45.411956" elapsed="0.000014"/>
</kw>
<kw name="Should Be Equal As Integers" owner="BuiltIn">
<arg>${resp_del.status_code}</arg>
<arg>200</arg>
<doc>Fails if objects are unequal after converting them to integers.</doc>
<status status="NOT RUN" start="2025-09-12T11:06:45.412048" elapsed="0.000016"/>
</kw>
<kw name="Set Variable" owner="BuiltIn">
<var>${body_del}</var>
<arg>${resp_del.json()}</arg>
<doc>Returns the given values which can then be assigned to a variables.</doc>
<status status="NOT RUN" start="2025-09-12T11:06:45.412135" elapsed="0.000014"/>
</kw>
<kw name="Run Keyword And Return Status" owner="BuiltIn">
<var>${has_message}</var>
<arg>Dictionary Should Contain Key</arg>
<arg>${body_del}</arg>
<arg>message</arg>
<doc>Runs the given keyword with given arguments and returns the status as a Boolean value.</doc>
<status status="NOT RUN" start="2025-09-12T11:06:45.412226" elapsed="0.000014"/>
</kw>
<kw name="Run Keyword If" owner="BuiltIn">
<arg>${has_message}</arg>
<arg>Should Contain</arg>
<arg>${body_del['message']}</arg>
<arg>não encontrado</arg>
<arg>ELSE</arg>
<arg>Log</arg>
<arg>Resposta sem campo message: ${body_del}</arg>
<doc>Runs the given keyword with the given arguments, if ``condition`` is true.</doc>
<status status="NOT RUN" start="2025-09-12T11:06:45.412317" elapsed="0.000013"/>
</kw>
<doc>Operações com ID inexistente devem retornar 400</doc>
<tag>negativo</tag>
<tag>U007</tag>
<tag>usuarios</tag>
<status status="FAIL" start="2025-09-12T11:06:45.212007" elapsed="0.200439">Dictionary does not contain key 'message'.</status>
</test>
<kw name="Delete All Sessions" owner="RequestsLibrary" type="TEARDOWN">
<msg time="2025-09-12T11:06:45.412830" level="INFO">Deleting All Sessions</msg>
<doc>Removes all the session objects</doc>
<status status="PASS" start="2025-09-12T11:06:45.412762" elapsed="0.000123"/>
</kw>
<status status="FAIL" start="2025-09-12T11:06:42.526558" elapsed="2.886352"/>
</suite>
<status status="FAIL" start="2025-09-12T11:06:24.711388" elapsed="20.701972"/>
</suite>
<statistics>
<total>
<stat pass="33" fail="4" skip="0">All Tests</stat>
</total>
<tag>
<stat pass="1" fail="0" skip="0">C001</stat>
<stat pass="1" fail="0" skip="0">C002</stat>
<stat pass="1" fail="0" skip="0">C003</stat>
<stat pass="1" fail="0" skip="0">C004</stat>
<stat pass="1" fail="0" skip="0">C005</stat>
<stat pass="1" fail="0" skip="0">C006</stat>
<stat pass="6" fail="0" skip="0">carrinhos</stat>
<stat pass="1" fail="0" skip="0">cleanup</stat>
<stat pass="2" fail="0" skip="0">data-driven</stat>
<stat pass="1" fail="0" skip="0">DD001</stat>
<stat pass="1" fail="0" skip="0">DD002</stat>
<stat pass="1" fail="0" skip="0">DD003</stat>
<stat pass="1" fail="0" skip="0">H001</stat>
<stat pass="1" fail="0" skip="0">H002</stat>
<stat pass="2" fail="0" skip="0">health</stat>
<stat pass="1" fail="0" skip="0">I001</stat>
<stat pass="1" fail="0" skip="0">I002</stat>
<stat pass="1" fail="0" skip="0">I003</stat>
<stat pass="2" fail="0" skip="0">integration</stat>
<stat pass="1" fail="0" skip="0">L001</stat>
<stat pass="1" fail="0" skip="0">L002</stat>
<stat pass="1" fail="0" skip="0">L003</stat>
<stat pass="1" fail="0" skip="0">L004</stat>
<stat pass="1" fail="0" skip="0">L005</stat>
<stat pass="5" fail="0" skip="0">login</stat>
<stat pass="10" fail="3" skip="0">negativo</stat>
<stat pass="1" fail="0" skip="0">P001</stat>
<stat pass="1" fail="0" skip="0">P002</stat>
<stat pass="0" fail="1" skip="0">P003</stat>
<stat pass="1" fail="0" skip="0">P004</stat>
<stat pass="1" fail="0" skip="0">P005</stat>
<stat pass="0" fail="1" skip="0">P006</stat>
<stat pass="1" fail="0" skip="0">P007</stat>
<stat pass="1" fail="0" skip="0">P008</stat>
<stat pass="2" fail="0" skip="0">performance</stat>
<stat pass="7" fail="2" skip="0">produtos</stat>
<stat pass="1" fail="0" skip="0">setup</stat>
<stat pass="17" fail="1" skip="0">smoke</stat>
<stat pass="1" fail="0" skip="0">U001</stat>
<stat pass="1" fail="0" skip="0">U002</stat>
<stat pass="1" fail="0" skip="0">U003</stat>
<stat pass="0" fail="1" skip="0">U004</stat>
<stat pass="1" fail="0" skip="0">U005</stat>
<stat pass="1" fail="0" skip="0">U006</stat>
<stat pass="0" fail="1" skip="0">U007</stat>
<stat pass="1" fail="0" skip="0">U008</stat>
<stat pass="1" fail="0" skip="0">U009</stat>
<stat pass="8" fail="2" skip="0">usuarios</stat>
</tag>
<suite>
<stat name="Suites" id="s1" pass="33" fail="4" skip="0">Suites</stat>
<stat name="Carrinhos" id="s1-s1" pass="6" fail="0" skip="0">Suites.Carrinhos</stat>
<stat name="Data Driven" id="s1-s2" pass="3" fail="0" skip="0">Suites.Data Driven</stat>
<stat name="Health" id="s1-s3" pass="2" fail="0" skip="0">Suites.Health</stat>
<stat name="Integracao" id="s1-s4" pass="3" fail="0" skip="0">Suites.Integracao</stat>
<stat name="Login" id="s1-s5" pass="6" fail="0" skip="0">Suites.Login</stat>
<stat name="Produtos" id="s1-s6" pass="6" fail="2" skip="0">Suites.Produtos</stat>
<stat name="Usuarios" id="s1-s7" pass="7" fail="2" skip="0">Suites.Usuarios</stat>
</suite>
</statistics>
<errors>
</errors>
</robot>
