<?xml version="1.0" encoding="UTF-8"?>
<robot generator="Robot 7.3.2 (Python 3.13.2 on win32)" generated="2025-09-04T15:05:13.486621" rpa="false" schemaversion="5">
<suite id="s1" name="Tests" source="C:\Users\ercli\IdeaProjects\COMPASS-UOL-PBAIJUN25\Documentos\Sprint 6\Semana 11\atividade - dias 1 e 2\tests">
<suite id="s1-s1" name="Crud Tests" source="C:\Users\ercli\IdeaProjects\COMPASS-UOL-PBAIJUN25\Documentos\Sprint 6\Semana 11\atividade - dias 1 e 2\tests\crud_tests.robot">
<kw name="Setup Booker Session" owner="keywords" type="SETUP">
<kw name="Create Session" owner="RequestsLibrary">
<msg time="2025-09-04T15:05:13.637455" level="INFO">Creating Session using : alias=booker, url=https://restful-booker.herokuapp.com, headers={'Content-Type': 'application/json', 'Accept': 'application/json'},                     cookies={}, auth=None, timeout=None, proxies=None, verify=True,                     debug=0 </msg>
<arg>booker</arg>
<arg>${BASE_URL}</arg>
<arg>headers=${BASE_HEADERS}</arg>
<arg>verify=${True}</arg>
<doc>Create Session: create a HTTP session to a server</doc>
<status status="PASS" start="2025-09-04T15:05:13.637217" elapsed="0.000393"/>
</kw>
<status status="PASS" start="2025-09-04T15:05:13.636802" elapsed="0.000887"/>
</kw>
<test id="s1-s1-t1" name="Full CRUD Lifecycle" line="12">
<kw name="Get Auth Token" owner="keywords">
<kw name="Create Dictionary" owner="BuiltIn">
<msg time="2025-09-04T15:05:13.638569" level="INFO">${auth_payload} = {'username': 'admin', 'password': 'password123'}</msg>
<var>${auth_payload}</var>
<arg>username=${USERNAME}</arg>
<arg>password=${PASSWORD}</arg>
<doc>Creates and returns a dictionary based on the given ``items``.</doc>
<status status="PASS" start="2025-09-04T15:05:13.638379" elapsed="0.000212"/>
</kw>
<kw name="POST On Session" owner="RequestsLibrary">
<msg time="2025-09-04T15:05:14.848541" level="INFO">POST Request : url=https://restful-booker.herokuapp.com/auth 
 path_url=/auth 
 headers={'User-Agent': 'python-requests/2.32.5', 'Accept-Encoding': 'gzip, deflate', 'Accept': 'application/json', 'Connection': 'keep-alive', 'Content-Type': 'application/json', 'Content-Length': '48'} 
 body=b'{"username": "admin", "password": "password123"}' 
 </msg>
<msg time="2025-09-04T15:05:14.848806" level="INFO">POST Response : url=https://restful-booker.herokuapp.com/auth 
 status=200, reason=OK 
 headers={'Content-Length': '27', 'Content-Type': 'application/json; charset=utf-8', 'Date': 'Thu, 04 Sep 2025 18:05:14 GMT', 'Etag': 'W/"1b-yl7kTwA0sQOaVz/0W5t/Jv1O89g"', 'Nel': '{"report_to":"heroku-nel","response_headers":["Via"],"max_age":3600,"success_fraction":0.01,"failure_fraction":0.1}', 'Report-To': '{"group":"heroku-nel","endpoints":[{"url":"https://nel.heroku.com/reports?s=ROSFqPOmDjbQptS6jgk4l8Yknq%2FReYHnaRSUqmQd3fM%3D\\u0026sid=c46efe9b-d3d2-4a0c-8c76-bfafa16c5add\\u0026ts=1757009114"}],"max_age":3600}', 'Reporting-Endpoints': 'heroku-nel="https://nel.heroku.com/reports?s=ROSFqPOmDjbQptS6jgk4l8Yknq%2FReYHnaRSUqmQd3fM%3D&amp;sid=c46efe9b-d3d2-4a0c-8c76-bfafa16c5add&amp;ts=1757009114"', 'Server': 'Heroku', 'Via': '1.1 heroku-router', 'X-Powered-By': 'Express'} 
 body={"token":"f76ca0557061771"} 
 </msg>
<msg time="2025-09-04T15:05:14.849116" level="INFO">${response} = &lt;Response [200]&gt;</msg>
<var>${response}</var>
<arg>booker</arg>
<arg>${AUTH_PATH}</arg>
<arg>json=${auth_payload}</arg>
<doc>Sends a POST request on a previously created HTTP Session.</doc>
<status status="PASS" start="2025-09-04T15:05:13.638663" elapsed="1.210517"/>
</kw>
<kw name="Log To Console" owner="BuiltIn">
<arg>Auth request: POST ${AUTH_PATH} - Status: ${response.status_code}</arg>
<doc>Logs the given message to the console.</doc>
<status status="PASS" start="2025-09-04T15:05:14.849491" elapsed="0.001752"/>
</kw>
<kw name="Should Be Equal As Integers" owner="BuiltIn">
<msg time="2025-09-04T15:05:14.852616" level="INFO">Argument types are:
&lt;class 'int'&gt;
&lt;class 'str'&gt;</msg>
<arg>${response.status_code}</arg>
<arg>200</arg>
<doc>Fails if objects are unequal after converting them to integers.</doc>
<status status="PASS" start="2025-09-04T15:05:14.851564" elapsed="0.001201"/>
</kw>
<kw name="Get From Dictionary" owner="Collections">
<msg time="2025-09-04T15:05:14.854129" level="INFO">${token} = f76ca0557061771</msg>
<var>${token}</var>
<arg>${response.json()}</arg>
<arg>token</arg>
<doc>Returns a value from the given ``dictionary`` based on the given ``key``.</doc>
<status status="PASS" start="2025-09-04T15:05:14.853036" elapsed="0.001155"/>
</kw>
<kw name="Set Suite Variable" owner="BuiltIn">
<msg time="2025-09-04T15:05:14.855994" level="INFO">${AUTH_TOKEN} = f76ca0557061771</msg>
<arg>${AUTH_TOKEN}</arg>
<arg>${token}</arg>
<doc>Makes a variable available everywhere within the scope of the current suite.</doc>
<status status="PASS" start="2025-09-04T15:05:14.854476" elapsed="0.001604"/>
</kw>
<return>
<value>${token}</value>
<status status="PASS" start="2025-09-04T15:05:14.856190" elapsed="0.000099"/>
</return>
<status status="PASS" start="2025-09-04T15:05:13.638196" elapsed="1.218299"/>
</kw>
<kw name="Get Valid Booking Data" owner="keywords">
<kw name="Load JSON Test Data" owner="keywords">
<kw name="Get File" owner="OperatingSystem">
<msg time="2025-09-04T15:05:14.859112" level="INFO" html="true">Getting file '&lt;a href="file://C:\Users\ercli\IdeaProjects\COMPASS-UOL-PBAIJUN25\Documentos\Sprint 6\Semana 11\atividade - dias 1 e 2\resources\test_data.json"&gt;C:\Users\ercli\IdeaProjects\COMPASS-UOL-PBAIJUN25\Documentos\Sprint 6\Semana 11\atividade - dias 1 e 2\resources\test_data.json&lt;/a&gt;'.</msg>
<msg time="2025-09-04T15:05:14.859725" level="INFO">${json_content} = {
  "valid_booking": {
    "firstname": "John",
    "lastname": "Doe",
    "totalprice": 150,
    "depositpaid": true,
    "bookingdates": {
      "checkin": "2025-01-15",
      "checkout": "2025-01-2...</msg>
<var>${json_content}</var>
<arg>${file_path}</arg>
<doc>Returns the contents of a specified file.</doc>
<status status="PASS" start="2025-09-04T15:05:14.858256" elapsed="0.001514"/>
</kw>
<kw name="Evaluate" owner="BuiltIn">
<msg time="2025-09-04T15:05:14.860358" level="INFO">${test_data} = {'valid_booking': {'firstname': 'John', 'lastname': 'Doe', 'totalprice': 150, 'depositpaid': True, 'bookingdates': {'checkin': '2025-01-15', 'checkout': '2025-01-20'}, 'additionalneeds': 'Breakfast'},...</msg>
<var>${test_data}</var>
<arg>json.loads('''${json_content}''')</arg>
<arg>json</arg>
<doc>Evaluates the given expression in Python and returns the result.</doc>
<status status="PASS" start="2025-09-04T15:05:14.859928" elapsed="0.000472"/>
</kw>
<kw name="Get From Dictionary" owner="Collections">
<msg time="2025-09-04T15:05:14.860815" level="INFO">${data} = {'firstname': 'John', 'lastname': 'Doe', 'totalprice': 150, 'depositpaid': True, 'bookingdates': {'checkin': '2025-01-15', 'checkout': '2025-01-20'}, 'additionalneeds': 'Breakfast'}</msg>
<var>${data}</var>
<arg>${test_data}</arg>
<arg>${data_key}</arg>
<doc>Returns a value from the given ``dictionary`` based on the given ``key``.</doc>
<status status="PASS" start="2025-09-04T15:05:14.860553" elapsed="0.000300"/>
</kw>
<return>
<value>${data}</value>
<status status="PASS" start="2025-09-04T15:05:14.860923" elapsed="0.000066"/>
</return>
<msg time="2025-09-04T15:05:14.861160" level="INFO">${data} = {'firstname': 'John', 'lastname': 'Doe', 'totalprice': 150, 'depositpaid': True, 'bookingdates': {'checkin': '2025-01-15', 'checkout': '2025-01-20'}, 'additionalneeds': 'Breakfast'}</msg>
<var>${data}</var>
<arg>${TEST_DATA_FILE}</arg>
<arg>valid_booking</arg>
<status status="PASS" start="2025-09-04T15:05:14.857743" elapsed="0.003450"/>
</kw>
<return>
<value>${data}</value>
<status status="PASS" start="2025-09-04T15:05:14.861252" elapsed="0.000031"/>
</return>
<msg time="2025-09-04T15:05:14.861425" level="INFO">${booking_data} = {'firstname': 'John', 'lastname': 'Doe', 'totalprice': 150, 'depositpaid': True, 'bookingdates': {'checkin': '2025-01-15', 'checkout': '2025-01-20'}, 'additionalneeds': 'Breakfast'}</msg>
<var>${booking_data}</var>
<status status="PASS" start="2025-09-04T15:05:14.857208" elapsed="0.004443"/>
</kw>
<kw name="Create Booking" owner="keywords">
<kw name="POST On Session" owner="RequestsLibrary">
<msg time="2025-09-04T15:05:15.139438" level="INFO">POST Request : url=https://restful-booker.herokuapp.com/booking 
 path_url=/booking 
 headers={'User-Agent': 'python-requests/2.32.5', 'Accept-Encoding': 'gzip, deflate', 'Accept': 'application/json', 'Connection': 'keep-alive', 'Content-Type': 'application/json', 'Content-Length': '181'} 
 body=b'{"firstname": "John", "lastname": "Doe", "totalprice": 150, "depositpaid": true, "bookingdates": {"checkin": "2025-01-15", "checkout": "2025-01-20"}, "additionalneeds": "Breakfast"}' 
 </msg>
<msg time="2025-09-04T15:05:15.139539" level="INFO">POST Response : url=https://restful-booker.herokuapp.com/booking 
 status=200, reason=OK 
 headers={'Content-Length': '196', 'Content-Type': 'application/json; charset=utf-8', 'Date': 'Thu, 04 Sep 2025 18:05:14 GMT', 'Etag': 'W/"c4-buMJrj1axEEuGsz7g3iCwgs/cSY"', 'Nel': '{"report_to":"heroku-nel","response_headers":["Via"],"max_age":3600,"success_fraction":0.01,"failure_fraction":0.1}', 'Report-To': '{"group":"heroku-nel","endpoints":[{"url":"https://nel.heroku.com/reports?s=ROSFqPOmDjbQptS6jgk4l8Yknq%2FReYHnaRSUqmQd3fM%3D\\u0026sid=c46efe9b-d3d2-4a0c-8c76-bfafa16c5add\\u0026ts=1757009114"}],"max_age":3600}', 'Reporting-Endpoints': 'heroku-nel="https://nel.heroku.com/reports?s=ROSFqPOmDjbQptS6jgk4l8Yknq%2FReYHnaRSUqmQd3fM%3D&amp;sid=c46efe9b-d3d2-4a0c-8c76-bfafa16c5add&amp;ts=1757009114"', 'Server': 'Heroku', 'Via': '1.1 heroku-router', 'X-Powered-By': 'Express'} 
 body={"bookingid":2226,"booking":{"firstname":"John","lastname":"Doe","totalprice":150,"depositpaid":true,"bookingdates":{"checkin":"2025-01-15","checkout":"2025-01-20"},"additionalneeds":"Breakfast"}} 
 </msg>
<msg time="2025-09-04T15:05:15.139660" level="INFO">${response} = &lt;Response [200]&gt;</msg>
<var>${response}</var>
<arg>booker</arg>
<arg>${BOOKING_PATH}</arg>
<arg>json=${payload}</arg>
<doc>Sends a POST request on a previously created HTTP Session.</doc>
<status status="PASS" start="2025-09-04T15:05:14.862523" elapsed="0.277159"/>
</kw>
<kw name="Log To Console" owner="BuiltIn">
<arg>Create booking: POST ${BOOKING_PATH} - Status: ${response.status_code}</arg>
<doc>Logs the given message to the console.</doc>
<status status="PASS" start="2025-09-04T15:05:15.139805" elapsed="0.000640"/>
</kw>
<kw name="Get From Dictionary" owner="Collections">
<msg time="2025-09-04T15:05:15.141035" level="INFO">${booking_id} = 2226</msg>
<var>${booking_id}</var>
<arg>${response.json()}</arg>
<arg>bookingid</arg>
<doc>Returns a value from the given ``dictionary`` based on the given ``key``.</doc>
<status status="PASS" start="2025-09-04T15:05:15.140570" elapsed="0.000487"/>
</kw>
<kw name="Log To Console" owner="BuiltIn">
<arg>Created booking ID: ${booking_id}</arg>
<doc>Logs the given message to the console.</doc>
<status status="PASS" start="2025-09-04T15:05:15.141139" elapsed="0.000207"/>
</kw>
<return>
<value>${booking_id}</value>
<value>${payload}</value>
<status status="PASS" start="2025-09-04T15:05:15.141393" elapsed="0.000029"/>
</return>
<msg time="2025-09-04T15:05:15.141555" level="INFO">${booking_id} = 2226</msg>
<msg time="2025-09-04T15:05:15.141588" level="INFO">${payload} = {'firstname': 'John', 'lastname': 'Doe', 'totalprice': 150, 'depositpaid': True, 'bookingdates': {'checkin': '2025-01-15', 'checkout': '2025-01-20'}, 'additionalneeds': 'Breakfast'}</msg>
<var>${booking_id}</var>
<var>${payload}</var>
<arg>${booking_data}</arg>
<status status="PASS" start="2025-09-04T15:05:14.862190" elapsed="0.279415"/>
</kw>
<kw name="Get Booking By Id" owner="keywords">
<kw name="GET On Session" owner="RequestsLibrary">
<msg time="2025-09-04T15:05:15.360157" level="INFO">GET Request : url=https://restful-booker.herokuapp.com/booking/2226 
 path_url=/booking/2226 
 headers={'User-Agent': 'python-requests/2.32.5', 'Accept-Encoding': 'gzip, deflate', 'Accept': 'application/json', 'Connection': 'keep-alive', 'Content-Type': 'application/json'} 
 body=None 
 </msg>
<msg time="2025-09-04T15:05:15.360338" level="INFO">GET Response : url=https://restful-booker.herokuapp.com/booking/2226 
 status=200, reason=OK 
 headers={'Content-Length': '167', 'Content-Type': 'application/json; charset=utf-8', 'Date': 'Thu, 04 Sep 2025 18:05:15 GMT', 'Etag': 'W/"a7-9YYF8RXx95UhTZggl6T6wNETYZA"', 'Nel': '{"report_to":"heroku-nel","response_headers":["Via"],"max_age":3600,"success_fraction":0.01,"failure_fraction":0.1}', 'Report-To': '{"group":"heroku-nel","endpoints":[{"url":"https://nel.heroku.com/reports?s=Aef7JRq8CCfDCQ8WGxFQjjVR2iaKRya02k7xx4icf94%3D\\u0026sid=c46efe9b-d3d2-4a0c-8c76-bfafa16c5add\\u0026ts=1757009115"}],"max_age":3600}', 'Reporting-Endpoints': 'heroku-nel="https://nel.heroku.com/reports?s=Aef7JRq8CCfDCQ8WGxFQjjVR2iaKRya02k7xx4icf94%3D&amp;sid=c46efe9b-d3d2-4a0c-8c76-bfafa16c5add&amp;ts=1757009115"', 'Server': 'Heroku', 'Via': '1.1 heroku-router', 'X-Powered-By': 'Express'} 
 body={"firstname":"John","lastname":"Doe","totalprice":150,"depositpaid":true,"bookingdates":{"checkin":"2025-01-15","checkout":"2025-01-20"},"additionalneeds":"Breakfast"} 
 </msg>
<msg time="2025-09-04T15:05:15.360579" level="INFO">${response} = &lt;Response [200]&gt;</msg>
<var>${response}</var>
<arg>booker</arg>
<arg>${BOOKING_PATH}/${booking_id}</arg>
<arg>expected_status=any</arg>
<doc>Sends a GET request on a previously created HTTP Session.</doc>
<status status="PASS" start="2025-09-04T15:05:15.142030" elapsed="0.218604"/>
</kw>
<kw name="Log To Console" owner="BuiltIn">
<arg>Get booking: GET ${BOOKING_PATH}/${booking_id} - Status: ${response.status_code} - ID: ${booking_id}</arg>
<doc>Logs the given message to the console.</doc>
<status status="PASS" start="2025-09-04T15:05:15.360912" elapsed="0.001612"/>
</kw>
<return>
<value>${response}</value>
<status status="PASS" start="2025-09-04T15:05:15.362681" elapsed="0.000082"/>
</return>
<msg time="2025-09-04T15:05:15.363063" level="INFO">${get_resp} = &lt;Response [200]&gt;</msg>
<var>${get_resp}</var>
<arg>${booking_id}</arg>
<status status="PASS" start="2025-09-04T15:05:15.141809" elapsed="0.221311"/>
</kw>
<kw name="Assert Status And Json Field" owner="keywords">
<kw name="Should Be Equal As Integers" owner="BuiltIn">
<msg time="2025-09-04T15:05:15.365818" level="INFO">Argument types are:
&lt;class 'int'&gt;
&lt;class 'str'&gt;</msg>
<arg>${resp.status_code}</arg>
<arg>${expected_status}</arg>
<doc>Fails if objects are unequal after converting them to integers.</doc>
<status status="PASS" start="2025-09-04T15:05:15.364786" elapsed="0.001164"/>
</kw>
<if>
<branch type="IF" condition="'${json_path}' != '${None}'">
<kw name="Get From Dictionary" owner="Collections">
<var>${actual_value}</var>
<arg>${resp.json()}</arg>
<arg>${json_path}</arg>
<doc>Returns a value from the given ``dictionary`` based on the given ``key``.</doc>
<status status="NOT RUN" start="2025-09-04T15:05:15.367002" elapsed="0.000076"/>
</kw>
<if>
<branch type="IF" condition="'${expected_value}' != '${None}'">
<kw name="Should Be Equal" owner="BuiltIn">
<arg>${actual_value}</arg>
<arg>${expected_value}</arg>
<doc>Fails if the given objects are unequal.</doc>
<status status="NOT RUN" start="2025-09-04T15:05:15.367522" elapsed="0.000042"/>
</kw>
<status status="NOT RUN" start="2025-09-04T15:05:15.367284" elapsed="0.000358"/>
</branch>
<status status="NOT RUN" start="2025-09-04T15:05:15.367237" elapsed="0.000464"/>
</if>
<status status="NOT RUN" start="2025-09-04T15:05:15.366143" elapsed="0.001609"/>
</branch>
<status status="PASS" start="2025-09-04T15:05:15.366090" elapsed="0.001708"/>
</if>
<arg>${get_resp}</arg>
<arg>200</arg>
<status status="PASS" start="2025-09-04T15:05:15.363987" elapsed="0.003918"/>
</kw>
<kw name="Get Updated Booking Data" owner="keywords">
<kw name="Load JSON Test Data" owner="keywords">
<kw name="Get File" owner="OperatingSystem">
<msg time="2025-09-04T15:05:15.371011" level="INFO" html="true">Getting file '&lt;a href="file://C:\Users\ercli\IdeaProjects\COMPASS-UOL-PBAIJUN25\Documentos\Sprint 6\Semana 11\atividade - dias 1 e 2\resources\test_data.json"&gt;C:\Users\ercli\IdeaProjects\COMPASS-UOL-PBAIJUN25\Documentos\Sprint 6\Semana 11\atividade - dias 1 e 2\resources\test_data.json&lt;/a&gt;'.</msg>
<msg time="2025-09-04T15:05:15.372145" level="INFO">${json_content} = {
  "valid_booking": {
    "firstname": "John",
    "lastname": "Doe",
    "totalprice": 150,
    "depositpaid": true,
    "bookingdates": {
      "checkin": "2025-01-15",
      "checkout": "2025-01-2...</msg>
<var>${json_content}</var>
<arg>${file_path}</arg>
<doc>Returns the contents of a specified file.</doc>
<status status="PASS" start="2025-09-04T15:05:15.370578" elapsed="0.001641"/>
</kw>
<kw name="Evaluate" owner="BuiltIn">
<msg time="2025-09-04T15:05:15.373120" level="INFO">${test_data} = {'valid_booking': {'firstname': 'John', 'lastname': 'Doe', 'totalprice': 150, 'depositpaid': True, 'bookingdates': {'checkin': '2025-01-15', 'checkout': '2025-01-20'}, 'additionalneeds': 'Breakfast'},...</msg>
<var>${test_data}</var>
<arg>json.loads('''${json_content}''')</arg>
<arg>json</arg>
<doc>Evaluates the given expression in Python and returns the result.</doc>
<status status="PASS" start="2025-09-04T15:05:15.372469" elapsed="0.000715"/>
</kw>
<kw name="Get From Dictionary" owner="Collections">
<msg time="2025-09-04T15:05:15.373777" level="INFO">${data} = {'firstname': 'Jane', 'lastname': 'Smith', 'totalprice': 200, 'depositpaid': False, 'bookingdates': {'checkin': '2025-02-10', 'checkout': '2025-02-15'}, 'additionalneeds': 'WiFi'}</msg>
<var>${data}</var>
<arg>${test_data}</arg>
<arg>${data_key}</arg>
<doc>Returns a value from the given ``dictionary`` based on the given ``key``.</doc>
<status status="PASS" start="2025-09-04T15:05:15.373414" elapsed="0.000417"/>
</kw>
<return>
<value>${data}</value>
<status status="PASS" start="2025-09-04T15:05:15.373934" elapsed="0.000092"/>
</return>
<msg time="2025-09-04T15:05:15.374277" level="INFO">${data} = {'firstname': 'Jane', 'lastname': 'Smith', 'totalprice': 200, 'depositpaid': False, 'bookingdates': {'checkin': '2025-02-10', 'checkout': '2025-02-15'}, 'additionalneeds': 'WiFi'}</msg>
<var>${data}</var>
<arg>${TEST_DATA_FILE}</arg>
<arg>updated_booking</arg>
<status status="PASS" start="2025-09-04T15:05:15.369629" elapsed="0.004699"/>
</kw>
<return>
<value>${data}</value>
<status status="PASS" start="2025-09-04T15:05:15.374415" elapsed="0.000046"/>
</return>
<msg time="2025-09-04T15:05:15.374678" level="INFO">${updated_data} = {'firstname': 'Jane', 'lastname': 'Smith', 'totalprice': 200, 'depositpaid': False, 'bookingdates': {'checkin': '2025-02-10', 'checkout': '2025-02-15'}, 'additionalneeds': 'WiFi'}</msg>
<var>${updated_data}</var>
<status status="PASS" start="2025-09-04T15:05:15.368772" elapsed="0.005955"/>
</kw>
<kw name="Update Booking" owner="keywords">
<kw name="Build Auth Headers" owner="keywords">
<kw name="Create Dictionary" owner="BuiltIn">
<msg time="2025-09-04T15:05:15.377195" level="INFO">${headers} = {'Content-Type': 'application/json', 'Accept': 'application/json', 'Cookie': 'token=f76ca0557061771'}</msg>
<var>${headers}</var>
<arg>Content-Type=application/json</arg>
<arg>Accept=application/json</arg>
<arg>Cookie=token=${AUTH_TOKEN}</arg>
<doc>Creates and returns a dictionary based on the given ``items``.</doc>
<status status="PASS" start="2025-09-04T15:05:15.376695" elapsed="0.000560"/>
</kw>
<return>
<value>${headers}</value>
<status status="PASS" start="2025-09-04T15:05:15.377374" elapsed="0.000063"/>
</return>
<msg time="2025-09-04T15:05:15.377672" level="INFO">${headers} = {'Content-Type': 'application/json', 'Accept': 'application/json', 'Cookie': 'token=f76ca0557061771'}</msg>
<var>${headers}</var>
<status status="PASS" start="2025-09-04T15:05:15.376214" elapsed="0.001508"/>
</kw>
<kw name="PUT On Session" owner="RequestsLibrary">
<msg time="2025-09-04T15:05:16.113967" level="INFO">PUT Request : url=https://restful-booker.herokuapp.com/booking/2226 
 path_url=/booking/2226 
 headers={'User-Agent': 'python-requests/2.32.5', 'Accept-Encoding': 'gzip, deflate', 'Accept': 'application/json', 'Connection': 'keep-alive', 'Content-Type': 'application/json', 'Cookie': 'token=f76ca0557061771', 'Content-Length': '179'} 
 body=b'{"firstname": "Jane", "lastname": "Smith", "totalprice": 200, "depositpaid": false, "bookingdates": {"checkin": "2025-02-10", "checkout": "2025-02-15"}, "additionalneeds": "WiFi"}' 
 </msg>
<msg time="2025-09-04T15:05:16.114102" level="INFO">PUT Response : url=https://restful-booker.herokuapp.com/booking/2226 
 status=200, reason=OK 
 headers={'Content-Length': '165', 'Content-Type': 'application/json; charset=utf-8', 'Date': 'Thu, 04 Sep 2025 18:05:15 GMT', 'Etag': 'W/"a5-OP6ZVdfqcvY94PyenLb4oiTfcX0"', 'Nel': '{"report_to":"heroku-nel","response_headers":["Via"],"max_age":3600,"success_fraction":0.01,"failure_fraction":0.1}', 'Report-To': '{"group":"heroku-nel","endpoints":[{"url":"https://nel.heroku.com/reports?s=Aef7JRq8CCfDCQ8WGxFQjjVR2iaKRya02k7xx4icf94%3D\\u0026sid=c46efe9b-d3d2-4a0c-8c76-bfafa16c5add\\u0026ts=1757009115"}],"max_age":3600}', 'Reporting-Endpoints': 'heroku-nel="https://nel.heroku.com/reports?s=Aef7JRq8CCfDCQ8WGxFQjjVR2iaKRya02k7xx4icf94%3D&amp;sid=c46efe9b-d3d2-4a0c-8c76-bfafa16c5add&amp;ts=1757009115"', 'Server': 'Heroku', 'Via': '1.1 heroku-router', 'X-Powered-By': 'Express'} 
 body={"firstname":"Jane","lastname":"Smith","totalprice":200,"depositpaid":false,"bookingdates":{"checkin":"2025-02-10","checkout":"2025-02-15"},"additionalneeds":"WiFi"} 
 </msg>
<msg time="2025-09-04T15:05:16.114287" level="INFO">${response} = &lt;Response [200]&gt;</msg>
<var>${response}</var>
<arg>booker</arg>
<arg>${BOOKING_PATH}/${booking_id}</arg>
<arg>json=${new_payload}</arg>
<arg>headers=${headers}</arg>
<arg>expected_status=any</arg>
<doc>Sends a PUT request on a previously created HTTP Session.</doc>
<status status="PASS" start="2025-09-04T15:05:15.377908" elapsed="0.736421"/>
</kw>
<kw name="Log To Console" owner="BuiltIn">
<arg>Update booking: PUT ${BOOKING_PATH}/${booking_id} - Status: ${response.status_code} - ID: ${booking_id}</arg>
<doc>Logs the given message to the console.</doc>
<status status="PASS" start="2025-09-04T15:05:16.114559" elapsed="0.001273"/>
</kw>
<return>
<value>${response}</value>
<status status="PASS" start="2025-09-04T15:05:16.115959" elapsed="0.000059"/>
</return>
<msg time="2025-09-04T15:05:16.116255" level="INFO">${put_resp} = &lt;Response [200]&gt;</msg>
<var>${put_resp}</var>
<arg>${booking_id}</arg>
<arg>${updated_data}</arg>
<status status="PASS" start="2025-09-04T15:05:15.375503" elapsed="0.740797"/>
</kw>
<kw name="Assert Status And Json Field" owner="keywords">
<kw name="Should Be Equal As Integers" owner="BuiltIn">
<msg time="2025-09-04T15:05:16.117931" level="INFO">Argument types are:
&lt;class 'int'&gt;
&lt;class 'str'&gt;</msg>
<arg>${resp.status_code}</arg>
<arg>${expected_status}</arg>
<doc>Fails if objects are unequal after converting them to integers.</doc>
<status status="PASS" start="2025-09-04T15:05:16.117218" elapsed="0.000780"/>
</kw>
<if>
<branch type="IF" condition="'${json_path}' != '${None}'">
<kw name="Get From Dictionary" owner="Collections">
<var>${actual_value}</var>
<arg>${resp.json()}</arg>
<arg>${json_path}</arg>
<doc>Returns a value from the given ``dictionary`` based on the given ``key``.</doc>
<status status="NOT RUN" start="2025-09-04T15:05:16.118335" elapsed="0.000023"/>
</kw>
<if>
<branch type="IF" condition="'${expected_value}' != '${None}'">
<kw name="Should Be Equal" owner="BuiltIn">
<arg>${actual_value}</arg>
<arg>${expected_value}</arg>
<doc>Fails if the given objects are unequal.</doc>
<status status="NOT RUN" start="2025-09-04T15:05:16.118551" elapsed="0.000021"/>
</kw>
<status status="NOT RUN" start="2025-09-04T15:05:16.118451" elapsed="0.000158"/>
</branch>
<status status="NOT RUN" start="2025-09-04T15:05:16.118433" elapsed="0.000203"/>
</if>
<status status="NOT RUN" start="2025-09-04T15:05:16.118095" elapsed="0.000568"/>
</branch>
<status status="PASS" start="2025-09-04T15:05:16.118071" elapsed="0.000685"/>
</if>
<arg>${put_resp}</arg>
<arg>200</arg>
<status status="PASS" start="2025-09-04T15:05:16.116801" elapsed="0.002017"/>
</kw>
<kw name="Load JSON Test Data" owner="keywords">
<kw name="Get File" owner="OperatingSystem">
<msg time="2025-09-04T15:05:16.119662" level="INFO" html="true">Getting file '&lt;a href="file://C:\Users\ercli\IdeaProjects\COMPASS-UOL-PBAIJUN25\Documentos\Sprint 6\Semana 11\atividade - dias 1 e 2\resources\test_data.json"&gt;C:\Users\ercli\IdeaProjects\COMPASS-UOL-PBAIJUN25\Documentos\Sprint 6\Semana 11\atividade - dias 1 e 2\resources\test_data.json&lt;/a&gt;'.</msg>
<msg time="2025-09-04T15:05:16.119986" level="INFO">${json_content} = {
  "valid_booking": {
    "firstname": "John",
    "lastname": "Doe",
    "totalprice": 150,
    "depositpaid": true,
    "bookingdates": {
      "checkin": "2025-01-15",
      "checkout": "2025-01-2...</msg>
<var>${json_content}</var>
<arg>${file_path}</arg>
<doc>Returns the contents of a specified file.</doc>
<status status="PASS" start="2025-09-04T15:05:16.119550" elapsed="0.000461"/>
</kw>
<kw name="Evaluate" owner="BuiltIn">
<msg time="2025-09-04T15:05:16.120350" level="INFO">${test_data} = {'valid_booking': {'firstname': 'John', 'lastname': 'Doe', 'totalprice': 150, 'depositpaid': True, 'bookingdates': {'checkin': '2025-01-15', 'checkout': '2025-01-20'}, 'additionalneeds': 'Breakfast'},...</msg>
<var>${test_data}</var>
<arg>json.loads('''${json_content}''')</arg>
<arg>json</arg>
<doc>Evaluates the given expression in Python and returns the result.</doc>
<status status="PASS" start="2025-09-04T15:05:16.120105" elapsed="0.000266"/>
</kw>
<kw name="Get From Dictionary" owner="Collections">
<msg time="2025-09-04T15:05:16.120595" level="INFO">${data} = {'additionalneeds': 'Late checkout'}</msg>
<var>${data}</var>
<arg>${test_data}</arg>
<arg>${data_key}</arg>
<doc>Returns a value from the given ``dictionary`` based on the given ``key``.</doc>
<status status="PASS" start="2025-09-04T15:05:16.120460" elapsed="0.000153"/>
</kw>
<return>
<value>${data}</value>
<status status="PASS" start="2025-09-04T15:05:16.120652" elapsed="0.000030"/>
</return>
<msg time="2025-09-04T15:05:16.120768" level="INFO">${patch_data} = {'additionalneeds': 'Late checkout'}</msg>
<var>${patch_data}</var>
<arg>${TEST_DATA_FILE}</arg>
<arg>partial_update</arg>
<status status="PASS" start="2025-09-04T15:05:16.119277" elapsed="0.001509"/>
</kw>
<kw name="Partial Update Booking" owner="keywords">
<kw name="Build Auth Headers" owner="keywords">
<kw name="Create Dictionary" owner="BuiltIn">
<msg time="2025-09-04T15:05:16.122005" level="INFO">${headers} = {'Content-Type': 'application/json', 'Accept': 'application/json', 'Cookie': 'token=f76ca0557061771'}</msg>
<var>${headers}</var>
<arg>Content-Type=application/json</arg>
<arg>Accept=application/json</arg>
<arg>Cookie=token=${AUTH_TOKEN}</arg>
<doc>Creates and returns a dictionary based on the given ``items``.</doc>
<status status="PASS" start="2025-09-04T15:05:16.121835" elapsed="0.000192"/>
</kw>
<return>
<value>${headers}</value>
<status status="PASS" start="2025-09-04T15:05:16.122069" elapsed="0.000024"/>
</return>
<msg time="2025-09-04T15:05:16.122188" level="INFO">${headers} = {'Content-Type': 'application/json', 'Accept': 'application/json', 'Cookie': 'token=f76ca0557061771'}</msg>
<var>${headers}</var>
<status status="PASS" start="2025-09-04T15:05:16.121687" elapsed="0.000517"/>
</kw>
<kw name="PATCH On Session" owner="RequestsLibrary">
<msg time="2025-09-04T15:05:16.320492" level="INFO">PATCH Request : url=https://restful-booker.herokuapp.com/booking/2226 
 path_url=/booking/2226 
 headers={'User-Agent': 'python-requests/2.32.5', 'Accept-Encoding': 'gzip, deflate', 'Accept': 'application/json', 'Connection': 'keep-alive', 'Content-Type': 'application/json', 'Cookie': 'token=f76ca0557061771', 'Content-Length': '36'} 
 body=b'{"additionalneeds": "Late checkout"}' 
 </msg>
<msg time="2025-09-04T15:05:16.320685" level="INFO">PATCH Response : url=https://restful-booker.herokuapp.com/booking/2226 
 status=200, reason=OK 
 headers={'Content-Length': '174', 'Content-Type': 'application/json; charset=utf-8', 'Date': 'Thu, 04 Sep 2025 18:05:16 GMT', 'Etag': 'W/"ae-kazDwvjb+Df7iNQ71UoFZFmMx8A"', 'Nel': '{"report_to":"heroku-nel","response_headers":["Via"],"max_age":3600,"success_fraction":0.01,"failure_fraction":0.1}', 'Report-To': '{"group":"heroku-nel","endpoints":[{"url":"https://nel.heroku.com/reports?s=FK4FIUevIC8WjZnV50mYXcLFdE0lg7n1Rc1ALD547dc%3D\\u0026sid=c46efe9b-d3d2-4a0c-8c76-bfafa16c5add\\u0026ts=1757009116"}],"max_age":3600}', 'Reporting-Endpoints': 'heroku-nel="https://nel.heroku.com/reports?s=FK4FIUevIC8WjZnV50mYXcLFdE0lg7n1Rc1ALD547dc%3D&amp;sid=c46efe9b-d3d2-4a0c-8c76-bfafa16c5add&amp;ts=1757009116"', 'Server': 'Heroku', 'Via': '1.1 heroku-router', 'X-Powered-By': 'Express'} 
 body={"firstname":"Jane","lastname":"Smith","totalprice":200,"depositpaid":false,"bookingdates":{"checkin":"2025-02-10","checkout":"2025-02-15"},"additionalneeds":"Late checkout"} 
 </msg>
<msg time="2025-09-04T15:05:16.320947" level="INFO">${response} = &lt;Response [200]&gt;</msg>
<var>${response}</var>
<arg>booker</arg>
<arg>${BOOKING_PATH}/${booking_id}</arg>
<arg>json=${patch_payload}</arg>
<arg>headers=${headers}</arg>
<arg>expected_status=any</arg>
<doc>Sends a PATCH request on a previously created HTTP Session.</doc>
<status status="PASS" start="2025-09-04T15:05:16.122266" elapsed="0.198740"/>
</kw>
<kw name="Log To Console" owner="BuiltIn">
<arg>Partial update booking: PATCH ${BOOKING_PATH}/${booking_id} - Status: ${response.status_code} - ID: ${booking_id}</arg>
<doc>Logs the given message to the console.</doc>
<status status="PASS" start="2025-09-04T15:05:16.321351" elapsed="0.001780"/>
</kw>
<return>
<value>${response}</value>
<status status="PASS" start="2025-09-04T15:05:16.323296" elapsed="0.000082"/>
</return>
<msg time="2025-09-04T15:05:16.323700" level="INFO">${patch_resp} = &lt;Response [200]&gt;</msg>
<var>${patch_resp}</var>
<arg>${booking_id}</arg>
<arg>${patch_data}</arg>
<status status="PASS" start="2025-09-04T15:05:16.121430" elapsed="0.202333"/>
</kw>
<kw name="Assert Status And Json Field" owner="keywords">
<kw name="Should Be Equal As Integers" owner="BuiltIn">
<msg time="2025-09-04T15:05:16.326594" level="INFO">Argument types are:
&lt;class 'int'&gt;
&lt;class 'str'&gt;</msg>
<arg>${resp.status_code}</arg>
<arg>${expected_status}</arg>
<doc>Fails if objects are unequal after converting them to integers.</doc>
<status status="PASS" start="2025-09-04T15:05:16.325467" elapsed="0.001258"/>
</kw>
<if>
<branch type="IF" condition="'${json_path}' != '${None}'">
<kw name="Get From Dictionary" owner="Collections">
<var>${actual_value}</var>
<arg>${resp.json()}</arg>
<arg>${json_path}</arg>
<doc>Returns a value from the given ``dictionary`` based on the given ``key``.</doc>
<status status="NOT RUN" start="2025-09-04T15:05:16.327347" elapsed="0.000045"/>
</kw>
<if>
<branch type="IF" condition="'${expected_value}' != '${None}'">
<kw name="Should Be Equal" owner="BuiltIn">
<arg>${actual_value}</arg>
<arg>${expected_value}</arg>
<doc>Fails if the given objects are unequal.</doc>
<status status="NOT RUN" start="2025-09-04T15:05:16.327747" elapsed="0.000042"/>
</kw>
<status status="NOT RUN" start="2025-09-04T15:05:16.327554" elapsed="0.000332"/>
</branch>
<status status="NOT RUN" start="2025-09-04T15:05:16.327518" elapsed="0.000423"/>
</if>
<status status="NOT RUN" start="2025-09-04T15:05:16.326909" elapsed="0.001086"/>
</branch>
<status status="PASS" start="2025-09-04T15:05:16.326864" elapsed="0.001171"/>
</if>
<arg>${patch_resp}</arg>
<arg>200</arg>
<status status="PASS" start="2025-09-04T15:05:16.324646" elapsed="0.003481"/>
</kw>
<kw name="Delete Booking" owner="keywords">
<kw name="Build Auth Headers" owner="keywords">
<kw name="Create Dictionary" owner="BuiltIn">
<msg time="2025-09-04T15:05:16.330383" level="INFO">${headers} = {'Content-Type': 'application/json', 'Accept': 'application/json', 'Cookie': 'token=f76ca0557061771'}</msg>
<var>${headers}</var>
<arg>Content-Type=application/json</arg>
<arg>Accept=application/json</arg>
<arg>Cookie=token=${AUTH_TOKEN}</arg>
<doc>Creates and returns a dictionary based on the given ``items``.</doc>
<status status="PASS" start="2025-09-04T15:05:16.329903" elapsed="0.000754"/>
</kw>
<return>
<value>${headers}</value>
<status status="PASS" start="2025-09-04T15:05:16.330790" elapsed="0.000073"/>
</return>
<msg time="2025-09-04T15:05:16.331118" level="INFO">${headers} = {'Content-Type': 'application/json', 'Accept': 'application/json', 'Cookie': 'token=f76ca0557061771'}</msg>
<var>${headers}</var>
<status status="PASS" start="2025-09-04T15:05:16.329480" elapsed="0.001691"/>
</kw>
<kw name="DELETE On Session" owner="RequestsLibrary">
<msg time="2025-09-04T15:05:16.623148" level="INFO">DELETE Request : url=https://restful-booker.herokuapp.com/booking/2226 
 path_url=/booking/2226 
 headers={'User-Agent': 'python-requests/2.32.5', 'Accept-Encoding': 'gzip, deflate', 'Accept': 'application/json', 'Connection': 'keep-alive', 'Content-Type': 'application/json', 'Cookie': 'token=f76ca0557061771', 'Content-Length': '0'} 
 body=None 
 </msg>
<msg time="2025-09-04T15:05:16.623319" level="INFO">DELETE Response : url=https://restful-booker.herokuapp.com/booking/2226 
 status=201, reason=Created 
 headers={'Content-Length': '7', 'Content-Type': 'text/plain; charset=utf-8', 'Date': 'Thu, 04 Sep 2025 18:05:16 GMT', 'Etag': 'W/"7-rM9AyJuqT6iOan/xHh+AW+7K/T8"', 'Nel': '{"report_to":"heroku-nel","response_headers":["Via"],"max_age":3600,"success_fraction":0.01,"failure_fraction":0.1}', 'Report-To': '{"group":"heroku-nel","endpoints":[{"url":"https://nel.heroku.com/reports?s=FK4FIUevIC8WjZnV50mYXcLFdE0lg7n1Rc1ALD547dc%3D\\u0026sid=c46efe9b-d3d2-4a0c-8c76-bfafa16c5add\\u0026ts=1757009116"}],"max_age":3600}', 'Reporting-Endpoints': 'heroku-nel="https://nel.heroku.com/reports?s=FK4FIUevIC8WjZnV50mYXcLFdE0lg7n1Rc1ALD547dc%3D&amp;sid=c46efe9b-d3d2-4a0c-8c76-bfafa16c5add&amp;ts=1757009116"', 'Server': 'Heroku', 'Via': '1.1 heroku-router', 'X-Powered-By': 'Express'} 
 body=Created 
 </msg>
<msg time="2025-09-04T15:05:16.623551" level="INFO">${response} = &lt;Response [201]&gt;</msg>
<var>${response}</var>
<arg>booker</arg>
<arg>${BOOKING_PATH}/${booking_id}</arg>
<arg>headers=${headers}</arg>
<arg>expected_status=any</arg>
<doc>Sends a DELETE request on a previously created HTTP Session.</doc>
<status status="PASS" start="2025-09-04T15:05:16.331369" elapsed="0.292236"/>
</kw>
<kw name="Log To Console" owner="BuiltIn">
<arg>Delete booking: DELETE ${BOOKING_PATH}/${booking_id} - Status: ${response.status_code} - ID: ${booking_id}</arg>
<doc>Logs the given message to the console.</doc>
<status status="PASS" start="2025-09-04T15:05:16.623888" elapsed="0.001636"/>
</kw>
<return>
<value>${response}</value>
<status status="PASS" start="2025-09-04T15:05:16.625673" elapsed="0.000073"/>
</return>
<msg time="2025-09-04T15:05:16.626052" level="INFO">${del_resp} = &lt;Response [201]&gt;</msg>
<var>${del_resp}</var>
<arg>${booking_id}</arg>
<status status="PASS" start="2025-09-04T15:05:16.328854" elapsed="0.297261"/>
</kw>
<kw name="Assert Status And Json Field" owner="keywords">
<kw name="Should Be Equal As Integers" owner="BuiltIn">
<msg time="2025-09-04T15:05:16.628917" level="INFO">Argument types are:
&lt;class 'int'&gt;
&lt;class 'str'&gt;</msg>
<arg>${resp.status_code}</arg>
<arg>${expected_status}</arg>
<doc>Fails if objects are unequal after converting them to integers.</doc>
<status status="PASS" start="2025-09-04T15:05:16.627813" elapsed="0.001233"/>
</kw>
<if>
<branch type="IF" condition="'${json_path}' != '${None}'">
<kw name="Get From Dictionary" owner="Collections">
<var>${actual_value}</var>
<arg>${resp.json()}</arg>
<arg>${json_path}</arg>
<doc>Returns a value from the given ``dictionary`` based on the given ``key``.</doc>
<status status="NOT RUN" start="2025-09-04T15:05:16.629662" elapsed="0.000045"/>
</kw>
<if>
<branch type="IF" condition="'${expected_value}' != '${None}'">
<kw name="Should Be Equal" owner="BuiltIn">
<arg>${actual_value}</arg>
<arg>${expected_value}</arg>
<doc>Fails if the given objects are unequal.</doc>
<status status="NOT RUN" start="2025-09-04T15:05:16.630061" elapsed="0.000043"/>
</kw>
<status status="NOT RUN" start="2025-09-04T15:05:16.629860" elapsed="0.000334"/>
</branch>
<status status="NOT RUN" start="2025-09-04T15:05:16.629824" elapsed="0.000424"/>
</if>
<status status="NOT RUN" start="2025-09-04T15:05:16.629228" elapsed="0.001068"/>
</branch>
<status status="PASS" start="2025-09-04T15:05:16.629182" elapsed="0.001153"/>
</if>
<arg>${del_resp}</arg>
<arg>201</arg>
<status status="PASS" start="2025-09-04T15:05:16.626986" elapsed="0.003442"/>
</kw>
<kw name="Get Booking By Id" owner="keywords">
<kw name="GET On Session" owner="RequestsLibrary">
<msg time="2025-09-04T15:05:16.905603" level="INFO">GET Request : url=https://restful-booker.herokuapp.com/booking/2226 
 path_url=/booking/2226 
 headers={'User-Agent': 'python-requests/2.32.5', 'Accept-Encoding': 'gzip, deflate', 'Accept': 'application/json', 'Connection': 'keep-alive', 'Content-Type': 'application/json'} 
 body=None 
 </msg>
<msg time="2025-09-04T15:05:16.905786" level="INFO">GET Response : url=https://restful-booker.herokuapp.com/booking/2226 
 status=404, reason=Not Found 
 headers={'Content-Length': '9', 'Content-Type': 'text/plain; charset=utf-8', 'Date': 'Thu, 04 Sep 2025 18:05:16 GMT', 'Etag': 'W/"9-0gXL1ngzMqISxa6S1zx3F4wtLyg"', 'Nel': '{"report_to":"heroku-nel","response_headers":["Via"],"max_age":3600,"success_fraction":0.01,"failure_fraction":0.1}', 'Report-To': '{"group":"heroku-nel","endpoints":[{"url":"https://nel.heroku.com/reports?s=FK4FIUevIC8WjZnV50mYXcLFdE0lg7n1Rc1ALD547dc%3D\\u0026sid=c46efe9b-d3d2-4a0c-8c76-bfafa16c5add\\u0026ts=1757009116"}],"max_age":3600}', 'Reporting-Endpoints': 'heroku-nel="https://nel.heroku.com/reports?s=FK4FIUevIC8WjZnV50mYXcLFdE0lg7n1Rc1ALD547dc%3D&amp;sid=c46efe9b-d3d2-4a0c-8c76-bfafa16c5add&amp;ts=1757009116"', 'Server': 'Heroku', 'Via': '1.1 heroku-router', 'X-Powered-By': 'Express'} 
 body=Not Found 
 </msg>
<msg time="2025-09-04T15:05:16.906034" level="INFO">${response} = &lt;Response [404]&gt;</msg>
<var>${response}</var>
<arg>booker</arg>
<arg>${BOOKING_PATH}/${booking_id}</arg>
<arg>expected_status=any</arg>
<doc>Sends a GET request on a previously created HTTP Session.</doc>
<status status="PASS" start="2025-09-04T15:05:16.631746" elapsed="0.274356"/>
</kw>
<kw name="Log To Console" owner="BuiltIn">
<arg>Get booking: GET ${BOOKING_PATH}/${booking_id} - Status: ${response.status_code} - ID: ${booking_id}</arg>
<doc>Logs the given message to the console.</doc>
<status status="PASS" start="2025-09-04T15:05:16.906430" elapsed="0.002631"/>
</kw>
<return>
<value>${response}</value>
<status status="PASS" start="2025-09-04T15:05:16.909223" elapsed="0.000080"/>
</return>
<msg time="2025-09-04T15:05:16.909604" level="INFO">${check_resp} = &lt;Response [404]&gt;</msg>
<var>${check_resp}</var>
<arg>${booking_id}</arg>
<status status="PASS" start="2025-09-04T15:05:16.631179" elapsed="0.278490"/>
</kw>
<kw name="Assert Status And Json Field" owner="keywords">
<kw name="Should Be Equal As Integers" owner="BuiltIn">
<msg time="2025-09-04T15:05:16.912517" level="INFO">Argument types are:
&lt;class 'int'&gt;
&lt;class 'str'&gt;</msg>
<arg>${resp.status_code}</arg>
<arg>${expected_status}</arg>
<doc>Fails if objects are unequal after converting them to integers.</doc>
<status status="PASS" start="2025-09-04T15:05:16.911380" elapsed="0.001268"/>
</kw>
<if>
<branch type="IF" condition="'${json_path}' != '${None}'">
<kw name="Get From Dictionary" owner="Collections">
<var>${actual_value}</var>
<arg>${resp.json()}</arg>
<arg>${json_path}</arg>
<doc>Returns a value from the given ``dictionary`` based on the given ``key``.</doc>
<status status="NOT RUN" start="2025-09-04T15:05:16.913276" elapsed="0.000048"/>
</kw>
<if>
<branch type="IF" condition="'${expected_value}' != '${None}'">
<kw name="Should Be Equal" owner="BuiltIn">
<arg>${actual_value}</arg>
<arg>${expected_value}</arg>
<doc>Fails if the given objects are unequal.</doc>
<status status="NOT RUN" start="2025-09-04T15:05:16.913674" elapsed="0.000190"/>
</kw>
<status status="NOT RUN" start="2025-09-04T15:05:16.913481" elapsed="0.000472"/>
</branch>
<status status="NOT RUN" start="2025-09-04T15:05:16.913444" elapsed="0.000563"/>
</if>
<status status="NOT RUN" start="2025-09-04T15:05:16.912829" elapsed="0.001230"/>
</branch>
<status status="PASS" start="2025-09-04T15:05:16.912784" elapsed="0.001316"/>
</if>
<arg>${check_resp}</arg>
<arg>404</arg>
<status status="PASS" start="2025-09-04T15:05:16.910538" elapsed="0.003659"/>
</kw>
<tag>auth</tag>
<tag>chain</tag>
<tag>e2e</tag>
<status status="PASS" start="2025-09-04T15:05:13.637739" elapsed="3.277069"/>
</test>
<test id="s1-s1-t2" name="Create Multiple Bookings" line="41">
<kw name="Get Valid Booking Data" owner="keywords">
<kw name="Load JSON Test Data" owner="keywords">
<kw name="Get File" owner="OperatingSystem">
<msg time="2025-09-04T15:05:16.918869" level="INFO" html="true">Getting file '&lt;a href="file://C:\Users\ercli\IdeaProjects\COMPASS-UOL-PBAIJUN25\Documentos\Sprint 6\Semana 11\atividade - dias 1 e 2\resources\test_data.json"&gt;C:\Users\ercli\IdeaProjects\COMPASS-UOL-PBAIJUN25\Documentos\Sprint 6\Semana 11\atividade - dias 1 e 2\resources\test_data.json&lt;/a&gt;'.</msg>
<msg time="2025-09-04T15:05:16.919513" level="INFO">${json_content} = {
  "valid_booking": {
    "firstname": "John",
    "lastname": "Doe",
    "totalprice": 150,
    "depositpaid": true,
    "bookingdates": {
      "checkin": "2025-01-15",
      "checkout": "2025-01-2...</msg>
<var>${json_content}</var>
<arg>${file_path}</arg>
<doc>Returns the contents of a specified file.</doc>
<status status="PASS" start="2025-09-04T15:05:16.918638" elapsed="0.000936"/>
</kw>
<kw name="Evaluate" owner="BuiltIn">
<msg time="2025-09-04T15:05:16.920277" level="INFO">${test_data} = {'valid_booking': {'firstname': 'John', 'lastname': 'Doe', 'totalprice': 150, 'depositpaid': True, 'bookingdates': {'checkin': '2025-01-15', 'checkout': '2025-01-20'}, 'additionalneeds': 'Breakfast'},...</msg>
<var>${test_data}</var>
<arg>json.loads('''${json_content}''')</arg>
<arg>json</arg>
<doc>Evaluates the given expression in Python and returns the result.</doc>
<status status="PASS" start="2025-09-04T15:05:16.919781" elapsed="0.000534"/>
</kw>
<kw name="Get From Dictionary" owner="Collections">
<msg time="2025-09-04T15:05:16.920680" level="INFO">${data} = {'firstname': 'John', 'lastname': 'Doe', 'totalprice': 150, 'depositpaid': True, 'bookingdates': {'checkin': '2025-01-15', 'checkout': '2025-01-20'}, 'additionalneeds': 'Breakfast'}</msg>
<var>${data}</var>
<arg>${test_data}</arg>
<arg>${data_key}</arg>
<doc>Returns a value from the given ``dictionary`` based on the given ``key``.</doc>
<status status="PASS" start="2025-09-04T15:05:16.920447" elapsed="0.000267"/>
</kw>
<return>
<value>${data}</value>
<status status="PASS" start="2025-09-04T15:05:16.920778" elapsed="0.000045"/>
</return>
<msg time="2025-09-04T15:05:16.920974" level="INFO">${data} = {'firstname': 'John', 'lastname': 'Doe', 'totalprice': 150, 'depositpaid': True, 'bookingdates': {'checkin': '2025-01-15', 'checkout': '2025-01-20'}, 'additionalneeds': 'Breakfast'}</msg>
<var>${data}</var>
<arg>${TEST_DATA_FILE}</arg>
<arg>valid_booking</arg>
<status status="PASS" start="2025-09-04T15:05:16.918165" elapsed="0.002840"/>
</kw>
<return>
<value>${data}</value>
<status status="PASS" start="2025-09-04T15:05:16.921062" elapsed="0.000028"/>
</return>
<msg time="2025-09-04T15:05:16.921228" level="INFO">${booking_data} = {'firstname': 'John', 'lastname': 'Doe', 'totalprice': 150, 'depositpaid': True, 'bookingdates': {'checkin': '2025-01-15', 'checkout': '2025-01-20'}, 'additionalneeds': 'Breakfast'}</msg>
<var>${booking_data}</var>
<status status="PASS" start="2025-09-04T15:05:16.917683" elapsed="0.003578"/>
</kw>
<for flavor="IN RANGE">
<iter>
<kw name="Create Booking" owner="keywords">
<kw name="POST On Session" owner="RequestsLibrary">
<msg time="2025-09-04T15:05:17.156259" level="INFO">POST Request : url=https://restful-booker.herokuapp.com/booking 
 path_url=/booking 
 headers={'User-Agent': 'python-requests/2.32.5', 'Accept-Encoding': 'gzip, deflate', 'Accept': 'application/json', 'Connection': 'keep-alive', 'Content-Type': 'application/json', 'Content-Length': '181'} 
 body=b'{"firstname": "John", "lastname": "Doe", "totalprice": 150, "depositpaid": true, "bookingdates": {"checkin": "2025-01-15", "checkout": "2025-01-20"}, "additionalneeds": "Breakfast"}' 
 </msg>
<msg time="2025-09-04T15:05:17.156429" level="INFO">POST Response : url=https://restful-booker.herokuapp.com/booking 
 status=200, reason=OK 
 headers={'Content-Length': '196', 'Content-Type': 'application/json; charset=utf-8', 'Date': 'Thu, 04 Sep 2025 18:05:16 GMT', 'Etag': 'W/"c4-XfZg93gPQRdHVpdU0Geu+8rrwk4"', 'Nel': '{"report_to":"heroku-nel","response_headers":["Via"],"max_age":3600,"success_fraction":0.01,"failure_fraction":0.1}', 'Report-To': '{"group":"heroku-nel","endpoints":[{"url":"https://nel.heroku.com/reports?s=FK4FIUevIC8WjZnV50mYXcLFdE0lg7n1Rc1ALD547dc%3D\\u0026sid=c46efe9b-d3d2-4a0c-8c76-bfafa16c5add\\u0026ts=1757009116"}],"max_age":3600}', 'Reporting-Endpoints': 'heroku-nel="https://nel.heroku.com/reports?s=FK4FIUevIC8WjZnV50mYXcLFdE0lg7n1Rc1ALD547dc%3D&amp;sid=c46efe9b-d3d2-4a0c-8c76-bfafa16c5add&amp;ts=1757009116"', 'Server': 'Heroku', 'Via': '1.1 heroku-router', 'X-Powered-By': 'Express'} 
 body={"bookingid":2239,"booking":{"firstname":"John","lastname":"Doe","totalprice":150,"depositpaid":true,"bookingdates":{"checkin":"2025-01-15","checkout":"2025-01-20"},"additionalneeds":"Breakfast"}} 
 </msg>
<msg time="2025-09-04T15:05:17.156664" level="INFO">${response} = &lt;Response [200]&gt;</msg>
<var>${response}</var>
<arg>booker</arg>
<arg>${BOOKING_PATH}</arg>
<arg>json=${payload}</arg>
<doc>Sends a POST request on a previously created HTTP Session.</doc>
<status status="PASS" start="2025-09-04T15:05:16.922438" elapsed="0.234281"/>
</kw>
<kw name="Log To Console" owner="BuiltIn">
<arg>Create booking: POST ${BOOKING_PATH} - Status: ${response.status_code}</arg>
<doc>Logs the given message to the console.</doc>
<status status="PASS" start="2025-09-04T15:05:17.157010" elapsed="0.001499"/>
</kw>
<kw name="Get From Dictionary" owner="Collections">
<msg time="2025-09-04T15:05:17.159950" level="INFO">${booking_id} = 2239</msg>
<var>${booking_id}</var>
<arg>${response.json()}</arg>
<arg>bookingid</arg>
<doc>Returns a value from the given ``dictionary`` based on the given ``key``.</doc>
<status status="PASS" start="2025-09-04T15:05:17.158788" elapsed="0.001227"/>
</kw>
<kw name="Log To Console" owner="BuiltIn">
<arg>Created booking ID: ${booking_id}</arg>
<doc>Logs the given message to the console.</doc>
<status status="PASS" start="2025-09-04T15:05:17.160294" elapsed="0.000754"/>
</kw>
<return>
<value>${booking_id}</value>
<value>${payload}</value>
<status status="PASS" start="2025-09-04T15:05:17.161207" elapsed="0.000091"/>
</return>
<msg time="2025-09-04T15:05:17.161765" level="INFO">${booking_id} = 2239</msg>
<msg time="2025-09-04T15:05:17.161878" level="INFO">${payload} = {'firstname': 'John', 'lastname': 'Doe', 'totalprice': 150, 'depositpaid': True, 'bookingdates': {'checkin': '2025-01-15', 'checkout': '2025-01-20'}, 'additionalneeds': 'Breakfast'}</msg>
<var>${booking_id}</var>
<var>${payload}</var>
<arg>${booking_data}</arg>
<status status="PASS" start="2025-09-04T15:05:16.922098" elapsed="0.239831"/>
</kw>
<kw name="Should Be True" owner="BuiltIn">
<arg>${booking_id} &gt; 0</arg>
<doc>Fails if the given condition is not true.</doc>
<status status="PASS" start="2025-09-04T15:05:17.162187" elapsed="0.000412"/>
</kw>
<kw name="Log To Console" owner="BuiltIn">
<arg>Created booking ${i+1}: ID ${booking_id}</arg>
<doc>Logs the given message to the console.</doc>
<status status="PASS" start="2025-09-04T15:05:17.162848" elapsed="0.001391"/>
</kw>
<var name="${i}">0</var>
<status status="PASS" start="2025-09-04T15:05:16.921909" elapsed="0.242651"/>
</iter>
<iter>
<kw name="Create Booking" owner="keywords">
<kw name="POST On Session" owner="RequestsLibrary">
<msg time="2025-09-04T15:05:17.351989" level="INFO">POST Request : url=https://restful-booker.herokuapp.com/booking 
 path_url=/booking 
 headers={'User-Agent': 'python-requests/2.32.5', 'Accept-Encoding': 'gzip, deflate', 'Accept': 'application/json', 'Connection': 'keep-alive', 'Content-Type': 'application/json', 'Content-Length': '181'} 
 body=b'{"firstname": "John", "lastname": "Doe", "totalprice": 150, "depositpaid": true, "bookingdates": {"checkin": "2025-01-15", "checkout": "2025-01-20"}, "additionalneeds": "Breakfast"}' 
 </msg>
<msg time="2025-09-04T15:05:17.352174" level="INFO">POST Response : url=https://restful-booker.herokuapp.com/booking 
 status=200, reason=OK 
 headers={'Content-Length': '196', 'Content-Type': 'application/json; charset=utf-8', 'Date': 'Thu, 04 Sep 2025 18:05:17 GMT', 'Etag': 'W/"c4-1PymzdqY1vGNcCmJLQXs/ijvfcU"', 'Nel': '{"report_to":"heroku-nel","response_headers":["Via"],"max_age":3600,"success_fraction":0.01,"failure_fraction":0.1}', 'Report-To': '{"group":"heroku-nel","endpoints":[{"url":"https://nel.heroku.com/reports?s=2gbyZrkQQlFjaUMT8a%2FAbJUHsEkr0BfR4cnkxxNBbqU%3D\\u0026sid=c46efe9b-d3d2-4a0c-8c76-bfafa16c5add\\u0026ts=1757009117"}],"max_age":3600}', 'Reporting-Endpoints': 'heroku-nel="https://nel.heroku.com/reports?s=2gbyZrkQQlFjaUMT8a%2FAbJUHsEkr0BfR4cnkxxNBbqU%3D&amp;sid=c46efe9b-d3d2-4a0c-8c76-bfafa16c5add&amp;ts=1757009117"', 'Server': 'Heroku', 'Via': '1.1 heroku-router', 'X-Powered-By': 'Express'} 
 body={"bookingid":2240,"booking":{"firstname":"John","lastname":"Doe","totalprice":150,"depositpaid":true,"bookingdates":{"checkin":"2025-01-15","checkout":"2025-01-20"},"additionalneeds":"Breakfast"}} 
 </msg>
<msg time="2025-09-04T15:05:17.352425" level="INFO">${response} = &lt;Response [200]&gt;</msg>
<var>${response}</var>
<arg>booker</arg>
<arg>${BOOKING_PATH}</arg>
<arg>json=${payload}</arg>
<doc>Sends a POST request on a previously created HTTP Session.</doc>
<status status="PASS" start="2025-09-04T15:05:17.166214" elapsed="0.186269"/>
</kw>
<kw name="Log To Console" owner="BuiltIn">
<arg>Create booking: POST ${BOOKING_PATH} - Status: ${response.status_code}</arg>
<doc>Logs the given message to the console.</doc>
<status status="PASS" start="2025-09-04T15:05:17.352811" elapsed="0.001582"/>
</kw>
<kw name="Get From Dictionary" owner="Collections">
<msg time="2025-09-04T15:05:17.355894" level="INFO">${booking_id} = 2240</msg>
<var>${booking_id}</var>
<arg>${response.json()}</arg>
<arg>bookingid</arg>
<doc>Returns a value from the given ``dictionary`` based on the given ``key``.</doc>
<status status="PASS" start="2025-09-04T15:05:17.354698" elapsed="0.001262"/>
</kw>
<kw name="Log To Console" owner="BuiltIn">
<arg>Created booking ID: ${booking_id}</arg>
<doc>Logs the given message to the console.</doc>
<status status="PASS" start="2025-09-04T15:05:17.356205" elapsed="0.000841"/>
</kw>
<return>
<value>${booking_id}</value>
<value>${payload}</value>
<status status="PASS" start="2025-09-04T15:05:17.357201" elapsed="0.000082"/>
</return>
<msg time="2025-09-04T15:05:17.357680" level="INFO">${booking_id} = 2240</msg>
<msg time="2025-09-04T15:05:17.357788" level="INFO">${payload} = {'firstname': 'John', 'lastname': 'Doe', 'totalprice': 150, 'depositpaid': True, 'bookingdates': {'checkin': '2025-01-15', 'checkout': '2025-01-20'}, 'additionalneeds': 'Breakfast'}</msg>
<var>${booking_id}</var>
<var>${payload}</var>
<arg>${booking_data}</arg>
<status status="PASS" start="2025-09-04T15:05:17.165316" elapsed="0.192523"/>
</kw>
<kw name="Should Be True" owner="BuiltIn">
<arg>${booking_id} &gt; 0</arg>
<doc>Fails if the given condition is not true.</doc>
<status status="PASS" start="2025-09-04T15:05:17.358101" elapsed="0.000408"/>
</kw>
<kw name="Log To Console" owner="BuiltIn">
<arg>Created booking ${i+1}: ID ${booking_id}</arg>
<doc>Logs the given message to the console.</doc>
<status status="PASS" start="2025-09-04T15:05:17.358734" elapsed="0.001485"/>
</kw>
<var name="${i}">1</var>
<status status="PASS" start="2025-09-04T15:05:17.164873" elapsed="0.195468"/>
</iter>
<iter>
<kw name="Create Booking" owner="keywords">
<kw name="POST On Session" owner="RequestsLibrary">
<msg time="2025-09-04T15:05:17.557604" level="INFO">POST Request : url=https://restful-booker.herokuapp.com/booking 
 path_url=/booking 
 headers={'User-Agent': 'python-requests/2.32.5', 'Accept-Encoding': 'gzip, deflate', 'Accept': 'application/json', 'Connection': 'keep-alive', 'Content-Type': 'application/json', 'Content-Length': '181'} 
 body=b'{"firstname": "John", "lastname": "Doe", "totalprice": 150, "depositpaid": true, "bookingdates": {"checkin": "2025-01-15", "checkout": "2025-01-20"}, "additionalneeds": "Breakfast"}' 
 </msg>
<msg time="2025-09-04T15:05:17.557774" level="INFO">POST Response : url=https://restful-booker.herokuapp.com/booking 
 status=200, reason=OK 
 headers={'Content-Length': '196', 'Content-Type': 'application/json; charset=utf-8', 'Date': 'Thu, 04 Sep 2025 18:05:17 GMT', 'Etag': 'W/"c4-sH5f4I1Ulnl2AR0xiVMBaKe1xxY"', 'Nel': '{"report_to":"heroku-nel","response_headers":["Via"],"max_age":3600,"success_fraction":0.01,"failure_fraction":0.1}', 'Report-To': '{"group":"heroku-nel","endpoints":[{"url":"https://nel.heroku.com/reports?s=2gbyZrkQQlFjaUMT8a%2FAbJUHsEkr0BfR4cnkxxNBbqU%3D\\u0026sid=c46efe9b-d3d2-4a0c-8c76-bfafa16c5add\\u0026ts=1757009117"}],"max_age":3600}', 'Reporting-Endpoints': 'heroku-nel="https://nel.heroku.com/reports?s=2gbyZrkQQlFjaUMT8a%2FAbJUHsEkr0BfR4cnkxxNBbqU%3D&amp;sid=c46efe9b-d3d2-4a0c-8c76-bfafa16c5add&amp;ts=1757009117"', 'Server': 'Heroku', 'Via': '1.1 heroku-router', 'X-Powered-By': 'Express'} 
 body={"bookingid":2243,"booking":{"firstname":"John","lastname":"Doe","totalprice":150,"depositpaid":true,"bookingdates":{"checkin":"2025-01-15","checkout":"2025-01-20"},"additionalneeds":"Breakfast"}} 
 </msg>
<msg time="2025-09-04T15:05:17.558011" level="INFO">${response} = &lt;Response [200]&gt;</msg>
<var>${response}</var>
<arg>booker</arg>
<arg>${BOOKING_PATH}</arg>
<arg>json=${payload}</arg>
<doc>Sends a POST request on a previously created HTTP Session.</doc>
<status status="PASS" start="2025-09-04T15:05:17.361557" elapsed="0.196508"/>
</kw>
<kw name="Log To Console" owner="BuiltIn">
<arg>Create booking: POST ${BOOKING_PATH} - Status: ${response.status_code}</arg>
<doc>Logs the given message to the console.</doc>
<status status="PASS" start="2025-09-04T15:05:17.558340" elapsed="0.001531"/>
</kw>
<kw name="Get From Dictionary" owner="Collections">
<msg time="2025-09-04T15:05:17.561351" level="INFO">${booking_id} = 2243</msg>
<var>${booking_id}</var>
<arg>${response.json()}</arg>
<arg>bookingid</arg>
<doc>Returns a value from the given ``dictionary`` based on the given ``key``.</doc>
<status status="PASS" start="2025-09-04T15:05:17.560150" elapsed="0.001270"/>
</kw>
<kw name="Log To Console" owner="BuiltIn">
<arg>Created booking ID: ${booking_id}</arg>
<doc>Logs the given message to the console.</doc>
<status status="PASS" start="2025-09-04T15:05:17.561707" elapsed="0.000759"/>
</kw>
<return>
<value>${booking_id}</value>
<value>${payload}</value>
<status status="PASS" start="2025-09-04T15:05:17.562625" elapsed="0.000084"/>
</return>
<msg time="2025-09-04T15:05:17.563108" level="INFO">${booking_id} = 2243</msg>
<msg time="2025-09-04T15:05:17.563210" level="INFO">${payload} = {'firstname': 'John', 'lastname': 'Doe', 'totalprice': 150, 'depositpaid': True, 'bookingdates': {'checkin': '2025-01-15', 'checkout': '2025-01-20'}, 'additionalneeds': 'Breakfast'}</msg>
<var>${booking_id}</var>
<var>${payload}</var>
<arg>${booking_data}</arg>
<status status="PASS" start="2025-09-04T15:05:17.360966" elapsed="0.202292"/>
</kw>
<kw name="Should Be True" owner="BuiltIn">
<arg>${booking_id} &gt; 0</arg>
<doc>Fails if the given condition is not true.</doc>
<status status="PASS" start="2025-09-04T15:05:17.563480" elapsed="0.000373"/>
</kw>
<kw name="Log To Console" owner="BuiltIn">
<arg>Created booking ${i+1}: ID ${booking_id}</arg>
<doc>Logs the given message to the console.</doc>
<status status="PASS" start="2025-09-04T15:05:17.564203" elapsed="0.001346"/>
</kw>
<var name="${i}">2</var>
<status status="PASS" start="2025-09-04T15:05:17.360624" elapsed="0.205025"/>
</iter>
<var>${i}</var>
<value>3</value>
<status status="PASS" start="2025-09-04T15:05:16.921652" elapsed="0.644069"/>
</for>
<tag>bulk</tag>
<tag>create</tag>
<tag>POST</tag>
<status status="PASS" start="2025-09-04T15:05:16.916612" elapsed="0.649897"/>
</test>
<test id="s1-s1-t3" name="Update Booking With Full Payload" line="50">
<kw name="Get Auth Token" owner="keywords">
<kw name="Create Dictionary" owner="BuiltIn">
<msg time="2025-09-04T15:05:17.570060" level="INFO">${auth_payload} = {'username': 'admin', 'password': 'password123'}</msg>
<var>${auth_payload}</var>
<arg>username=${USERNAME}</arg>
<arg>password=${PASSWORD}</arg>
<doc>Creates and returns a dictionary based on the given ``items``.</doc>
<status status="PASS" start="2025-09-04T15:05:17.569541" elapsed="0.000581"/>
</kw>
<kw name="POST On Session" owner="RequestsLibrary">
<msg time="2025-09-04T15:05:17.828467" level="INFO">POST Request : url=https://restful-booker.herokuapp.com/auth 
 path_url=/auth 
 headers={'User-Agent': 'python-requests/2.32.5', 'Accept-Encoding': 'gzip, deflate', 'Accept': 'application/json', 'Connection': 'keep-alive', 'Content-Type': 'application/json', 'Content-Length': '48'} 
 body=b'{"username": "admin", "password": "password123"}' 
 </msg>
<msg time="2025-09-04T15:05:17.828538" level="INFO">POST Response : url=https://restful-booker.herokuapp.com/auth 
 status=200, reason=OK 
 headers={'Content-Length': '27', 'Content-Type': 'application/json; charset=utf-8', 'Date': 'Thu, 04 Sep 2025 18:05:17 GMT', 'Etag': 'W/"1b-rHeMhxZR2q51HSrmMBacCn+nA+M"', 'Nel': '{"report_to":"heroku-nel","response_headers":["Via"],"max_age":3600,"success_fraction":0.01,"failure_fraction":0.1}', 'Report-To': '{"group":"heroku-nel","endpoints":[{"url":"https://nel.heroku.com/reports?s=2gbyZrkQQlFjaUMT8a%2FAbJUHsEkr0BfR4cnkxxNBbqU%3D\\u0026sid=c46efe9b-d3d2-4a0c-8c76-bfafa16c5add\\u0026ts=1757009117"}],"max_age":3600}', 'Reporting-Endpoints': 'heroku-nel="https://nel.heroku.com/reports?s=2gbyZrkQQlFjaUMT8a%2FAbJUHsEkr0BfR4cnkxxNBbqU%3D&amp;sid=c46efe9b-d3d2-4a0c-8c76-bfafa16c5add&amp;ts=1757009117"', 'Server': 'Heroku', 'Via': '1.1 heroku-router', 'X-Powered-By': 'Express'} 
 body={"token":"eefcb09531e433a"} 
 </msg>
<msg time="2025-09-04T15:05:17.828638" level="INFO">${response} = &lt;Response [200]&gt;</msg>
<var>${response}</var>
<arg>booker</arg>
<arg>${AUTH_PATH}</arg>
<arg>json=${auth_payload}</arg>
<doc>Sends a POST request on a previously created HTTP Session.</doc>
<status status="PASS" start="2025-09-04T15:05:17.570380" elapsed="0.258277"/>
</kw>
<kw name="Log To Console" owner="BuiltIn">
<arg>Auth request: POST ${AUTH_PATH} - Status: ${response.status_code}</arg>
<doc>Logs the given message to the console.</doc>
<status status="PASS" start="2025-09-04T15:05:17.828772" elapsed="0.000653"/>
</kw>
<kw name="Should Be Equal As Integers" owner="BuiltIn">
<msg time="2025-09-04T15:05:17.829888" level="INFO">Argument types are:
&lt;class 'int'&gt;
&lt;class 'str'&gt;</msg>
<arg>${response.status_code}</arg>
<arg>200</arg>
<doc>Fails if objects are unequal after converting them to integers.</doc>
<status status="PASS" start="2025-09-04T15:05:17.829547" elapsed="0.000383"/>
</kw>
<kw name="Get From Dictionary" owner="Collections">
<msg time="2025-09-04T15:05:17.830345" level="INFO">${token} = eefcb09531e433a</msg>
<var>${token}</var>
<arg>${response.json()}</arg>
<arg>token</arg>
<doc>Returns a value from the given ``dictionary`` based on the given ``key``.</doc>
<status status="PASS" start="2025-09-04T15:05:17.830008" elapsed="0.000355"/>
</kw>
<kw name="Set Suite Variable" owner="BuiltIn">
<msg time="2025-09-04T15:05:17.830585" level="INFO">${AUTH_TOKEN} = eefcb09531e433a</msg>
<arg>${AUTH_TOKEN}</arg>
<arg>${token}</arg>
<doc>Makes a variable available everywhere within the scope of the current suite.</doc>
<status status="PASS" start="2025-09-04T15:05:17.830450" elapsed="0.000163"/>
</kw>
<return>
<value>${token}</value>
<status status="PASS" start="2025-09-04T15:05:17.830650" elapsed="0.000029"/>
</return>
<status status="PASS" start="2025-09-04T15:05:17.568967" elapsed="0.261782"/>
</kw>
<kw name="Get Valid Booking Data" owner="keywords">
<kw name="Load JSON Test Data" owner="keywords">
<kw name="Get File" owner="OperatingSystem">
<msg time="2025-09-04T15:05:17.831508" level="INFO" html="true">Getting file '&lt;a href="file://C:\Users\ercli\IdeaProjects\COMPASS-UOL-PBAIJUN25\Documentos\Sprint 6\Semana 11\atividade - dias 1 e 2\resources\test_data.json"&gt;C:\Users\ercli\IdeaProjects\COMPASS-UOL-PBAIJUN25\Documentos\Sprint 6\Semana 11\atividade - dias 1 e 2\resources\test_data.json&lt;/a&gt;'.</msg>
<msg time="2025-09-04T15:05:17.831816" level="INFO">${json_content} = {
  "valid_booking": {
    "firstname": "John",
    "lastname": "Doe",
    "totalprice": 150,
    "depositpaid": true,
    "bookingdates": {
      "checkin": "2025-01-15",
      "checkout": "2025-01-2...</msg>
<var>${json_content}</var>
<arg>${file_path}</arg>
<doc>Returns the contents of a specified file.</doc>
<status status="PASS" start="2025-09-04T15:05:17.831416" elapsed="0.000424"/>
</kw>
<kw name="Evaluate" owner="BuiltIn">
<msg time="2025-09-04T15:05:17.832139" level="INFO">${test_data} = {'valid_booking': {'firstname': 'John', 'lastname': 'Doe', 'totalprice': 150, 'depositpaid': True, 'bookingdates': {'checkin': '2025-01-15', 'checkout': '2025-01-20'}, 'additionalneeds': 'Breakfast'},...</msg>
<var>${test_data}</var>
<arg>json.loads('''${json_content}''')</arg>
<arg>json</arg>
<doc>Evaluates the given expression in Python and returns the result.</doc>
<status status="PASS" start="2025-09-04T15:05:17.831928" elapsed="0.000231"/>
</kw>
<kw name="Get From Dictionary" owner="Collections">
<msg time="2025-09-04T15:05:17.832349" level="INFO">${data} = {'firstname': 'John', 'lastname': 'Doe', 'totalprice': 150, 'depositpaid': True, 'bookingdates': {'checkin': '2025-01-15', 'checkout': '2025-01-20'}, 'additionalneeds': 'Breakfast'}</msg>
<var>${data}</var>
<arg>${test_data}</arg>
<arg>${data_key}</arg>
<doc>Returns a value from the given ``dictionary`` based on the given ``key``.</doc>
<status status="PASS" start="2025-09-04T15:05:17.832231" elapsed="0.000136"/>
</kw>
<return>
<value>${data}</value>
<status status="PASS" start="2025-09-04T15:05:17.832400" elapsed="0.000022"/>
</return>
<msg time="2025-09-04T15:05:17.832504" level="INFO">${data} = {'firstname': 'John', 'lastname': 'Doe', 'totalprice': 150, 'depositpaid': True, 'bookingdates': {'checkin': '2025-01-15', 'checkout': '2025-01-20'}, 'additionalneeds': 'Breakfast'}</msg>
<var>${data}</var>
<arg>${TEST_DATA_FILE}</arg>
<arg>valid_booking</arg>
<status status="PASS" start="2025-09-04T15:05:17.831229" elapsed="0.001291"/>
</kw>
<return>
<value>${data}</value>
<status status="PASS" start="2025-09-04T15:05:17.832549" elapsed="0.000016"/>
</return>
<msg time="2025-09-04T15:05:17.832638" level="INFO">${booking_data} = {'firstname': 'John', 'lastname': 'Doe', 'totalprice': 150, 'depositpaid': True, 'bookingdates': {'checkin': '2025-01-15', 'checkout': '2025-01-20'}, 'additionalneeds': 'Breakfast'}</msg>
<var>${booking_data}</var>
<status status="PASS" start="2025-09-04T15:05:17.831030" elapsed="0.001625"/>
</kw>
<kw name="Create Booking" owner="keywords">
<kw name="POST On Session" owner="RequestsLibrary">
<msg time="2025-09-04T15:05:18.103138" level="INFO">POST Request : url=https://restful-booker.herokuapp.com/booking 
 path_url=/booking 
 headers={'User-Agent': 'python-requests/2.32.5', 'Accept-Encoding': 'gzip, deflate', 'Accept': 'application/json', 'Connection': 'keep-alive', 'Content-Type': 'application/json', 'Content-Length': '181'} 
 body=b'{"firstname": "John", "lastname": "Doe", "totalprice": 150, "depositpaid": true, "bookingdates": {"checkin": "2025-01-15", "checkout": "2025-01-20"}, "additionalneeds": "Breakfast"}' 
 </msg>
<msg time="2025-09-04T15:05:18.103415" level="INFO">POST Response : url=https://restful-booker.herokuapp.com/booking 
 status=200, reason=OK 
 headers={'Content-Length': '196', 'Content-Type': 'application/json; charset=utf-8', 'Date': 'Thu, 04 Sep 2025 18:05:17 GMT', 'Etag': 'W/"c4-88RczxqhGuhSIUE8qnw3vJw6uD4"', 'Nel': '{"report_to":"heroku-nel","response_headers":["Via"],"max_age":3600,"success_fraction":0.01,"failure_fraction":0.1}', 'Report-To': '{"group":"heroku-nel","endpoints":[{"url":"https://nel.heroku.com/reports?s=2gbyZrkQQlFjaUMT8a%2FAbJUHsEkr0BfR4cnkxxNBbqU%3D\\u0026sid=c46efe9b-d3d2-4a0c-8c76-bfafa16c5add\\u0026ts=1757009117"}],"max_age":3600}', 'Reporting-Endpoints': 'heroku-nel="https://nel.heroku.com/reports?s=2gbyZrkQQlFjaUMT8a%2FAbJUHsEkr0BfR4cnkxxNBbqU%3D&amp;sid=c46efe9b-d3d2-4a0c-8c76-bfafa16c5add&amp;ts=1757009117"', 'Server': 'Heroku', 'Via': '1.1 heroku-router', 'X-Powered-By': 'Express'} 
 body={"bookingid":2248,"booking":{"firstname":"John","lastname":"Doe","totalprice":150,"depositpaid":true,"bookingdates":{"checkin":"2025-01-15","checkout":"2025-01-20"},"additionalneeds":"Breakfast"}} 
 </msg>
<msg time="2025-09-04T15:05:18.103646" level="INFO">${response} = &lt;Response [200]&gt;</msg>
<var>${response}</var>
<arg>booker</arg>
<arg>${BOOKING_PATH}</arg>
<arg>json=${payload}</arg>
<doc>Sends a POST request on a previously created HTTP Session.</doc>
<status status="PASS" start="2025-09-04T15:05:17.833342" elapsed="0.270354"/>
</kw>
<kw name="Log To Console" owner="BuiltIn">
<arg>Create booking: POST ${BOOKING_PATH} - Status: ${response.status_code}</arg>
<doc>Logs the given message to the console.</doc>
<status status="PASS" start="2025-09-04T15:05:18.103956" elapsed="0.001433"/>
</kw>
<kw name="Get From Dictionary" owner="Collections">
<msg time="2025-09-04T15:05:18.106448" level="INFO">${booking_id} = 2248</msg>
<var>${booking_id}</var>
<arg>${response.json()}</arg>
<arg>bookingid</arg>
<doc>Returns a value from the given ``dictionary`` based on the given ``key``.</doc>
<status status="PASS" start="2025-09-04T15:05:18.105624" elapsed="0.000868"/>
</kw>
<kw name="Log To Console" owner="BuiltIn">
<arg>Created booking ID: ${booking_id}</arg>
<doc>Logs the given message to the console.</doc>
<status status="PASS" start="2025-09-04T15:05:18.106657" elapsed="0.000541"/>
</kw>
<return>
<value>${booking_id}</value>
<value>${payload}</value>
<status status="PASS" start="2025-09-04T15:05:18.107303" elapsed="0.000057"/>
</return>
<msg time="2025-09-04T15:05:18.107626" level="INFO">${booking_id} = 2248</msg>
<msg time="2025-09-04T15:05:18.107697" level="INFO">${payload} = {'firstname': 'John', 'lastname': 'Doe', 'totalprice': 150, 'depositpaid': True, 'bookingdates': {'checkin': '2025-01-15', 'checkout': '2025-01-20'}, 'additionalneeds': 'Breakfast'}</msg>
<var>${booking_id}</var>
<var>${payload}</var>
<arg>${booking_data}</arg>
<status status="PASS" start="2025-09-04T15:05:17.833090" elapsed="0.274643"/>
</kw>
<kw name="Get Updated Booking Data" owner="keywords">
<kw name="Load JSON Test Data" owner="keywords">
<kw name="Get File" owner="OperatingSystem">
<msg time="2025-09-04T15:05:18.109139" level="INFO" html="true">Getting file '&lt;a href="file://C:\Users\ercli\IdeaProjects\COMPASS-UOL-PBAIJUN25\Documentos\Sprint 6\Semana 11\atividade - dias 1 e 2\resources\test_data.json"&gt;C:\Users\ercli\IdeaProjects\COMPASS-UOL-PBAIJUN25\Documentos\Sprint 6\Semana 11\atividade - dias 1 e 2\resources\test_data.json&lt;/a&gt;'.</msg>
<msg time="2025-09-04T15:05:18.109535" level="INFO">${json_content} = {
  "valid_booking": {
    "firstname": "John",
    "lastname": "Doe",
    "totalprice": 150,
    "depositpaid": true,
    "bookingdates": {
      "checkin": "2025-01-15",
      "checkout": "2025-01-2...</msg>
<var>${json_content}</var>
<arg>${file_path}</arg>
<doc>Returns the contents of a specified file.</doc>
<status status="PASS" start="2025-09-04T15:05:18.109000" elapsed="0.000568"/>
</kw>
<kw name="Evaluate" owner="BuiltIn">
<msg time="2025-09-04T15:05:18.109999" level="INFO">${test_data} = {'valid_booking': {'firstname': 'John', 'lastname': 'Doe', 'totalprice': 150, 'depositpaid': True, 'bookingdates': {'checkin': '2025-01-15', 'checkout': '2025-01-20'}, 'additionalneeds': 'Breakfast'},...</msg>
<var>${test_data}</var>
<arg>json.loads('''${json_content}''')</arg>
<arg>json</arg>
<doc>Evaluates the given expression in Python and returns the result.</doc>
<status status="PASS" start="2025-09-04T15:05:18.109689" elapsed="0.000340"/>
</kw>
<kw name="Get From Dictionary" owner="Collections">
<msg time="2025-09-04T15:05:18.110311" level="INFO">${data} = {'firstname': 'Jane', 'lastname': 'Smith', 'totalprice': 200, 'depositpaid': False, 'bookingdates': {'checkin': '2025-02-10', 'checkout': '2025-02-15'}, 'additionalneeds': 'WiFi'}</msg>
<var>${data}</var>
<arg>${test_data}</arg>
<arg>${data_key}</arg>
<doc>Returns a value from the given ``dictionary`` based on the given ``key``.</doc>
<status status="PASS" start="2025-09-04T15:05:18.110136" elapsed="0.000201"/>
</kw>
<return>
<value>${data}</value>
<status status="PASS" start="2025-09-04T15:05:18.110385" elapsed="0.000037"/>
</return>
<msg time="2025-09-04T15:05:18.110536" level="INFO">${data} = {'firstname': 'Jane', 'lastname': 'Smith', 'totalprice': 200, 'depositpaid': False, 'bookingdates': {'checkin': '2025-02-10', 'checkout': '2025-02-15'}, 'additionalneeds': 'WiFi'}</msg>
<var>${data}</var>
<arg>${TEST_DATA_FILE}</arg>
<arg>updated_booking</arg>
<status status="PASS" start="2025-09-04T15:05:18.108682" elapsed="0.001878"/>
</kw>
<return>
<value>${data}</value>
<status status="PASS" start="2025-09-04T15:05:18.110604" elapsed="0.000022"/>
</return>
<msg time="2025-09-04T15:05:18.110735" level="INFO">${updated_data} = {'firstname': 'Jane', 'lastname': 'Smith', 'totalprice': 200, 'depositpaid': False, 'bookingdates': {'checkin': '2025-02-10', 'checkout': '2025-02-15'}, 'additionalneeds': 'WiFi'}</msg>
<var>${updated_data}</var>
<status status="PASS" start="2025-09-04T15:05:18.108286" elapsed="0.002473"/>
</kw>
<kw name="Update Booking" owner="keywords">
<kw name="Build Auth Headers" owner="keywords">
<kw name="Create Dictionary" owner="BuiltIn">
<msg time="2025-09-04T15:05:18.112541" level="INFO">${headers} = {'Content-Type': 'application/json', 'Accept': 'application/json', 'Cookie': 'token=eefcb09531e433a'}</msg>
<var>${headers}</var>
<arg>Content-Type=application/json</arg>
<arg>Accept=application/json</arg>
<arg>Cookie=token=${AUTH_TOKEN}</arg>
<doc>Creates and returns a dictionary based on the given ``items``.</doc>
<status status="PASS" start="2025-09-04T15:05:18.111828" elapsed="0.000735"/>
</kw>
<return>
<value>${headers}</value>
<status status="PASS" start="2025-09-04T15:05:18.112603" elapsed="0.000022"/>
</return>
<msg time="2025-09-04T15:05:18.112706" level="INFO">${headers} = {'Content-Type': 'application/json', 'Accept': 'application/json', 'Cookie': 'token=eefcb09531e433a'}</msg>
<var>${headers}</var>
<status status="PASS" start="2025-09-04T15:05:18.111614" elapsed="0.001109"/>
</kw>
<kw name="PUT On Session" owner="RequestsLibrary">
<msg time="2025-09-04T15:05:18.333217" level="INFO">PUT Request : url=https://restful-booker.herokuapp.com/booking/2248 
 path_url=/booking/2248 
 headers={'User-Agent': 'python-requests/2.32.5', 'Accept-Encoding': 'gzip, deflate', 'Accept': 'application/json', 'Connection': 'keep-alive', 'Content-Type': 'application/json', 'Cookie': 'token=eefcb09531e433a', 'Content-Length': '179'} 
 body=b'{"firstname": "Jane", "lastname": "Smith", "totalprice": 200, "depositpaid": false, "bookingdates": {"checkin": "2025-02-10", "checkout": "2025-02-15"}, "additionalneeds": "WiFi"}' 
 </msg>
<msg time="2025-09-04T15:05:18.333405" level="INFO">PUT Response : url=https://restful-booker.herokuapp.com/booking/2248 
 status=200, reason=OK 
 headers={'Content-Length': '165', 'Content-Type': 'application/json; charset=utf-8', 'Date': 'Thu, 04 Sep 2025 18:05:18 GMT', 'Etag': 'W/"a5-OP6ZVdfqcvY94PyenLb4oiTfcX0"', 'Nel': '{"report_to":"heroku-nel","response_headers":["Via"],"max_age":3600,"success_fraction":0.01,"failure_fraction":0.1}', 'Report-To': '{"group":"heroku-nel","endpoints":[{"url":"https://nel.heroku.com/reports?s=s6LldsOrvpIfFePUYQmnk49%2BDgX1JbGTP3lrAFAlv2k%3D\\u0026sid=c46efe9b-d3d2-4a0c-8c76-bfafa16c5add\\u0026ts=1757009118"}],"max_age":3600}', 'Reporting-Endpoints': 'heroku-nel="https://nel.heroku.com/reports?s=s6LldsOrvpIfFePUYQmnk49%2BDgX1JbGTP3lrAFAlv2k%3D&amp;sid=c46efe9b-d3d2-4a0c-8c76-bfafa16c5add&amp;ts=1757009118"', 'Server': 'Heroku', 'Via': '1.1 heroku-router', 'X-Powered-By': 'Express'} 
 body={"firstname":"Jane","lastname":"Smith","totalprice":200,"depositpaid":false,"bookingdates":{"checkin":"2025-02-10","checkout":"2025-02-15"},"additionalneeds":"WiFi"} 
 </msg>
<msg time="2025-09-04T15:05:18.333816" level="INFO">${response} = &lt;Response [200]&gt;</msg>
<var>${response}</var>
<arg>booker</arg>
<arg>${BOOKING_PATH}/${booking_id}</arg>
<arg>json=${new_payload}</arg>
<arg>headers=${headers}</arg>
<arg>expected_status=any</arg>
<doc>Sends a PUT request on a previously created HTTP Session.</doc>
<status status="PASS" start="2025-09-04T15:05:18.112802" elapsed="0.221077"/>
</kw>
<kw name="Log To Console" owner="BuiltIn">
<arg>Update booking: PUT ${BOOKING_PATH}/${booking_id} - Status: ${response.status_code} - ID: ${booking_id}</arg>
<doc>Logs the given message to the console.</doc>
<status status="PASS" start="2025-09-04T15:05:18.334223" elapsed="0.001727"/>
</kw>
<return>
<value>${response}</value>
<status status="PASS" start="2025-09-04T15:05:18.336119" elapsed="0.000084"/>
</return>
<msg time="2025-09-04T15:05:18.336521" level="INFO">${resp} = &lt;Response [200]&gt;</msg>
<var>${resp}</var>
<arg>${booking_id}</arg>
<arg>${updated_data}</arg>
<status status="PASS" start="2025-09-04T15:05:18.111250" elapsed="0.225336"/>
</kw>
<kw name="Assert Status And Json Field" owner="keywords">
<kw name="Should Be Equal As Integers" owner="BuiltIn">
<msg time="2025-09-04T15:05:18.340106" level="INFO">Argument types are:
&lt;class 'int'&gt;
&lt;class 'str'&gt;</msg>
<arg>${resp.status_code}</arg>
<arg>${expected_status}</arg>
<doc>Fails if objects are unequal after converting them to integers.</doc>
<status status="PASS" start="2025-09-04T15:05:18.339071" elapsed="0.001167"/>
</kw>
<if>
<branch type="IF" condition="'${json_path}' != '${None}'">
<kw name="Get From Dictionary" owner="Collections">
<msg time="2025-09-04T15:05:18.342039" level="INFO">${actual_value} = Jane</msg>
<var>${actual_value}</var>
<arg>${resp.json()}</arg>
<arg>${json_path}</arg>
<doc>Returns a value from the given ``dictionary`` based on the given ``key``.</doc>
<status status="PASS" start="2025-09-04T15:05:18.340898" elapsed="0.001197"/>
</kw>
<if>
<branch type="IF" condition="'${expected_value}' != '${None}'">
<kw name="Should Be Equal" owner="BuiltIn">
<arg>${actual_value}</arg>
<arg>${expected_value}</arg>
<doc>Fails if the given objects are unequal.</doc>
<status status="PASS" start="2025-09-04T15:05:18.342647" elapsed="0.000359"/>
</kw>
<status status="PASS" start="2025-09-04T15:05:18.342253" elapsed="0.000838"/>
</branch>
<status status="PASS" start="2025-09-04T15:05:18.342215" elapsed="0.000930"/>
</if>
<status status="PASS" start="2025-09-04T15:05:18.340426" elapsed="0.002769"/>
</branch>
<status status="PASS" start="2025-09-04T15:05:18.340375" elapsed="0.002862"/>
</if>
<arg>${resp}</arg>
<arg>200</arg>
<arg>firstname</arg>
<arg>${updated_data['firstname']}</arg>
<status status="PASS" start="2025-09-04T15:05:18.337477" elapsed="0.005846"/>
</kw>
<tag>auth</tag>
<tag>PUT</tag>
<tag>update</tag>
<status status="PASS" start="2025-09-04T15:05:17.567936" elapsed="0.776033"/>
</test>
<test id="s1-s1-t4" name="Partial Update Booking" line="60">
<kw name="Get Auth Token" owner="keywords">
<kw name="Create Dictionary" owner="BuiltIn">
<msg time="2025-09-04T15:05:18.346940" level="INFO">${auth_payload} = {'username': 'admin', 'password': 'password123'}</msg>
<var>${auth_payload}</var>
<arg>username=${USERNAME}</arg>
<arg>password=${PASSWORD}</arg>
<doc>Creates and returns a dictionary based on the given ``items``.</doc>
<status status="PASS" start="2025-09-04T15:05:18.346517" elapsed="0.000466"/>
</kw>
<kw name="POST On Session" owner="RequestsLibrary">
<msg time="2025-09-04T15:05:18.624034" level="INFO">POST Request : url=https://restful-booker.herokuapp.com/auth 
 path_url=/auth 
 headers={'User-Agent': 'python-requests/2.32.5', 'Accept-Encoding': 'gzip, deflate', 'Accept': 'application/json', 'Connection': 'keep-alive', 'Content-Type': 'application/json', 'Content-Length': '48'} 
 body=b'{"username": "admin", "password": "password123"}' 
 </msg>
<msg time="2025-09-04T15:05:18.624232" level="INFO">POST Response : url=https://restful-booker.herokuapp.com/auth 
 status=200, reason=OK 
 headers={'Content-Length': '27', 'Content-Type': 'application/json; charset=utf-8', 'Date': 'Thu, 04 Sep 2025 18:05:18 GMT', 'Etag': 'W/"1b-uxTjxFYsH/Aw07a+wkKf8YtK24A"', 'Nel': '{"report_to":"heroku-nel","response_headers":["Via"],"max_age":3600,"success_fraction":0.01,"failure_fraction":0.1}', 'Report-To': '{"group":"heroku-nel","endpoints":[{"url":"https://nel.heroku.com/reports?s=s6LldsOrvpIfFePUYQmnk49%2BDgX1JbGTP3lrAFAlv2k%3D\\u0026sid=c46efe9b-d3d2-4a0c-8c76-bfafa16c5add\\u0026ts=1757009118"}],"max_age":3600}', 'Reporting-Endpoints': 'heroku-nel="https://nel.heroku.com/reports?s=s6LldsOrvpIfFePUYQmnk49%2BDgX1JbGTP3lrAFAlv2k%3D&amp;sid=c46efe9b-d3d2-4a0c-8c76-bfafa16c5add&amp;ts=1757009118"', 'Server': 'Heroku', 'Via': '1.1 heroku-router', 'X-Powered-By': 'Express'} 
 body={"token":"ec3d390b08641dc"} 
 </msg>
<msg time="2025-09-04T15:05:18.624467" level="INFO">${response} = &lt;Response [200]&gt;</msg>
<var>${response}</var>
<arg>booker</arg>
<arg>${AUTH_PATH}</arg>
<arg>json=${auth_payload}</arg>
<doc>Sends a POST request on a previously created HTTP Session.</doc>
<status status="PASS" start="2025-09-04T15:05:18.347149" elapsed="0.277373"/>
</kw>
<kw name="Log To Console" owner="BuiltIn">
<arg>Auth request: POST ${AUTH_PATH} - Status: ${response.status_code}</arg>
<doc>Logs the given message to the console.</doc>
<status status="PASS" start="2025-09-04T15:05:18.624804" elapsed="0.001569"/>
</kw>
<kw name="Should Be Equal As Integers" owner="BuiltIn">
<msg time="2025-09-04T15:05:18.627683" level="INFO">Argument types are:
&lt;class 'int'&gt;
&lt;class 'str'&gt;</msg>
<arg>${response.status_code}</arg>
<arg>200</arg>
<doc>Fails if objects are unequal after converting them to integers.</doc>
<status status="PASS" start="2025-09-04T15:05:18.626647" elapsed="0.001163"/>
</kw>
<kw name="Get From Dictionary" owner="Collections">
<msg time="2025-09-04T15:05:18.629159" level="INFO">${token} = ec3d390b08641dc</msg>
<var>${token}</var>
<arg>${response.json()}</arg>
<arg>token</arg>
<doc>Returns a value from the given ``dictionary`` based on the given ``key``.</doc>
[...]
<var>${data}</var>
<arg>${test_data}</arg>
<arg>${data_key}</arg>
<doc>Returns a value from the given ``dictionary`` based on the given ``key``.</doc>
<status status="PASS" start="2025-09-04T15:05:44.938268" elapsed="0.000522"/>
</kw>
<return>
<value>${data}</value>
<status status="PASS" start="2025-09-04T15:05:44.938904" elapsed="0.000069"/>
</return>
<msg time="2025-09-04T15:05:44.939218" level="INFO">${data} = {'firstname': 'John', 'lastname': 'Doe', 'totalprice': 150, 'depositpaid': True, 'bookingdates': {'checkin': '2025-01-15', 'checkout': '2025-01-20'}, 'additionalneeds': 'Breakfast'}</msg>
<var>${data}</var>
<arg>${TEST_DATA_FILE}</arg>
<arg>valid_booking</arg>
<status status="PASS" start="2025-09-04T15:05:44.935506" elapsed="0.003764"/>
</kw>
<return>
<value>${data}</value>
<status status="PASS" start="2025-09-04T15:05:44.939357" elapsed="0.000046"/>
</return>
<msg time="2025-09-04T15:05:44.939622" level="INFO">${booking_data} = {'firstname': 'John', 'lastname': 'Doe', 'totalprice': 150, 'depositpaid': True, 'bookingdates': {'checkin': '2025-01-15', 'checkout': '2025-01-20'}, 'additionalneeds': 'Breakfast'}</msg>
<var>${booking_data}</var>
<status status="PASS" start="2025-09-04T15:05:44.934944" elapsed="0.004728"/>
</kw>
<kw name="Create Booking" owner="keywords">
<kw name="POST On Session" owner="RequestsLibrary">
<msg time="2025-09-04T15:05:45.127384" level="INFO">POST Request : url=https://restful-booker.herokuapp.com/booking 
 path_url=/booking 
 headers={'User-Agent': 'python-requests/2.32.5', 'Accept-Encoding': 'gzip, deflate', 'Accept': 'application/json', 'Connection': 'keep-alive', 'Content-Type': 'application/json', 'Content-Length': '181'} 
 body=b'{"firstname": "John", "lastname": "Doe", "totalprice": 150, "depositpaid": true, "bookingdates": {"checkin": "2025-01-15", "checkout": "2025-01-20"}, "additionalneeds": "Breakfast"}' 
 </msg>
<msg time="2025-09-04T15:05:45.127650" level="INFO">POST Response : url=https://restful-booker.herokuapp.com/booking 
 status=200, reason=OK 
 headers={'Content-Length': '196', 'Content-Type': 'application/json; charset=utf-8', 'Date': 'Thu, 04 Sep 2025 18:05:44 GMT', 'Etag': 'W/"c4-1PpTyj8zu/cijv0XcuIjYTyAItg"', 'Nel': '{"report_to":"heroku-nel","response_headers":["Via"],"max_age":3600,"success_fraction":0.01,"failure_fraction":0.1}', 'Report-To': '{"group":"heroku-nel","endpoints":[{"url":"https://nel.heroku.com/reports?s=OK1x8V6V%2FST%2B1g2LLE2cg9aqgJRi%2FyZJxkQMFJjZ2HQ%3D\\u0026sid=c46efe9b-d3d2-4a0c-8c76-bfafa16c5add\\u0026ts=1757009144"}],"max_age":3600}', 'Reporting-Endpoints': 'heroku-nel="https://nel.heroku.com/reports?s=OK1x8V6V%2FST%2B1g2LLE2cg9aqgJRi%2FyZJxkQMFJjZ2HQ%3D&amp;sid=c46efe9b-d3d2-4a0c-8c76-bfafa16c5add&amp;ts=1757009144"', 'Server': 'Heroku', 'Via': '1.1 heroku-router', 'X-Powered-By': 'Express'} 
 body={"bookingid":2513,"booking":{"firstname":"John","lastname":"Doe","totalprice":150,"depositpaid":true,"bookingdates":{"checkin":"2025-01-15","checkout":"2025-01-20"},"additionalneeds":"Breakfast"}} 
 </msg>
<msg time="2025-09-04T15:05:45.128033" level="INFO">${response} = &lt;Response [200]&gt;</msg>
<var>${response}</var>
<arg>booker</arg>
<arg>${BOOKING_PATH}</arg>
<arg>json=${payload}</arg>
<doc>Sends a POST request on a previously created HTTP Session.</doc>
<status status="PASS" start="2025-09-04T15:05:44.941049" elapsed="0.187087"/>
</kw>
<kw name="Log To Console" owner="BuiltIn">
<arg>Create booking: POST ${BOOKING_PATH} - Status: ${response.status_code}</arg>
<doc>Logs the given message to the console.</doc>
<status status="PASS" start="2025-09-04T15:05:45.128507" elapsed="0.001574"/>
</kw>
<kw name="Get From Dictionary" owner="Collections">
<msg time="2025-09-04T15:05:45.131623" level="INFO">${booking_id} = 2513</msg>
<var>${booking_id}</var>
<arg>${response.json()}</arg>
<arg>bookingid</arg>
<doc>Returns a value from the given ``dictionary`` based on the given ``key``.</doc>
<status status="PASS" start="2025-09-04T15:05:45.130373" elapsed="0.001373"/>
</kw>
<kw name="Log To Console" owner="BuiltIn">
<arg>Created booking ID: ${booking_id}</arg>
<doc>Logs the given message to the console.</doc>
<status status="PASS" start="2025-09-04T15:05:45.132067" elapsed="0.000708"/>
</kw>
<return>
<value>${booking_id}</value>
<value>${payload}</value>
<status status="PASS" start="2025-09-04T15:05:45.132933" elapsed="0.000084"/>
</return>
<msg time="2025-09-04T15:05:45.133446" level="INFO">${booking_id} = 2513</msg>
<msg time="2025-09-04T15:05:45.133550" level="INFO">${payload} = {'firstname': 'John', 'lastname': 'Doe', 'totalprice': 150, 'depositpaid': True, 'bookingdates': {'checkin': '2025-01-15', 'checkout': '2025-01-20'}, 'additionalneeds': 'Breakfast'}</msg>
<var>${booking_id}</var>
<var>${payload}</var>
<arg>${booking_data}</arg>
<status status="PASS" start="2025-09-04T15:05:44.940463" elapsed="0.193137"/>
</kw>
<kw name="Should Be True" owner="BuiltIn">
<arg>${booking_id} &gt; 0</arg>
<doc>Fails if the given condition is not true.</doc>
<status status="PASS" start="2025-09-04T15:05:45.134348" elapsed="0.000464"/>
</kw>
<tag>booking</tag>
<tag>create</tag>
<tag>POST</tag>
<status status="PASS" start="2025-09-04T15:05:44.933803" elapsed="0.201577"/>
</test>
<test id="s1-s10-t4" name="Get Booking Should Return Valid Data" line="28">
<kw name="Get Valid Booking Data" owner="keywords">
<kw name="Load JSON Test Data" owner="keywords">
<kw name="Get File" owner="OperatingSystem">
<msg time="2025-09-04T15:05:45.138970" level="INFO" html="true">Getting file '&lt;a href="file://C:\Users\ercli\IdeaProjects\COMPASS-UOL-PBAIJUN25\Documentos\Sprint 6\Semana 11\atividade - dias 1 e 2\resources\test_data.json"&gt;C:\Users\ercli\IdeaProjects\COMPASS-UOL-PBAIJUN25\Documentos\Sprint 6\Semana 11\atividade - dias 1 e 2\resources\test_data.json&lt;/a&gt;'.</msg>
<msg time="2025-09-04T15:05:45.139514" level="INFO">${json_content} = {
  "valid_booking": {
    "firstname": "John",
    "lastname": "Doe",
    "totalprice": 150,
    "depositpaid": true,
    "bookingdates": {
      "checkin": "2025-01-15",
      "checkout": "2025-01-2...</msg>
<var>${json_content}</var>
<arg>${file_path}</arg>
<doc>Returns the contents of a specified file.</doc>
<status status="PASS" start="2025-09-04T15:05:45.138791" elapsed="0.000772"/>
</kw>
<kw name="Evaluate" owner="BuiltIn">
<msg time="2025-09-04T15:05:45.140174" level="INFO">${test_data} = {'valid_booking': {'firstname': 'John', 'lastname': 'Doe', 'totalprice': 150, 'depositpaid': True, 'bookingdates': {'checkin': '2025-01-15', 'checkout': '2025-01-20'}, 'additionalneeds': 'Breakfast'},...</msg>
<var>${test_data}</var>
<arg>json.loads('''${json_content}''')</arg>
<arg>json</arg>
<doc>Evaluates the given expression in Python and returns the result.</doc>
<status status="PASS" start="2025-09-04T15:05:45.139734" elapsed="0.000483"/>
</kw>
<kw name="Get From Dictionary" owner="Collections">
<msg time="2025-09-04T15:05:45.140611" level="INFO">${data} = {'firstname': 'John', 'lastname': 'Doe', 'totalprice': 150, 'depositpaid': True, 'bookingdates': {'checkin': '2025-01-15', 'checkout': '2025-01-20'}, 'additionalneeds': 'Breakfast'}</msg>
<var>${data}</var>
<arg>${test_data}</arg>
<arg>${data_key}</arg>
<doc>Returns a value from the given ``dictionary`` based on the given ``key``.</doc>
<status status="PASS" start="2025-09-04T15:05:45.140366" elapsed="0.000282"/>
</kw>
<return>
<value>${data}</value>
<status status="PASS" start="2025-09-04T15:05:45.140718" elapsed="0.000047"/>
</return>
<msg time="2025-09-04T15:05:45.140924" level="INFO">${data} = {'firstname': 'John', 'lastname': 'Doe', 'totalprice': 150, 'depositpaid': True, 'bookingdates': {'checkin': '2025-01-15', 'checkout': '2025-01-20'}, 'additionalneeds': 'Breakfast'}</msg>
<var>${data}</var>
<arg>${TEST_DATA_FILE}</arg>
<arg>valid_booking</arg>
<status status="PASS" start="2025-09-04T15:05:45.138424" elapsed="0.002536"/>
</kw>
<return>
<value>${data}</value>
<status status="PASS" start="2025-09-04T15:05:45.141020" elapsed="0.000031"/>
</return>
<msg time="2025-09-04T15:05:45.141226" level="INFO">${booking_data} = {'firstname': 'John', 'lastname': 'Doe', 'totalprice': 150, 'depositpaid': True, 'bookingdates': {'checkin': '2025-01-15', 'checkout': '2025-01-20'}, 'additionalneeds': 'Breakfast'}</msg>
<var>${booking_data}</var>
<status status="PASS" start="2025-09-04T15:05:45.137977" elapsed="0.003360"/>
</kw>
<kw name="Create Booking" owner="keywords">
<kw name="POST On Session" owner="RequestsLibrary">
<msg time="2025-09-04T15:05:45.327984" level="INFO">POST Request : url=https://restful-booker.herokuapp.com/booking 
 path_url=/booking 
 headers={'User-Agent': 'python-requests/2.32.5', 'Accept-Encoding': 'gzip, deflate', 'Accept': 'application/json', 'Connection': 'keep-alive', 'Content-Type': 'application/json', 'Content-Length': '181'} 
 body=b'{"firstname": "John", "lastname": "Doe", "totalprice": 150, "depositpaid": true, "bookingdates": {"checkin": "2025-01-15", "checkout": "2025-01-20"}, "additionalneeds": "Breakfast"}' 
 </msg>
<msg time="2025-09-04T15:05:45.328156" level="INFO">POST Response : url=https://restful-booker.herokuapp.com/booking 
 status=200, reason=OK 
 headers={'Content-Length': '196', 'Content-Type': 'application/json; charset=utf-8', 'Date': 'Thu, 04 Sep 2025 18:05:45 GMT', 'Etag': 'W/"c4-9IJIfVeXlbQz5tTR01Q1PHz5OgE"', 'Nel': '{"report_to":"heroku-nel","response_headers":["Via"],"max_age":3600,"success_fraction":0.01,"failure_fraction":0.1}', 'Report-To': '{"group":"heroku-nel","endpoints":[{"url":"https://nel.heroku.com/reports?s=VI8JGvlJUwNUvOdb5RwI87271IDOrBVDDDr2WwiJ6ls%3D\\u0026sid=c46efe9b-d3d2-4a0c-8c76-bfafa16c5add\\u0026ts=1757009145"}],"max_age":3600}', 'Reporting-Endpoints': 'heroku-nel="https://nel.heroku.com/reports?s=VI8JGvlJUwNUvOdb5RwI87271IDOrBVDDDr2WwiJ6ls%3D&amp;sid=c46efe9b-d3d2-4a0c-8c76-bfafa16c5add&amp;ts=1757009145"', 'Server': 'Heroku', 'Via': '1.1 heroku-router', 'X-Powered-By': 'Express'} 
 body={"bookingid":2516,"booking":{"firstname":"John","lastname":"Doe","totalprice":150,"depositpaid":true,"bookingdates":{"checkin":"2025-01-15","checkout":"2025-01-20"},"additionalneeds":"Breakfast"}} 
 </msg>
<msg time="2025-09-04T15:05:45.328409" level="INFO">${response} = &lt;Response [200]&gt;</msg>
<var>${response}</var>
<arg>booker</arg>
<arg>${BOOKING_PATH}</arg>
<arg>json=${payload}</arg>
<doc>Sends a POST request on a previously created HTTP Session.</doc>
<status status="PASS" start="2025-09-04T15:05:45.142070" elapsed="0.186399"/>
</kw>
<kw name="Log To Console" owner="BuiltIn">
<arg>Create booking: POST ${BOOKING_PATH} - Status: ${response.status_code}</arg>
<doc>Logs the given message to the console.</doc>
<status status="PASS" start="2025-09-04T15:05:45.328771" elapsed="0.001547"/>
</kw>
<kw name="Get From Dictionary" owner="Collections">
<msg time="2025-09-04T15:05:45.331694" level="INFO">${booking_id} = 2516</msg>
<var>${booking_id}</var>
<arg>${response.json()}</arg>
<arg>bookingid</arg>
<doc>Returns a value from the given ``dictionary`` based on the given ``key``.</doc>
<status status="PASS" start="2025-09-04T15:05:45.330607" elapsed="0.001164"/>
</kw>
<kw name="Log To Console" owner="BuiltIn">
<arg>Created booking ID: ${booking_id}</arg>
<doc>Logs the given message to the console.</doc>
<status status="PASS" start="2025-09-04T15:05:45.332021" elapsed="0.000816"/>
</kw>
<return>
<value>${booking_id}</value>
<value>${payload}</value>
<status status="PASS" start="2025-09-04T15:05:45.333176" elapsed="0.000117"/>
</return>
<msg time="2025-09-04T15:05:45.333751" level="INFO">${booking_id} = 2516</msg>
<msg time="2025-09-04T15:05:45.333865" level="INFO">${payload} = {'firstname': 'John', 'lastname': 'Doe', 'totalprice': 150, 'depositpaid': True, 'bookingdates': {'checkin': '2025-01-15', 'checkout': '2025-01-20'}, 'additionalneeds': 'Breakfast'}</msg>
<var>${booking_id}</var>
<var>${payload}</var>
<arg>${booking_data}</arg>
<status status="PASS" start="2025-09-04T15:05:45.141790" elapsed="0.192143"/>
</kw>
<kw name="Get Booking By Id" owner="keywords">
<kw name="GET On Session" owner="RequestsLibrary">
<msg time="2025-09-04T15:05:45.532620" level="INFO">GET Request : url=https://restful-booker.herokuapp.com/booking/2516 
 path_url=/booking/2516 
 headers={'User-Agent': 'python-requests/2.32.5', 'Accept-Encoding': 'gzip, deflate', 'Accept': 'application/json', 'Connection': 'keep-alive', 'Content-Type': 'application/json'} 
 body=None 
 </msg>
<msg time="2025-09-04T15:05:45.532882" level="INFO">GET Response : url=https://restful-booker.herokuapp.com/booking/2516 
 status=200, reason=OK 
 headers={'Content-Length': '167', 'Content-Type': 'application/json; charset=utf-8', 'Date': 'Thu, 04 Sep 2025 18:05:45 GMT', 'Etag': 'W/"a7-9YYF8RXx95UhTZggl6T6wNETYZA"', 'Nel': '{"report_to":"heroku-nel","response_headers":["Via"],"max_age":3600,"success_fraction":0.01,"failure_fraction":0.1}', 'Report-To': '{"group":"heroku-nel","endpoints":[{"url":"https://nel.heroku.com/reports?s=VI8JGvlJUwNUvOdb5RwI87271IDOrBVDDDr2WwiJ6ls%3D\\u0026sid=c46efe9b-d3d2-4a0c-8c76-bfafa16c5add\\u0026ts=1757009145"}],"max_age":3600}', 'Reporting-Endpoints': 'heroku-nel="https://nel.heroku.com/reports?s=VI8JGvlJUwNUvOdb5RwI87271IDOrBVDDDr2WwiJ6ls%3D&amp;sid=c46efe9b-d3d2-4a0c-8c76-bfafa16c5add&amp;ts=1757009145"', 'Server': 'Heroku', 'Via': '1.1 heroku-router', 'X-Powered-By': 'Express'} 
 body={"firstname":"John","lastname":"Doe","totalprice":150,"depositpaid":true,"bookingdates":{"checkin":"2025-01-15","checkout":"2025-01-20"},"additionalneeds":"Breakfast"} 
 </msg>
<msg time="2025-09-04T15:05:45.533289" level="INFO">${response} = &lt;Response [200]&gt;</msg>
<var>${response}</var>
<arg>booker</arg>
<arg>${BOOKING_PATH}/${booking_id}</arg>
<arg>expected_status=any</arg>
<doc>Sends a GET request on a previously created HTTP Session.</doc>
<status status="PASS" start="2025-09-04T15:05:45.335629" elapsed="0.197762"/>
</kw>
<kw name="Log To Console" owner="BuiltIn">
<arg>Get booking: GET ${BOOKING_PATH}/${booking_id} - Status: ${response.status_code} - ID: ${booking_id}</arg>
<doc>Logs the given message to the console.</doc>
<status status="PASS" start="2025-09-04T15:05:45.533847" elapsed="0.003083"/>
</kw>
<return>
<value>${response}</value>
<status status="PASS" start="2025-09-04T15:05:45.537090" elapsed="0.000080"/>
</return>
<msg time="2025-09-04T15:05:45.537489" level="INFO">${resp} = &lt;Response [200]&gt;</msg>
<var>${resp}</var>
<arg>${booking_id}</arg>
<status status="PASS" start="2025-09-04T15:05:45.334759" elapsed="0.202793"/>
</kw>
<kw name="Assert Status And Json Field" owner="keywords">
<kw name="Should Be Equal As Integers" owner="BuiltIn">
<msg time="2025-09-04T15:05:45.541146" level="INFO">Argument types are:
&lt;class 'int'&gt;
&lt;class 'str'&gt;</msg>
<arg>${resp.status_code}</arg>
<arg>${expected_status}</arg>
<doc>Fails if objects are unequal after converting them to integers.</doc>
<status status="PASS" start="2025-09-04T15:05:45.540080" elapsed="0.001203"/>
</kw>
<if>
<branch type="IF" condition="'${json_path}' != '${None}'">
<kw name="Get From Dictionary" owner="Collections">
<msg time="2025-09-04T15:05:45.543080" level="INFO">${actual_value} = John</msg>
<var>${actual_value}</var>
<arg>${resp.json()}</arg>
<arg>${json_path}</arg>
<doc>Returns a value from the given ``dictionary`` based on the given ``key``.</doc>
<status status="PASS" start="2025-09-04T15:05:45.541957" elapsed="0.001165"/>
</kw>
<if>
<branch type="IF" condition="'${expected_value}' != '${None}'">
<kw name="Should Be Equal" owner="BuiltIn">
<arg>${actual_value}</arg>
<arg>${expected_value}</arg>
<doc>Fails if the given objects are unequal.</doc>
<status status="PASS" start="2025-09-04T15:05:45.543324" elapsed="0.000109"/>
</kw>
<status status="PASS" start="2025-09-04T15:05:45.543175" elapsed="0.000285"/>
</branch>
<status status="PASS" start="2025-09-04T15:05:45.543162" elapsed="0.000316"/>
</if>
<status status="PASS" start="2025-09-04T15:05:45.541481" elapsed="0.002012"/>
</branch>
<status status="PASS" start="2025-09-04T15:05:45.541433" elapsed="0.002075"/>
</if>
<arg>${resp}</arg>
<arg>200</arg>
<arg>firstname</arg>
<arg>${booking_data['firstname']}</arg>
<status status="PASS" start="2025-09-04T15:05:45.538483" elapsed="0.005062"/>
</kw>
<tag>booking</tag>
<tag>GET</tag>
<tag>read</tag>
<status status="PASS" start="2025-09-04T15:05:45.136979" elapsed="0.406976"/>
</test>
<kw name="Delete All Sessions" owner="RequestsLibrary" type="TEARDOWN">
<msg time="2025-09-04T15:05:45.545134" level="INFO">Deleting All Sessions</msg>
<doc>Removes all the session objects</doc>
<status status="PASS" start="2025-09-04T15:05:45.545065" elapsed="0.000120"/>
</kw>
<status status="PASS" start="2025-09-04T15:05:43.738843" elapsed="1.806366"/>
</suite>
<status status="PASS" start="2025-09-04T15:05:13.487976" elapsed="32.058995"/>
</suite>
<statistics>
<total>
<stat pass="62" fail="0" skip="0">All Tests</stat>
</total>
<tag>
<stat pass="21" fail="0" skip="0">auth</stat>
<stat pass="17" fail="0" skip="0">booking</stat>
<stat pass="3" fail="0" skip="0">bulk</stat>
<stat pass="1" fail="0" skip="0">calculation</stat>
<stat pass="3" fail="0" skip="0">chain</stat>
<stat pass="9" fail="0" skip="0">create</stat>
<stat pass="5" fail="0" skip="0">crud</stat>
<stat pass="1" fail="0" skip="0">data_generation</stat>
<stat pass="1" fail="0" skip="0">dates</stat>
<stat pass="4" fail="0" skip="0">DELETE</stat>
<stat pass="1" fail="0" skip="0">dynamic</stat>
<stat pass="3" fail="0" skip="0">e2e</stat>
<stat pass="1" fail="0" skip="0">empty</stat>
<stat pass="8" fail="0" skip="0">filter</stat>
<stat pass="18" fail="0" skip="0">GET</stat>
<stat pass="1" fail="0" skip="0">health</stat>
<stat pass="2" fail="0" skip="0">healthcheck</stat>
<stat pass="1" fail="0" skip="0">integration</stat>
<stat pass="1" fail="0" skip="0">json</stat>
<stat pass="3" fail="0" skip="0">list</stat>
<stat pass="7" fail="0" skip="0">negative</stat>
<stat pass="3" fail="0" skip="0">notfound</stat>
<stat pass="4" fail="0" skip="0">PATCH</stat>
<stat pass="8" fail="0" skip="0">positive</stat>
<stat pass="16" fail="0" skip="0">POST</stat>
<stat pass="5" fail="0" skip="0">PUT</stat>
<stat pass="2" fail="0" skip="0">python_utils</stat>
<stat pass="1" fail="0" skip="0">random</stat>
<stat pass="1" fail="0" skip="0">random_data</stat>
<stat pass="4" fail="0" skip="0">read</stat>
<stat pass="1" fail="0" skip="0">reporting</stat>
<stat pass="2" fail="0" skip="0">search</stat>
<stat pass="12" fail="0" skip="0">security</stat>
<stat pass="2" fail="0" skip="0">smoke</stat>
<stat pass="1" fail="0" skip="0">structure</stat>
<stat pass="1" fail="0" skip="0">timestamp</stat>
<stat pass="6" fail="0" skip="0">update</stat>
<stat pass="6" fail="0" skip="0">utility</stat>
<stat pass="6" fail="0" skip="0">validation</stat>
</tag>
<suite>
<stat name="Tests" id="s1" pass="62" fail="0" skip="0">Tests</stat>
<stat name="Crud Tests" id="s1-s1" pass="4" fail="0" skip="0">Tests.Crud Tests</stat>
<stat name="Negative Tests" id="s1-s2" pass="7" fail="0" skip="0">Tests.Negative Tests</stat>
<stat name="Python Library Tests" id="s1-s3" pass="8" fail="0" skip="0">Tests.Python Library Tests</stat>
<stat name="Restful Booker Tests" id="s1-s4" pass="18" fail="0" skip="0">Tests.Restful Booker Tests</stat>
<stat name="Search Tests" id="s1-s5" pass="6" fail="0" skip="0">Tests.Search Tests</stat>
<stat name="Service Crud Tests" id="s1-s6" pass="3" fail="0" skip="0">Tests.Service Crud Tests</stat>
<stat name="Service Negative Tests" id="s1-s7" pass="5" fail="0" skip="0">Tests.Service Negative Tests</stat>
<stat name="Service Python Tests" id="s1-s8" pass="3" fail="0" skip="0">Tests.Service Python Tests</stat>
<stat name="Service Smoke Tests" id="s1-s9" pass="4" fail="0" skip="0">Tests.Service Smoke Tests</stat>
<stat name="Smoke Tests" id="s1-s10" pass="4" fail="0" skip="0">Tests.Smoke Tests</stat>
</suite>
</statistics>
<errors>
</errors>
</robot>
