<?xml version="1.0" encoding="UTF-8"?>
<robot generator="Robot 7.3.2 (Python 3.13.2 on win32)" generated="2025-09-09T16:56:20.258122" rpa="false" schemaversion="5">
<suite id="s1" name="Produtos" source="c:\Users\ercli\IdeaProjects\COMPASS-UOL-PBAIJUN25\Documentos\Sprint 6\Semana 12\tests\suites\produtos.robot">
<kw name="Create Session" owner="RequestsLibrary" type="SETUP">
<msg time="2025-09-09T16:56:20.391531" level="INFO">Creating Session using : alias=booker, url=http://54.147.59.9:3000, headers={'Content-Type': 'application/json', 'Accept': 'application/json'},                     cookies={}, auth=None, timeout=None, proxies=None, verify=False,                     debug=0 </msg>
<arg>booker</arg>
<arg>${BASE_URL}</arg>
<arg>headers=${BASE_HEADERS}</arg>
<doc>Create Session: create a HTTP session to a server</doc>
<status status="PASS" start="2025-09-09T16:56:20.391155" elapsed="0.000662"/>
</kw>
<test id="s1-t1" name="SRV-produtos-criar-positivo" line="29">
<kw name="Get Auth Token">
<kw name="Setup Admin User">
<kw name="Create Dictionary" owner="BuiltIn">
<msg time="2025-09-09T16:56:20.393316" level="INFO">&amp;{admin_user} = { nome=QA Test | email=qatest@qa.com.br | password=qateste | administrador=true }</msg>
<var>&amp;{admin_user}</var>
<arg>nome=QA Test</arg>
<arg>email=qatest@qa.com.br</arg>
<arg>password=qateste</arg>
<arg>administrador=true</arg>
<doc>Creates and returns a dictionary based on the given ``items``.</doc>
<status status="PASS" start="2025-09-09T16:56:20.393109" elapsed="0.000253"/>
</kw>
<kw name="POST On Session" owner="RequestsLibrary">
<msg time="2025-09-09T16:56:20.756631" level="INFO">POST Request : url=http://54.147.59.9:3000/usuarios 
 path_url=/usuarios 
 headers={'User-Agent': 'python-requests/2.32.5', 'Accept-Encoding': 'gzip, deflate', 'Accept': 'application/json', 'Connection': 'keep-alive', 'Content-Type': 'application/json', 'Content-Length': '96'} 
 body=b'{"nome": "QA Test", "email": "qatest@qa.com.br", "password": "qateste", "administrador": "true"}' 
 </msg>
<msg time="2025-09-09T16:56:20.756894" level="INFO">POST Response : url=http://54.147.59.9:3000/usuarios 
 status=201, reason=Created 
 headers={'Access-Control-Allow-Origin': '*', 'x-dns-prefetch-control': 'off', 'x-frame-options': 'SAMEORIGIN', 'strict-transport-security': 'max-age=15552000; includeSubDomains', 'x-download-options': 'noopen', 'x-content-type-options': 'nosniff', 'x-xss-protection': '1; mode=block', 'Content-Type': 'application/json; charset=utf-8', 'Content-Length': '82', 'Date': 'Tue, 09 Sep 2025 19:56:20 GMT', 'Connection': 'keep-alive', 'Keep-Alive': 'timeout=5'} 
 body={
    "message": "Cadastro realizado com sucesso",
    "_id": "iKVm2yXWmtvBFcPR"
} 
 </msg>
<msg time="2025-09-09T16:56:20.757178" level="INFO">${resp} = &lt;Response [201]&gt;</msg>
<var>${resp}</var>
<arg>booker</arg>
<arg>/usuarios</arg>
<arg>json=${admin_user}</arg>
<arg>expected_status=any</arg>
<doc>Sends a POST request on a previously created HTTP Session.</doc>
<status status="PASS" start="2025-09-09T16:56:20.393462" elapsed="0.363773"/>
</kw>
<kw name="Should Be True" owner="BuiltIn">
<arg>${resp.status_code} in [201, 400]</arg>
<doc>Fails if the given condition is not true.</doc>
<status status="PASS" start="2025-09-09T16:56:20.757540" elapsed="0.001119"/>
</kw>
<kw name="Log" owner="BuiltIn">
<msg time="2025-09-09T16:56:20.759758" level="INFO">Admin user setup: 201</msg>
<arg>Admin user setup: ${resp.status_code}</arg>
<doc>Logs the given message with the given level.</doc>
<status status="PASS" start="2025-09-09T16:56:20.758896" elapsed="0.000957"/>
</kw>
<status status="PASS" start="2025-09-09T16:56:20.392922" elapsed="0.367069"/>
</kw>
<kw name="Create Dictionary" owner="BuiltIn">
<msg time="2025-09-09T16:56:20.760658" level="INFO">&amp;{login_data} = { email=qatest@qa.com.br | password=qateste }</msg>
<var>&amp;{login_data}</var>
<arg>email=qatest@qa.com.br</arg>
<arg>password=qateste</arg>
<doc>Creates and returns a dictionary based on the given ``items``.</doc>
<status status="PASS" start="2025-09-09T16:56:20.760223" elapsed="0.000493"/>
</kw>
<kw name="POST On Session" owner="RequestsLibrary">
<msg time="2025-09-09T16:56:20.965667" level="INFO">POST Request : url=http://54.147.59.9:3000/login 
 path_url=/login 
 headers={'User-Agent': 'python-requests/2.32.5', 'Accept-Encoding': 'gzip, deflate', 'Accept': 'application/json', 'Connection': 'keep-alive', 'Content-Type': 'application/json', 'Content-Length': '52'} 
 body=b'{"email": "qatest@qa.com.br", "password": "qateste"}' 
 </msg>
<msg time="2025-09-09T16:56:20.965930" level="INFO">POST Response : url=http://54.147.59.9:3000/login 
 status=200, reason=OK 
 headers={'Access-Control-Allow-Origin': '*', 'x-dns-prefetch-control': 'off', 'x-frame-options': 'SAMEORIGIN', 'strict-transport-security': 'max-age=15552000; includeSubDomains', 'x-download-options': 'noopen', 'x-content-type-options': 'nosniff', 'x-xss-protection': '1; mode=block', 'Content-Type': 'application/json; charset=utf-8', 'Content-Length': '272', 'Date': 'Tue, 09 Sep 2025 19:56:20 GMT', 'Connection': 'keep-alive', 'Keep-Alive': 'timeout=5'} 
 body={
    "message": "Login realizado com sucesso",
    "authorization": "Bearer eyJhbGciOiJIUzI1NiIsInR5cCI6IkpXVCJ9.eyJlbWFpbCI6InFhdGVzdEBxYS5jb20uYnIiLCJwYXNzd29yZCI6InFhdGVzdGUiLCJpYXQiOjE3NTc0NDc3ODAsImV4cCI6MTc1NzQ0ODM4MH0.gUMO7CO-9EI1A1zz8mfom7nA_AH6t3v9XnUmVqjEdJ8"
} 
 </msg>
<msg time="2025-09-09T16:56:20.966191" level="INFO">${resp} = &lt;Response [200]&gt;</msg>
<var>${resp}</var>
<arg>booker</arg>
<arg>/login</arg>
<arg>json=${login_data}</arg>
<doc>Sends a POST request on a previously created HTTP Session.</doc>
<status status="PASS" start="2025-09-09T16:56:20.760941" elapsed="0.205310"/>
</kw>
<kw name="Should Be Equal As Integers" owner="BuiltIn">
<msg time="2025-09-09T16:56:20.967592" level="INFO">Argument types are:
&lt;class 'int'&gt;
&lt;class 'str'&gt;</msg>
<arg>${resp.status_code}</arg>
<arg>200</arg>
<doc>Fails if objects are unequal after converting them to integers.</doc>
<status status="PASS" start="2025-09-09T16:56:20.966572" elapsed="0.001170"/>
</kw>
<kw name="Get From Dictionary" owner="Collections">
<msg time="2025-09-09T16:56:20.969111" level="INFO">${token} = Bearer eyJhbGciOiJIUzI1NiIsInR5cCI6IkpXVCJ9.eyJlbWFpbCI6InFhdGVzdEBxYS5jb20uYnIiLCJwYXNzd29yZCI6InFhdGVzdGUiLCJpYXQiOjE3NTc0NDc3ODAsImV4cCI6MTc1NzQ0ODM4MH0.gUMO7CO-9EI1A1zz8mfom7nA_AH6t3v9XnUmVqjEdJ8</msg>
<var>${token}</var>
<arg>${resp.json()}</arg>
<arg>authorization</arg>
<doc>Returns a value from the given ``dictionary`` based on the given ``key``.</doc>
<status status="PASS" start="2025-09-09T16:56:20.967988" elapsed="0.001188"/>
</kw>
<kw name="Set Suite Variable" owner="BuiltIn">
<msg time="2025-09-09T16:56:20.969846" level="INFO">${AUTH_TOKEN} = Bearer eyJhbGciOiJIUzI1NiIsInR5cCI6IkpXVCJ9.eyJlbWFpbCI6InFhdGVzdEBxYS5jb20uYnIiLCJwYXNzd29yZCI6InFhdGVzdGUiLCJpYXQiOjE3NTc0NDc3ODAsImV4cCI6MTc1NzQ0ODM4MH0.gUMO7CO-9EI1A1zz8mfom7nA_AH6t3v9XnUmVqjEdJ8</msg>
<arg>${AUTH_TOKEN}</arg>
<arg>${token}</arg>
<doc>Makes a variable available everywhere within the scope of the current suite.</doc>
<status status="PASS" start="2025-09-09T16:56:20.969431" elapsed="0.000505"/>
</kw>
<return>
<value>${token}</value>
<status status="PASS" start="2025-09-09T16:56:20.970056" elapsed="0.000106"/>
</return>
<msg time="2025-09-09T16:56:20.970476" level="INFO">${token} = Bearer eyJhbGciOiJIUzI1NiIsInR5cCI6IkpXVCJ9.eyJlbWFpbCI6InFhdGVzdEBxYS5jb20uYnIiLCJwYXNzd29yZCI6InFhdGVzdGUiLCJpYXQiOjE3NTc0NDc3ODAsImV4cCI6MTc1NzQ0ODM4MH0.gUMO7CO-9EI1A1zz8mfom7nA_AH6t3v9XnUmVqjEdJ8</msg>
<var>${token}</var>
<status status="PASS" start="2025-09-09T16:56:20.392664" elapsed="0.577867"/>
</kw>
<kw name="Generate Random String" owner="String">
<msg time="2025-09-09T16:56:20.971231" level="INFO">${uuid} = ppz8csqW</msg>
<var>${uuid}</var>
<arg>8</arg>
<arg>[LETTERS][NUMBERS]</arg>
<doc>Generates a string with a desired ``length`` from the given ``chars``.</doc>
<status status="PASS" start="2025-09-09T16:56:20.970739" elapsed="0.000547"/>
</kw>
<kw name="Create Dictionary" owner="BuiltIn">
<msg time="2025-09-09T16:56:20.972267" level="INFO">&amp;{produto_data} = { nome=Produto Teste ppz8csqW | preco=100 | descricao=Produto para teste automatizado | quantidade=50 }</msg>
<var>&amp;{produto_data}</var>
<arg>nome=Produto Teste ${uuid}</arg>
<arg>preco=100</arg>
<arg>descricao=Produto para teste automatizado</arg>
<arg>quantidade=50</arg>
<doc>Creates and returns a dictionary based on the given ``items``.</doc>
<status status="PASS" start="2025-09-09T16:56:20.971794" elapsed="0.000547"/>
</kw>
<kw name="Create Dictionary" owner="BuiltIn">
<msg time="2025-09-09T16:56:20.972903" level="INFO">&amp;{headers} = { Content-Type=application/json | Accept=application/json | Authorization=Bearer eyJhbGciOiJIUzI1NiIsInR5cCI6IkpXVCJ9.eyJlbWFpbCI6InFhdGVzdEBxYS5jb20uYnIiLCJwYXNzd29yZCI6InFhdGVzdGUiLCJpYXQiOjE3NTc0ND...</msg>
<var>&amp;{headers}</var>
<arg>Content-Type=application/json</arg>
<arg>Accept=application/json</arg>
<arg>Authorization=${token}</arg>
<doc>Creates and returns a dictionary based on the given ``items``.</doc>
<status status="PASS" start="2025-09-09T16:56:20.972547" elapsed="0.000399"/>
</kw>
<kw name="POST On Session" owner="RequestsLibrary">
<msg time="2025-09-09T16:56:21.168435" level="INFO">POST Request : url=http://54.147.59.9:3000/produtos 
 path_url=/produtos 
 headers={'User-Agent': 'python-requests/2.32.5', 'Accept-Encoding': 'gzip, deflate', 'Accept': 'application/json', 'Connection': 'keep-alive', 'Content-Type': 'application/json', 'Authorization': 'Bearer eyJhbGciOiJIUzI1NiIsInR5cCI6IkpXVCJ9.eyJlbWFpbCI6InFhdGVzdEBxYS5jb20uYnIiLCJwYXNzd29yZCI6InFhdGVzdGUiLCJpYXQiOjE3NTc0NDc3ODAsImV4cCI6MTc1NzQ0ODM4MH0.gUMO7CO-9EI1A1zz8mfom7nA_AH6t3v9XnUmVqjEdJ8', 'Content-Length': '118'} 
 body=b'{"nome": "Produto Teste ppz8csqW", "preco": "100", "descricao": "Produto para teste automatizado", "quantidade": "50"}' 
 </msg>
<msg time="2025-09-09T16:56:21.168605" level="INFO">POST Response : url=http://54.147.59.9:3000/produtos 
 status=201, reason=Created 
 headers={'Access-Control-Allow-Origin': '*', 'x-dns-prefetch-control': 'off', 'x-frame-options': 'SAMEORIGIN', 'strict-transport-security': 'max-age=15552000; includeSubDomains', 'x-download-options': 'noopen', 'x-content-type-options': 'nosniff', 'x-xss-protection': '1; mode=block', 'Content-Type': 'application/json; charset=utf-8', 'Content-Length': '82', 'Date': 'Tue, 09 Sep 2025 19:56:20 GMT', 'Connection': 'keep-alive', 'Keep-Alive': 'timeout=5'} 
 body={
    "message": "Cadastro realizado com sucesso",
    "_id": "WicmutAxg0qTzLRY"
} 
 </msg>
<msg time="2025-09-09T16:56:21.168834" level="INFO">${resp} = &lt;Response [201]&gt;</msg>
<var>${resp}</var>
<arg>booker</arg>
<arg>/produtos</arg>
<arg>json=${produto_data}</arg>
<arg>headers=${headers}</arg>
<doc>Sends a POST request on a previously created HTTP Session.</doc>
<status status="PASS" start="2025-09-09T16:56:20.973149" elapsed="0.195736"/>
</kw>
<kw name="Should Be Equal As Integers" owner="BuiltIn">
<msg time="2025-09-09T16:56:21.170227" level="INFO">Argument types are:
&lt;class 'int'&gt;
&lt;class 'str'&gt;</msg>
<arg>${resp.status_code}</arg>
<arg>201</arg>
<doc>Fails if objects are unequal after converting them to integers.</doc>
<status status="PASS" start="2025-09-09T16:56:21.169251" elapsed="0.001100"/>
</kw>
<kw name="Set Variable" owner="BuiltIn">
<msg time="2025-09-09T16:56:21.171603" level="INFO">${body} = {'message': 'Cadastro realizado com sucesso', '_id': 'WicmutAxg0qTzLRY'}</msg>
<var>${body}</var>
<arg>${resp.json()}</arg>
<doc>Returns the given values which can then be assigned to a variables.</doc>
<status status="PASS" start="2025-09-09T16:56:21.170576" elapsed="0.001082"/>
</kw>
<kw name="Dictionary Should Contain Key" owner="Collections">
<arg>${body}</arg>
<arg>_id</arg>
<doc>Fails if ``key`` is not found from ``dictionary``.</doc>
<status status="PASS" start="2025-09-09T16:56:21.171890" elapsed="0.000299"/>
</kw>
<kw name="Set Suite Variable" owner="BuiltIn">
<msg time="2025-09-09T16:56:21.173524" level="INFO">${PRODUTO_ID} = WicmutAxg0qTzLRY</msg>
<arg>${PRODUTO_ID}</arg>
<arg>${body['_id']}</arg>
<doc>Makes a variable available everywhere within the scope of the current suite.</doc>
<status status="PASS" start="2025-09-09T16:56:21.172426" elapsed="0.001195"/>
</kw>
<doc>Criar produto com nome único deve retornar 201</doc>
<tag>produtos</tag>
<tag>smoke</tag>
<status status="PASS" start="2025-09-09T16:56:20.392053" elapsed="0.781821"/>
</test>
<test id="s1-t2" name="SRV-produtos-listar-positivo" line="52">
<kw name="GET On Session" owner="RequestsLibrary">
<msg time="2025-09-09T16:56:21.360056" level="INFO">GET Request : url=http://54.147.59.9:3000/produtos 
 path_url=/produtos 
 headers={'User-Agent': 'python-requests/2.32.5', 'Accept-Encoding': 'gzip, deflate', 'Accept': 'application/json', 'Connection': 'keep-alive', 'Content-Type': 'application/json'} 
 body=None 
 </msg>
<msg time="2025-09-09T16:56:21.360226" level="INFO">GET Response : url=http://54.147.59.9:3000/produtos 
 status=200, reason=OK 
 headers={'Access-Control-Allow-Origin': '*', 'x-dns-prefetch-control': 'off', 'x-frame-options': 'SAMEORIGIN', 'strict-transport-security': 'max-age=15552000; includeSubDomains', 'x-download-options': 'noopen', 'x-content-type-options': 'nosniff', 'x-xss-protection': '1; mode=block', 'Content-Type': 'application/json; charset=utf-8', 'Content-Length': '656', 'Date': 'Tue, 09 Sep 2025 19:56:21 GMT', 'Connection': 'keep-alive', 'Keep-Alive': 'timeout=5'} 
 body={
    "quantidade": 3,
    "produtos": [
        {
            "nome": "Logitech MX Vertical",
            "preco": 470,
            "descricao": "Mouse",
            "quantidade": 382,
            "_id": "BeeJh5lz3k6kSIzA"
        },
        {
            "nome": "Samsung 60 polegadas",
            "preco": 5240,
            "descricao": "TV",
            "quantidade": 49977,
            "_id": "K6leHdftCeOJj8BJ"
        },
        {
            "nome": "Produto Teste ppz8csqW",
            "preco": 100,
            "descricao": "Produto para teste automatizado",
            "quantidade": 50,
            "_id": "WicmutAxg0qTzLRY"
        }
    ]
} 
 </msg>
<msg time="2025-09-09T16:56:21.360462" level="INFO">${resp} = &lt;Response [200]&gt;</msg>
<var>${resp}</var>
<arg>booker</arg>
<arg>/produtos</arg>
<doc>Sends a GET request on a previously created HTTP Session.</doc>
<status status="PASS" start="2025-09-09T16:56:21.175211" elapsed="0.185305"/>
</kw>
<kw name="Should Be Equal As Integers" owner="BuiltIn">
<msg time="2025-09-09T16:56:21.361743" level="INFO">Argument types are:
&lt;class 'int'&gt;
&lt;class 'str'&gt;</msg>
<arg>${resp.status_code}</arg>
<arg>200</arg>
<doc>Fails if objects are unequal after converting them to integers.</doc>
<status status="PASS" start="2025-09-09T16:56:21.360790" elapsed="0.001069"/>
</kw>
<kw name="Set Variable" owner="BuiltIn">
<msg time="2025-09-09T16:56:21.363149" level="INFO">${body} = {'quantidade': 3, 'produtos': [{'nome': 'Logitech MX Vertical', 'preco': 470, 'descricao': 'Mouse', 'quantidade': 382, '_id': 'BeeJh5lz3k6kSIzA'}, {'nome': 'Samsung 60 polegadas', 'preco': 5240, 'desc...</msg>
<var>${body}</var>
<arg>${resp.json()}</arg>
<doc>Returns the given values which can then be assigned to a variables.</doc>
<status status="PASS" start="2025-09-09T16:56:21.362088" elapsed="0.001123"/>
</kw>
<kw name="Dictionary Should Contain Key" owner="Collections">
<arg>${body}</arg>
<arg>produtos</arg>
<doc>Fails if ``key`` is not found from ``dictionary``.</doc>
<status status="PASS" start="2025-09-09T16:56:21.363474" elapsed="0.000310"/>
</kw>
<kw name="Should Be True" owner="BuiltIn">
<arg>len($body['produtos']) &gt;= 1</arg>
<doc>Fails if the given condition is not true.</doc>
<status status="PASS" start="2025-09-09T16:56:21.363987" elapsed="0.000551"/>
</kw>
<doc>Listar produtos deve retornar 200 e lista</doc>
<tag>produtos</tag>
<tag>smoke</tag>
<status status="PASS" start="2025-09-09T16:56:21.174411" elapsed="0.190375"/>
</test>
<test id="s1-t3" name="SRV-produtos-obter-por-id-positivo" line="61">
<kw name="Skip If" owner="BuiltIn">
<arg>'${PRODUTO_ID}' == '${EMPTY}'</arg>
<arg>Produto não foi criado</arg>
<doc>Skips the rest of the current test if the ``condition`` is True.</doc>
<status status="PASS" start="2025-09-09T16:56:21.366284" elapsed="0.001411"/>
</kw>
<kw name="GET On Session" owner="RequestsLibrary">
<msg time="2025-09-09T16:56:21.553291" level="INFO">GET Request : url=http://54.147.59.9:3000/produtos/WicmutAxg0qTzLRY 
 path_url=/produtos/WicmutAxg0qTzLRY 
 headers={'User-Agent': 'python-requests/2.32.5', 'Accept-Encoding': 'gzip, deflate', 'Accept': 'application/json', 'Connection': 'keep-alive', 'Content-Type': 'application/json'} 
 body=None 
 </msg>
<msg time="2025-09-09T16:56:21.553460" level="INFO">GET Response : url=http://54.147.59.9:3000/produtos/WicmutAxg0qTzLRY 
 status=200, reason=OK 
 headers={'Access-Control-Allow-Origin': '*', 'x-dns-prefetch-control': 'off', 'x-frame-options': 'SAMEORIGIN', 'strict-transport-security': 'max-age=15552000; includeSubDomains', 'x-download-options': 'noopen', 'x-content-type-options': 'nosniff', 'x-xss-protection': '1; mode=block', 'Content-Type': 'application/json; charset=utf-8', 'Content-Length': '163', 'Date': 'Tue, 09 Sep 2025 19:56:21 GMT', 'Connection': 'keep-alive', 'Keep-Alive': 'timeout=5'} 
 body={
    "nome": "Produto Teste ppz8csqW",
    "preco": 100,
    "descricao": "Produto para teste automatizado",
    "quantidade": 50,
    "_id": "WicmutAxg0qTzLRY"
} 
 </msg>
<msg time="2025-09-09T16:56:21.553693" level="INFO">${resp} = &lt;Response [200]&gt;</msg>
<var>${resp}</var>
<arg>booker</arg>
<arg>/produtos/${PRODUTO_ID}</arg>
<doc>Sends a GET request on a previously created HTTP Session.</doc>
<status status="PASS" start="2025-09-09T16:56:21.367962" elapsed="0.185783"/>
</kw>
<kw name="Should Be Equal As Integers" owner="BuiltIn">
<msg time="2025-09-09T16:56:21.554943" level="INFO">Argument types are:
&lt;class 'int'&gt;
&lt;class 'str'&gt;</msg>
<arg>${resp.status_code}</arg>
<arg>200</arg>
<doc>Fails if objects are unequal after converting them to integers.</doc>
<status status="PASS" start="2025-09-09T16:56:21.554011" elapsed="0.001047"/>
</kw>
<kw name="Set Variable" owner="BuiltIn">
<msg time="2025-09-09T16:56:21.556230" level="INFO">${body} = {'nome': 'Produto Teste ppz8csqW', 'preco': 100, 'descricao': 'Produto para teste automatizado', 'quantidade': 50, '_id': 'WicmutAxg0qTzLRY'}</msg>
<var>${body}</var>
<arg>${resp.json()}</arg>
<doc>Returns the given values which can then be assigned to a variables.</doc>
<status status="PASS" start="2025-09-09T16:56:21.555283" elapsed="0.001001"/>
</kw>
<kw name="Dictionary Should Contain Key" owner="Collections">
<arg>${body}</arg>
<arg>nome</arg>
<doc>Fails if ``key`` is not found from ``dictionary``.</doc>
<status status="PASS" start="2025-09-09T16:56:21.556492" elapsed="0.000267"/>
</kw>
<kw name="Dictionary Should Contain Key" owner="Collections">
<arg>${body}</arg>
<arg>preco</arg>
<doc>Fails if ``key`` is not found from ``dictionary``.</doc>
<status status="PASS" start="2025-09-09T16:56:21.556950" elapsed="0.000263"/>
</kw>
<doc>Obter produto por ID deve retornar 200</doc>
<tag>produtos</tag>
<tag>smoke</tag>
<status status="PASS" start="2025-09-09T16:56:21.365530" elapsed="0.191883"/>
</test>
<test id="s1-t4" name="SRV-produtos-atualizar-positivo" line="72">
<kw name="Skip If" owner="BuiltIn">
<arg>'${PRODUTO_ID}' == '${EMPTY}'</arg>
<arg>Produto não foi criado</arg>
<doc>Skips the rest of the current test if the ``condition`` is True.</doc>
<status status="PASS" start="2025-09-09T16:56:21.558502" elapsed="0.002266"/>
</kw>
<kw name="Skip If" owner="BuiltIn">
<arg>'${AUTH_TOKEN}' == '${EMPTY}'</arg>
<arg>Token não disponível</arg>
<doc>Skips the rest of the current test if the ``condition`` is True.</doc>
<status status="PASS" start="2025-09-09T16:56:21.561101" elapsed="0.001819"/>
</kw>
<kw name="Generate Random String" owner="String">
<msg time="2025-09-09T16:56:21.563790" level="INFO">${uuid} = yoyBUPrP</msg>
<var>${uuid}</var>
<arg>8</arg>
<arg>[LETTERS][NUMBERS]</arg>
<doc>Generates a string with a desired ``length`` from the given ``chars``.</doc>
<status status="PASS" start="2025-09-09T16:56:21.563257" elapsed="0.000599"/>
</kw>
<kw name="Create Dictionary" owner="BuiltIn">
<msg time="2025-09-09T16:56:21.564852" level="INFO">&amp;{produto_update} = { nome=Produto Atualizado yoyBUPrP | preco=150 | descricao=Produto atualizado por teste | quantidade=30 }</msg>
<var>&amp;{produto_update}</var>
<arg>nome=Produto Atualizado ${uuid}</arg>
<arg>preco=150</arg>
<arg>descricao=Produto atualizado por teste</arg>
<arg>quantidade=30</arg>
<doc>Creates and returns a dictionary based on the given ``items``.</doc>
<status status="PASS" start="2025-09-09T16:56:21.564158" elapsed="0.000761"/>
</kw>
<kw name="Create Dictionary" owner="BuiltIn">
<msg time="2025-09-09T16:56:21.565780" level="INFO">&amp;{headers} = { Content-Type=application/json | Accept=application/json | Authorization=Bearer eyJhbGciOiJIUzI1NiIsInR5cCI6IkpXVCJ9.eyJlbWFpbCI6InFhdGVzdEBxYS5jb20uYnIiLCJwYXNzd29yZCI6InFhdGVzdGUiLCJpYXQiOjE3NTc0ND...</msg>
<var>&amp;{headers}</var>
<arg>Content-Type=application/json</arg>
<arg>Accept=application/json</arg>
<arg>Authorization=${AUTH_TOKEN}</arg>
<doc>Creates and returns a dictionary based on the given ``items``.</doc>
<status status="PASS" start="2025-09-09T16:56:21.565222" elapsed="0.000602"/>
</kw>
<kw name="PUT On Session" owner="RequestsLibrary">
<msg time="2025-09-09T16:56:21.766094" level="INFO">PUT Request : url=http://54.147.59.9:3000/produtos/WicmutAxg0qTzLRY 
 path_url=/produtos/WicmutAxg0qTzLRY 
 headers={'User-Agent': 'python-requests/2.32.5', 'Accept-Encoding': 'gzip, deflate', 'Accept': 'application/json', 'Connection': 'keep-alive', 'Content-Type': 'application/json', 'Authorization': 'Bearer eyJhbGciOiJIUzI1NiIsInR5cCI6IkpXVCJ9.eyJlbWFpbCI6InFhdGVzdEBxYS5jb20uYnIiLCJwYXNzd29yZCI6InFhdGVzdGUiLCJpYXQiOjE3NTc0NDc3ODAsImV4cCI6MTc1NzQ0ODM4MH0.gUMO7CO-9EI1A1zz8mfom7nA_AH6t3v9XnUmVqjEdJ8', 'Content-Length': '120'} 
 body=b'{"nome": "Produto Atualizado yoyBUPrP", "preco": "150", "descricao": "Produto atualizado por teste", "quantidade": "30"}' 
 </msg>
<msg time="2025-09-09T16:56:21.766267" level="INFO">PUT Response : url=http://54.147.59.9:3000/produtos/WicmutAxg0qTzLRY 
 status=200, reason=OK 
 headers={'Access-Control-Allow-Origin': '*', 'x-dns-prefetch-control': 'off', 'x-frame-options': 'SAMEORIGIN', 'strict-transport-security': 'max-age=15552000; includeSubDomains', 'x-download-options': 'noopen', 'x-content-type-options': 'nosniff', 'x-xss-protection': '1; mode=block', 'Content-Type': 'application/json; charset=utf-8', 'Content-Length': '50', 'Date': 'Tue, 09 Sep 2025 19:56:21 GMT', 'Connection': 'keep-alive', 'Keep-Alive': 'timeout=5'} 
 body={
    "message": "Registro alterado com sucesso"
} 
 </msg>
<msg time="2025-09-09T16:56:21.766563" level="INFO">${resp} = &lt;Response [200]&gt;</msg>
<var>${resp}</var>
<arg>booker</arg>
<arg>/produtos/${PRODUTO_ID}</arg>
<arg>json=${produto_update}</arg>
<arg>headers=${headers}</arg>
<doc>Sends a PUT request on a previously created HTTP Session.</doc>
<status status="PASS" start="2025-09-09T16:56:21.565994" elapsed="0.200624"/>
</kw>
<kw name="Should Be Equal As Integers" owner="BuiltIn">
<msg time="2025-09-09T16:56:21.767865" level="INFO">Argument types are:
&lt;class 'int'&gt;
&lt;class 'str'&gt;</msg>
<arg>${resp.status_code}</arg>
<arg>200</arg>
<doc>Fails if objects are unequal after converting them to integers.</doc>
<status status="PASS" start="2025-09-09T16:56:21.766915" elapsed="0.001063"/>
</kw>
<doc>Atualizar produto deve retornar 200</doc>
<tag>produtos</tag>
<tag>smoke</tag>
<status status="PASS" start="2025-09-09T16:56:21.557827" elapsed="0.210365"/>
</test>
<test id="s1-t5" name="SRV-produtos-deletar-positivo" line="93">
<kw name="Skip If" owner="BuiltIn">
<arg>'${PRODUTO_ID}' == '${EMPTY}'</arg>
<arg>Produto não foi criado</arg>
<doc>Skips the rest of the current test if the ``condition`` is True.</doc>
<status status="PASS" start="2025-09-09T16:56:21.769408" elapsed="0.001266"/>
</kw>
<kw name="Skip If" owner="BuiltIn">
<arg>'${AUTH_TOKEN}' == '${EMPTY}'</arg>
<arg>Token não disponível</arg>
<doc>Skips the rest of the current test if the ``condition`` is True.</doc>
<status status="PASS" start="2025-09-09T16:56:21.771095" elapsed="0.001435"/>
</kw>
<kw name="Create Dictionary" owner="BuiltIn">
<msg time="2025-09-09T16:56:21.773225" level="INFO">&amp;{headers} = { Content-Type=application/json | Accept=application/json | Authorization=Bearer eyJhbGciOiJIUzI1NiIsInR5cCI6IkpXVCJ9.eyJlbWFpbCI6InFhdGVzdEBxYS5jb20uYnIiLCJwYXNzd29yZCI6InFhdGVzdGUiLCJpYXQiOjE3NTc0ND...</msg>
<var>&amp;{headers}</var>
<arg>Content-Type=application/json</arg>
<arg>Accept=application/json</arg>
<arg>Authorization=${AUTH_TOKEN}</arg>
<doc>Creates and returns a dictionary based on the given ``items``.</doc>
<status status="PASS" start="2025-09-09T16:56:21.772806" elapsed="0.000464"/>
</kw>
<kw name="DELETE On Session" owner="RequestsLibrary">
<msg time="2025-09-09T16:56:21.987675" level="INFO">DELETE Request : url=http://54.147.59.9:3000/produtos/WicmutAxg0qTzLRY 
 path_url=/produtos/WicmutAxg0qTzLRY 
 headers={'User-Agent': 'python-requests/2.32.5', 'Accept-Encoding': 'gzip, deflate', 'Accept': 'application/json', 'Connection': 'keep-alive', 'Content-Type': 'application/json', 'Authorization': 'Bearer eyJhbGciOiJIUzI1NiIsInR5cCI6IkpXVCJ9.eyJlbWFpbCI6InFhdGVzdEBxYS5jb20uYnIiLCJwYXNzd29yZCI6InFhdGVzdGUiLCJpYXQiOjE3NTc0NDc3ODAsImV4cCI6MTc1NzQ0ODM4MH0.gUMO7CO-9EI1A1zz8mfom7nA_AH6t3v9XnUmVqjEdJ8', 'Content-Length': '0'} 
 body=None 
 </msg>
<msg time="2025-09-09T16:56:21.987850" level="INFO">DELETE Response : url=http://54.147.59.9:3000/produtos/WicmutAxg0qTzLRY 
 status=200, reason=OK 
 headers={'Access-Control-Allow-Origin': '*', 'x-dns-prefetch-control': 'off', 'x-frame-options': 'SAMEORIGIN', 'strict-transport-security': 'max-age=15552000; includeSubDomains', 'x-download-options': 'noopen', 'x-content-type-options': 'nosniff', 'x-xss-protection': '1; mode=block', 'Content-Type': 'application/json; charset=utf-8', 'Content-Length': '51', 'Date': 'Tue, 09 Sep 2025 19:56:21 GMT', 'Connection': 'keep-alive', 'Keep-Alive': 'timeout=5'} 
 body={
    "message": "Registro excluído com sucesso"
} 
 </msg>
<msg time="2025-09-09T16:56:21.988091" level="INFO">${resp} = &lt;Response [200]&gt;</msg>
<var>${resp}</var>
<arg>booker</arg>
<arg>/produtos/${PRODUTO_ID}</arg>
<arg>headers=${headers}</arg>
<doc>Sends a DELETE request on a previously created HTTP Session.</doc>
<status status="PASS" start="2025-09-09T16:56:21.773426" elapsed="0.214718"/>
</kw>
<kw name="Should Be True" owner="BuiltIn">
<arg>${resp.status_code} in [200, 204]</arg>
<doc>Fails if the given condition is not true.</doc>
<status status="PASS" start="2025-09-09T16:56:21.988427" elapsed="0.001066"/>
</kw>
<doc>Deletar produto deve retornar 200</doc>
<tag>produtos</tag>
<tag>smoke</tag>
<status status="PASS" start="2025-09-09T16:56:21.768760" elapsed="0.220945"/>
</test>
<test id="s1-t6" name="SRV-produtos-criar-nome-duplicado-negativo" line="107">
<kw name="Skip If" owner="BuiltIn">
<arg>'${AUTH_TOKEN}' == '${EMPTY}'</arg>
<arg>Token não disponível</arg>
<doc>Skips the rest of the current test if the ``condition`` is True.</doc>
<status status="PASS" start="2025-09-09T16:56:21.990885" elapsed="0.001429"/>
</kw>
<kw name="Create Dictionary" owner="BuiltIn">
<msg time="2025-09-09T16:56:21.993209" level="INFO">&amp;{produto_dup} = { nome=Produto Duplicado Teste | preco=200 | descricao=Produto para teste de duplicidade | quantidade=10 }</msg>
<var>&amp;{produto_dup}</var>
<arg>nome=Produto Duplicado Teste</arg>
<arg>preco=200</arg>
<arg>descricao=Produto para teste de duplicidade</arg>
<arg>quantidade=10</arg>
<doc>Creates and returns a dictionary based on the given ``items``.</doc>
<status status="PASS" start="2025-09-09T16:56:21.992656" elapsed="0.000652"/>
</kw>
<kw name="Create Dictionary" owner="BuiltIn">
<msg time="2025-09-09T16:56:21.994254" level="INFO">&amp;{headers} = { Content-Type=application/json | Accept=application/json | Authorization=Bearer eyJhbGciOiJIUzI1NiIsInR5cCI6IkpXVCJ9.eyJlbWFpbCI6InFhdGVzdEBxYS5jb20uYnIiLCJwYXNzd29yZCI6InFhdGVzdGUiLCJpYXQiOjE3NTc0ND...</msg>
<var>&amp;{headers}</var>
<arg>Content-Type=application/json</arg>
<arg>Accept=application/json</arg>
<arg>Authorization=${AUTH_TOKEN}</arg>
<doc>Creates and returns a dictionary based on the given ``items``.</doc>
<status status="PASS" start="2025-09-09T16:56:21.993710" elapsed="0.000608"/>
</kw>
<kw name="POST On Session" owner="RequestsLibrary">
<msg time="2025-09-09T16:56:22.203615" level="INFO">POST Request : url=http://54.147.59.9:3000/produtos 
 path_url=/produtos 
 headers={'User-Agent': 'python-requests/2.32.5', 'Accept-Encoding': 'gzip, deflate', 'Accept': 'application/json', 'Connection': 'keep-alive', 'Content-Type': 'application/json', 'Authorization': 'Bearer eyJhbGciOiJIUzI1NiIsInR5cCI6IkpXVCJ9.eyJlbWFpbCI6InFhdGVzdEBxYS5jb20uYnIiLCJwYXNzd29yZCI6InFhdGVzdGUiLCJpYXQiOjE3NTc0NDc3ODAsImV4cCI6MTc1NzQ0ODM4MH0.gUMO7CO-9EI1A1zz8mfom7nA_AH6t3v9XnUmVqjEdJ8', 'Content-Length': '121'} 
 body=b'{"nome": "Produto Duplicado Teste", "preco": "200", "descricao": "Produto para teste de duplicidade", "quantidade": "10"}' 
 </msg>
<msg time="2025-09-09T16:56:22.203786" level="INFO">POST Response : url=http://54.147.59.9:3000/produtos 
 status=201, reason=Created 
 headers={'Access-Control-Allow-Origin': '*', 'x-dns-prefetch-control': 'off', 'x-frame-options': 'SAMEORIGIN', 'strict-transport-security': 'max-age=15552000; includeSubDomains', 'x-download-options': 'noopen', 'x-content-type-options': 'nosniff', 'x-xss-protection': '1; mode=block', 'Content-Type': 'application/json; charset=utf-8', 'Content-Length': '82', 'Date': 'Tue, 09 Sep 2025 19:56:21 GMT', 'Connection': 'keep-alive', 'Keep-Alive': 'timeout=5'} 
 body={
    "message": "Cadastro realizado com sucesso",
    "_id": "YFl9Jj0Q2kUhjd6I"
} 
 </msg>
<msg time="2025-09-09T16:56:22.204015" level="INFO">${resp1} = &lt;Response [201]&gt;</msg>
<var>${resp1}</var>
<arg>booker</arg>
<arg>/produtos</arg>
<arg>json=${produto_dup}</arg>
<arg>headers=${headers}</arg>
<doc>Sends a POST request on a previously created HTTP Session.</doc>
<status status="PASS" start="2025-09-09T16:56:21.994579" elapsed="0.209488"/>
</kw>
<kw name="Should Be Equal As Integers" owner="BuiltIn">
<msg time="2025-09-09T16:56:22.205279" level="INFO">Argument types are:
&lt;class 'int'&gt;
&lt;class 'str'&gt;</msg>
<arg>${resp1.status_code}</arg>
<arg>201</arg>
<doc>Fails if objects are unequal after converting them to integers.</doc>
<status status="PASS" start="2025-09-09T16:56:22.204345" elapsed="0.001049"/>
</kw>
<kw name="POST On Session" owner="RequestsLibrary">
<msg time="2025-09-09T16:56:22.399615" level="INFO">POST Request : url=http://54.147.59.9:3000/produtos 
 path_url=/produtos 
 headers={'User-Agent': 'python-requests/2.32.5', 'Accept-Encoding': 'gzip, deflate', 'Accept': 'application/json', 'Connection': 'keep-alive', 'Content-Type': 'application/json', 'Authorization': 'Bearer eyJhbGciOiJIUzI1NiIsInR5cCI6IkpXVCJ9.eyJlbWFpbCI6InFhdGVzdEBxYS5jb20uYnIiLCJwYXNzd29yZCI6InFhdGVzdGUiLCJpYXQiOjE3NTc0NDc3ODAsImV4cCI6MTc1NzQ0ODM4MH0.gUMO7CO-9EI1A1zz8mfom7nA_AH6t3v9XnUmVqjEdJ8', 'Content-Length': '121'} 
 body=b'{"nome": "Produto Duplicado Teste", "preco": "200", "descricao": "Produto para teste de duplicidade", "quantidade": "10"}' 
 </msg>
<msg time="2025-09-09T16:56:22.399697" level="INFO">POST Response : url=http://54.147.59.9:3000/produtos 
 status=400, reason=Bad Request 
 headers={'Access-Control-Allow-Origin': '*', 'x-dns-prefetch-control': 'off', 'x-frame-options': 'SAMEORIGIN', 'strict-transport-security': 'max-age=15552000; includeSubDomains', 'x-download-options': 'noopen', 'x-content-type-options': 'nosniff', 'x-xss-protection': '1; mode=block', 'Content-Type': 'application/json; charset=utf-8', 'Content-Length': '53', 'Date': 'Tue, 09 Sep 2025 19:56:22 GMT', 'Connection': 'keep-alive', 'Keep-Alive': 'timeout=5'} 
 body={
    "message": "Já existe produto com esse nome"
} 
 </msg>
<msg time="2025-09-09T16:56:22.399947" level="INFO">${resp2} = &lt;Response [400]&gt;</msg>
<var>${resp2}</var>
<arg>booker</arg>
<arg>/produtos</arg>
<arg>json=${produto_dup}</arg>
<arg>headers=${headers}</arg>
<arg>expected_status=any</arg>
<doc>Sends a POST request on a previously created HTTP Session.</doc>
<status status="PASS" start="2025-09-09T16:56:22.205611" elapsed="0.194362"/>
</kw>
<kw name="Should Be True" owner="BuiltIn">
<arg>${resp2.status_code} in [400, 409]</arg>
<doc>Fails if the given condition is not true.</doc>
<status status="PASS" start="2025-09-09T16:56:22.400109" elapsed="0.000476"/>
</kw>
<kw name="Set Variable" owner="BuiltIn">
<msg time="2025-09-09T16:56:22.401087" level="INFO">${body} = {'message': 'Já existe produto com esse nome'}</msg>
<var>${body}</var>
<arg>${resp2.json()}</arg>
<doc>Returns the given values which can then be assigned to a variables.</doc>
<status status="PASS" start="2025-09-09T16:56:22.400692" elapsed="0.000418"/>
</kw>
<kw name="Dictionary Should Contain Key" owner="Collections">
<arg>${body}</arg>
<arg>message</arg>
<doc>Fails if ``key`` is not found from ``dictionary``.</doc>
<status status="PASS" start="2025-09-09T16:56:22.401187" elapsed="0.000118"/>
</kw>
<kw name="Get From Dictionary" owner="Collections">
<msg time="2025-09-09T16:56:22.401758" level="INFO">${produto_id} = YFl9Jj0Q2kUhjd6I</msg>
<var>${produto_id}</var>
<arg>${resp1.json()}</arg>
<arg>_id</arg>
<doc>Returns a value from the given ``dictionary`` based on the given ``key``.</doc>
<status status="PASS" start="2025-09-09T16:56:22.401384" elapsed="0.000397"/>
</kw>
<kw name="DELETE On Session" owner="RequestsLibrary">
<msg time="2025-09-09T16:56:22.582591" level="INFO">DELETE Request : url=http://54.147.59.9:3000/produtos/YFl9Jj0Q2kUhjd6I 
 path_url=/produtos/YFl9Jj0Q2kUhjd6I 
 headers={'User-Agent': 'python-requests/2.32.5', 'Accept-Encoding': 'gzip, deflate', 'Accept': 'application/json', 'Connection': 'keep-alive', 'Content-Type': 'application/json', 'Authorization': 'Bearer eyJhbGciOiJIUzI1NiIsInR5cCI6IkpXVCJ9.eyJlbWFpbCI6InFhdGVzdEBxYS5jb20uYnIiLCJwYXNzd29yZCI6InFhdGVzdGUiLCJpYXQiOjE3NTc0NDc3ODAsImV4cCI6MTc1NzQ0ODM4MH0.gUMO7CO-9EI1A1zz8mfom7nA_AH6t3v9XnUmVqjEdJ8', 'Content-Length': '0'} 
 body=None 
 </msg>
<msg time="2025-09-09T16:56:22.582791" level="INFO">DELETE Response : url=http://54.147.59.9:3000/produtos/YFl9Jj0Q2kUhjd6I 
 status=200, reason=OK 
 headers={'Access-Control-Allow-Origin': '*', 'x-dns-prefetch-control': 'off', 'x-frame-options': 'SAMEORIGIN', 'strict-transport-security': 'max-age=15552000; includeSubDomains', 'x-download-options': 'noopen', 'x-content-type-options': 'nosniff', 'x-xss-protection': '1; mode=block', 'Content-Type': 'application/json; charset=utf-8', 'Content-Length': '51', 'Date': 'Tue, 09 Sep 2025 19:56:22 GMT', 'Connection': 'keep-alive', 'Keep-Alive': 'timeout=5'} 
 body={
    "message": "Registro excluído com sucesso"
} 
 </msg>
<arg>booker</arg>
<arg>/produtos/${produto_id}</arg>
<arg>headers=${headers}</arg>
<doc>Sends a DELETE request on a previously created HTTP Session.</doc>
<status status="PASS" start="2025-09-09T16:56:22.401863" elapsed="0.181070"/>
</kw>
<doc>Criar produto com nome duplicado deve retornar erro</doc>
<tag>negativo</tag>
<tag>produtos</tag>
<status status="PASS" start="2025-09-09T16:56:21.990121" elapsed="0.593081"/>
</test>
<kw name="Delete All Sessions" owner="RequestsLibrary" type="TEARDOWN">
<msg time="2025-09-09T16:56:22.584444" level="INFO">Deleting All Sessions</msg>
<doc>Removes all the session objects</doc>
<status status="PASS" start="2025-09-09T16:56:22.584251" elapsed="0.000349"/>
</kw>
<status status="PASS" start="2025-09-09T16:56:20.259911" elapsed="2.324765"/>
</suite>
<statistics>
<total>
<stat pass="6" fail="0" skip="0">All Tests</stat>
</total>
<tag>
<stat pass="1" fail="0" skip="0">negativo</stat>
<stat pass="6" fail="0" skip="0">produtos</stat>
<stat pass="5" fail="0" skip="0">smoke</stat>
</tag>
<suite>
<stat name="Produtos" id="s1" pass="6" fail="0" skip="0">Produtos</stat>
</suite>
</statistics>
<errors>
</errors>
</robot>
