<?xml version="1.0" encoding="UTF-8"?>
<robot generator="Robot 7.3.2 (Python 3.13.7 on win32)" generated="2025-09-18T16:14:30.384231" rpa="false" schemaversion="5">
<suite id="s1" name="Tests" source="C:\Users\Eric\IdeaProjects\COMPASS-UOL-PBAIJUN25\Documentos\Sprint 7\Semana 13\tarefa_dia2\mark85-robot-express\secao_3\tests">
<suite id="s1-s1" name="Online" source="C:\Users\Eric\IdeaProjects\COMPASS-UOL-PBAIJUN25\Documentos\Sprint 7\Semana 13\tarefa_dia2\mark85-robot-express\secao_3\tests\online.robot">
<test id="s1-s1-t1" name="Webapp deve estar online" line="7">
<kw name="Start Session" owner="base">
<kw name="New Browser" owner="Browser">
<msg time="2025-09-18T16:14:35.396221" level="INFO">{"browser": "chromium", "headless": false, "chromiumSandbox": false, "devtools": false, "handleSIGHUP": true, "handleSIGINT": true, "handleSIGTERM": true, "slowMo": 0.0, "timeout": 30000.0, "tracesDir": "C:\\Users\\Eric\\IdeaProjects\\COMPASS-UOL-PBAIJUN25\\Documentos\\Sprint 7\\Semana 13\\tarefa_dia2\\mark85-robot-express\\secao_3\\logs\\browser\\traces\\temp\\451eab68-9124-4522-9681-af6c06f9ee93"}</msg>
<msg time="2025-09-18T16:14:35.477699" level="INFO">Starting Browser process C:\Users\Eric\AppData\Local\Programs\Python\Python313\Lib\site-packages\Browser\wrapper\index.js using at 127.0.0.1:51515</msg>
<msg time="2025-09-18T16:14:38.000181" level="INFO">Successfully created browser with options: {"browser":"chromium","headless":false,"chromiumSandbox":false,"devtools":false,"handleSIGHUP":true,"handleSIGINT":true,"handleSIGTERM":true,"slowMo":0,"timeout":30000,"tracesDir":"C:\\Users\\Eric\\IdeaProjects\\COMPASS-UOL-PBAIJUN25\\Documentos\\Sprint 7\\Semana 13\\tarefa_dia2\\mark85-robot-express\\secao_3\\logs\\browser\\traces\\temp\\451eab68-9124-4522-9681-af6c06f9ee93"}</msg>
<arg>browser=chromium</arg>
<arg>headless=False</arg>
<tag>BrowserControl</tag>
<tag>Setter</tag>
<doc>Create a new playwright Browser with specified options.</doc>
<status status="PASS" start="2025-09-18T16:14:35.394985" elapsed="2.605484"/>
</kw>
<kw name="New Page" owner="Browser">
<msg time="2025-09-18T16:14:39.056390" level="INFO">Successfully initialized new page object and opened url: http://localhost:3000</msg>
<msg time="2025-09-18T16:14:39.056520" level="INFO">No context was open. New context was automatically opened when this page is created.</msg>
<arg>http://localhost:3000</arg>
<tag>BrowserControl</tag>
<tag>Setter</tag>
<doc>Open a new Page.</doc>
<status status="PASS" start="2025-09-18T16:14:38.000947" elapsed="1.055857"/>
</kw>
<status status="PASS" start="2025-09-18T16:14:35.393695" elapsed="3.663342"/>
</kw>
<kw name="Get Title" owner="Browser">
<msg time="2025-09-18T16:14:39.076202" level="INFO">Title: 'Mark85 by QAx'</msg>
<arg>equal</arg>
<arg>Mark85 by QAx</arg>
<tag>Assertion</tag>
<tag>Getter</tag>
<tag>PageContent</tag>
<doc>Returns the title of the current page.</doc>
<status status="PASS" start="2025-09-18T16:14:39.057562" elapsed="0.018832"/>
</kw>
<msg time="2025-09-18T16:14:39.102526" level="INFO">Switching context to context=6077311b-eb70-4a67-99db-c43a570afb91 in CURRENT</msg>
<msg time="2025-09-18T16:14:39.117799" level="INFO">Successfully changed active context: context=6077311b-eb70-4a67-99db-c43a570afb91</msg>
<msg time="2025-09-18T16:14:39.182391" level="INFO">Successfully closed Context</msg>
<status status="PASS" start="2025-09-18T16:14:35.392548" elapsed="3.684660"/>
</test>
<doc>Online</doc>
<status status="PASS" start="2025-09-18T16:14:30.447409" elapsed="8.736513"/>
</suite>
<suite id="s1-s2" name="Signup" source="C:\Users\Eric\IdeaProjects\COMPASS-UOL-PBAIJUN25\Documentos\Sprint 7\Semana 13\tarefa_dia2\mark85-robot-express\secao_3\tests\signup.robot">
<test id="s1-s2-t1" name="Deve poder cadastrar um novo usuário" line="21">
<kw name="Start Session" owner="base" type="SETUP">
<kw name="New Browser" owner="Browser">
<msg time="2025-09-18T16:14:39.206733" level="INFO">Switching browser to browser=f70599a0-3f9e-44bb-99a6-5ebfa81e6758</msg>
<msg time="2025-09-18T16:14:39.209894" level="INFO">Successfully changed active browser: browser=f70599a0-3f9e-44bb-99a6-5ebfa81e6758</msg>
<msg time="2025-09-18T16:14:39.210033" level="INFO">Reusing existing browser with id: browser=f70599a0-3f9e-44bb-99a6-5ebfa81e6758</msg>
<arg>browser=chromium</arg>
<arg>headless=False</arg>
<tag>BrowserControl</tag>
<tag>Setter</tag>
<doc>Create a new playwright Browser with specified options.</doc>
<status status="PASS" start="2025-09-18T16:14:39.205769" elapsed="0.004361"/>
</kw>
<kw name="New Page" owner="Browser">
<msg time="2025-09-18T16:14:40.123064" level="INFO">Successfully initialized new page object and opened url: http://localhost:3000</msg>
<msg time="2025-09-18T16:14:40.123245" level="INFO">No context was open. New context was automatically opened when this page is created.</msg>
<arg>http://localhost:3000</arg>
<tag>BrowserControl</tag>
<tag>Setter</tag>
<doc>Open a new Page.</doc>
<status status="PASS" start="2025-09-18T16:14:39.210383" elapsed="0.913218"/>
</kw>
<status status="PASS" start="2025-09-18T16:14:39.205134" elapsed="0.918775"/>
</kw>
<kw name="Create Dictionary" owner="BuiltIn">
<msg time="2025-09-18T16:14:40.125435" level="INFO">${user} = {'name': 'TestDic', 'email': 'testdic@email.com', 'password': 'pwd123'}</msg>
<var>${user}</var>
<arg>name=TestDic</arg>
<arg>email=testdic@email.com</arg>
<arg>password=pwd123</arg>
<doc>Creates and returns a dictionary based on the given ``items``.</doc>
<status status="PASS" start="2025-09-18T16:14:40.124564" elapsed="0.000932"/>
</kw>
<kw name="Remove user from database" owner="database">
<msg time="2025-09-18T16:14:40.644040" level="INFO">removing user by testdic@email.com</msg>
<arg>${user}[email]</arg>
<status status="PASS" start="2025-09-18T16:14:40.125900" elapsed="0.518366"/>
</kw>
<kw name="Go To" owner="Browser">
<msg time="2025-09-18T16:14:40.727823" level="INFO">Successfully opened URL http://localhost:3000/signup</msg>
<arg>http://localhost:3000/signup</arg>
<tag>BrowserControl</tag>
<tag>Setter</tag>
<doc>Navigates to the given ``url``.</doc>
<status status="PASS" start="2025-09-18T16:14:40.645123" elapsed="0.083088"/>
</kw>
<kw name="Wait For Elements State" owner="Browser">
<msg time="2025-09-18T16:14:40.786622" level="INFO">Waited for Element with selector css=h1 at state visible</msg>
<arg>css=h1</arg>
<arg>visible</arg>
<arg>5</arg>
<tag>PageContent</tag>
<tag>Wait</tag>
<doc>Waits for the element found by ``selector`` to satisfy state option.</doc>
<status status="PASS" start="2025-09-18T16:14:40.728798" elapsed="0.058103"/>
</kw>
<kw name="Get Text" owner="Browser">
<msg time="2025-09-18T16:14:40.833379" level="INFO">Text: 'Faça seu cadastro'</msg>
<arg>css=h1</arg>
<arg>equal</arg>
<arg>Faça seu cadastro</arg>
<tag>Assertion</tag>
<tag>Getter</tag>
<tag>PageContent</tag>
<doc>Returns text attribute of the element found by ``selector``.</doc>
<status status="PASS" start="2025-09-18T16:14:40.787436" elapsed="0.046145"/>
</kw>
<kw name="Fill Text" owner="Browser">
<msg time="2025-09-18T16:14:40.835223" level="INFO">Fills the text 'TestDic' in the given field.</msg>
<arg>css=#name</arg>
<arg>${user}[name]</arg>
<tag>PageContent</tag>
<tag>Setter</tag>
<doc>Clears and fills the given ``txt`` into the text field found by ``selector``.</doc>
<status status="PASS" start="2025-09-18T16:14:40.834141" elapsed="0.028680"/>
</kw>
<kw name="Fill Text" owner="Browser">
<msg time="2025-09-18T16:14:40.864424" level="INFO">Fills the text 'testdic@email.com' in the given field.</msg>
<arg>css=#email</arg>
<arg>${user}[email]</arg>
<tag>PageContent</tag>
<tag>Setter</tag>
<doc>Clears and fills the given ``txt`` into the text field found by ``selector``.</doc>
<status status="PASS" start="2025-09-18T16:14:40.863406" elapsed="0.028874"/>
</kw>
<kw name="Fill Text" owner="Browser">
<msg time="2025-09-18T16:14:40.893725" level="INFO">Fills the text 'pwd123' in the given field.</msg>
<arg>css=#password</arg>
<arg>${user}[password]</arg>
<tag>PageContent</tag>
<tag>Setter</tag>
<doc>Clears and fills the given ``txt`` into the text field found by ``selector``.</doc>
<status status="PASS" start="2025-09-18T16:14:40.892783" elapsed="0.023934"/>
</kw>
<kw name="Click" owner="Browser">
<msg time="2025-09-18T16:14:40.918620" level="INFO">Clicks the element 'id=buttonSignup'.</msg>
<arg>id=buttonSignup</arg>
<tag>PageContent</tag>
<tag>Setter</tag>
<doc>Simulates mouse click on the element found by ``selector``.</doc>
<status status="PASS" start="2025-09-18T16:14:40.917717" elapsed="0.063158"/>
</kw>
<kw name="Wait For Elements State" owner="Browser">
<msg time="2025-09-18T16:14:41.201972" level="INFO">Waited for Element with selector css=.notice p at state visible</msg>
<arg>css=.notice p</arg>
<arg>visible</arg>
<arg>5</arg>
<tag>PageContent</tag>
<tag>Wait</tag>
<doc>Waits for the element found by ``selector`` to satisfy state option.</doc>
<status status="PASS" start="2025-09-18T16:14:40.981460" elapsed="0.220878"/>
</kw>
<kw name="Get Text" owner="Browser">
<msg time="2025-09-18T16:14:41.227338" level="INFO">Text: 'Boas vindas ao Mark85, o seu gerenciador de tarefas.'</msg>
<arg>css=.notice p</arg>
<arg>equal</arg>
<arg>Boas vindas ao Mark85, o seu gerenciador de tarefas.</arg>
<tag>Assertion</tag>
<tag>Getter</tag>
<tag>PageContent</tag>
<doc>Returns text attribute of the element found by ``selector``.</doc>
<status status="PASS" start="2025-09-18T16:14:41.202900" elapsed="0.024658"/>
</kw>
<kw name="Take Screenshot" owner="Browser" type="TEARDOWN">
<msg time="2025-09-18T16:14:41.498432" level="INFO" html="true">&lt;/td&gt;&lt;/tr&gt;&lt;tr&gt;&lt;td colspan="3"&gt;&lt;a href="browser/screenshot/robotframework-browser-screenshot-1.png" target="_blank"&gt;&lt;img src="browser/screenshot/robotframework-browser-screenshot-1.png" width="800px"/&gt;&lt;/a&gt;</msg>
<tag>PageContent</tag>
<doc>Takes a screenshot of the current window or element and saves it to disk.</doc>
<status status="PASS" start="2025-09-18T16:14:41.228204" elapsed="0.270615"/>
</kw>
<msg time="2025-09-18T16:14:41.519225" level="INFO">Switching context to context=a037ad04-a7d9-4d58-8fa8-b06adb138172 in CURRENT</msg>
<msg time="2025-09-18T16:14:41.536599" level="INFO">Successfully changed active context: context=a037ad04-a7d9-4d58-8fa8-b06adb138172</msg>
<msg time="2025-09-18T16:14:41.602412" level="INFO">Successfully closed Context</msg>
<status status="PASS" start="2025-09-18T16:14:39.201827" elapsed="2.297480"/>
</test>
<test id="s1-s2-t2" name="Não deve permitir o cadastro com email duplicado" line="69">
<kw name="Start Session" owner="base" type="SETUP">
<kw name="New Browser" owner="Browser">
<msg time="2025-09-18T16:14:41.609620" level="INFO">Switching browser to browser=f70599a0-3f9e-44bb-99a6-5ebfa81e6758</msg>
<msg time="2025-09-18T16:14:41.612664" level="INFO">Successfully changed active browser: browser=f70599a0-3f9e-44bb-99a6-5ebfa81e6758</msg>
<msg time="2025-09-18T16:14:41.612817" level="INFO">Reusing existing browser with id: browser=f70599a0-3f9e-44bb-99a6-5ebfa81e6758</msg>
<arg>browser=chromium</arg>
<arg>headless=False</arg>
<tag>BrowserControl</tag>
<tag>Setter</tag>
<doc>Create a new playwright Browser with specified options.</doc>
<status status="PASS" start="2025-09-18T16:14:41.608468" elapsed="0.004454"/>
</kw>
<kw name="New Page" owner="Browser">
<msg time="2025-09-18T16:14:42.562016" level="INFO">Successfully initialized new page object and opened url: http://localhost:3000</msg>
<msg time="2025-09-18T16:14:42.562138" level="INFO">No context was open. New context was automatically opened when this page is created.</msg>
<arg>http://localhost:3000</arg>
<tag>BrowserControl</tag>
<tag>Setter</tag>
<doc>Open a new Page.</doc>
<status status="PASS" start="2025-09-18T16:14:41.613189" elapsed="0.949192"/>
</kw>
<status status="PASS" start="2025-09-18T16:14:41.607690" elapsed="0.954877"/>
</kw>
<kw name="Create Dictionary" owner="BuiltIn">
<msg time="2025-09-18T16:14:42.564412" level="INFO">${user} = {'name': 'TestQAA', 'email': 'testqaa@email.com', 'password': 'pwd123'}</msg>
<var>${user}</var>
<arg>name=TestQAA</arg>
<arg>email=testqaa@email.com</arg>
<arg>password=pwd123</arg>
<doc>Creates and returns a dictionary based on the given ``items``.</doc>
<status status="PASS" start="2025-09-18T16:14:42.563277" elapsed="0.001239"/>
</kw>
<kw name="Remove user from database" owner="database">
<msg time="2025-09-18T16:14:42.634141" level="INFO">removing user by testqaa@email.com</msg>
<arg>${user}[email]</arg>
<status status="PASS" start="2025-09-18T16:14:42.565124" elapsed="0.069150"/>
</kw>
<kw name="Insert user into database" owner="database">
<msg time="2025-09-18T16:14:42.703285" level="INFO">{'name': 'TestQAA', 'email': 'testqaa@email.com', 'password': 'pwd123', '_id': ObjectId('68cc5a22aaa58df568d55d76')}</msg>
<arg>${user}</arg>
<status status="PASS" start="2025-09-18T16:14:42.634757" elapsed="0.068662"/>
</kw>
<kw name="Go To" owner="Browser">
<msg time="2025-09-18T16:14:42.776069" level="INFO">Successfully opened URL http://localhost:3000/signup</msg>
<arg>http://localhost:3000/signup</arg>
<tag>BrowserControl</tag>
<tag>Setter</tag>
<doc>Navigates to the given ``url``.</doc>
<status status="PASS" start="2025-09-18T16:14:42.703883" elapsed="0.072615"/>
</kw>
<kw name="Wait For Elements State" owner="Browser">
<msg time="2025-09-18T16:14:42.823952" level="INFO">Waited for Element with selector css=h1 at state visible</msg>
<arg>css=h1</arg>
<arg>visible</arg>
<arg>5</arg>
<tag>PageContent</tag>
<tag>Wait</tag>
<doc>Waits for the element found by ``selector`` to satisfy state option.</doc>
<status status="PASS" start="2025-09-18T16:14:42.777216" elapsed="0.046995"/>
</kw>
<kw name="Get Text" owner="Browser">
<msg time="2025-09-18T16:14:42.859311" level="INFO">Text: 'Faça seu cadastro'</msg>
<arg>css=h1</arg>
<arg>equal</arg>
<arg>Faça seu cadastro</arg>
<tag>Assertion</tag>
<tag>Getter</tag>
<tag>PageContent</tag>
<doc>Returns text attribute of the element found by ``selector``.</doc>
<status status="PASS" start="2025-09-18T16:14:42.824760" elapsed="0.034708"/>
</kw>
<kw name="Fill Text" owner="Browser">
<msg time="2025-09-18T16:14:42.861039" level="INFO">Fills the text 'TestQAA' in the given field.</msg>
<arg>css=#name</arg>
<arg>${user}[name]</arg>
<tag>PageContent</tag>
<tag>Setter</tag>
<doc>Clears and fills the given ``txt`` into the text field found by ``selector``.</doc>
<status status="PASS" start="2025-09-18T16:14:42.859984" elapsed="0.024463"/>
</kw>
<kw name="Fill Text" owner="Browser">
<msg time="2025-09-18T16:14:42.885975" level="INFO">Fills the text 'testqaa@email.com' in the given field.</msg>
<arg>css=#email</arg>
<arg>${user}[email]</arg>
<tag>PageContent</tag>
<tag>Setter</tag>
<doc>Clears and fills the given ``txt`` into the text field found by ``selector``.</doc>
<status status="PASS" start="2025-09-18T16:14:42.884985" elapsed="0.026100"/>
</kw>
<kw name="Fill Text" owner="Browser">
<msg time="2025-09-18T16:14:42.913047" level="INFO">Fills the text 'pwd123' in the given field.</msg>
<arg>css=#password</arg>
<arg>${user}[password]</arg>
<tag>PageContent</tag>
<tag>Setter</tag>
<doc>Clears and fills the given ``txt`` into the text field found by ``selector``.</doc>
<status status="PASS" start="2025-09-18T16:14:42.911961" elapsed="0.026319"/>
</kw>
<kw name="Click" owner="Browser">
<msg time="2025-09-18T16:14:42.939790" level="INFO">Clicks the element 'id=buttonSignup'.</msg>
<arg>id=buttonSignup</arg>
<tag>PageContent</tag>
<tag>Setter</tag>
<doc>Simulates mouse click on the element found by ``selector``.</doc>
<status status="PASS" start="2025-09-18T16:14:42.938813" elapsed="0.053458"/>
</kw>
<kw name="Wait For Elements State" owner="Browser">
<msg time="2025-09-18T16:14:43.097225" level="INFO">Waited for Element with selector css=.notice p at state visible</msg>
<arg>css=.notice p</arg>
<arg>visible</arg>
<arg>5</arg>
<tag>PageContent</tag>
<tag>Wait</tag>
<doc>Waits for the element found by ``selector`` to satisfy state option.</doc>
<status status="PASS" start="2025-09-18T16:14:42.992817" elapsed="0.104670"/>
</kw>
<kw name="Get Text" owner="Browser">
<msg time="2025-09-18T16:14:43.121047" level="INFO">Text: 'Oops! Já existe uma conta com o e-mail informado.'</msg>
<arg>css=.notice p</arg>
<arg>equal</arg>
<arg>Oops! Já existe uma conta com o e-mail informado.</arg>
<tag>Assertion</tag>
<tag>Getter</tag>
<tag>PageContent</tag>
<doc>Returns text attribute of the element found by ``selector``.</doc>
<status status="PASS" start="2025-09-18T16:14:43.098246" elapsed="0.022972"/>
</kw>
<kw name="Take Screenshot" owner="Browser" type="TEARDOWN">
<msg time="2025-09-18T16:14:43.422511" level="INFO" html="true">&lt;/td&gt;&lt;/tr&gt;&lt;tr&gt;&lt;td colspan="3"&gt;&lt;a href="browser/screenshot/robotframework-browser-screenshot-2.png" target="_blank"&gt;&lt;img src="browser/screenshot/robotframework-browser-screenshot-2.png" width="800px"/&gt;&lt;/a&gt;</msg>
<tag>PageContent</tag>
<doc>Takes a screenshot of the current window or element and saves it to disk.</doc>
<status status="PASS" start="2025-09-18T16:14:43.122197" elapsed="0.300597"/>
</kw>
<msg time="2025-09-18T16:14:43.442652" level="INFO">Switching context to context=0d94962b-4ca7-4218-b4b0-511e4e80f223 in CURRENT</msg>
<msg time="2025-09-18T16:14:43.454444" level="INFO">Successfully changed active context: context=0d94962b-4ca7-4218-b4b0-511e4e80f223</msg>
<msg time="2025-09-18T16:14:43.520203" level="INFO">Successfully closed Context</msg>
<tag>dupli</tag>
<status status="PASS" start="2025-09-18T16:14:41.603717" elapsed="1.819468"/>
</test>
<doc>Cenários de testes do cadastro de usuários</doc>
<status status="PASS" start="2025-09-18T16:14:39.191119" elapsed="4.330551"/>
</suite>
<status status="PASS" start="2025-09-18T16:14:30.387592" elapsed="13.141060"/>
</suite>
<statistics>
<total>
<stat pass="3" fail="0" skip="0">All Tests</stat>
</total>
<tag>
<stat pass="1" fail="0" skip="0">dupli</stat>
</tag>
<suite>
<stat name="Tests" id="s1" pass="3" fail="0" skip="0">Tests</stat>
<stat name="Online" id="s1-s1" pass="1" fail="0" skip="0">Tests.Online</stat>
<stat name="Signup" id="s1-s2" pass="2" fail="0" skip="0">Tests.Signup</stat>
</suite>
</statistics>
<errors>
</errors>
</robot>
